/BATCH  
/COM,ANSYS RELEASE 2022 R2           BUILD 22.2      UP20220516       01:55:05
/input,menust,tmp,''
/GRA,POWER
/GST,ON
/PLO,INFO,3
/GRO,CURL,ON
/CPLANE,1   
/REPLOT,RESIZE  
WPSTYLE,,,,,,,,0
/REPLOT,RESIZE  
!*  
/NOPR   
KEYW,PR_SET,1   
KEYW,PR_STRUC,1 
KEYW,PR_THERM,0 
KEYW,PR_FLUID,0 
KEYW,PR_ELMAG,0 
KEYW,MAGNOD,0   
KEYW,MAGEDG,0   
KEYW,MAGHFE,0   
KEYW,MAGELC,0   
KEYW,PR_MULTI,0 
/GO 
!*  
/COM,   
/COM,Preferences for GUI filtering have been set to display:
/COM,  Structural   
!*  
/Units, Si  
*AFUN,DEG   
/PREP7  
!*  
ET,1,PLANE183   
!*  
!*  
KEYOPT,1,1,0
KEYOPT,1,3,3
KEYOPT,1,6,0
!*  
!*  
R,1,0.005,  
!*  
!*  
MPTEMP,,,,,,,,  
MPTEMP,1,0  
MPDATA,EX,1,,2.05e11
MPDATA,PRXY,1,,0.27 
MPTEMP,,,,,,,,  
MPTEMP,1,0  
MPDATA,DENS,1,,7800 
ESIZE,0.025,0,  
BLC5,0,0,0.5,0.25   
CYL4,0,0,0.15/2 
ASBA,       1,       2  
FLST,2,8,4,ORDE,2   
FITEM,2,1   
FITEM,2,-8  
LDIV,P51X,0.5, ,2,0 
LSTR,       6,      11  
LSTR,       5,      10  
FLST,2,6,4  
FITEM,2,17  
FITEM,2,3   
FITEM,2,10  
FITEM,2,18  
FITEM,2,5   
FITEM,2,13  
AL,P51X 
ADELE,       3, , ,1
/DIST, 1 ,1.082226,1
/REP,FAST   
/DIST, 1 ,1.082226,1
/REP,FAST   
/DIST, 1 ,1.082226,1
/REP,FAST   
/DIST, 1 ,1.082226,1
/REP,FAST   
/DIST, 1 ,0.924021,1
/REP,FAST   
/DIST, 1 ,0.924021,1
/REP,FAST   
SAVE,'init','db','B:\KPI\TERM6\ANSYSWORK\LAB9\PART2\'   
MSHKEY,0
CM,_Y,AREA  
ASEL, , , ,       1 
CM,_Y1,AREA 
CHKMSH,'AREA'   
CMSEL,S,_Y  
!*  
AMESH,_Y1   
!*  
CMDELE,_Y   
CMDELE,_Y1  
CMDELE,_Y2  
!*  
FINISH  
/SOL
!*  
ANTYPE,0
FINISH  
/PREP7  
FLST,2,6,4,ORDE,6   
FITEM,2,3   
FITEM,2,5   
FITEM,2,10  
FITEM,2,13  
FITEM,2,17  
FITEM,2,-18 
LDIV,P51X,0.5, ,2,0 
RESUME,'init','db','B:\KPI\TERM6\ANSYSWORK\LAB9\PART2\',0,0 
/COM,ANSYS RELEASE 2022 R2           BUILD 22.2      UP20220516       02:10:05
FLST,2,4,4,ORDE,4   
FITEM,2,3   
FITEM,2,10  
FITEM,2,17  
FITEM,2,-18 
LDIV,P51X,0.5, ,2,0 
MSHKEY,0
CM,_Y,AREA  
ASEL, , , ,       1 
CM,_Y1,AREA 
CHKMSH,'AREA'   
CMSEL,S,_Y  
!*  
AMESH,_Y1   
!*  
CMDELE,_Y   
CMDELE,_Y1  
CMDELE,_Y2  
!*  
FINISH  
/SOL
!*  
ANTYPE,0
SAVE,'save32','db','B:\KPI\TERM6\ANSYSWORK\LAB9\PART2\' 
FLST,2,4,4,ORDE,4   
FITEM,2,4   
FITEM,2,6   
FITEM,2,17  
FITEM,2,-18 
DL,P51X, ,SYMM  
FLST,2,1,4,ORDE,1   
FITEM,2,2   
/GO 
!*  
SFL,P51X,PRES,0,-70e6   
FLST,2,1,4,ORDE,1   
FITEM,2,10  
/GO 
!*  
SFL,P51X,PRES,-70000000,0   
!*  
/PSF,PRES,NORM,2,0,1
/PBF,DEFA, ,1   
/PSYMB,CS,0 
/PSYMB,NDIR,0   
/PSYMB,ESYS,0   
/PSYMB,LDIV,0   
/PSYMB,LDIR,0   
/PSYMB,ADIR,0   
/PSYMB,ECON,0   
/PSYMB,XNODE,0  
/PSYMB,DOT,1
/PSYMB,PCONV,   
/PSYMB,LAYR,0   
/PSYMB,FBCS,0   
!*  
/PBC,ALL,,1 
/PBC,NFOR,,0
/PBC,NMOM,,0
/PBC,RFOR,,0
/PBC,RMOM,,0
/PBC,PATH,,0
/REP
!*  
SBCTRAN 
EPLOT   
FLST,2,1,4,ORDE,1   
FITEM,2,2   
/GO 
!*  
SFL,P51X,PRES,-70000000,0   
FLST,2,1,4,ORDE,1   
FITEM,2,10  
/GO 
!*  
SFL,P51X,PRES,0,-70000000   
SBCTRAN 
RESUME,'save32','db','B:\KPI\TERM6\ANSYSWORK\LAB9\PART2\',0,0   
/COM,ANSYS RELEASE 2022 R2           BUILD 22.2      UP20220516       02:16:06
FINISH  
/POST1  
FINISH  
/SOL
FINISH  
/PREP7  
FINISH  
/SOL
!*  
ANTYPE,0
FLST,2,4,4,ORDE,4   
FITEM,2,4   
FITEM,2,6   
FITEM,2,17  
FITEM,2,-18 
FLST,2,4,4,ORDE,4   
FITEM,2,4   
FITEM,2,6   
FITEM,2,17  
FITEM,2,-18 
DL,P51X, ,SYMM  
FLST,2,1,4,ORDE,1   
FITEM,2,2   
/GO 
!*  
SFL,P51X,PRES,-70000000,0   
FLST,2,1,4,ORDE,1   
FITEM,2,10  
/GO 
!*  
SFL,P51X,PRES,0,-70000000   
!*  
/PSF,PRES,NORM,2,0,1
/PBF,DEFA, ,1   
/PSYMB,CS,0 
/PSYMB,NDIR,0   
/PSYMB,ESYS,0   
/PSYMB,LDIV,0   
/PSYMB,LDIR,0   
/PSYMB,ADIR,0   
/PSYMB,ECON,0   
/PSYMB,XNODE,0  
/PSYMB,DOT,1
/PSYMB,PCONV,   
/PSYMB,LAYR,0   
/PSYMB,FBCS,0   
!*  
/PBC,ALL,,1 
/PBC,NFOR,,0
/PBC,NMOM,,0
/PBC,RFOR,,0
/PBC,RMOM,,0
/PBC,PATH,,0
/REP
!*  
SBCTRAN 
EPLOT   
GPLOT   
/STATUS,SOLU
SOLVE   
SAVE,'save37','db','B:\KPI\TERM6\ANSYSWORK\LAB9\PART2\' 
FINISH  
/POST1  
SET,LAST
SET,LAST
SET,LAST
!*  
/EFACET,1   
PLNSOL, U,SUM, 1,1.0
RESUME,'save32','db','B:\KPI\TERM6\ANSYSWORK\LAB9\PART2\',0,0   
/COM,ANSYS RELEASE 2022 R2           BUILD 22.2      UP20220516       02:21:24
RESUME,'save32','db','B:\KPI\TERM6\ANSYSWORK\LAB9\PART2\',0,0   
/COM,ANSYS RELEASE 2022 R2           BUILD 22.2      UP20220516       02:21:44
LPLOT   
FINISH  
/SOL
!*  
ANTYPE,0
FLST,2,4,4,ORDE,4   
FITEM,2,4   
FITEM,2,6   
FITEM,2,17  
FITEM,2,-18 
DL,P51X, ,SYMM  
FLST,2,1,4,ORDE,1   
FITEM,2,2   
/GO 
!*  
SFL,P51X,PRES,-70000000,-70000000/2 
FLST,2,1,4,ORDE,1   
FITEM,2,10  
/GO 
!*  
SFL,P51X,PRES,-70000000/2,0 
!*  
/PSF,PRES,NORM,2,0,1
/PBF,DEFA, ,1   
/PSYMB,CS,0 
/PSYMB,NDIR,0   
/PSYMB,ESYS,0   
/PSYMB,LDIV,0   
/PSYMB,LDIR,0   
/PSYMB,ADIR,0   
/PSYMB,ECON,0   
/PSYMB,XNODE,0  
/PSYMB,DOT,1
/PSYMB,PCONV,   
/PSYMB,LAYR,0   
/PSYMB,FBCS,0   
!*  
/PBC,ALL,,1 
/PBC,NFOR,,0
/PBC,NMOM,,0
/PBC,RFOR,,0
/PBC,RMOM,,0
/PBC,PATH,,0
/REP
!*  
SBCTRAN 
RESUME,'init','db','B:\KPI\TERM6\ANSYSWORK\LAB9\PART2\',0,0 
/COM,ANSYS RELEASE 2022 R2           BUILD 22.2      UP20220516       02:24:48
/REPLOT,RESIZE  
LPLOT   
FINISH  
/PREP7  
MSHKEY,0
CM,_Y,AREA  
ASEL, , , ,       1 
CM,_Y1,AREA 
CHKMSH,'AREA'   
CMSEL,S,_Y  
!*  
AMESH,_Y1   
!*  
CMDELE,_Y   
CMDELE,_Y1  
CMDELE,_Y2  
!*  
SAVE,'save32','db','B:\KPI\TERM6\ANSYSWORK\LAB9\PART2\' 
FINISH  
/SOL
!*  
ANTYPE,0
FLST,2,2,4,ORDE,2   
FITEM,2,17  
FITEM,2,-18 
DL,P51X, ,SYMM  
FLST,2,1,4,ORDE,1   
FITEM,2,10  
/GO 
!*  
SFL,P51X,PRES,-70000000,0   
!*  
/PSF,PRES,NORM,2,0,1
/PBF,DEFA, ,1   
/PSYMB,CS,0 
/PSYMB,NDIR,0   
/PSYMB,ESYS,0   
/PSYMB,LDIV,0   
/PSYMB,LDIR,0   
/PSYMB,ADIR,0   
/PSYMB,ECON,0   
/PSYMB,XNODE,0  
/PSYMB,DOT,1
/PSYMB,PCONV,   
/PSYMB,LAYR,0   
/PSYMB,FBCS,0   
!*  
/PBC,ALL,,1 
/PBC,NFOR,,0
/PBC,NMOM,,0
/PBC,RFOR,,0
/PBC,RMOM,,0
/PBC,PATH,,0
/REP
!*  
SBCTRAN 
EPLOT   
GPLOT   
/STATUS,SOLU
SOLVE   
FINISH  
/POST1  
SET,LAST
!*  
/EFACET,1   
PLNSOL, U,SUM, 1,1.0
!*  
PLESOL, S,EQV, 0,1.0
SAVE,'save37','db','B:\KPI\TERM6\ANSYSWORK\LAB9\PART2\' 
SAVE,'save37','db','B:\KPI\TERM6\ANSYSWORK\LAB9\PART2\' 
!*  
RSYS,0  
AVPRIN,0
AVRES,2,
/EFACET,4   
LAYER,0 
FORCE,TOTAL 
!*  
/PNUM,KP,0  
/PNUM,LINE,0
/PNUM,AREA,0
/PNUM,VOLU,0
/PNUM,NODE,1
/PNUM,TABN,0
/PNUM,SVAL,0
/NUMBER,0   
!*  
/PNUM,ELEM,0
/REPLOT 
!*  
!*  
/EXPAND,4,POLAR,HALF,,90
/REPLOT 
!*  
/DIST, 1 ,1.082226,1
/REP,FAST   
/DIST, 1 ,1.082226,1
/REP,FAST   
/DIST, 1 ,1.082226,1
/REP,FAST   
/DIST, 1 ,1.082226,1
/REP,FAST   
/DIST, 1 ,1.082226,1
/REP,FAST   
/DIST, 1 ,1.082226,1
/REP,FAST   
/DIST, 1 ,1.082226,1
/REP,FAST   
/DIST, 1 ,1.082226,1
/REP,FAST   
/DIST, 1 ,1.082226,1
/REP,FAST   
/DIST, 1 ,1.082226,1
/REP,FAST   
/DIST, 1 ,1.082226,1
/REP,FAST   
/DIST, 1 ,1.082226,1
/REP,FAST   
/DIST, 1 ,1.082226,1
/REP,FAST   
/DIST, 1 ,1.082226,1
/REP,FAST   
/DIST, 1 ,1.082226,1
/REP,FAST   
/DIST, 1 ,0.924021,1
/REP,FAST   
/DIST, 1 ,0.924021,1
/REP,FAST   
/DIST, 1 ,0.924021,1
/REP,FAST   
/DIST, 1 ,0.924021,1
/REP,FAST   
/DIST, 1 ,0.924021,1
/REP,FAST   
/DIST, 1 ,1.082226,1
/REP,FAST   
/DIST, 1 ,1.082226,1
/REP,FAST   
/DIST, 1 ,1.082226,1
/REP,FAST   
SAVE,'save45','db','B:\KPI\TERM6\ANSYSWORK\LAB9\PART2\' 
SAVE
FINISH  
! /EXIT,ALL 
/BATCH  
/COM,ANSYS RELEASE 2022 R2           BUILD 22.2      UP20220516       09:00:37
/input,menust,tmp,''
/GRA,POWER
/GST,ON
/PLO,INFO,3
/GRO,CURL,ON
/CPLANE,1   
/REPLOT,RESIZE  
WPSTYLE,,,,,,,,0
RESUME,'save45','db','B:\KPI\term6\AnsysWork\lab9\part2\',0,0   
/COM,ANSYS RELEASE 2022 R2           BUILD 22.2      UP20220516       09:00:48
/SOLU   
FINISH  
/POST1  
SET,LAST
!*  
/EFACET,1   
PLNSOL, U,SUM, 1,1.0
/REPLOT,RESIZE  
!*  
!*  
PLESOL, S,EQV, 0,1.0
FINISH  
! /EXIT,NOSAV   
