/BATCH  
/COM,ANSYS RELEASE 2022 R2           BUILD 22.2      UP20220516       22:50:48
/input,menust,tmp,''
/GRA,POWER
/GST,ON
/PLO,INFO,3
/GRO,CURL,ON
/CPLANE,1   
/REPLOT,RESIZE  
WPSTYLE,,,,,,,,0
/REPLOT,RESIZE  
/UNITS, Si  
*AFUN,DEG   
/PREP7  
RECTNG,0,-0.090,0,-0.03,
RECTNG,0,0.035,0,-0.05, 
/DIST, 1 ,1.082226,1
/REP,FAST   
WPSTYLE,,,,,,,,1
wpstyle,0.001,0.1,-1,1,0.003,0,2,,5 
/PNUM,KP,1  
/PNUM,LINE,1
/PNUM,AREA,1
/PNUM,VOLU,0
/PNUM,NODE,0
/PNUM,TABN,0
/PNUM,SVAL,0
/NUMBER,0   
!*  
/PNUM,ELEM,0
/REPLOT 
!*  
wpstyle,0.001,0.1,-1,1,0.003,0,2,,5 
KWPAVE,       4 
PCIRC,0.015, ,180,270,  
ADELE,       3  
PCIRC,0.03,0.015,180,270,   
/DIST, 1 ,0.924021,1
/REP,FAST   
/DIST, 1 ,0.924021,1
/REP,FAST   
/DIST, 1 ,0.924021,1
/REP,FAST   
/DIST, 1 ,0.924021,1
/REP,FAST   
/DIST, 1 ,0.924021,1
/REP,FAST   
/DIST, 1 ,0.924021,1
/REP,FAST   
/DIST, 1 ,1.082226,1
/REP,FAST   
/DIST, 1 ,1.082226,1
/REP,FAST   
/DIST, 1 ,1.082226,1
/REP,FAST   
/DIST, 1 ,1.082226,1
/REP,FAST   
/DIST, 1 ,1.082226,1
/REP,FAST   
/DIST, 1 ,1.082226,1
/REP,FAST   
/DIST, 1 ,1.082226,1
/REP,FAST   
/DIST, 1 ,1.082226,1
/REP,FAST   
/DIST, 1 ,1.082226,1
/REP,FAST   
/DIST, 1 ,1.082226,1
/REP,FAST   
/DIST, 1 ,1.082226,1
/REP,FAST   
/DIST, 1 ,1.082226,1
/REP,FAST   
/DIST, 1 ,1.082226,1
/REP,FAST   
ADELE,       3  
PCIRC,0.03, ,180,270,   
KWPAVE,       6 
FLST,3,1,5,ORDE,1   
FITEM,3,2   
ADELE,       2  
RECTNG,0,0.07,0,-0.05,  
ADELE,       2  
KWPAVE,       3 
/REPLOT 
RECTNG,0,0.07,0,-0.05,  
/AUTO,1 
/REP,FAST   
KWPAVE,      24 
KWPAVE,       5 
FLST,2,2,3,ORDE,2   
FITEM,2,5   
FITEM,2,24  
KWPAVE,P51X 
CYL4,0,0,0.035  
SAVE
SAVE
FLST,2,4,5,ORDE,2   
FITEM,2,1   
FITEM,2,-4  
AADD,P51X   
/PNUM,KP,1  
/PNUM,LINE,1
/PNUM,AREA,1
/PNUM,VOLU,0
/PNUM,NODE,0
/PNUM,TABN,0
/PNUM,SVAL,0
/NUMBER,0   
!*  
/PNUM,ELEM,0
/REPLOT 
!*  
!*  
LFILLT,1,32,0.007, ,
LPLOT   
FLST,2,4,4,ORDE,2   
FITEM,2,19  
FITEM,2,-22 
LDELE,P51X  
KPLOT   
FLST,2,3,3,ORDE,2   
FITEM,2,19  
FITEM,2,-21 
KDELE,P51X  
/PNUM,KP,1  
/PNUM,LINE,1
/PNUM,AREA,1
/PNUM,VOLU,0
/PNUM,NODE,0
/PNUM,TABN,0
/PNUM,SVAL,0
/NUMBER,0   
!*  
/PNUM,ELEM,0
/REPLOT 
!*  
/REPLOT 
KPLOT   
LPLOT   
APLOT   
/AUTO,1 
/REP,FAST   
LPLOT   
FLST,2,3,4  
FITEM,2,2   
FITEM,2,16  
FITEM,2,4   
AL,P51X 
/AUTO,1 
/REP,FAST   
APLOT   
FLST,2,2,5,ORDE,2   
FITEM,2,1   
FITEM,2,5   
AADD,P51X   
KWPAVE,       4 
PCIRC,0.015, ,0,360,
FLST,2,2,3,ORDE,2   
FITEM,2,5   
FITEM,2,24  
KWPAVE,P51X 
PCIRC,0.0175, ,0,360,   
FLST,3,2,5,ORDE,2   
FITEM,3,1   
FITEM,3,3   
ASBA,       2,P51X  
CSYS,0  
WPAVE,0,0,0 
CSYS,0  
!*  
wpstyle,0.001,0.1,-1,1,0.003,1,2,,5 
wpstyle,0.001,0.1,-1,1,0.003,0,2,,5 
WPSTYLE,,,,,,,,0
WPSTYLE,,,,,,,,1
SAVE
SAVE
WPSTYLE,,,,,,,,0
FLST,3,1,5,ORDE,1   
FITEM,3,4   
ARSYM,Y,P51X, , , ,0,0  
/DIST, 1 ,1.082226,1
/REP,FAST   
/DIST, 1 ,1.082226,1
/REP,FAST   
/DIST, 1 ,1.082226,1
/REP,FAST   
/DIST, 1 ,1.082226,1
/REP,FAST   
/DIST, 1 ,1.082226,1
/REP,FAST   
/DIST, 1 ,1.082226,1
/REP,FAST   
/DIST, 1 ,0.924021,1
/REP,FAST   
/DIST, 1 ,0.924021,1
/REP,FAST   
/DIST, 1 ,0.924021,1
/REP,FAST   
/DIST, 1 ,0.924021,1
/REP,FAST   
/DIST, 1 ,1.082226,1
/REP,FAST   
/DIST, 1 ,1.082226,1
/REP,FAST   
/DIST, 1 ,1.082226,1
/REP,FAST   
/DIST, 1 ,1.082226,1
/REP,FAST   
/DIST, 1 ,1.082226,1
/REP,FAST   
/DIST, 1 ,1.082226,1
/REP,FAST   
/DIST, 1 ,1.082226,1
/REP,FAST   
/DIST, 1 ,1.082226,1
/REP,FAST   
/DIST, 1 ,1.082226,1
/REP,FAST   
/DIST, 1 ,1.082226,1
/REP,FAST   
/DIST, 1 ,1.082226,1
/REP,FAST   
/DIST, 1 ,1.082226,1
/REP,FAST   
/DIST, 1 ,1.082226,1
/REP,FAST   
/DIST, 1 ,1.082226,1
/REP,FAST   
/DIST, 1 ,1.082226,1
/REP,FAST   
/DIST, 1 ,1.082226,1
/REP,FAST   
/DIST, 1 ,1.082226,1
/REP,FAST   
/DIST, 1 ,0.924021,1
/REP,FAST   
/DIST, 1 ,0.924021,1
/REP,FAST   
/DIST, 1 ,0.924021,1
/REP,FAST   
/DIST, 1 ,0.924021,1
/REP,FAST   
/DIST, 1 ,0.924021,1
/REP,FAST   
/DIST, 1 ,0.924021,1
/REP,FAST   
/DIST, 1 ,0.924021,1
/REP,FAST   
/DIST, 1 ,0.924021,1
/REP,FAST   
/DIST, 1 ,0.924021,1
/REP,FAST   
/DIST, 1 ,0.924021,1
/REP,FAST   
/DIST, 1 ,0.924021,1
/REP,FAST   
/DIST, 1 ,0.924021,1
/REP,FAST   
/DIST, 1 ,0.924021,1
/REP,FAST   
/DIST, 1 ,0.924021,1
/REP,FAST   
/DIST, 1 ,0.924021,1
/REP,FAST   
/DIST, 1 ,0.924021,1
/REP,FAST   
/DIST, 1 ,0.924021,1
/REP,FAST   
/DIST, 1 ,0.924021,1
/REP,FAST   
/DIST, 1 ,1.082226,1
/REP,FAST   
SAVE
SAVE
FINISH  
! /EXIT,ALL 
/BATCH  
/COM,ANSYS RELEASE 2022 R2           BUILD 22.2      UP20220516       23:31:45
/input,menust,tmp,''
/COM,ANSYS RELEASE 2022 R2           BUILD 22.2      UP20220516       23:31:45
/GRA,POWER
/GST,ON
/PLO,INFO,3
/GRO,CURL,ON
/CPLANE,1   
/REPLOT,RESIZE  
WPSTYLE,,,,,,,,0
/PNUM,KP,1  
/PNUM,LINE,1
/PNUM,AREA,1
/PNUM,VOLU,0
/PNUM,NODE,0
/PNUM,TABN,0
/PNUM,SVAL,0
/NUMBER,0   
!*  
/PNUM,ELEM,0
/REPLOT 
!*  
WPSTYLE,,,,,,,,1
WPSTYLE,,,,,,,,0
/REPLOT 
KPLOT   
APLOT   
alist, all  
LLIST,ALL, , ,  
alist, all  
FINISH  
! /EXIT,NOSAV   
/BATCH  
/COM,ANSYS RELEASE 2022 R2           BUILD 22.2      UP20220516       23:33:59
/input,menust,tmp,''
/COM,ANSYS RELEASE 2022 R2           BUILD 22.2      UP20220516       23:33:59
/GRA,POWER
/GST,ON
/PLO,INFO,3
/GRO,CURL,ON
/CPLANE,1   
/REPLOT,RESIZE  
WPSTYLE,,,,,,,,0
APLOT   
FINISH  
! /EXIT,NOSAV   
