/BATCH  
/COM,ANSYS RELEASE 2022 R2           BUILD 22.2      UP20220516       19:20:02
/input,menust,tmp,''
/GRA,POWER
/GST,ON
/PLO,INFO,3
/GRO,CURL,ON
/CPLANE,1   
/REPLOT,RESIZE  
WPSTYLE,,,,,,,,0
/REPLOT,RESIZE  
/REPLOT,RESIZE  
/REPLOT,RESIZE  
/UNITS, Si  
*AFUN,DEG   
/PREP7  
BLC5,0,0,0.5,0.5,1  
/DIST, 1 ,1.082226,1
/REP,FAST   
/DIST, 1 ,1.082226,1
/REP,FAST   
/DIST, 1 ,1.082226,1
/REP,FAST   
/DIST, 1 ,1.082226,1
/REP,FAST   
/DIST, 1 ,1.082226,1
/REP,FAST   
/AUTO,1 
/REP,FAST   
/USER,  1   
/VIEW,  1,  0.821042394637    ,  0.155438999276    ,  0.549297827879
/ANG,   1,   6.75328205800  
/REPLO  
/VIEW,  1,  0.726766387650    ,  0.512401631289    ,  0.457444188984
/ANG,   1,   7.42443862315  
/REPLO  
/DIST, 1 ,1.082226,1
/REP,FAST   
/DIST, 1 ,1.082226,1
/REP,FAST   
/DIST, 1 ,1.082226,1
/REP,FAST   
/DIST, 1 ,1.082226,1
/REP,FAST   
/DIST, 1 ,1.082226,1
/REP,FAST   
/DIST, 1 ,1.082226,1
/REP,FAST   
/DIST, 1 ,1.082226,1
/REP,FAST   
/DIST, 1 ,1.082226,1
/REP,FAST   
/DIST, 1 ,1.082226,1
/REP,FAST   
/VIEW,  1,  0.818981857191    ,  0.211031030159    ,  0.533605305355
/ANG,   1,   6.94763643006  
/REPLO  
/VIEW,  1,  0.916585144223    ,  0.248335848295    , -0.313370355716
/ANG,   1,   19.8379205867  
/REPLO  
/VIEW,  1,  0.799892998038    ,  0.533064386303    , -0.275705552620
/ANG,   1,   20.2978201758  
/REPLO  
/VIEW,  1,  0.657770412054    ,  0.721546598981    , -0.216121703042
/ANG,   1,   19.8662898964  
/REPLO  
/VIEW,  1,  0.298731792283E-01, -0.141307453368    ,  0.989514930047
/ANG,   1,  -50.5235768140  
/REPLO  
/VIEW,  1, -0.438847922513    , -0.685519202512    , -0.580926780148
/ANG,   1,   26.3042953768  
/REPLO  
/VIEW,  1, -0.770611675130    , -0.350140020220    , -0.532503157168
/ANG,   1,   16.4538444465  
/REPLO  
/VIEW,  1, -0.906431841120    , -0.118065600367    , -0.405514280159
/ANG,   1,   14.0963071640  
/REPLO  
/VIEW,  1,  0.235657606247    ,  0.205102554275    , -0.949946543153
/ANG,   1,   6.10042554098  
/REPLO  
/VIEW,  1,  0.944213493383    , -0.537359460214E-02, -0.329290150772
/ANG,   1,  -2.83355085693  
/REPLO  
BLC5,0,0,0.5,0.5,-1 
/VIEW,  1, -0.218321165036    ,  0.248986864476    , -0.943579042908
/ANG,   1,   12.2134186206  
/REPLO  
/VIEW,  1, -0.930430583144    ,  0.134935406343    , -0.340721830919
/ANG,   1,   23.9827936256  
/REPLO  
/VIEW,  1, -0.973153899946    ,  0.227754993947    ,  0.331534274606E-01
/ANG,   1,   28.5502604714  
/REPLO  
/DIST, 1 ,1.082226,1
/REP,FAST   
/DIST, 1 ,1.082226,1
/REP,FAST   
/DIST, 1 ,1.082226,1
/REP,FAST   
/DIST, 1 ,1.082226,1
/REP,FAST   
/DIST, 1 ,1.082226,1
/REP,FAST   
/DIST, 1 ,1.082226,1
/REP,FAST   
/DIST, 1 ,1.082226,1
/REP,FAST   
/DIST, 1 ,1.082226,1
/REP,FAST   
/DIST, 1 ,1.082226,1
/REP,FAST   
/DIST, 1 ,1.082226,1
/REP,FAST   
/DIST, 1 ,1.082226,1
/REP,FAST   
/DIST, 1 ,1.082226,1
/REP,FAST   
/DIST, 1 ,1.082226,1
/REP,FAST   
/VIEW,  1, -0.954171725747    ,  0.152134417451E-02, -0.299255748978
/ANG,   1,   26.4330476526  
/REPLO  
/VIEW,  1, -0.207372961987E-02,  0.414266971130    , -0.910153051017
/ANG,   1,   5.30501606857  
/REPLO  
/VIEW,  1,  0.996483006102    , -0.256149551394E-01, -0.797840373914E-01
/ANG,   1,  -20.1264350579  
/REPLO  
/VIEW,  1, -0.621974307201    ,  0.202920102299    , -0.756287903688
/ANG,   1,   28.4541637912  
/REPLO  
/VIEW,  1, -0.977148701406    , -0.601367772729E-01,  0.203872468372
/ANG,   1,   36.2714519918  
/REPLO  
/VIEW,  1, -0.810778593792    ,  0.208288537938    ,  0.547041092434
/ANG,   1,   39.7377185399  
/REPLO  
/VIEW,  1, -0.800420954363    ,  0.587934739276    , -0.116871887847
/ANG,   1,   19.8733467744  
/REPLO  
!*  
/NOPR   
KEYW,PR_SET,1   
KEYW,PR_STRUC,1 
KEYW,PR_THERM,0 
KEYW,PR_FLUID,0 
KEYW,PR_ELMAG,0 
KEYW,MAGNOD,0   
KEYW,MAGEDG,0   
KEYW,MAGHFE,0   
KEYW,MAGELC,0   
KEYW,PR_MULTI,0 
/GO 
!*  
/COM,   
/COM,Preferences for GUI filtering have been set to display:
/COM,  Structural   
!*  
!*  
ET,1,SOLID185   
!*  
!*  
MPTEMP,,,,,,,,  
MPTEMP,1,0  
MPDATA,EX,1,,2.05e11
MPDATA,PRXY,1,,0.27 
MPTEMP,,,,,,,,  
MPTEMP,1,0  
MPDATA,DENS,1,,7800 
SAVE
SAVE,'save08','db','B:\KPI\term6\AnsysWork\lab10\'  
/PNUM,KP,1  
/PNUM,LINE,1
/PNUM,AREA,1
/PNUM,VOLU,1
/PNUM,NODE,0
/PNUM,TABN,0
/PNUM,SVAL,0
/NUMBER,0   
!*  
/PNUM,ELEM,0
/REPLOT 
!*  
VPLOT   
/FOC,   1,  0.277707256496E-01, -0.297169002686E-01,  0.160312933497
/REPLO  
/VIEW,  1,  0.506254485704    , -0.889938712004E-01, -0.857779975631
/ANG,   1,  -29.9091947582  
/REPLO  
/VIEW,  1,  0.685663673162    , -0.354665946566    ,  0.635670821772
/ANG,   1,  -12.1714515147  
/REPLO  
/VIEW,  1,  0.981411624480    ,  0.187201212903    ,  0.422720856244E-01
/ANG,   1,  -13.4300295252  
/REPLO  
/VIEW,  1, -0.105350026725    ,  0.183198723185    , -0.977414753159
/ANG,   1,   9.32524447595  
/REPLO  
/VIEW,  1,  0.595301986433E-01,  0.212275076368    , -0.975395021211
/ANG,   1,   7.43548535236  
/REPLO  
/VIEW,  1,  0.538464763362    , -0.644278110605E-01,  0.840181382666
/ANG,   1,  -17.3352754355  
/REPLO  
/VIEW,  1, -0.308828618118E-01,  0.339933611845E-01,  0.998944793390
/ANG,   1,  -17.7489721836  
/REPLO  
/VIEW,  1,  0.114704441202    ,  0.341479195782    ,  0.932863789637
/ANG,   1,  -15.9372394142  
/REPLO  
/VIEW,  1,  0.442201775221E-01,  0.502049720404    ,  0.863707504971
/ANG,   1,  -17.7222624508  
/REPLO  
/VIEW,  1,  0.436434201982    ,  0.660316734557    ,  0.611152188415
/ANG,   1,   2.22972564601  
/REPLO  
/VIEW,  1,  0.368462008177    ,  0.540967754513E-01, -0.928067501541
/ANG,   1,   80.2787514036  
/REPLO  
/VIEW,  1, -0.707199243969    , -0.706492869304    ,  0.271487559895E-01
/ANG,   1,   21.3205017289  
/REPLO  
/VIEW,  1, -0.990491787528    , -0.644009665542E-01,  0.121566995304
/ANG,   1,   19.4396857432  
/REPLO  
/VIEW,  1, -0.929437868968    ,  0.224477532079    ,  0.292839692188
/ANG,   1,   20.4203875041  
/REPLO  
/VIEW,  1, -0.842112194482    ,  0.363516370187    ,  0.398375326182
/ANG,   1,   22.7211046087  
/REPLO  
FLST,3,1,6,ORDE,1   
FITEM,3,2   
VGEN, ,P51X, , , , ,2, , ,1 
/VIEW,  1, -0.827625955166    ,  0.491161888738    , -0.271652861916
/ANG,   1,   2.07118107160  
/REPLO  
/VIEW,  1,  0.290681892923    ,  0.238662387854E-01, -0.956522053992
/ANG,   1,  -36.6387696336  
/REPLO  
/VIEW,  1,  0.802813939146    , -0.338051116531    , -0.491132590778
/ANG,   1,  -33.8278759197  
/REPLO  
/VIEW,  1,  0.954125572969    , -0.189698776194    ,  0.231643617043
/ANG,   1,  -23.7347474726  
/REPLO  
/VIEW,  1,  0.686864272262    , -0.576008560843E-01,  0.724499560296
/ANG,   1,  -21.5933635320  
/REPLO  
/VIEW,  1,  0.765770934514    ,  0.618749889373    ,  0.175338102686
/ANG,   1,   14.5438282736  
/REPLO  
klist,all,,,coord   
SAVE,'save08','db','B:\KPI\term6\AnsysWork\lab10\'  
/FOC,   1, -0.683901551080E-01,  0.129465284501E-01,  0.429730789615
/REPLO  
/VIEW,  1,  0.422614425865    ,  0.453706661019    ,  0.784568233360
/ANG,   1,  -14.3754882654  
/REPLO  
/VIEW,  1,  0.560290624572    ,  0.795667785526    ,  0.230189467815
/ANG,   1,   12.4326051132  
/REPLO  
/VIEW,  1,  0.432194072994    ,  0.635786535966    , -0.639518384374
/ANG,   1,   75.1916241170  
/REPLO  
/VIEW,  1,  0.796216353083E-01,  0.325263137812    , -0.942265507366
/ANG,   1,   90.0216317327  
/REPLO  
/VIEW,  1, -0.201677962092    ,  0.317053825659    , -0.926716176206
/ANG,   1,   95.5591920881  
/REPLO  
/VIEW,  1,  0.284480575349    ,  0.915769376437    , -0.283614617800
/ANG,   1,   45.3490184348  
/REPLO  
/VIEW,  1,  0.880357699640    ,  0.474310188092    ,  0.407622581476E-03
/ANG,   1,   9.97970439740  
/REPLO  
/VIEW,  1,  0.351225609609    ,  0.394226024788    , -0.849250500462
/ANG,   1,   42.6764071487  
/REPLO  
/VIEW,  1,  0.641055061437    ,  0.402598903921    , -0.653423699270
/ANG,   1,   33.2524642183  
/REPLO  
/VIEW,  1,  0.753604411678    ,  0.478386601963    , -0.450806665614
/ANG,   1,   26.6491162294  
/REPLO  
/VIEW,  1,  0.854176907027    ,  0.517315852076    ,  0.525939225750E-01
/ANG,   1,   8.55843782114  
/REPLO  
/VIEW,  1,  0.412883098083    ,  0.329916171737    ,  0.848930425267
/ANG,   1,  -20.8354446070  
/REPLO  
/VIEW,  1,  0.531811375648    ,  0.619159056419    ,  0.577770476561
/ANG,   1,  -12.7143427666  
/REPLO  
/VIEW,  1,  0.337284953877    ,  0.757794495692    ,  0.558557393816
/ANG,   1,  -20.7352669028  
/REPLO  
/VIEW,  1,  0.706129793441    ,  0.484927505866    , -0.515970957389
/ANG,   1,   52.7851274950  
/REPLO  
/VIEW,  1,  0.364218652426    ,  0.390985859235    , -0.845266130342
/ANG,   1,   67.9738258025  
/REPLO  
/VIEW,  1,  0.572146300401    ,  0.801134096180    , -0.175592627622
/ANG,   1,   32.2856149773  
/REPLO  
FLST,5,12,4,ORDE,2  
FITEM,5,1   
FITEM,5,-12 
CM,_Y,LINE  
LSEL, , , ,P51X 
CM,_Y1,LINE 
CMSEL,,_Y   
!*  
LESIZE,_Y1, , ,3, , , , ,1  
!*  
/VIEW,  1,  0.719419695227    ,  0.591140336015    ,  0.364675753590
/ANG,   1,  0.301038480397  
/REPLO  
/VIEW,  1,  0.899652555194    ,  0.407313109159    , -0.157230121285
/ANG,   1,   19.8227550351  
/REPLO  
/VIEW,  1,  0.699179289485    ,  0.680504430697    , -0.219230565747
/ANG,   1,   24.0398818832  
/REPLO  
FLST,5,4,4,ORDE,2   
FITEM,5,21  
FITEM,5,-24 
CM,_Y,LINE  
LSEL, , , ,P51X 
CM,_Y1,LINE 
CMSEL,,_Y   
!*  
LESIZE,_Y1, , ,2, , , , ,1  
!*  
/AUTO,1 
/REP,FAST   
/DIST, 1 ,1.082226,1
/REP,FAST   
/DIST, 1 ,1.082226,1
/REP,FAST   
/DIST, 1 ,1.082226,1
/REP,FAST   
/DIST, 1 ,1.082226,1
/REP,FAST   
/DIST, 1 ,1.082226,1
/REP,FAST   
FLST,5,8,4,ORDE,2   
FITEM,5,13  
FITEM,5,-20 
CM,_Y,LINE  
LSEL, , , ,P51X 
CM,_Y1,LINE 
CMSEL,,_Y   
!*  
LESIZE,_Y1, , ,1, , , , ,1  
!*  
SAVE,'save10','db','B:\KPI\term6\AnsysWork\lab10\'  
FLST,5,2,6,ORDE,2   
FITEM,5,1   
FITEM,5,-2  
CM,_Y,VOLU  
VSEL, , , ,P51X 
CM,_Y1,VOLU 
CHKMSH,'VOLU'   
CMSEL,S,_Y  
!*  
MSHAPE,0,3d 
MSHKEY,1
VMESH,_Y1   
MSHKEY,0
!*  
CMDELE,_Y   
CMDELE,_Y1  
CMDELE,_Y2  
!*  
/USER,  1   
/VIEW,  1,  0.813602990088    ,  0.467819850447    ,  0.345245944288
/ANG,   1,  -1.58107812742  
/REPLO  
/VIEW,  1,  0.637373491368    ,  0.273256238898    ,  0.720476273311
/ANG,   1,  -11.6874823367  
/REPLO  
/VIEW,  1,  0.941570915036    , -0.295509225682E-02,  0.336801839942
/ANG,   1,  -8.02084349921  
/REPLO  
/VIEW,  1,  0.865671014932    ,  0.498999425142    , -0.401655028015E-01
/ANG,   1,  -4.29979038511  
/REPLO  
/VIEW,  1,  0.225320111202    ,  0.320396329122    , -0.920096212237
/ANG,   1,   32.8260660649  
/REPLO  
/VIEW,  1, -0.672246268357    , -0.168714615535    , -0.720846955452
/ANG,   1,   39.1677049695  
/REPLO  
/VIEW,  1, -0.661415936097    , -0.749585545103    ,  0.255043143252E-01
/ANG,   1,   25.1055982577  
/REPLO  
/VIEW,  1, -0.240204067552    , -0.944895929380    , -0.222426816218
/ANG,   1,   67.1837286570  
/REPLO  
/VIEW,  1, -0.178924372122    , -0.938804677782    ,  0.294332883034
/ANG,   1,  -31.4412833204  
/REPLO  
/VIEW,  1,  0.923372007864    , -0.319632000096    , -0.212648817555
/ANG,   1,  -151.125805202  
/REPLO  
/VIEW,  1,  0.930095134537    ,  0.233717671667    , -0.283370941807
/ANG,   1,  -150.017508287  
/REPLO  
/VIEW,  1,  0.477365798837    ,  0.861489867354    , -0.173081202177
/ANG,   1,  -146.978032350  
/REPLO  
/VIEW,  1,  0.285592333682    ,  0.949307881453    , -0.131345213665
/ANG,   1,  -142.713537993  
/REPLO  
/VIEW,  1, -0.267636371564    ,  0.962108340019    ,  0.521374594792E-01
/ANG,   1,   23.6329752378  
/REPLO  
/VIEW,  1, -0.662432636874    ,  0.748474591820    ,  0.311253434290E-01
/ANG,   1,   18.1765762882  
/REPLO  
/VIEW,  1, -0.898726963529    ,  0.437815701501    , -0.246425758568E-01
/ANG,   1,   15.7788303186  
/REPLO  
/VIEW,  1, -0.751384176818    ,  0.429011656907    , -0.501368943061
/ANG,   1,   1.20711125495  
/REPLO  
/VIEW,  1, -0.302864099508    ,  0.703860796321    , -0.642536626684
/ANG,   1,  -17.3907864293  
/REPLO  
/VIEW,  1, -0.306721262475    ,  0.936305636998    ,  0.171037484989
/ANG,   1,   68.8780393098  
/REPLO  
/VIEW,  1, -0.667360716747    ,  0.461306071586    , -0.584659201639
/ANG,   1,   10.7006061249  
/REPLO  
/VIEW,  1, -0.949866651840    ,  0.301152304727    ,  0.840275733311E-01
/ANG,   1,   30.3834030392  
/REPLO  
/VIEW,  1, -0.720907539995    ,  0.422872650513    ,  0.549063785207
/ANG,   1,   42.6715348648  
/REPLO  
/VIEW,  1, -0.832859062796    ,  0.537048993837    ,  0.133881140335
/ANG,   1,   28.6287560364  
/REPLO  
/VIEW,  1, -0.535629291535    ,  0.455819413348    ,  0.710865616319
/ANG,   1,   52.2564704860  
/REPLO  
/VIEW,  1, -0.551826296024    ,  0.655979378426    ,  0.514955137945
/ANG,   1,   46.6005444755  
/REPLO  
/VIEW,  1, -0.723507555770    ,  0.551796111590    ,  0.414798587242
/ANG,   1,   38.4182565322  
/REPLO  
SAVE,'save11','db','B:\KPI\term6\AnsysWork\lab10\'  
FINISH  
/SOL
!*  
ANTYPE,0
VSEL,S, , ,       1 
ASLV,S  
VSEL,S, , ,       1 
ASLV,S  
ASLV,S  
APLOT   
ASEL,R, , ,       2 
APLOT   
/REPLOT,RESIZE  
/REPLOT,RESIZE  
/REPLOT,RESIZE  
/REPLOT,RESIZE  
NSLA,S,1
NPLOT   
FINISH  
/PREP7  
CEINTF,0.25, , , , , , ,0,  
ALLSEL,ALL  
!*  
/PSF,DEFA, ,1,0,1   
/PBF,DEFA, ,1   
/PSYMB,CS,0 
/PSYMB,NDIR,0   
/PSYMB,ESYS,0   
/PSYMB,LDIV,0   
/PSYMB,LDIR,0   
/PSYMB,ADIR,0   
/PSYMB,ECON,0   
/PSYMB,XNODE,0  
/PSYMB,DOT,1
/PSYMB,PCONV,   
/PSYMB,LAYR,0   
/PSYMB,FBCS,0   
!*  
/PBC,ALL,,1 
/PBC,NFOR,,0
/PBC,NMOM,,0
/PBC,RFOR,,0
/PBC,RMOM,,0
/PBC,PATH,,0
/REP
!*  
EPLOT   
SAVE,'save14','db','B:\KPI\term6\AnsysWork\lab10\'  
SAVE
FINISH  
! /EXIT,ALL 
/BATCH  
/COM,ANSYS RELEASE 2022 R2           BUILD 22.2      UP20220516       23:15:37
/input,menust,tmp,''
/GRA,POWER
/GST,ON
/PLO,INFO,3
/GRO,CURL,ON
/CPLANE,1   
/REPLOT,RESIZE  
WPSTYLE,,,,,,,,0
/REPLOT,RESIZE  
RESUME,'save14','db','B:\KPI\term6\AnsysWork\lab10\',0,0
/COM,ANSYS RELEASE 2022 R2           BUILD 22.2      UP20220516       23:15:55
RESUME,'save14','db','B:\KPI\term6\AnsysWork\lab10\',0,0
/COM,ANSYS RELEASE 2022 R2           BUILD 22.2      UP20220516       23:16:41
/SOLU   
!*  
/PSF,DEFA, ,1,0,1   
/PBF,DEFA, ,1   
/PSYMB,CS,0 
/PSYMB,NDIR,0   
/PSYMB,ESYS,0   
/PSYMB,LDIV,0   
/PSYMB,LDIR,0   
/PSYMB,ADIR,0   
/PSYMB,ECON,0   
/PSYMB,XNODE,0  
/PSYMB,DOT,1
/PSYMB,PCONV,   
/PSYMB,LAYR,0   
/PSYMB,FBCS,0   
!*  
/PBC,ALL,,1 
/PBC,NFOR,,0
/PBC,NMOM,,0
/PBC,RFOR,,0
/PBC,RMOM,,0
/PBC,PATH,,0
/REP
!*  
EPLOT   
EPLOT   
ALLSEL,ALL  
!*  
/PSF,DEFA, ,1,0,1   
/PBF,DEFA, ,1   
/PSYMB,CS,0 
/PSYMB,NDIR,0   
/PSYMB,ESYS,0   
/PSYMB,LDIV,0   
/PSYMB,LDIR,0   
/PSYMB,ADIR,0   
/PSYMB,ECON,0   
/PSYMB,XNODE,0  
/PSYMB,DOT,1
/PSYMB,PCONV,   
/PSYMB,LAYR,0   
/PSYMB,FBCS,0   
!*  
/PBC,ALL,,1 
/PBC,NFOR,,0
/PBC,NMOM,,0
/PBC,RFOR,,0
/PBC,RMOM,,0
/PBC,PATH,,0
/REP
!*  
EPLOT   
FLST,2,1,5,ORDE,1   
FITEM,2,1   
FLST,2,1,5,ORDE,1   
FITEM,2,1   
!*  
/GO 
DA,P51X,ALL,0   
FLST,2,2,5,ORDE,2   
FITEM,2,4   
FITEM,2,10  
/GO 
!*  
SFA,P51X,1,PRES,5e7 
/STATUS,SOLU
SOLVE   
SAVE,'save17','db','B:\KPI\term6\AnsysWork\lab10\'  
FINISH  
/POST1  
PRRSOL, 
!*  
/EFACET,1   
PLNSOL, U,SUM, 0,1.0
!*  
PLESOL, S,EQV, 0,1.0
!*  
PLESOL, S,EQV, 0,1.0
SET,LAST
!*  
PLESOL, S,EQV, 0,1.0
PLNSOL,S,EQV
!*  
ANCNTR,10,0.5   
SAVE,'LabWork10vol','db','B:\KPI\term6\AnsysWork\lab10\'
SAVE
FINISH  
! /EXIT,ALL 
/BATCH  
/COM,ANSYS RELEASE 2022 R2           BUILD 22.2      UP20220516       10:06:26
/input,menust,tmp,''
/GRA,POWER
/GST,ON
/PLO,INFO,3
/GRO,CURL,ON
/CPLANE,1   
/REPLOT,RESIZE  
WPSTYLE,,,,,,,,0
RESUME,'save17','db','B:\KPI\term6\AnsysWork\lab10\part1\',0,0  
/COM,ANSYS RELEASE 2022 R2           BUILD 22.2      UP20220516       10:06:36
/SOLU   
FINISH  
/POST1  
SET,LAST
!*  
PLESOL, S,EQV, 0,1.0
/VIEW,  1, -0.851633801543    ,  0.441813471896    ,  0.281994191642
/ANG,   1,   32.7427800238  
/REPLO  
/VIEW,  1, -0.721534113655    ,  0.115088141508    ,  0.682746836329
/ANG,   1,   39.9317741340  
/REPLO  
/VIEW,  1, -0.907299722341    ,  0.381309056977    ,  0.177230406272
/ANG,   1,   30.9205725328  
/REPLO  
/VIEW,  1, -0.960935192581    ,  0.213860656417    , -0.175690566897
/ANG,   1,   24.4145215164  
/REPLO  
!*  
FINISH  
! /EXIT,NOSAV   
/BATCH  
/COM,ANSYS RELEASE 2022 R2           BUILD 22.2      UP20220516       09:40:23
/input,menust,tmp,''
/GRA,POWER
/GST,ON
/PLO,INFO,3
/GRO,CURL,ON
/CPLANE,1   
/REPLOT,RESIZE  
WPSTYLE,,,,,,,,0
/REPLOT,RESIZE  
RESUME,'save17','db','B:\KPI\term6\AnsysWork\lab10\part1\',0,0  
/COM,ANSYS RELEASE 2022 R2           BUILD 22.2      UP20220516       09:40:46
/SOLU   
FINISH  
/POST1  
SET,LAST
!*  
/EFACET,1   
PLNSOL, U,SUM, 0,1.0
FINISH  
! /EXIT,NOSAV   
