/BATCH  
/COM,ANSYS RELEASE 2022 R2           BUILD 22.2      UP20220516       09:24:39
/input,menust,tmp,''
/GRA,POWER
/GST,ON
/PLO,INFO,3
/GRO,CURL,ON
/CPLANE,1   
/REPLOT,RESIZE  
WPSTYLE,,,,,,,,0
/REPLOT,RESIZE  
/PREP7  
/UNITS, Si  
/UNITS, Si  
FINISH  
/SOL
FINISH  
/PREP7  
K,2,10e-2,0,0,  
K,2,0.1,0,0,
/DIST, 1 ,0.924021,1
/REP,FAST   
/DIST, 1 ,0.924021,1
/REP,FAST   
/DIST, 1 ,0.924021,1
/REP,FAST   
/DIST, 1 ,0.924021,1
/REP,FAST   
/DIST, 1 ,0.924021,1
/REP,FAST   
/DIST, 1 ,0.924021,1
/REP,FAST   
/DIST, 1 ,0.924021,1
/REP,FAST   
/DIST, 1 ,0.924021,1
/REP,FAST   
/DIST, 1 ,0.924021,1
/REP,FAST   
/DIST, 1 ,0.924021,1
/REP,FAST   
/DIST, 1 ,0.924021,1
/REP,FAST   
/DIST, 1 ,0.924021,1
/REP,FAST   
/DIST, 1 ,0.924021,1
/REP,FAST   
/DIST, 1 ,0.924021,1
/REP,FAST   
/DIST, 1 ,0.924021,1
/REP,FAST   
/DIST, 1 ,0.924021,1
/REP,FAST   
/DIST, 1 ,0.924021,1
/REP,FAST   
/DIST, 1 ,0.924021,1
/REP,FAST   
/DIST, 1 ,0.924021,1
/REP,FAST   
/DIST, 1 ,0.924021,1
/REP,FAST   
/DIST, 1 ,0.924021,1
/REP,FAST   
/DIST, 1 ,0.924021,1
/REP,FAST   
/DIST, 1 ,0.924021,1
/REP,FAST   
/DIST, 1 ,1.082226,1
/REP,FAST   
/DIST, 1 ,1.082226,1
/REP,FAST   
/DIST, 1 ,1.082226,1
/REP,FAST   
/DIST, 1 ,1.082226,1
/REP,FAST   
/DIST, 1 ,0.924021,1
/REP,FAST   
/DIST, 1 ,0.924021,1
/REP,FAST   
/DIST, 1 ,0.924021,1
/REP,FAST   
/DIST, 1 ,0.924021,1
/REP,FAST   
/DIST, 1 ,1.082226,1
/REP,FAST   
/DIST, 1 ,1.082226,1
/REP,FAST   
/DIST, 1 ,1.082226,1
/REP,FAST   
/DIST, 1 ,1.082226,1
/REP,FAST   
/DIST, 1 ,1.082226,1
/REP,FAST   
/DIST, 1 ,1.082226,1
/REP,FAST   
/DIST, 1 ,0.924021,1
/REP,FAST   
/DIST, 1 ,0.924021,1
/REP,FAST   
/DIST, 1 ,0.924021,1
/REP,FAST   
/DIST, 1 ,0.924021,1
/REP,FAST   
/DIST, 1 ,1.082226,1
/REP,FAST   
/DIST, 1 ,1.082226,1
/REP,FAST   
/DIST, 1 ,1.082226,1
/REP,FAST   
/DIST, 1 ,1.082226,1
/REP,FAST   
/DIST, 1 ,0.924021,1
/REP,FAST   
/DIST, 1 ,0.924021,1
/REP,FAST   
/DIST, 1 ,1.082226,1
/REP,FAST   
/DIST, 1 ,0.924021,1
/REP,FAST   
/DIST, 1 ,1.082226,1
/REP,FAST   
/DIST, 1 ,0.924021,1
/REP,FAST   
KDELE,       2  
/DIST, 1 ,0.924021,1
/REP,FAST   
/DIST, 1 ,0.924021,1
/REP,FAST   
/DIST, 1 ,1.082226,1
/REP,FAST   
/DIST, 1 ,1.082226,1
/REP,FAST   
/DIST, 1 ,1.082226,1
/REP,FAST   
/DIST, 1 ,1.082226,1
/REP,FAST   
/DIST, 1 ,1.082226,1
/REP,FAST   
/DIST, 1 ,1.082226,1
/REP,FAST   
/DIST, 1 ,1.082226,1
/REP,FAST   
/DIST, 1 ,1.082226,1
/REP,FAST   
/PNUM,KP,1  
/PNUM,LINE,0
/PNUM,AREA,0
/PNUM,VOLU,0
/PNUM,NODE,0
/PNUM,TABN,0
/PNUM,SVAL,0
/NUMBER,0   
!*  
/PNUM,ELEM,0
/REPLOT 
!*  
/PNUM,KP,1  
/PNUM,LINE,0
/PNUM,AREA,0
/PNUM,VOLU,0
/PNUM,NODE,0
/PNUM,TABN,0
/PNUM,SVAL,0
/NUMBER,0   
!*  
/PNUM,ELEM,0
/REPLOT 
!*  
KPLOT   
klist,all,,,coord   
K,a,0,0,0,  
K,a,0,0,0,  
/DIST, 1 ,0.924021,1
/REP,FAST   
/DIST, 1 ,0.924021,1
/REP,FAST   
/DIST, 1 ,0.924021,1
/REP,FAST   
/DIST, 1 ,0.924021,1
/REP,FAST   
/DIST, 1 ,0.924021,1
/REP,FAST   
/DIST, 1 ,0.924021,1
/REP,FAST   
/DIST, 1 ,0.924021,1
/REP,FAST   
/DIST, 1 ,0.924021,1
/REP,FAST   
/DIST, 1 ,0.924021,1
/REP,FAST   
/DIST, 1 ,0.924021,1
/REP,FAST   
/DIST, 1 ,0.924021,1
/REP,FAST   
/DIST, 1 ,0.924021,1
/REP,FAST   
/DIST, 1 ,0.924021,1
/REP,FAST   
/DIST, 1 ,0.924021,1
/REP,FAST   
/DIST, 1 ,0.924021,1
/REP,FAST   
/DIST, 1 ,0.924021,1
/REP,FAST   
/DIST, 1 ,0.924021,1
/REP,FAST   
/DIST, 1 ,0.924021,1
/REP,FAST   
/DIST, 1 ,0.924021,1
/REP,FAST   
/DIST, 1 ,0.924021,1
/REP,FAST   
/DIST, 1 ,0.924021,1
/REP,FAST   
/DIST, 1 ,1.082226,1
/REP,FAST   
/DIST, 1 ,1.082226,1
/REP,FAST   
/DIST, 1 ,1.082226,1
/REP,FAST   
/DIST, 1 ,1.082226,1
/REP,FAST   
/DIST, 1 ,1.082226,1
/REP,FAST   
/DIST, 1 ,1.082226,1
/REP,FAST   
/DIST, 1 ,1.082226,1
/REP,FAST   
/DIST, 1 ,1.082226,1
/REP,FAST   
/DIST, 1 ,1.082226,1
/REP,FAST   
/DIST, 1 ,1.082226,1
/REP,FAST   
/DIST, 1 ,1.082226,1
/REP,FAST   
/DIST, 1 ,1.082226,1
/REP,FAST   
/DIST, 1 ,1.082226,1
/REP,FAST   
/DIST, 1 ,1.082226,1
/REP,FAST   
/DIST, 1 ,1.082226,1
/REP,FAST   
/DIST, 1 ,1.082226,1
/REP,FAST   
/DIST, 1 ,1.082226,1
/REP,FAST   
/DIST, 1 ,1.082226,1
/REP,FAST   
/DIST, 1 ,1.082226,1
/REP,FAST   
/DIST, 1 ,1.082226,1
/REP,FAST   
/DIST, 1 ,1.082226,1
/REP,FAST   
/DIST, 1 ,1.082226,1
/REP,FAST   
/DIST, 1 ,1.082226,1
/REP,FAST   
/DIST, 1 ,1.082226,1
/REP,FAST   
/DIST, 1 ,1.082226,1
/REP,FAST   
/DIST, 1 ,1.082226,1
/REP,FAST   
/DIST, 1 ,1.082226,1
/REP,FAST   
/DIST, 1 ,1.082226,1
/REP,FAST   
/DIST, 1 ,1.082226,1
/REP,FAST   
/DIST, 1 ,1.082226,1
/REP,FAST   
/DIST, 1 ,1.082226,1
/REP,FAST   
/DIST, 1 ,1.082226,1
/REP,FAST   
/DIST, 1 ,1.082226,1
/REP,FAST   
/DIST, 1 ,1.082226,1
/REP,FAST   
/DIST, 1 ,1.082226,1
/REP,FAST   
/DIST, 1 ,1.082226,1
/REP,FAST   
/DIST, 1 ,1.082226,1
/REP,FAST   
/DIST, 1 ,1.082226,1
/REP,FAST   
/DIST, 1 ,1.082226,1
/REP,FAST   
/DIST, 1 ,1.082226,1
/REP,FAST   
/DIST, 1 ,1.082226,1
/REP,FAST   
KPLOT   
/DIST, 1 ,0.924021,1
/REP,FAST   
/DIST, 1 ,0.924021,1
/REP,FAST   
/DIST, 1 ,0.924021,1
/REP,FAST   
/DIST, 1 ,0.924021,1
/REP,FAST   
/DIST, 1 ,0.924021,1
/REP,FAST   
/ZOOM,1,RECT,0.855366,-0.0667482 ,-0.194896179908 ,0.223349623109   
/ZOOM,1,RECT,0.837391,-0.382518 ,-0.289907710176 ,0.313202919762
/ZOOM,1,RECT,0.701294,-0.408191 ,0.228803887502 ,-0.231051334251
/DIST, 1 ,0.924021,1
/REP,FAST   
/DIST, 1 ,0.924021,1
/REP,FAST   
/DIST, 1 ,0.924021,1
/REP,FAST   
/DIST, 1 ,0.924021,1
/REP,FAST   
/DIST, 1 ,0.924021,1
/REP,FAST   
/DIST, 1 ,1.082226,1
/REP,FAST   
/DIST, 1 ,1.082226,1
/REP,FAST   
/DIST, 1 ,1.082226,1
/REP,FAST   
/DIST, 1 ,1.082226,1
/REP,FAST   
/DIST, 1 ,1.082226,1
/REP,FAST   
/DIST, 1 ,0.924021,1
/REP,FAST   
/DIST, 1 ,0.924021,1
/REP,FAST   
/DIST, 1 ,0.924021,1
/REP,FAST   
/DIST, 1 ,0.924021,1
/REP,FAST   
/DIST, 1 ,0.924021,1
/REP,FAST   
/DIST, 1 ,0.924021,1
/REP,FAST   
/DIST, 1 ,0.924021,1
/REP,FAST   
/DIST, 1 ,0.924021,1
/REP,FAST   
/DIST, 1 ,0.924021,1
/REP,FAST   
/DIST, 1 ,0.924021,1
/REP,FAST   
/DIST, 1 ,0.924021,1
/REP,FAST   
/DIST, 1 ,0.924021,1
/REP,FAST   
/DIST, 1 ,0.924021,1
/REP,FAST   
/DIST, 1 ,1.082226,1
/REP,FAST   
/DIST, 1 ,1.082226,1
/REP,FAST   
/DIST, 1 ,1.082226,1
/REP,FAST   
/DIST, 1 ,1.082226,1
/REP,FAST   
/DIST, 1 ,1.082226,1
/REP,FAST   
/DIST, 1 ,1.082226,1
/REP,FAST   
/DIST, 1 ,1.082226,1
/REP,FAST   
/DIST, 1 ,1.082226,1
/REP,FAST   
/DIST, 1 ,1.082226,1
/REP,FAST   
/DIST, 1 ,1.082226,1
/REP,FAST   
/DIST, 1 ,1.082226,1
/REP,FAST   
/DIST, 1 ,0.924021,1
/REP,FAST   
/ZOOM,1,RECT,0.626825,-0.572494 ,0.716700934822 ,-0.675183343421
/DIST, 1 ,1.082226,1
/REP,FAST   
/DIST, 1 ,1.082226,1
/REP,FAST   
/DIST, 1 ,1.082226,1
/REP,FAST   
/DIST, 1 ,1.082226,1
/REP,FAST   
/DIST, 1 ,1.082226,1
/REP,FAST   
/DIST, 1 ,1.082226,1
/REP,FAST   
/DIST, 1 ,1.082226,1
/REP,FAST   
/DIST, 1 ,1.082226,1
/REP,FAST   
/DIST, 1 ,1.082226,1
/REP,FAST   
/DIST, 1 ,1.082226,1
/REP,FAST   
/DIST, 1 ,1.082226,1
/REP,FAST   
/DIST, 1 ,1.082226,1
/REP,FAST   
/DIST, 1 ,1.082226,1
/REP,FAST   
/DIST, 1 ,1.082226,1
/REP,FAST   
/DIST, 1 ,1.082226,1
/REP,FAST   
/DIST, 1 ,1.082226,1
/REP,FAST   
/DIST, 1 ,1.082226,1
/REP,FAST   
/DIST, 1 ,1.082226,1
/REP,FAST   
/DIST, 1 ,1.082226,1
/REP,FAST   
/DIST, 1 ,1.082226,1
/REP,FAST   
/ZOOM,1,RECT,-0.369512,0.670049 ,-0.20773557589 ,0.490342276021 
/ZOOM,1,RECT,0.144064,-0.544254 ,0.0131020350022 ,-0.47237161669
/DIST, 1 ,1.082226,1
/REP,FAST   
/DIST, 1 ,1.082226,1
/REP,FAST   
/ZOOM,1,RECT,-0.621164,0.616137 ,-0.847137495799 ,0.708557425035
/ZOOM,1,RECT,-0.0793416,-0.184841 ,-0.37978348205 ,-0.0513447409446 
/ZOOM,1,RECT,0.0310772,-0.251589 ,-0.27963619339 ,-0.133496326456   
/ZOOM,1,RECT,0.472752,-0.302934 ,0.213396612323 ,-0.102689481889
/DIST, 1 ,1.082226,1
/REP,FAST   
/DIST, 1 ,1.082226,1
/REP,FAST   
/DIST, 1 ,1.082226,1
/REP,FAST   
/DIST, 1 ,1.082226,1
/REP,FAST   
/DIST, 1 ,1.082226,1
/REP,FAST   
/DIST, 1 ,1.082226,1
/REP,FAST   
/DIST, 1 ,1.082226,1
/REP,FAST   
/DIST, 1 ,1.082226,1
/REP,FAST   
/DIST, 1 ,1.082226,1
/REP,FAST   
/DIST, 1 ,1.082226,1
/REP,FAST   
/DIST, 1 ,1.082226,1
/REP,FAST   
/DIST, 1 ,1.082226,1
/REP,FAST   
/DIST, 1 ,1.082226,1
/REP,FAST   
/DIST, 1 ,1.082226,1
/REP,FAST   
/DIST, 1 ,1.082226,1
/REP,FAST   
/DIST, 1 ,1.082226,1
/REP,FAST   
/DIST, 1 ,1.082226,1
/REP,FAST   
/DIST, 1 ,1.082226,1
/REP,FAST   
/DIST, 1 ,1.082226,1
/REP,FAST   
/DIST, 1 ,1.082226,1
/REP,FAST   
/DIST, 1 ,1.082226,1
/REP,FAST   
/DIST, 1 ,1.082226,1
/REP,FAST   
/DIST, 1 ,1.082226,1
/REP,FAST   
/DIST, 1 ,1.082226,1
/REP,FAST   
/DIST, 1 ,1.082226,1
/REP,FAST   
/DIST, 1 ,1.082226,1
/REP,FAST   
/DIST, 1 ,1.082226,1
/REP,FAST   
/DIST, 1 ,1.082226,1
/REP,FAST   
/DIST, 1 ,1.082226,1
/REP,FAST   
/DIST, 1 ,1.082226,1
/REP,FAST   
/DIST, 1 ,1.082226,1
/REP,FAST   
/DIST, 1 ,1.082226,1
/REP,FAST   
/DIST, 1 ,1.082226,1
/REP,FAST   
/DIST, 1 ,1.082226,1
/REP,FAST   
/DIST, 1 ,1.082226,1
/REP,FAST   
/DIST, 1 ,1.082226,1
/REP,FAST   
/DIST, 1 ,1.082226,1
/REP,FAST   
/DIST, 1 ,1.082226,1
/REP,FAST   
/DIST, 1 ,1.082226,1
/REP,FAST   
/DIST, 1 ,1.082226,1
/REP,FAST   
/DIST, 1 ,1.082226,1
/REP,FAST   
/DIST, 1 ,1.082226,1
/REP,FAST   
/DIST, 1 ,1.082226,1
/REP,FAST   
/DIST, 1 ,1.082226,1
/REP,FAST   
/DIST, 1 ,1.082226,1
/REP,FAST   
/DIST, 1 ,1.082226,1
/REP,FAST   
/DIST, 1 ,1.082226,1
/REP,FAST   
/DIST, 1 ,1.082226,1
/REP,FAST   
/DIST, 1 ,1.082226,1
/REP,FAST   
/DIST, 1 ,1.082226,1
/REP,FAST   
/DIST, 1 ,1.082226,1
/REP,FAST   
/DIST, 1 ,1.082226,1
/REP,FAST   
/DIST, 1 ,1.082226,1
/REP,FAST   
/DIST, 1 ,1.082226,1
/REP,FAST   
/DIST, 1 ,1.082226,1
/REP,FAST   
/DIST, 1 ,1.082226,1
/REP,FAST   
/DIST, 1 ,1.082226,1
/REP,FAST   
/DIST, 1 ,1.082226,1
/REP,FAST   
/DIST, 1 ,1.082226,1
/REP,FAST   
/DIST, 1 ,1.082226,1
/REP,FAST   
/DIST, 1 ,1.082226,1
/REP,FAST   
/DIST, 1 ,1.082226,1
/REP,FAST   
/DIST, 1 ,1.082226,1
/REP,FAST   
/DIST, 1 ,1.082226,1
/REP,FAST   
/DIST, 1 ,1.082226,1
/REP,FAST   
/DIST, 1 ,1.082226,1
/REP,FAST   
/DIST, 1 ,1.082226,1
/REP,FAST   
/DIST, 1 ,1.082226,1
/REP,FAST   
/DIST, 1 ,1.082226,1
/REP,FAST   
/DIST, 1 ,1.082226,1
/REP,FAST   
/DIST, 1 ,1.082226,1
/REP,FAST   
/DIST, 1 ,1.082226,1
/REP,FAST   
/DIST, 1 ,1.082226,1
/REP,FAST   
/DIST, 1 ,1.082226,1
/REP,FAST   
/DIST, 1 ,1.082226,1
/REP,FAST   
/DIST, 1 ,1.082226,1
/REP,FAST   
/DIST, 1 ,1.082226,1
/REP,FAST   
/DIST, 1 ,1.082226,1
/REP,FAST   
/DIST, 1 ,1.082226,1
/REP,FAST   
/DIST, 1 ,1.082226,1
/REP,FAST   
/DIST, 1 ,1.082226,1
/REP,FAST   
/DIST, 1 ,1.082226,1
/REP,FAST   
/DIST, 1 ,1.082226,1
/REP,FAST   
/DIST, 1 ,1.082226,1
/REP,FAST   
/DIST, 1 ,1.082226,1
/REP,FAST   
/DIST, 1 ,1.082226,1
/REP,FAST   
/DIST, 1 ,1.082226,1
/REP,FAST   
/DIST, 1 ,1.082226,1
/REP,FAST   
/DIST, 1 ,1.082226,1
/REP,FAST   
/DIST, 1 ,1.082226,1
/REP,FAST   
/DIST, 1 ,1.082226,1
/REP,FAST   
/DIST, 1 ,1.082226,1
/REP,FAST   
/DIST, 1 ,1.082226,1
/REP,FAST   
/DIST, 1 ,1.082226,1
/REP,FAST   
/DIST, 1 ,1.082226,1
/REP,FAST   
/DIST, 1 ,1.082226,1
/REP,FAST   
/DIST, 1 ,1.082226,1
/REP,FAST   
/DIST, 1 ,1.082226,1
/REP,FAST   
/DIST, 1 ,1.082226,1
/REP,FAST   
/DIST, 1 ,1.082226,1
/REP,FAST   
/DIST, 1 ,1.082226,1
/REP,FAST   
/DIST, 1 ,1.082226,1
/REP,FAST   
/DIST, 1 ,1.082226,1
/REP,FAST   
/DIST, 1 ,1.082226,1
/REP,FAST   
/DIST, 1 ,1.082226,1
/REP,FAST   
/DIST, 1 ,1.082226,1
/REP,FAST   
/DIST, 1 ,1.082226,1
/REP,FAST   
/DIST, 1 ,1.082226,1
/REP,FAST   
/DIST, 1 ,1.082226,1
/REP,FAST   
/DIST, 1 ,1.082226,1
/REP,FAST   
/DIST, 1 ,1.082226,1
/REP,FAST   
/DIST, 1 ,1.082226,1
/REP,FAST   
/DIST, 1 ,1.082226,1
/REP,FAST   
/DIST, 1 ,1.082226,1
/REP,FAST   
/DIST, 1 ,1.082226,1
/REP,FAST   
/DIST, 1 ,1.082226,1
/REP,FAST   
/DIST, 1 ,1.082226,1
/REP,FAST   
/DIST, 1 ,1.082226,1
/REP,FAST   
/DIST, 1 ,1.082226,1
/REP,FAST   
/DIST, 1 ,1.082226,1
/REP,FAST   
/DIST, 1 ,1.082226,1
/REP,FAST   
/DIST, 1 ,1.082226,1
/REP,FAST   
/DIST, 1 ,1.082226,1
/REP,FAST   
/DIST, 1 ,1.082226,1
/REP,FAST   
/DIST, 1 ,1.082226,1
/REP,FAST   
/DIST, 1 ,1.082226,1
/REP,FAST   
/DIST, 1 ,1.082226,1
/REP,FAST   
/DIST, 1 ,1.082226,1
/REP,FAST   
/DIST, 1 ,1.082226,1
/REP,FAST   
/DIST, 1 ,1.082226,1
/REP,FAST   
/DIST, 1 ,1.082226,1
/REP,FAST   
/DIST, 1 ,1.082226,1
/REP,FAST   
/DIST, 1 ,1.082226,1
/REP,FAST   
/DIST, 1 ,1.082226,1
/REP,FAST   
/DIST, 1 ,1.082226,1
/REP,FAST   
/DIST, 1 ,1.082226,1
/REP,FAST   
/DIST, 1 ,1.082226,1
/REP,FAST   
/DIST, 1 ,1.082226,1
/REP,FAST   
/DIST, 1 ,1.082226,1
/REP,FAST   
/DIST, 1 ,1.082226,1
/REP,FAST   
/DIST, 1 ,1.082226,1
/REP,FAST   
/DIST, 1 ,1.082226,1
/REP,FAST   
/DIST, 1 ,1.082226,1
/REP,FAST   
/DIST, 1 ,1.082226,1
/REP,FAST   
/DIST, 1 ,1.082226,1
/REP,FAST   
/DIST, 1 ,1.082226,1
/REP,FAST   
/DIST, 1 ,1.082226,1
/REP,FAST   
/DIST, 1 ,1.082226,1
/REP,FAST   
/DIST, 1 ,1.082226,1
/REP,FAST   
/DIST, 1 ,1.082226,1
/REP,FAST   
/DIST, 1 ,1.082226,1
/REP,FAST   
/DIST, 1 ,1.082226,1
/REP,FAST   
/DIST, 1 ,1.082226,1
/REP,FAST   
/DIST, 1 ,1.082226,1
/REP,FAST   
/DIST, 1 ,1.082226,1
/REP,FAST   
/DIST, 1 ,1.082226,1
/REP,FAST   
/DIST, 1 ,1.082226,1
/REP,FAST   
/DIST, 1 ,1.082226,1
/REP,FAST   
/DIST, 1 ,1.082226,1
/REP,FAST   
/DIST, 1 ,1.082226,1
/REP,FAST   
/DIST, 1 ,1.082226,1
/REP,FAST   
/DIST, 1 ,1.082226,1
/REP,FAST   
/DIST, 1 ,1.082226,1
/REP,FAST   
/DIST, 1 ,1.082226,1
/REP,FAST   
/DIST, 1 ,1.082226,1
/REP,FAST   
/DIST, 1 ,1.082226,1
/REP,FAST   
/DIST, 1 ,1.082226,1
/REP,FAST   
/DIST, 1 ,1.082226,1
/REP,FAST   
/DIST, 1 ,1.082226,1
/REP,FAST   
/DIST, 1 ,1.082226,1
/REP,FAST   
/DIST, 1 ,1.082226,1
/REP,FAST   
/DIST, 1 ,1.082226,1
/REP,FAST   
/DIST, 1 ,1.082226,1
/REP,FAST   
/DIST, 1 ,1.082226,1
/REP,FAST   
/DIST, 1 ,1.082226,1
/REP,FAST   
/DIST, 1 ,1.082226,1
/REP,FAST   
/DIST, 1 ,1.082226,1
/REP,FAST   
/DIST, 1 ,1.082226,1
/REP,FAST   
/DIST, 1 ,1.082226,1
/REP,FAST   
/DIST, 1 ,1.082226,1
/REP,FAST   
/DIST, 1 ,1.082226,1
/REP,FAST   
/DIST, 1 ,1.082226,1
/REP,FAST   
/DIST, 1 ,1.082226,1
/REP,FAST   
/DIST, 1 ,1.082226,1
/REP,FAST   
/DIST, 1 ,1.082226,1
/REP,FAST   
/DIST, 1 ,1.082226,1
/REP,FAST   
/DIST, 1 ,1.082226,1
/REP,FAST   
/DIST, 1 ,1.082226,1
/REP,FAST   
/DIST, 1 ,1.082226,1
/REP,FAST   
/DIST, 1 ,1.082226,1
/REP,FAST   
/DIST, 1 ,1.082226,1
/REP,FAST   
/DIST, 1 ,1.082226,1
/REP,FAST   
/DIST, 1 ,1.082226,1
/REP,FAST   
/DIST, 1 ,1.082226,1
/REP,FAST   
/DIST, 1 ,1.082226,1
/REP,FAST   
/DIST, 1 ,1.082226,1
/REP,FAST   
/DIST, 1 ,1.082226,1
/REP,FAST   
/DIST, 1 ,1.082226,1
/REP,FAST   
/DIST, 1 ,1.082226,1
/REP,FAST   
/DIST, 1 ,1.082226,1
/REP,FAST   
/DIST, 1 ,1.082226,1
/REP,FAST   
/DIST, 1 ,1.082226,1
/REP,FAST   
/DIST, 1 ,1.082226,1
/REP,FAST   
/DIST, 1 ,1.082226,1
/REP,FAST   
KPLOT   
klist,all,,,coord   
FLST,2,2,3,ORDE,2   
FITEM,2,1   
FITEM,2,-2  
KDELE,P51X  
klist,all,,,coord   
K,1,0,0,0,  
K,1,0,0,0,  
/DIST, 1 ,0.924021,1
/REP,FAST   
/DIST, 1 ,0.924021,1
/REP,FAST   
/DIST, 1 ,0.924021,1
/REP,FAST   
/DIST, 1 ,0.924021,1
/REP,FAST   
/DIST, 1 ,0.924021,1
/REP,FAST   
/DIST, 1 ,1.082226,1
/REP,FAST   
/DIST, 1 ,1.082226,1
/REP,FAST   
/DIST, 1 ,1.082226,1
/REP,FAST   
/DIST, 1 ,0.924021,1
/REP,FAST   
/DIST, 1 ,0.924021,1
/REP,FAST   
/DIST, 1 ,0.924021,1
/REP,FAST   
/DIST, 1 ,0.924021,1
/REP,FAST   
/DIST, 1 ,0.924021,1
/REP,FAST   
/DIST, 1 ,0.924021,1
/REP,FAST   
/DIST, 1 ,0.924021,1
/REP,FAST   
/DIST, 1 ,0.924021,1
/REP,FAST   
/DIST, 1 ,0.924021,1
/REP,FAST   
/ZOOM,  1,-0.24669E-09, 0.98037E-08,  0.0000    , 0.39149E-07
!*  
/USER,1 
K,1,10,0,0, 
K,1,10,0,0, 
K,1,0,0,0,  
K,1,0,0,0,  
K,1,0,0,0,  
K,2,10,0,0, 
/DIST, 1 ,0.924021,1
/REP,FAST   
/DIST, 1 ,0.924021,1
/REP,FAST   
/DIST, 1 ,0.924021,1
/REP,FAST   
/DIST, 1 ,0.924021,1
/REP,FAST   
/DIST, 1 ,1.082226,1
/REP,FAST   
/DIST, 1 ,1.082226,1
/REP,FAST   
/DIST, 1 ,1.082226,1
/REP,FAST   
/DIST, 1 ,1.082226,1
/REP,FAST   
/DIST, 1 ,1.082226,1
/REP,FAST   
K,2,10,0,0, 
K,2,10,0,0, 
klist,all,,,coord   
/DIST, 1 ,1.082226,1
/REP,FAST   
/DIST, 1 ,1.082226,1
/REP,FAST   
/DIST, 1 ,1.082226,1
/REP,FAST   
/DIST, 1 ,1.082226,1
/REP,FAST   
K,3,10,-10,0,   
klist,all,,,coord   
K,4,-15,0,0,
K,5,-15,-10,0,  
K,6,0,-15,0,
K,7,0,35,0, 
K,8,-25,35,0,   
K,9,0,60,0, 
K,10,25,60,0,   
SAVE
KPLOT   
klist,all,,,coord   
klist,all   
/DIST, 1 ,0.924021,1
/REP,FAST   
/DIST, 1 ,0.924021,1
/REP,FAST   
/DIST, 1 ,0.924021,1
/REP,FAST   
/DIST, 1 ,0.924021,1
/REP,FAST   
/DIST, 1 ,0.924021,1
/REP,FAST   
/DIST, 1 ,0.924021,1
/REP,FAST   
/DIST, 1 ,0.924021,1
/REP,FAST   
/DIST, 1 ,0.924021,1
/REP,FAST   
/DIST, 1 ,0.924021,1
/REP,FAST   
/DIST, 1 ,0.924021,1
/REP,FAST   
/DIST, 1 ,0.924021,1
/REP,FAST   
/DIST, 1 ,0.924021,1
/REP,FAST   
/DIST, 1 ,0.924021,1
/REP,FAST   
/DIST, 1 ,0.924021,1
/REP,FAST   
/DIST, 1 ,0.924021,1
/REP,FAST   
/DIST, 1 ,0.924021,1
/REP,FAST   
/DIST, 1 ,0.924021,1
/REP,FAST   
/DIST, 1 ,1.082226,1
/REP,FAST   
/DIST, 1 ,1.082226,1
/REP,FAST   
/DIST, 1 ,1.082226,1
/REP,FAST   
/DIST, 1 ,1.082226,1
/REP,FAST   
/DIST, 1 ,1.082226,1
/REP,FAST   
/DIST, 1 ,1.082226,1
/REP,FAST   
/DIST, 1 ,1.082226,1
/REP,FAST   
/DIST, 1 ,1.082226,1
/REP,FAST   
/DIST, 1 ,1.082226,1
/REP,FAST   
/DIST, 1 ,1.082226,1
/REP,FAST   
/DIST, 1 ,1.082226,1
/REP,FAST   
/DIST, 1 ,1.082226,1
/REP,FAST   
/DIST, 1 ,1.082226,1
/REP,FAST   
/DIST, 1 ,1.082226,1
/REP,FAST   
/DIST, 1 ,1.082226,1
/REP,FAST   
/DIST, 1 ,1.082226,1
/REP,FAST   
/DIST, 1 ,1.082226,1
/REP,FAST   
/DIST, 1 ,1.082226,1
/REP,FAST   
/DIST, 1 ,1.082226,1
/REP,FAST   
/DIST, 1 ,1.082226,1
/REP,FAST   
/DIST, 1 ,1.082226,1
/REP,FAST   
/DIST, 1 ,1.082226,1
/REP,FAST   
/DIST, 1 ,1.082226,1
/REP,FAST   
/DIST, 1 ,1.082226,1
/REP,FAST   
/DIST, 1 ,1.082226,1
/REP,FAST   
/DIST, 1 ,1.082226,1
/REP,FAST   
/DIST, 1 ,1.082226,1
/REP,FAST   
/DIST, 1 ,1.082226,1
/REP,FAST   
/DIST, 1 ,1.082226,1
/REP,FAST   
/DIST, 1 ,1.082226,1
/REP,FAST   
/DIST, 1 ,1.082226,1
/REP,FAST   
/DIST, 1 ,1.082226,1
/REP,FAST   
/DIST, 1 ,1.082226,1
/REP,FAST   
/DIST, 1 ,1.082226,1
/REP,FAST   
/DIST, 1 ,1.082226,1
/REP,FAST   
/DIST, 1 ,1.082226,1
/REP,FAST   
/DIST, 1 ,1.082226,1
/REP,FAST   
/DIST, 1 ,1.082226,1
/REP,FAST   
/DIST, 1 ,1.082226,1
/REP,FAST   
/DIST, 1 ,1.082226,1
/REP,FAST   
/DIST, 1 ,1.082226,1
/REP,FAST   
/DIST, 1 ,1.082226,1
/REP,FAST   
/DIST, 1 ,1.082226,1
/REP,FAST   
/DIST, 1 ,1.082226,1
/REP,FAST   
/DIST, 1 ,1.082226,1
/REP,FAST   
/DIST, 1 ,1.082226,1
/REP,FAST   
/DIST, 1 ,1.082226,1
/REP,FAST   
/DIST, 1 ,1.082226,1
/REP,FAST   
/DIST, 1 ,1.082226,1
/REP,FAST   
/DIST, 1 ,1.082226,1
/REP,FAST   
/DIST, 1 ,1.082226,1
/REP,FAST   
/DIST, 1 ,1.082226,1
/REP,FAST   
/DIST, 1 ,1.082226,1
/REP,FAST   
/DIST, 1 ,1.082226,1
/REP,FAST   
/DIST, 1 ,1.082226,1
/REP,FAST   
/DIST, 1 ,1.082226,1
/REP,FAST   
/DIST, 1 ,1.082226,1
/REP,FAST   
/DIST, 1 ,1.082226,1
/REP,FAST   
/DIST, 1 ,1.082226,1
/REP,FAST   
/DIST, 1 ,1.082226,1
/REP,FAST   
/DIST, 1 ,1.082226,1
/REP,FAST   
/DIST, 1 ,1.082226,1
/REP,FAST   
/DIST, 1 ,1.082226,1
/REP,FAST   
/DIST, 1 ,1.082226,1
/REP,FAST   
/DIST, 1 ,1.082226,1
/REP,FAST   
/DIST, 1 ,1.082226,1
/REP,FAST   
/DIST, 1 ,1.082226,1
/REP,FAST   
/DIST, 1 ,1.082226,1
/REP,FAST   
/DIST, 1 ,1.082226,1
/REP,FAST   
/DIST, 1 ,1.082226,1
/REP,FAST   
/DIST, 1 ,1.082226,1
/REP,FAST   
/DIST, 1 ,1.082226,1
/REP,FAST   
/DIST, 1 ,1.082226,1
/REP,FAST   
/DIST, 1 ,1.082226,1
/REP,FAST   
/DIST, 1 ,1.082226,1
/REP,FAST   
/DIST, 1 ,1.082226,1
/REP,FAST   
/DIST, 1 ,1.082226,1
/REP,FAST   
/DIST, 1 ,1.082226,1
/REP,FAST   
/DIST, 1 ,1.082226,1
/REP,FAST   
/DIST, 1 ,1.082226,1
/REP,FAST   
/DIST, 1 ,1.082226,1
/REP,FAST   
/DIST, 1 ,1.082226,1
/REP,FAST   
/DIST, 1 ,1.082226,1
/REP,FAST   
/DIST, 1 ,1.082226,1
/REP,FAST   
/DIST, 1 ,1.082226,1
/REP,FAST   
/DIST, 1 ,1.082226,1
/REP,FAST   
/DIST, 1 ,1.082226,1
/REP,FAST   
/DIST, 1 ,1.082226,1
/REP,FAST   
/DIST, 1 ,1.082226,1
/REP,FAST   
/DIST, 1 ,1.082226,1
/REP,FAST   
/DIST, 1 ,1.082226,1
/REP,FAST   
/DIST, 1 ,1.082226,1
/REP,FAST   
/DIST, 1 ,1.082226,1
/REP,FAST   
/DIST, 1 ,1.082226,1
/REP,FAST   
/DIST, 1 ,1.082226,1
/REP,FAST   
/DIST, 1 ,1.082226,1
/REP,FAST   
/DIST, 1 ,1.082226,1
/REP,FAST   
/DIST, 1 ,1.082226,1
/REP,FAST   
/DIST, 1 ,1.082226,1
/REP,FAST   
/DIST, 1 ,1.082226,1
/REP,FAST   
/DIST, 1 ,1.082226,1
/REP,FAST   
/DIST, 1 ,1.082226,1
/REP,FAST   
/DIST, 1 ,1.082226,1
/REP,FAST   
/DIST, 1 ,1.082226,1
/REP,FAST   
/DIST, 1 ,1.082226,1
/REP,FAST   
/DIST, 1 ,1.082226,1
/REP,FAST   
/DIST, 1 ,1.082226,1
/REP,FAST   
/DIST, 1 ,1.082226,1
/REP,FAST   
/DIST, 1 ,1.082226,1
/REP,FAST   
/DIST, 1 ,1.082226,1
/REP,FAST   
/DIST, 1 ,1.082226,1
/REP,FAST   
/DIST, 1 ,1.082226,1
/REP,FAST   
/DIST, 1 ,1.082226,1
/REP,FAST   
/DIST, 1 ,1.082226,1
/REP,FAST   
/DIST, 1 ,1.082226,1
/REP,FAST   
/DIST, 1 ,1.082226,1
/REP,FAST   
/DIST, 1 ,1.082226,1
/REP,FAST   
/PNUM,KP,1  
/PNUM,LINE,0
/PNUM,AREA,0
/PNUM,VOLU,0
/PNUM,NODE,0
/PNUM,TABN,0
/PNUM,SVAL,0
/NUMBER,0   
!*  
/PNUM,ELEM,0
/REPLOT 
!*  
/PNUM,KP,0  
/PNUM,LINE,0
/PNUM,AREA,0
/PNUM,VOLU,0
/PNUM,NODE,0
/PNUM,TABN,0
/PNUM,SVAL,0
/NUMBER,0   
!*  
/PNUM,ELEM,0
/REPLOT 
!*  
/PNUM,KP,1  
/PNUM,LINE,0
/PNUM,AREA,0
/PNUM,VOLU,0
/PNUM,NODE,0
/PNUM,TABN,0
/PNUM,SVAL,0
/NUMBER,0   
!*  
/PNUM,ELEM,0
/REPLOT 
!*  
/PNUM,KP,1  
/PNUM,LINE,0
/PNUM,AREA,0
/PNUM,VOLU,0
/PNUM,NODE,0
/PNUM,TABN,0
/PNUM,SVAL,0
/NUMBER,0   
!*  
/PNUM,ELEM,0
/REPLOT 
!*  
L,       1,       2 
/DIST, 1 ,1.082226,1
/REP,FAST   
/DIST, 1 ,1.082226,1
/REP,FAST   
/DIST, 1 ,1.082226,1
/REP,FAST   
/DIST, 1 ,1.082226,1
/REP,FAST   
/DIST, 1 ,0.924021,1
/REP,FAST   
/DIST, 1 ,0.924021,1
/REP,FAST   
/DIST, 1 ,0.924021,1
/REP,FAST   
/DIST, 1 ,0.924021,1
/REP,FAST   
/DIST, 1 ,0.924021,1
/REP,FAST   
/DIST, 1 ,0.924021,1
/REP,FAST   
/DIST, 1 ,0.924021,1
/REP,FAST   
/DIST, 1 ,0.924021,1
/REP,FAST   
/DIST, 1 ,0.924021,1
/REP,FAST   
/DIST, 1 ,0.924021,1
/REP,FAST   
/DIST, 1 ,0.924021,1
/REP,FAST   
/DIST, 1 ,0.924021,1
/REP,FAST   
/DIST, 1 ,0.924021,1
/REP,FAST   
/DIST, 1 ,0.924021,1
/REP,FAST   
/DIST, 1 ,0.924021,1
/REP,FAST   
/DIST, 1 ,0.924021,1
/REP,FAST   
/DIST, 1 ,0.924021,1
/REP,FAST   
/DIST, 1 ,0.924021,1
/REP,FAST   
/DIST, 1 ,0.924021,1
/REP,FAST   
/DIST, 1 ,0.924021,1
/REP,FAST   
/DIST, 1 ,0.924021,1
/REP,FAST   
/DIST, 1 ,0.924021,1
/REP,FAST   
/DIST, 1 ,0.924021,1
/REP,FAST   
/DIST, 1 ,0.924021,1
/REP,FAST   
/DIST, 1 ,0.924021,1
/REP,FAST   
/DIST, 1 ,0.924021,1
/REP,FAST   
/DIST, 1 ,0.924021,1
/REP,FAST   
/DIST, 1 ,0.924021,1
/REP,FAST   
/DIST, 1 ,0.924021,1
/REP,FAST   
/DIST, 1 ,0.924021,1
/REP,FAST   
/DIST, 1 ,0.924021,1
/REP,FAST   
/DIST, 1 ,0.924021,1
/REP,FAST   
/DIST, 1 ,0.924021,1
/REP,FAST   
/DIST, 1 ,0.924021,1
/REP,FAST   
/DIST, 1 ,0.924021,1
/REP,FAST   
/DIST, 1 ,0.924021,1
/REP,FAST   
/DIST, 1 ,0.924021,1
/REP,FAST   
/DIST, 1 ,0.924021,1
/REP,FAST   
/DIST, 1 ,0.924021,1
/REP,FAST   
/DIST, 1 ,0.924021,1
/REP,FAST   
/DIST, 1 ,0.924021,1
/REP,FAST   
/DIST, 1 ,0.924021,1
/REP,FAST   
/DIST, 1 ,0.924021,1
/REP,FAST   
/DIST, 1 ,0.924021,1
/REP,FAST   
/DIST, 1 ,0.924021,1
/REP,FAST   
/ZOOM,1,RECT,0.408555,-0.0385086 ,0.300704505001 ,0.0821515855113   
/ZOOM,1,RECT,-0.0510949,-0.331174 ,0.0285093101808 ,-0.42616134984  
/ZOOM,1,RECT,0.131224,-0.246455 ,0.00283051821655 ,-0.156601459881  
/ZOOM,1,RECT,-0.112724,0.097555 ,0.00796627660939 ,0.0256723704723  
/ZOOM,1,RECT,-0.164082,-0.0847188 ,-0.128131320801 ,-0.154034222834 
/ZOOM,1,RECT,-0.639139,-0.772738 ,-0.811187187049 ,-0.736797032554  
/ZOOM,1,RECT,-0.35924,-0.469804 ,-0.0382555489262 ,-0.528850831729  
/ZOOM,1,RECT,0.267322,-0.0359413 ,0.0259414309843 ,0.0590464520862  
/ZOOM,1,RECT,0.0927063,-0.0667482 ,0.282729350626 ,-0.189975541495  
/DIST, 1 ,0.924021,1
/REP,FAST   
/DIST, 1 ,0.924021,1
/REP,FAST   
/DIST, 1 ,0.924021,1
/REP,FAST   
/DIST, 1 ,0.924021,1
/REP,FAST   
/DIST, 1 ,0.924021,1
/REP,FAST   
/DIST, 1 ,0.924021,1
/REP,FAST   
/DIST, 1 ,0.924021,1
/REP,FAST   
/DIST, 1 ,0.924021,1
/REP,FAST   
/DIST, 1 ,1.082226,1
/REP,FAST   
/DIST, 1 ,1.082226,1
/REP,FAST   
/DIST, 1 ,1.082226,1
/REP,FAST   
/DIST, 1 ,1.082226,1
/REP,FAST   
/DIST, 1 ,1.082226,1
/REP,FAST   
/DIST, 1 ,1.082226,1
/REP,FAST   
/DIST, 1 ,0.924021,1
/REP,FAST   
/DIST, 1 ,0.924021,1
/REP,FAST   
/DIST, 1 ,0.924021,1
/REP,FAST   
/ZOOM,1,RECT,-0.842002,-0.110391 ,-0.598053213746 ,-0.192542778542  
/DIST, 1 ,0.924021,1
/REP,FAST   
/DIST, 1 ,0.924021,1
/REP,FAST   
/DIST, 1 ,0.924021,1
/REP,FAST   
/DIST, 1 ,0.924021,1
/REP,FAST   
/DIST, 1 ,0.924021,1
/REP,FAST   
/ZOOM,1,RECT,-0.182057,-0.213081 ,-0.0279840321405 ,-0.269559889959 
/DIST, 1 ,0.924021,1
/REP,FAST   
/DIST, 1 ,0.924021,1
/REP,FAST   
/DIST, 1 ,0.924021,1
/REP,FAST   
/DIST, 1 ,0.924021,1
/REP,FAST   
/DIST, 1 ,0.924021,1
/REP,FAST   
/DIST, 1 ,0.924021,1
/REP,FAST   
/ZOOM,1,RECT,-0.883088,0.197677 ,-0.562102904996 ,0.105256718936
/ZOOM,1,RECT,-0.700768,0.100122 ,-0.0356876697298 ,-0.136063563503  
/DIST, 1 ,0.924021,1
/REP,FAST   
/DIST, 1 ,0.924021,1
/REP,FAST   
/DIST, 1 ,0.924021,1
/REP,FAST   
/DIST, 1 ,0.924021,1
/REP,FAST   
/DIST, 1 ,0.924021,1
/REP,FAST   
/DIST, 1 ,0.924021,1
/REP,FAST   
/DIST, 1 ,0.924021,1
/REP,FAST   
/DIST, 1 ,0.924021,1
/REP,FAST   
/DIST, 1 ,0.924021,1
/REP,FAST   
/DIST, 1 ,0.924021,1
/REP,FAST   
/DIST, 1 ,0.924021,1
/REP,FAST   
/DIST, 1 ,0.924021,1
/REP,FAST   
/DIST, 1 ,0.924021,1
/REP,FAST   
/DIST, 1 ,0.924021,1
/REP,FAST   
/DIST, 1 ,0.924021,1
/REP,FAST   
/DIST, 1 ,0.924021,1
/REP,FAST   
/DIST, 1 ,0.924021,1
/REP,FAST   
/DIST, 1 ,0.924021,1
/REP,FAST   
/DIST, 1 ,1.082226,1
/REP,FAST   
/DIST, 1 ,1.082226,1
/REP,FAST   
/DIST, 1 ,1.082226,1
/REP,FAST   
/DIST, 1 ,1.082226,1
/REP,FAST   
/DIST, 1 ,1.082226,1
/REP,FAST   
/DIST, 1 ,1.082226,1
/REP,FAST   
/ZOOM,1,RECT,-0.654547,-0.202812 ,-0.115291924819 ,-0.421026875745  
/ZOOM,1,RECT,-0.621164,-0.0795843 ,-0.390054998836 ,-0.151466985786 
/ZOOM,1,RECT,1.24568,-0.297799 ,1.35353497553 ,-0.408190690509  
/DIST, 1 ,0.924021,1
/REP,FAST   
/DIST, 1 ,0.924021,1
/REP,FAST   
/DIST, 1 ,0.924021,1
/REP,FAST   
/DIST, 1 ,0.924021,1
/REP,FAST   
/DIST, 1 ,0.924021,1
/REP,FAST   
/DIST, 1 ,0.924021,1
/REP,FAST   
/ZOOM,1,RECT,-0.433709,-0.762469 ,-0.158945871158 ,-0.998655211372  
/ZOOM,1,RECT,0.0850027,-0.559658 ,0.390580276876 ,-0.770171114168   
/DIST, 1 ,0.924021,1
/REP,FAST   
/DIST, 1 ,0.924021,1
/REP,FAST   
/DIST, 1 ,0.924021,1
/REP,FAST   
/DIST, 1 ,0.924021,1
/REP,FAST   
/DIST, 1 ,0.924021,1
/REP,FAST   
/DIST, 1 ,0.924021,1
/REP,FAST   
/DIST, 1 ,0.924021,1
/REP,FAST   
/DIST, 1 ,0.924021,1
/REP,FAST   
/DIST, 1 ,0.924021,1
/REP,FAST   
/DIST, 1 ,0.924021,1
/REP,FAST   
/DIST, 1 ,0.924021,1
/REP,FAST   
/DIST, 1 ,0.924021,1
/REP,FAST   
/DIST, 1 ,0.924021,1
/REP,FAST   
/DIST, 1 ,0.924021,1
/REP,FAST   
/ZOOM,1,RECT,-0.515881,0.911369 ,-0.330993777318 ,0.826650329207
/ZOOM,1,RECT,-0.616028,-0.0385086 ,-0.143538595979 ,-0.297799497478 
/DIST, 1 ,0.924021,1
/REP,FAST   
/DIST, 1 ,0.924021,1
/REP,FAST   
/DIST, 1 ,0.924021,1
/REP,FAST   
/DIST, 1 ,0.924021,1
/REP,FAST   
/DIST, 1 ,0.924021,1
/REP,FAST   
/DIST, 1 ,0.924021,1
/REP,FAST   
/DIST, 1 ,0.924021,1
/REP,FAST   
/ZOOM,1,RECT,-0.723879,0.487775 ,-0.223142851069 ,0.231051334251
/DIST, 1 ,0.924021,1
/REP,FAST   
/DIST, 1 ,0.924021,1
/REP,FAST   
/DIST, 1 ,0.924021,1
/REP,FAST   
/DIST, 1 ,0.924021,1
/REP,FAST   
/DIST, 1 ,0.924021,1
/REP,FAST   
/DIST, 1 ,0.924021,1
/REP,FAST   
/DIST, 1 ,0.924021,1
/REP,FAST   
/DIST, 1 ,0.924021,1
/REP,FAST   
/DIST, 1 ,0.924021,1
/REP,FAST   
/DIST, 1 ,0.924021,1
/REP,FAST   
/DIST, 1 ,0.924021,1
/REP,FAST   
/DIST, 1 ,0.924021,1
/REP,FAST   
/DIST, 1 ,0.924021,1
/REP,FAST   
/DIST, 1 ,0.924021,1
/REP,FAST   
/DIST, 1 ,0.924021,1
/REP,FAST   
/DIST, 1 ,0.924021,1
/REP,FAST   
/DIST, 1 ,0.924021,1
/REP,FAST   
/DIST, 1 ,0.924021,1
/REP,FAST   
/DIST, 1 ,0.924021,1
/REP,FAST   
/DIST, 1 ,0.924021,1
/REP,FAST   
/DIST, 1 ,0.924021,1
/REP,FAST   
/DIST, 1 ,0.924021,1
/REP,FAST   
/DIST, 1 ,0.924021,1
/REP,FAST   
/ZOOM,1,RECT,-0.441413,-0.0256724 ,-0.210303455086 ,-0.187408304448 
/DIST, 1 ,0.924021,1
/REP,FAST   
/DIST, 1 ,0.924021,1
/REP,FAST   
/DIST, 1 ,0.924021,1
/REP,FAST   
/DIST, 1 ,0.924021,1
/REP,FAST   
/DIST, 1 ,0.924021,1
/REP,FAST   
/DIST, 1 ,0.924021,1
/REP,FAST   
/DIST, 1 ,0.924021,1
/REP,FAST   
/DIST, 1 ,0.924021,1
/REP,FAST   
/DIST, 1 ,0.924021,1
/REP,FAST   
/DIST, 1 ,0.924021,1
/REP,FAST   
/ZOOM,1,RECT,0.0285093,-0.68802 ,0.259618437859 ,-0.921638099955
/DIST, 1 ,0.924021,1
/REP,FAST   
/DIST, 1 ,0.924021,1
/REP,FAST   
/DIST, 1 ,0.924021,1
/REP,FAST   
/DIST, 1 ,0.924021,1
/REP,FAST   
/DIST, 1 ,0.924021,1
/REP,FAST   
/DIST, 1 ,0.924021,1
/REP,FAST   
/ZOOM,1,RECT,-0.682793,0.387653 ,-0.364376206872 ,0.225916860156
/DIST, 1 ,0.924021,1
/REP,FAST   
/DIST, 1 ,0.924021,1
/REP,FAST   
/DIST, 1 ,0.924021,1
/REP,FAST   
/DIST, 1 ,0.924021,1
/REP,FAST   
/DIST, 1 ,0.924021,1
/REP,FAST   
/DIST, 1 ,0.924021,1
/REP,FAST   
/ZOOM,1,RECT,-0.569807,-0.569927 ,-0.251389522229 ,-0.713691899129  
/DIST, 1 ,0.924021,1
/REP,FAST   
/DIST, 1 ,0.924021,1
/REP,FAST   
/DIST, 1 ,0.924021,1
/REP,FAST   
/DIST, 1 ,0.924021,1
/REP,FAST   
/DIST, 1 ,0.924021,1
/REP,FAST   
/DIST, 1 ,0.924021,1
/REP,FAST   
/DIST, 1 ,0.924021,1
/REP,FAST   
/DIST, 1 ,0.924021,1
/REP,FAST   
/DIST, 1 ,0.924021,1
/REP,FAST   
/DIST, 1 ,0.924021,1
/REP,FAST   
/DIST, 1 ,0.924021,1
/REP,FAST   
/DIST, 1 ,0.924021,1
/REP,FAST   
/ZOOM,1,RECT,0.231372,0.765037 ,0.454777256787 ,0.56479215039   
/DIST, 1 ,0.924021,1
/REP,FAST   
/DIST, 1 ,0.924021,1
/REP,FAST   
/DIST, 1 ,0.924021,1
/REP,FAST   
/DIST, 1 ,0.924021,1
/REP,FAST   
/DIST, 1 ,0.924021,1
/REP,FAST   
/DIST, 1 ,0.924021,1
/REP,FAST   
/DIST, 1 ,0.924021,1
/REP,FAST   
/DIST, 1 ,0.924021,1
/REP,FAST   
/DIST, 1 ,0.924021,1
/REP,FAST   
/DIST, 1 ,0.924021,1
/REP,FAST   
/DIST, 1 ,1.082226,1
/REP,FAST   
/DIST, 1 ,1.082226,1
/REP,FAST   
/DIST, 1 ,1.082226,1
/REP,FAST   
/DIST, 1 ,1.082226,1
/REP,FAST   
/ZOOM,1,RECT,-0.803484,0.0667482 ,-0.433708945175 ,-0.12066014122   
/ZOOM,1,RECT,-0.595485,0.0641809 ,-0.428573186782 ,-0.0641809261807 
/DIST, 1 ,0.924021,1
/REP,FAST   
/DIST, 1 ,0.924021,1
/REP,FAST   
/DIST, 1 ,0.924021,1
/REP,FAST   
/DIST, 1 ,0.924021,1
/REP,FAST   
/DIST, 1 ,0.924021,1
/REP,FAST   
/DIST, 1 ,1.082226,1
/REP,FAST   
/DIST, 1 ,1.082226,1
/REP,FAST   
/DIST, 1 ,1.082226,1
/REP,FAST   
/DIST, 1 ,1.082226,1
/REP,FAST   
/ZOOM,1,RECT,1.32786,-0.559658 ,1.45368226419 ,-0.652078209996  
/DIST, 1 ,0.924021,1
/REP,FAST   
/DIST, 1 ,0.924021,1
/REP,FAST   
/DIST, 1 ,0.924021,1
/REP,FAST   
/VIEW,1,,1  
/ANG,1  
/REP,FAST   
/VIEW,1,1   
/ANG,1  
/REP,FAST   
/VIEW,1,,,1 
/ANG,1  
/REP,FAST   
/DIST, 1 ,0.924021,1
/REP,FAST   
/DIST, 1 ,1.082226,1
/REP,FAST   
/DIST, 1 ,0.924021,1
/REP,FAST   
/AUTO,1 
/REP,FAST   
LLIST,ALL, , ,  
L,       1,       2 
LDELE,       1  
L,       1,       2 
L,       2,       3 
L,       1,       4 
L,       4,       5 
L,       1,       6 
L,       1,       7 
L,       7,       8 
L,       7,       9 
L,       9,      10 
/DIST, 1 ,1.082226,1
/REP,FAST   
/DIST, 1 ,1.082226,1
/REP,FAST   
/DIST, 1 ,1.082226,1
/REP,FAST   
/DIST, 1 ,1.082226,1
/REP,FAST   
/DIST, 1 ,0.924021,1
/REP,FAST   
/DIST, 1 ,0.924021,1
/REP,FAST   
/DIST, 1 ,0.924021,1
/REP,FAST   
/DIST, 1 ,0.924021,1
/REP,FAST   
/DIST, 1 ,1.082226,1
/REP,FAST   
/DIST, 1 ,1.082226,1
/REP,FAST   
/DIST, 1 ,1.082226,1
/REP,FAST   
/DIST, 1 ,0.924021,1
/REP,FAST   
/DIST, 1 ,0.924021,1
/REP,FAST   
LLIST,ALL, , ,  
/PNUM,KP,1  
/PNUM,LINE,1
/PNUM,AREA,0
/PNUM,VOLU,0
/PNUM,NODE,0
/PNUM,TABN,0
/PNUM,SVAL,0
/NUMBER,0   
!*  
/PNUM,ELEM,0
/REPLOT 
!*  
/PNUM,KP,1  
/PNUM,LINE,0
/PNUM,AREA,0
/PNUM,VOLU,0
/PNUM,NODE,0
/PNUM,TABN,0
/PNUM,SVAL,0
/NUMBER,0   
!*  
/PNUM,ELEM,0
/REPLOT 
!*  
/PNUM,KP,1  
/PNUM,LINE,0
/PNUM,AREA,0
/PNUM,VOLU,0
/PNUM,NODE,0
/PNUM,TABN,0
/PNUM,SVAL,0
/NUMBER,0   
!*  
/PNUM,ELEM,0
/REPLOT 
!*  
/DIST, 1 ,0.924021,1
/REP,FAST   
/DIST, 1 ,0.924021,1
/REP,FAST   
/DIST, 1 ,0.924021,1
/REP,FAST   
/DIST, 1 ,0.924021,1
/REP,FAST   
/DIST, 1 ,0.924021,1
/REP,FAST   
/DIST, 1 ,0.924021,1
/REP,FAST   
/DIST, 1 ,1.082226,1
/REP,FAST   
/DIST, 1 ,1.082226,1
/REP,FAST   
/DIST, 1 ,1.082226,1
/REP,FAST   
/DIST, 1 ,1.082226,1
/REP,FAST   
/DIST, 1 ,1.082226,1
/REP,FAST   
/DIST, 1 ,1.082226,1
/REP,FAST   
LPLOT   
/DIST, 1 ,1.082226,1
/REP,FAST   
/DIST, 1 ,0.924021,1
/REP,FAST   
/DIST, 1 ,0.924021,1
/REP,FAST   
/DIST, 1 ,1.082226,1
/REP,FAST   
KPLOT   
LPLOT   
SAVE
FINISH  
! /EXIT,ALL 
/BATCH  
/COM,ANSYS RELEASE 2022 R2           BUILD 22.2      UP20220516       10:05:23
/input,menust,tmp,''
/GRA,POWER
/GST,ON
/PLO,INFO,3
/GRO,CURL,ON
/CPLANE,1   
/REPLOT,RESIZE  
WPSTYLE,,,,,,,,0
/AUTO,1 
/REP,FAST   
/FILNAME,LabWork01frm,0 
FINISH  
! /EXIT,NOSAV   
/BATCH  
/COM,ANSYS RELEASE 2022 R2           BUILD 22.2      UP20220516       10:05:54
/input,menust,tmp,''
/COM,ANSYS RELEASE 2022 R2           BUILD 22.2      UP20220516       10:05:54
/GRA,POWER
/GST,ON
/PLO,INFO,3
/GRO,CURL,ON
/CPLANE,1   
/REPLOT,RESIZE  
WPSTYLE,,,,,,,,0
/AUTO,1 
/REP,FAST   
/DIST, 1 ,0.924021,1
/REP,FAST   
/DIST, 1 ,0.924021,1
/REP,FAST   
/DIST, 1 ,0.924021,1
/REP,FAST   
/DIST, 1 ,0.924021,1
/REP,FAST   
/DIST, 1 ,0.924021,1
/REP,FAST   
/DIST, 1 ,0.924021,1
/REP,FAST   
/DIST, 1 ,0.924021,1
/REP,FAST   
/DIST, 1 ,0.924021,1
/REP,FAST   
/DIST, 1 ,0.924021,1
/REP,FAST   
/DIST, 1 ,0.924021,1
/REP,FAST   
LPLOT   
/AUTO,1 
/REP,FAST   
KPLOT,,,,HPT
KPLOT   
/PNUM,KP,1  
/PNUM,LINE,1
/PNUM,AREA,0
/PNUM,VOLU,0
/PNUM,NODE,0
/PNUM,TABN,0
/PNUM,SVAL,0
/NUMBER,0   
!*  
/PNUM,ELEM,0
/REPLOT 
!*  
/PNUM,KP,1  
/PNUM,LINE,1
/PNUM,AREA,0
/PNUM,VOLU,0
/PNUM,NODE,0
/PNUM,TABN,0
/PNUM,SVAL,0
/NUMBER,0   
!*  
/PNUM,ELEM,0
/REPLOT 
!*  
/PREP7  
FINISH  
/SOL
FINISH  
/PREP7  
FLST,2,9,4,ORDE,2   
FITEM,2,1   
FITEM,2,-9  
LDELE,P51X  
KPLOT   
klist,all   
K,2,0.10,0,0,   
K,3,0.1,-0.1,0, 
K,4,-0.15,0,0,  
K,5,-0.15,-10.0,0,  
K,6,0,-15.0,0,  
K,7,0,0.35,0,   
K,8,-0.25,0.35,0,   
K,9,0,0.6,0,
K,10,0.25,0.6,0,
K,10,0.25,0.6,0,
/REPLOT,RESIZE  
KPLOT   
klist,all   
K,5,-0.15,-0.10,0,  
K,6,0,-0.15,0,  
klist,all   
LLIST,ALL, , ,  
/PNUM,KP,1  
/PNUM,LINE,1
/PNUM,AREA,0
/PNUM,VOLU,0
/PNUM,NODE,0
/PNUM,TABN,0
/PNUM,SVAL,0
/NUMBER,0   
!*  
/PNUM,ELEM,0
/REPLOT 
!*  
L,       1,       2 
L,       2,       3 
L,       1,       4 
L,       4,       5 
L,       1,       6 
L,       1,       7 
L,       7,       8 
L,       7,       9 
L,       9,      10 
SAVE
SAVE
SAVE
FINISH  
! /EXIT,ALL 
