/COM,ANSYS RELEASE 2022 R2           BUILD 22.2      UP20220516       10:14:29

 *** ERROR ***                           CP =       4.696   TIME= 10:23:48
 Line 1 contains keypoint 2.                                             

 *** ERROR ***                           CP =       5.647   TIME= 10:27:06
 Missing separator between two fields.                                   

 *** ERROR ***                           CP =       5.663   TIME= 10:27:09
 The above error occurred processing field= X = 0.1                      
  Line= FITEM,2,6.                                                       

 *** ERROR ***                           CP =       7.816   TIME= 10:35:32
 This function requires defined nodes.                                   
  No nodes are currently defined.                                        

 *** ERROR ***                           CP =       8.003   TIME= 10:35:58
 Keypoint 2 belongs to line 1 and cannot be moved.                       

 *** ERROR ***                           CP =       8.128   TIME= 10:36:21
 Keypoint 2 belongs to line 1 and cannot be moved.                       

 *** ERROR ***                           CP =       8.346   TIME= 10:36:36
 Keypoint 2 belongs to line 1 and cannot be moved.                       

 *** ERROR ***                           CP =       9.547   TIME= 10:38:21
 This function requires defined nodes.                                   
  No nodes are currently defined.                                        

 *** ERROR ***                           CP =       9.781   TIME= 10:38:56
 This function requires selected areas.                                  
  No areas are currently selected.                                       

 *** ERROR ***                           CP =       9.922   TIME= 10:39:19
 Line 1 contains keypoint 2.                                             

 *** ERROR ***                           CP =      10.312   TIME= 10:40:05
 Keypoint 6 belongs to 2 line(s) and cannot be altered.                  

 *** ERROR ***                           CP =      10.561   TIME= 10:40:26
 Keypoint 6 belongs to 2 line(s) and cannot be altered.                  

 *** ERROR ***                           CP =      11.544   TIME= 10:43:41
 Cannot create specified line between lines 5 and 1                      
  with angles 90 and 90.                                                 

 *** ERROR ***                           CP =      12.496   TIME= 10:45:32
 Cannot create specified line between lines 1 and 5                      
  with angles 90 and 0.                                                  

 *** ERROR ***                           CP =      13.135   TIME= 10:56:46
 This function requires selected areas.                                  
  No areas are currently selected.                                       

 *** ERROR ***                           CP =      14.040   TIME= 11:02:00
 Cannot create specified line between lines 1 and 5                      
  with angles 90 and 90.                                                 

 *** ERROR ***                           CP =      14.087   TIME= 11:02:06
 Cannot create specified line between lines 5 and 1                      
  with angles 90 and 90.                                                 

 *** ERROR ***                           CP =      14.399   TIME= 11:04:39
 Line 1 contains keypoint 2.                                             

 *** ERROR ***                           CP =      14.492   TIME= 11:04:52
 Cannot find line that would intersect line 4 at 180 degrees.            

 *** ERROR ***                           CP =      14.555   TIME= 11:04:56
 The line cannot be generated as required.                               

 *** ERROR ***                           CP =      14.602   TIME= 11:05:20
 Cannot create specified line between lines 4 and 5                      
  with angles 180 and 0.                                                 
