/BATCH  
/COM,ANSYS RELEASE 2022 R2           BUILD 22.2      UP20220516       22:52:05
/input,menust,tmp,''
/GRA,POWER
/GST,ON
/PLO,INFO,3
/GRO,CURL,ON
/CPLANE,1   
/REPLOT,RESIZE  
WPSTYLE,,,,,,,,0
/SOLU   
FINISH  
/PREP7  
/REPLOT,RESIZE  
K,1,-0.00221,-0.11,0,   
/UNITS, Si  
K,1,-0.00221,-0.11,0,   
K,1,-0.00221,-0.11,0,   
K,1,-0.00221,-0.11,0,   
K,1,-0.00221,-0.11,0,   
K,2,0.07979,-0.11,0,
K,3,-0.00221,0.11,0,
K,4,0.07979,0.11,0, 
K,5,-0.09731,-0.1005,0, 
K,5,0.00319,-0.1005,0,  
K,6,0.07979,-0.1005,0,  
K,7,0.00319,0.1005,0,   
K,8,0.07979,0.1005,0,   
K,9,0.04149,-0.1005,0,  
K,10,0.04149,0.1005,0,  
K,10,0.04149,0.1005,0,  
/REPLOT 
L,       1,       2 
L,       3,       4 
L,       5,       6 
L,       7,       8 
L,       1,       3 
L,       7,       5 
L,       6,       2 
L,       8,       4 
!*  
!*  
LANG,6,10,100, ,
!*  
!*  
LANG,8,10,100, ,
!*  
!*  
LANG,9,9,100, , 
!*  
!*  
LANG,9,9,80, ,  
!*  
!*  
LANG,7,9,80, ,  
!*  
!*  
LANG,7,9,100, , 
FLST,2,6,4,ORDE,5   
FITEM,2,3   
FITEM,2,-4  
FITEM,2,6   
FITEM,2,-8  
FITEM,2,13  
LDELE,P51X  
FLST,2,4,3,ORDE,2   
FITEM,2,5   
FITEM,2,-8  
KDELE,P51X  
LPLOT   
/PNUM,KP,1  
/PNUM,LINE,1
/PNUM,AREA,1
/PNUM,VOLU,0
/PNUM,NODE,0
/PNUM,TABN,0
/PNUM,SVAL,0
/NUMBER,0   
!*  
/PNUM,ELEM,0
/REPLOT 
!*  
/PNUM,KP,1  
/PNUM,LINE,1
/PNUM,AREA,1
/PNUM,VOLU,0
/PNUM,NODE,0
/PNUM,TABN,0
/PNUM,SVAL,0
/NUMBER,0   
!*  
/PNUM,ELEM,0
/REPLOT 
!*  
*AFUN,DEG   
!*  
LFILLT,10,9,0.01, , 
!*  
LFILLT,14,9,0.01, , 
!*  
LFILLT,16,15,0.004, ,   
!*  
LFILLT,15,16,0.0038, ,  
!*  
LFILLT,16,15,0.0035, ,  
!*  
LFILLT,15,16,0.0033, ,  
!*  
LFILLT,15,16,0.0032, ,  
!*  
LFILLT,12,11,0.0032, ,  
FLST,2,14,4 
FITEM,2,5   
FITEM,2,2   
FITEM,2,11  
FITEM,2,7   
FITEM,2,12  
FITEM,2,10  
FITEM,2,3   
FITEM,2,9   
FITEM,2,14  
FITEM,2,4   
FITEM,2,16  
FITEM,2,1   
FITEM,2,6   
FITEM,2,15  
AL,P51X 
GPLOT   
LSUM
ASUM, FINE  
SAVE
SAVE
FINISH  
! /EXIT,ALL 
/BATCH  
/COM,ANSYS RELEASE 2022 R2           BUILD 22.2      UP20220516       22:13:18
/input,menust,tmp,''
/COM,ANSYS RELEASE 2022 R2           BUILD 22.2      UP20220516       22:13:19
/GRA,POWER
/GST,ON
/PLO,INFO,3
/GRO,CURL,ON
/CPLANE,1   
/REPLOT,RESIZE  
WPSTYLE,,,,,,,,0
klist,all,,,coord   
LPLOT   
FINISH  
! /EXIT,NOSAV   
/BATCH  
/COM,ANSYS RELEASE 2022 R2           BUILD 22.2      UP20220516       22:38:05
/input,menust,tmp,''
/COM,ANSYS RELEASE 2022 R2           BUILD 22.2      UP20220516       22:42:17
/BATCH  
/COM,ANSYS RELEASE 2022 R2           BUILD 22.2      UP20220516       22:43:10
/input,menust,tmp,''
/COM,ANSYS RELEASE 2022 R2           BUILD 22.2      UP20220516       22:43:10
/GRA,POWER
/GST,ON
/PLO,INFO,3
/GRO,CURL,ON
/CPLANE,1   
/REPLOT,RESIZE  
WPSTYLE,,,,,,,,0
LLIST,ALL, , ,  
/PNUM,KP,1  
/PNUM,LINE,1
/PNUM,AREA,0
/PNUM,VOLU,0
/PNUM,NODE,0
/PNUM,TABN,0
/PNUM,SVAL,0
/NUMBER,0   
!*  
/PNUM,ELEM,0
/REPLOT 
!*  
KPLOT   
LPLOT   
/ZOOM,1,BACK
/ZOOM,1,BACK
/AUTO,1 
/REP,FAST   
/AUTO,1 
/REP,FAST   
FINISH  
! /EXIT,NOSAV   
