/BATCH  
/COM,ANSYS RELEASE 2022 R2           BUILD 22.2      UP20220516       17:38:48
/input,menust,tmp,''
/GRA,POWER
/GST,ON
/PLO,INFO,3
/GRO,CURL,ON
/CPLANE,1   
/REPLOT,RESIZE  
WPSTYLE,,,,,,,,0
/REPLOT,RESIZE  
/UNITS, SI  
*AFUN,DEG   
/PREP7  
CONE,0.025/2-0.001,0.025/2,0,0.001,0,360,   
/PNUM,KP,1  
/PNUM,LINE,1
/PNUM,AREA,1
/PNUM,VOLU,0
/PNUM,NODE,0
/PNUM,TABN,0
/PNUM,SVAL,0
/NUMBER,0   
!*  
/PNUM,ELEM,0
/REPLOT 
!*  
/FOC, 1 ,0.300000,,,1   
/REP,FAST   
/FOC, 1 ,0.300000,,,1   
/REP,FAST   
/FOC, 1 ,0.300000,,,1   
/REP,FAST   
/FOC, 1 ,-0.300000,,,1  
/REP,FAST   
/FOC, 1 ,-0.300000,,,1  
/REP,FAST   
/FOC, 1 ,-0.300000,,,1  
/REP,FAST   
/DIST, 1 ,1.371742,1
/REP,FAST   
/DIST, 1 ,0.729000,1
/REP,FAST   
/AUTO, 1
/REP
/AUTO, 1
/REP
/AUTO, 1
/REP
/ANG, 1 ,-30.000000,XS,1
/REP,FAST   
/ANG, 1 ,-30.000000,XS,1
/REP,FAST   
/ANG, 1 ,-30.000000,XS,1
/REP,FAST   
/ANG, 1 ,30.000000,XS,1 
/REP,FAST   
/ANG, 1 ,30.000000,XS,1 
/REP,FAST   
/ANG, 1 ,30.000000,YS,1 
/REP,FAST   
/ANG, 1 ,30.000000,YS,1 
/REP,FAST   
/ANG, 1 ,30.000000,YS,1 
/REP,FAST   
/ANG, 1 ,30.000000,ZS,1 
/REP,FAST   
/ANG, 1 ,-30.000000,ZS,1
/REP,FAST   
/ANG, 1 ,-30.000000,ZS,1
/REP,FAST   
/USER,  1   
/FOC,   1,   0.00000000000    ,  0.103125002235E-03,  0.116000001431E-02
/REPLO  
/FOC,   1,   0.00000000000    ,  0.165000003576E-03,  0.809375006710E-03
/REPLO  
/VIEW,  1, -0.612479513303    ,  0.397729928355    , -0.683139626924
/ANG,   1,  -3.99729736947  
/REPLO  
/VIEW,  1,  0.310313847051    ,  0.112325945458    , -0.943974680966
/ANG,   1,  -21.6299477935  
/REPLO  
/VIEW,  1,  0.847752349921    , -0.486328844136    , -0.211660597571
/ANG,   1,  -12.1654246089  
/REPLO  
/VIEW,  1, -0.872394530523    ,  0.108652810259    , -0.476573551445
/ANG,   1,  -20.1321900988  
/REPLO  
/VIEW,  1, -0.948685216682    ,  0.168773065365    ,  0.267417299471
/ANG,   1,  -15.1668077611  
/REPLO  
/VIEW,  1, -0.948685216682    ,  0.168773065365    ,  0.267417299471
/ANG,   1,  -15.1668077611  
/LIG,   1,1, 1.000,   0.00000000000    ,   0.00000000000    ,   0.00000000000    ,   0.00000000000  
/REPLO  
/AUTO,1 
/REP,FAST   
/USER,  1   
/VIEW,  1, -0.984106429984    ,  0.177401676068    ,  0.794857171816E-02
/ANG,   1,  -19.0331628494  
/REPLO  
/ZOOM,1,BACK
/ANG,1,30,XS,1  
/REP,FAST   
/ANG,1,30,XS,1  
/REP,FAST   
/ANG,1,30,XS,1  
/REP,FAST   
/ANG,1,30,XS,1  
/REP,FAST   
/ANG,1,30,XS,1  
/REP,FAST   
/ANG,1,-30,XS,1 
/REP,FAST   
/ANG,1,-30,XS,1 
/REP,FAST   
/ANG,1,30,YS,1  
/REP,FAST   
/ANG,1,30,YS,1  
/REP,FAST   
/ANG,1,30,YS,1  
/REP,FAST   
/ANG,1,30,YS,1  
/REP,FAST   
/ANG,1,30,YS,1  
/REP,FAST   
/ANG,1,30,YS,1  
/REP,FAST   
/ANG,1,-30,YS,1 
/REP,FAST   
/REPLO  
/VIEW,  1,  0.444321887424    ,  0.895672908241    , -0.186574864187E-01
/ANG,   1,  -179.239332889  
/REPLO  
/VIEW,  1,  0.204308751970    ,  0.527825202337    , -0.824414028051
/ANG,   1,  -119.763975587  
/REPLO  
/VIEW,  1, -0.236456181219    ,  0.932840068122    , -0.271841648150
/ANG,   1,  -78.1487560427  
/REPLO  
/VIEW,  1, -0.398131045824E-02,  0.948911078800    ,  0.315518483923
/ANG,   1,   51.6519902082  
/REPLO  
/VIEW,  1,  0.178730505310    , -0.505166062302E-01,  0.982600365849
/ANG,   1,   58.3827979227  
/REPLO  
/VIEW,  1, -0.265881051131    ,  0.956306229672    ,  0.121596306442
/ANG,   1,   2.02509023384  
/REPLO  
/VIEW,  1,  0.175096066278    ,  0.216799832330    ,  0.960384922974
/ANG,   1,   67.6782140338  
/REPLO  
/VIEW,  1, -0.159375837376    ,  0.901546774879    , -0.402259561932
/ANG,   1,  -91.3074632420  
/REPLO  
/VIEW,  1, -0.201968890041    ,  0.287303207682    , -0.936304135584
/ANG,   1,  -100.608508936  
/REPLO  
/VIEW,  1, -0.143679590336    , -0.743412998534    , -0.653217642851
/ANG,   1,  -101.157417995  
/REPLO  
/VIEW,  1, -0.120340774588E-01, -0.999907985184    , -0.626116160158E-02
/ANG,   1,  -151.354562148  
/REPLO  
/VIEW,  1,  0.876192976223E-01, -0.904072096307    , -0.418301928471
/ANG,   1,  -77.3607030669  
/REPLO  
/VIEW,  1,  0.213387148385    , -0.558310146535    ,  0.801720465736
/ANG,   1,   68.8954653182  
/REPLO  
/VIEW,  1,  0.114838186711    ,  0.531225970539E-01,  0.991962791921
/ANG,   1,   71.6661001653  
/REPLO  
/VIEW,  1,  0.630312060254    , -0.655967480394    ,  0.415226891426
/ANG,   1,   56.2627174587  
/REPLO  
/VIEW,  1,  0.691605986546    , -0.722269421084    , -0.283597251545E-02
/ANG,   1,   33.5682494668  
/REPLO  
/VIEW,  1,  0.550687462568    , -0.812291706260    , -0.192160096046
/ANG,   1,   18.9518946240  
/REPLO  
/VIEW,  1,  0.396148646977    , -0.912761264390    , -0.996650577109E-01
/ANG,   1,   23.4677133407  
/REPLO  
/VIEW,  1,  0.196093165224    , -0.977950711305    ,  0.718322825171E-01
/ANG,   1,   56.8138939681  
/REPLO  
/VIEW,  1, -0.467031178836    , -0.883697144837    ,  0.310037772347E-01
/ANG,   1,  -149.928750018  
/REPLO  
/VIEW,  1, -0.715610603201    , -0.666204912254    ,  0.209934464715
/ANG,   1,  -160.093783531  
/REPLO  
/VIEW,  1, -0.910082896379    , -0.328367594952    ,  0.252831652102
/ANG,   1,  -159.927560159  
/REPLO  
/VIEW,  1, -0.267164906427    , -0.484952293422    ,  0.832732961927
/ANG,   1,   176.524676578  
/REPLO  
KPLOT   
/VIEW,  1,  0.966010627945    , -0.184776632848    ,  0.180779043724
/ANG,   1,   136.438519107  
/REPLO  
/VIEW,  1,  0.591911616113    , -0.544664713066    ,  0.594122032121
/ANG,   1,   149.498788987  
/REPLO  
/VIEW,  1, -0.120576762311    , -0.521510364017    ,  0.844682298035
/ANG,   1,   178.791338086  
/REPLO  
/VIEW,  1,  0.343317507759    , -0.521057241564    ,  0.781429740847
/ANG,   1,   161.940675849  
/REPLO  
/VIEW,  1,  0.673696344044    , -0.464246702018    ,  0.574985422152
/ANG,   1,   148.819408011  
/REPLO  
/PNUM,KP,1  
/PNUM,LINE,1
/PNUM,AREA,1
/PNUM,VOLU,0
/PNUM,NODE,0
/PNUM,TABN,0
/PNUM,SVAL,0
/NUMBER,0   
!*  
/PNUM,ELEM,0
/REPLOT 
!*  
/REPLOT 
LPLOT   
APLOT   
/REPLOT,RESIZE  
/VIEW,  1,  0.977545311789    , -0.190109536752    , -0.909039462072E-01
/ANG,   1,   133.246520169  
/REPLO  
/VIEW,  1,  0.639718783216    , -0.516485827897    ,  0.569211971046
/ANG,   1,   150.538522706  
/REPLO  
/VIEW,  1,  0.930910488948    ,  0.232701453445    , -0.281523880214
/ANG,   1,   142.649298009  
/REPLO  
/VIEW,  1, -0.770991784511    ,  0.462353944663    , -0.437950337448
/ANG,   1,  -146.596811879  
/REPLO  
/VIEW,  1, -0.940376668464    , -0.277311909451    , -0.196951329736
/ANG,   1,  -147.326156238  
/REPLO  
/VIEW,  1, -0.284204980601    , -0.569816105979E-01, -0.957068767151
/ANG,   1,  -134.041694022  
/REPLO  
/VIEW,  1, -0.196628207851    , -0.604153166324    , -0.772228139540
/ANG,   1,  -134.214498415  
/REPLO  
/VIEW,  1,  0.334651732583    ,  0.564834842634    , -0.754300880569
/ANG,   1,  -135.991814451  
/REPLO  
/VIEW,  1,  0.392137049861    , -0.252555222073E-01, -0.919560053898
/ANG,   1,  -136.090123708  
/REPLO  
/VIEW,  1, -0.441345348976    , -0.650666213674    , -0.617938315141
/ANG,   1,  -162.684022569  
/REPLO  
FLST,2,4,3,ORDE,2   
FITEM,2,1   
FITEM,2,-4  
KWPAVE,P51X 
SAVE
CYLIND,0,0.025/2,0,0.025-0.001,0,360,   
/ZOOM,1,RECT,1.27562,0.0744864 ,1.05964188503 ,0.0513516919996  
/VIEW,  1, -0.769441255137    , -0.636478493138    , -0.534348450611E-01
/ANG,   1,   163.373090656  
/REPLO  
/AUTO,1 
/REP,FAST   
/USER,  1   
/FOC,   1,  0.138400354747E-03, -0.210681982371E-03,  0.125165844117E-01
/REPLO  
/VIEW,  1,  0.246754236344    ,  0.310471590795    ,  0.917997678731
/ANG,   1,   131.707216614  
/REPLO  
/VIEW,  1,  0.669947350512    ,  0.739144569257    , -0.695402996782E-01
/ANG,   1,  -179.899517863  
/REPLO  
/VIEW,  1,  0.621113484547    ,  0.582049476555    , -0.524820394188
/ANG,   1,  -156.976217420  
/REPLO  
/VIEW,  1,  0.940720453513    ,  0.330480886910    ,  0.763374857455E-01
/ANG,   1,   179.269280465  
/REPLO  
/VIEW,  1,  0.891621959475    ,  0.286916556383    , -0.350270140113
/ANG,   1,  -172.860358345  
/REPLO  
/VIEW,  1,  0.376519529914    ,  0.722446987943E-01, -0.923587433376
/ANG,   1,  -163.903961757  
/REPLO  
/VIEW,  1, -0.851064117388    , -0.371989617318    , -0.370558487560
/ANG,   1,   177.647580216  
/REPLO  
/VIEW,  1, -0.676971937565    , -0.724058926992    ,  0.132089613493
/ANG,   1,   157.334869961  
/REPLO  
/VIEW,  1,  0.733954633549E-01, -0.988685333212    ,  0.130822084717
/ANG,   1,   51.6133458424  
/REPLO  
/VIEW,  1,  0.537287608307    , -0.839968942351    ,  0.759881691184E-01
/ANG,   1,   1.15911047588  
/REPLO  
/VIEW,  1, -0.322287908534    ,  0.264429122318    ,  0.908959703883
/ANG,   1,   47.4428966755  
/REPLO  
/VIEW,  1, -0.596103289802    ,  0.744055633349    , -0.301731805366
/ANG,   1,  -18.3392666678  
/REPLO  
/VIEW,  1,  0.204120078113    , -0.190669440381    , -0.960197978656
/ANG,   1,  -49.7566046555  
/REPLO  
/VIEW,  1,  0.617227146259    , -0.728307537317    ,  0.297655473675
/ANG,   1,   17.4707289056  
/REPLO  
/VIEW,  1, -0.170277792781    ,  0.166424139281    ,  0.971240690638
/ANG,   1,   48.6121042954  
/REPLO  
RESUME  
/COM,ANSYS RELEASE 2022 R2           BUILD 22.2      UP20220516       17:52:55
/REPLOT,RESIZE  
/VIEW,  1,  0.287077063045    ,  0.447524192512E-01, -0.956861526473
/ANG,   1,  -142.716428860  
/REPLO  
/VIEW,  1, -0.162531322433    ,  0.331917546720    , -0.929200899379
/ANG,   1,  -138.930167750  
/REPLO  
/VIEW,  1, -0.800312365139    , -0.334891881796    , -0.497340472627
/ANG,   1,  -141.221739697  
/REPLO  
/VIEW,  1, -0.569957040802    , -0.750430929431    , -0.334667584019
/ANG,   1,  -144.377165347  
/REPLO  
/VIEW,  1, -0.226252465073    , -0.303847225991    , -0.925465658631
/ANG,   1,  -117.502434653  
/REPLO  
/VIEW,  1,  0.606914303139E-01, -0.801696931990    , -0.594641555498
/ANG,   1,  -100.017259843  
/REPLO  
/VIEW,  1,  0.155682551294E-01,  0.711107058629    , -0.702911360415
/ANG,   1,  -103.995952675  
/REPLO  
/VIEW,  1,  0.344692418200    ,  0.451370964973    , -0.823074351936
/ANG,   1,  -118.124880004  
/REPLO  
/VIEW,  1,  0.273762236695    , -0.890083484056E-02, -0.961756212820
/ANG,   1,  -117.864909157  
/REPLO  
/VIEW,1,,,1 
/ANG,1  
/REP,FAST   
/DIST, 1 ,0.924021,1
/REP,FAST   
/DIST, 1 ,0.924021,1
/REP,FAST   
/DIST, 1 ,0.924021,1
/REP,FAST   
/DIST, 1 ,1.082226,1
/REP,FAST   
/DIST, 1 ,1.082226,1
/REP,FAST   
/DIST, 1 ,1.082226,1
/REP,FAST   
/ZOOM,1,RECT,0.67011,-0.0373314 ,0.434848507245 ,-0.0604660668775   
/DIST, 1 ,1.082226,1
/REP,FAST   
/DIST, 1 ,1.082226,1
/REP,FAST   
/DIST, 1 ,1.082226,1
/REP,FAST   
/DIST, 1 ,1.082226,1
/REP,FAST   
/DIST, 1 ,1.082226,1
/REP,FAST   
/DIST, 1 ,1.082226,1
/REP,FAST   
/ZOOM,1,RECT,-0.105096,0.101477 ,0.508126742912 ,-0.326515217309
/REPLO  
/LIG,   1,1, 1.000,   0.00000000000    ,   0.00000000000    ,   0.00000000000    ,   0.00000000000  
/REPLO  
/AUTO,1 
/REP,FAST   
/USER,  1   
/VIEW,  1,  0.999631693476    ,  0.218247847520E-01, -0.161293573324E-01
/ANG,   1,   2.03907200081  
/REPLO  
/VIEW,  1,  0.361281853481E-01,  0.399704661241E-01,  0.998547503157
/ANG,   1,  -2.68927028513  
/REPLO  
CYLIND,0,0.025/2,0,0.025-0.001,0,360,   
/VIEW,  1,  0.785052996575    ,  0.748375511864E-01,  0.614891155816
/ANG,   1,   1.05444600618  
/REPLO  
/VIEW,  1,  0.995277947419    ,  0.826145403023E-01, -0.509572871427E-01
/ANG,   1,   4.43929928782  
/REPLO  
/VIEW,  1,  0.778582151423    ,  0.260139157686E-01, -0.627003277241
/ANG,   1,   6.52180434150  
/REPLO  
/VIEW,  1,  0.985548117962    ,  0.142816752767    , -0.910949082544E-01
/ANG,   1,   3.49642118918  
/REPLO  
/VIEW,  1,  0.741383563534    ,  0.437585294602E-01,  0.669653345262
/ANG,   1,  -1.85076691931  
/REPLO  
/VIEW,  1, -0.259863213266    , -0.136030788413E-02,  0.965644479067
/ANG,   1,  -3.86339934316  
/REPLO  
/VIEW,  1,  0.975369885162    ,  0.265994550289E-01,  0.218965878873
/ANG,   1, -0.339081113245  
/REPLO  
/VIEW,  1,  0.587739665540    ,  0.315455783234E-01, -0.808434884230
/ANG,   1,   1.36803681066  
/REPLO  
/VIEW,  1,  0.738888931712    ,  0.558413478158    , -0.377117400824
/ANG,   1,  -8.83989794957  
/REPLO  
/VIEW,  1,  0.668162382903    ,  0.696226321300    , -0.262350794935
/ANG,   1,  -12.4766386731  
/REPLO  
/VIEW,  1,  0.649698285665    ,  0.759226986554    ,  0.382951758377E-01
/ANG,   1,  -31.1519107254  
/REPLO  
/VIEW,  1,  0.505633573894    ,  0.618754358752    , -0.601230182606
/ANG,   1,   6.64340889023  
/REPLO  
/VIEW,  1,  0.898103204751    ,  0.437932626790    ,  0.403193255072E-01
/ANG,   1,  -23.9863421197  
/REPLO  
RESUME  
/COM,ANSYS RELEASE 2022 R2           BUILD 22.2      UP20220516       17:54:57
/VIEW,  1, -0.601945815772    , -0.794460724393    , -0.805815876771E-01
/ANG,   1,   163.336140041  
/REPLO  
/ZOOM,1,RECT,0.542837,0.240285 ,1.12134987296 ,0.0821979703106  
/AUTO,1 
/REP,FAST   
/USER,  1   
/VIEW,  1,  0.325082914383    , -0.929811503904E-01,  0.941103397320
/ANG,   1,   107.727856075  
/REPLO  
/VIEW,  1,  0.521539301817    ,  0.822463631240    ,  0.227046981807
/ANG,   1,   133.216492025  
/REPLO  
/VIEW,  1,  0.412463935184    ,  0.853806503233    , -0.317628646708
/ANG,   1,  -173.548091353  
/REPLO  
/VIEW,  1,  0.799157901917    ,  0.593874174232    , -0.930597280486E-01
/ANG,   1,   161.199785035  
/REPLO  
/VIEW,  1,  0.964286643640    ,  0.220039602561    , -0.147424021793
/ANG,   1,   162.069976552  
/REPLO  
/VIEW,  1,  0.997227230537    , -0.732560860307E-01, -0.130918499663E-01
/ANG,   1,   160.893553189  
/REPLO  
/VIEW,  1,  0.981454202529    ,  0.181145361361    , -0.627216581043E-01
/ANG,   1,   161.226026981  
/REPLO  
/VIEW,  1,  0.748486806340    ,  0.361705480910    , -0.555820695742
/ANG,   1,   170.598339896  
/REPLO  
/VIEW,  1,  0.915741987166E-01,  0.892766692002E-01, -0.991788204440
/ANG,   1,  -177.542026221  
/REPLO  
FLST,2,4,3,ORDE,2   
FITEM,2,5   
FITEM,2,-8  
KWPAVE,P51X 
/VIEW,  1, -0.866009065336    , -0.822464400578E-01, -0.493217823942
/ANG,   1,  -177.250187129  
/REPLO  
/VIEW,  1, -0.889846302020    , -0.283086746262    ,  0.357820419866
/ANG,   1,   171.591205331  
/REPLO  
/VIEW,  1, -0.310566817318    , -0.209072817041    ,  0.927273858769
/ANG,   1,   158.612477552  
/REPLO  
CYLIND,0,0.025/2,0,0.025-0.001,0,360,   
/VIEW,  1, -0.857293281314    , -0.476980159245    , -0.193747664505
/ANG,   1,  -167.118497123  
/REPLO  
/VIEW,  1, -0.338754312998E-01, -0.104595942511    , -0.993937696219
/ANG,   1,  -141.404925053  
/REPLO  
/VIEW,  1,  0.811232657615    ,  0.575757096442    , -0.102006573887
/ANG,   1,  -169.714886674  
/REPLO  
/VIEW,  1,  0.823596600963    ,  0.567088919319    ,  0.993964123855E-02
/ANG,   1,  -174.267416543  
/REPLO  
SAVE
/AUTO,1 
/REP,FAST   
/USER,  1   
/VIEW,  1,  0.611503077729    ,  0.424235047561    ,  0.667898652753
/ANG,   1,   162.170874999  
/REPLO  
/VIEW,  1, -0.151432837220    , -0.179619819108    ,  0.972010707963
/ANG,   1,   156.133803454  
/REPLO  
/VIEW,  1,  0.122614657524    , -0.137888029753    ,  0.982828844210
/ANG,   1,   153.666637954  
/REPLO  
/VIEW,  1,  0.203080449008    ,  0.722346447027E-01,  0.976493977112
/ANG,   1,   152.680075603  
/REPLO  
FLST,2,4,3,ORDE,2   
FITEM,2,13  
FITEM,2,-16 
KWPAVE,P51X 
/VIEW,  1, -0.514023825576    , -0.348067842194    ,  0.783982323761
/ANG,   1,   159.768938658  
/REPLO  
/VIEW,  1, -0.654843879792    , -0.543041363192    ,  0.525628738714
/ANG,   1,   168.287175904  
/REPLO  
/VIEW,  1,  0.910469658964E-01, -0.333590649155    ,  0.938311104484
/ANG,   1,   141.256730168  
/REPLO  
/VIEW,  1,  0.720850087519    ,  0.235584846441    ,  0.651824310264
/ANG,   1,   137.668412863  
/REPLO  
/VIEW,  1,  0.366849934332    , -0.128243519086    ,  0.921398244785
/ANG,   1,   136.806666250  
/REPLO  
/VIEW,  1,  0.134125590714E-01, -0.512146795167    ,  0.858793201801
/ANG,   1,   144.590050665  
/REPLO  
/VIEW,  1,  0.470001358381    , -0.863027851502E-01,  0.878436424789
/ANG,   1,   135.705179203  
/REPLO  
/VIEW,  1,  0.635974568693    ,  0.451194033411    ,  0.626067322411
/ANG,   1,   137.638170590  
/REPLO  
CYLIND,0,0.018/2,0,0.033,0,360, 
/DIST, 1 ,1.082226,1
/REP,FAST   
/DIST, 1 ,1.082226,1
/REP,FAST   
/DIST, 1 ,1.082226,1
/REP,FAST   
/DIST, 1 ,1.082226,1
/REP,FAST   
/DIST, 1 ,1.082226,1
/REP,FAST   
/DIST, 1 ,1.082226,1
/REP,FAST   
/DIST, 1 ,1.082226,1
/REP,FAST   
/DIST, 1 ,1.082226,1
/REP,FAST   
/DIST, 1 ,1.082226,1
/REP,FAST   
/DIST, 1 ,1.082226,1
/REP,FAST   
/DIST, 1 ,1.082226,1
/REP,FAST   
/DIST, 1 ,1.082226,1
/REP,FAST   
/AUTO,1 
/REP,FAST   
/DIST, 1 ,1.082226,1
/REP,FAST   
/DIST, 1 ,1.082226,1
/REP,FAST   
SAVE
FLST,2,4,3,ORDE,2   
FITEM,2,21  
FITEM,2,-24 
KWPAVE,P51X 
CYLIND,0,0.050/2,0,0.010,0,360, 
/USER,  1   
/VIEW,  1,  0.689079987838    ,  0.688532480503    , -0.226034939013
/ANG,   1,   175.651365934  
/REPLO  
/VIEW,  1,  0.741161427080    ,  0.635724330414    , -0.215718137226
/ANG,   1,   174.211217385  
/REPLO  
/VIEW,  1,  0.812009762276    ,  0.573271051543    ,  0.109546553717
/ANG,   1,   159.600594907  
/REPLO  
/VIEW,  1,  0.801651831289    ,  0.475349706565    ,  0.362487238203
/ANG,   1,   150.798076809  
/REPLO  
/VIEW,  1,  0.294753477958    ,  0.904023078168    ,  0.309616959114
/ANG,   1,   90.4016444300  
/REPLO  
/VIEW,  1,  0.863705661301    , -0.170364945249    ,  0.474329332919
/ANG,   1,   84.5709215941  
/REPLO  
/VIEW,  1,  0.498851706006E-01, -0.996635269297    , -0.650354499314E-01
/ANG,   1,   15.6670123887  
/REPLO  
/VIEW,  1, -0.857750747507    , -0.511734201693    , -0.489056435219E-01
/ANG,   1,  -111.479935505  
/REPLO  
/VIEW,  1,  0.440690675000    ,  0.775966104180    , -0.451296281983
/ANG,   1,   151.437481507  
/REPLO  
/VIEW,  1,  0.421000130685    ,  0.761104260513    ,  0.493436109939
/ANG,   1,   120.503364976  
/REPLO  
/VIEW,  1,  0.246761637262    ,  0.561656700411    ,  0.789715420427
/ANG,   1,   105.769766698  
/REPLO  
/DIST, 1 ,1.082226,1
/REP,FAST   
/DIST, 1 ,1.082226,1
/REP,FAST   
/DIST, 1 ,1.082226,1
/REP,FAST   
/DIST, 1 ,1.082226,1
/REP,FAST   
/AUTO,1 
/REP,FAST   
SAVE
FLST,2,4,3,ORDE,2   
FITEM,2,29  
FITEM,2,-32 
KWPAVE,P51X 
RPRISM,0,0.006,6, , ,0.032/2,   
SAVE,'latest_good','db','B:\KPI\term6\AnsysWork\lab4\'  
FLST,2,6,3,ORDE,2   
FITEM,2,33  
FITEM,2,-38 
KWPAVE,P51X 
/USER,  1   
/FOC,   1, -0.430398007703E-03, -0.348992908303E-02,  0.396165726502E-01
/REPLO  
/VIEW,  1,  0.793775695840E-01, -0.196971160178    ,  0.977190648495
/ANG,   1,   103.617121091  
/REPLO  
/VIEW,  1, -0.372459082266E-01, -0.726255151110    ,  0.686415470256
/ANG,   1,   108.118292017  
/REPLO  
/VIEW,  1, -0.514046376099E-01, -0.898771818955    ,  0.435392674128
/ANG,   1,   111.166285346  
/REPLO  
/VIEW,  1,  0.998000631150E-01,  0.306184773968    ,  0.946726376305
/ANG,   1,   101.269313118  
/REPLO  
/VIEW,  1,  0.400200118610    ,  0.826044252978    ,  0.396851051638
/ANG,   1,   124.586126101  
/REPLO  
CYLIND,0,0.038/2,0,0.025,0,360, 
/DIST, 1 ,1.082226,1
/REP,FAST   
/DIST, 1 ,1.082226,1
/REP,FAST   
SAVE
RESUME,'latest_good','db','B:\KPI\term6\AnsysWork\lab4\',0,0
/COM,ANSYS RELEASE 2022 R2           BUILD 22.2      UP20220516       18:10:17
FLST,2,6,3,ORDE,2   
FITEM,2,33  
FITEM,2,-38 
KWPAVE,P51X 
CYLIND,0,0.038/2,0,0.025-0.001,0,360,   
FLST,2,4,3,ORDE,2   
FITEM,2,49  
FITEM,2,-52 
KWPAVE,P51X 
/USER,  1   
/VIEW,  1,  0.102288538185    , -0.568936038191    ,  0.815995612368
/ANG,   1,   106.071402843  
/REPLO  
/VIEW,  1,  0.521544623437    ,  0.736677964435    ,  0.430461127721
/ANG,   1,   108.033332749  
/REPLO  
/VIEW,  1,  0.947069796535E-01,  0.975041119690    , -0.200811859505
/ANG,   1,  -154.431712418  
/REPLO  
/VIEW,  1, -0.199034730502    ,  0.755976571573    ,  0.623606125119
/ANG,   1,   36.4762799743  
/REPLO  
/VIEW,  1, -0.811672167626    ,  0.578667937783    ,  0.795720433466E-01
/ANG,   1,  -18.9228042418  
/REPLO  
/VIEW,  1, -0.275335495418    ,  0.379222138574    ,  0.883391722045
/ANG,   1,   17.3660302856  
/REPLO  
CONE,0.038/2-0.001,0.038/2,0,0.001,0,360,   
/VIEW,  1, -0.848897997810    ,  0.444832944346    , -0.285474764101
/ANG,   1,  -27.1907722126  
/REPLO  
/VIEW,  1, -0.815220147339    ,  0.572555988202    ,  0.871536100580E-01
/ANG,   1,  -14.3648195423  
/REPLO  
/VIEW,  1,  0.316000734626    , -0.138545617563    ,  0.938588646623
/ANG,   1,   30.9906309965  
/REPLO  
/VIEW,  1,  0.905929592058    , -0.419907101099    ,  0.544940426133E-01
/ANG,   1,   11.6002796342  
/REPLO  
RESUME,'latest_good','db','B:\KPI\term6\AnsysWork\lab4\',0,0
/COM,ANSYS RELEASE 2022 R2           BUILD 22.2      UP20220516       18:12:30
FLST,2,6,3,ORDE,2   
FITEM,2,33  
FITEM,2,-38 
KWPAVE,P51X 
CYLIND,0,0.038/2,0,0.025-0.001,0,360,   
SAVE
FLST,2,4,3,ORDE,2   
FITEM,2,49  
FITEM,2,-52 
KWPAVE,P51X 
CONE,0.038/2,0.038/2-0.001,0,0.001,0,360,   
/USER,  1   
/VIEW,  1,  0.338356347452    ,  0.923293594544    ,  0.181779868010
/ANG,   1,   142.709096123  
/REPLO  
/VIEW,  1,  0.297788170397    ,  0.937301424384    , -0.181075247949
/ANG,   1,  -161.298153591  
/REPLO  
/VIEW,  1,  0.327947890872    ,  0.944641495284    ,  0.101304619968E-01
/ANG,   1,   167.443046751  
/REPLO  
/VIEW,  1,  0.490014333348    ,  0.871702918479    , -0.446934306505E-02
/ANG,   1,   168.775303923  
/REPLO  
SAVE
FLST,2,7,6,ORDE,2   
FITEM,2,1   
FITEM,2,-7  
VADD,P51X   
/VIEW,  1,  0.513956363044    ,  0.662822772597    , -0.544531752071
/ANG,   1,  -154.347070141  
/REPLO  
/VIEW,  1,  0.395525780980    ,  0.445873947740    , -0.802966860653
/ANG,   1,  -144.992752576  
/REPLO  
/VIEW,  1,  0.723121424625    ,  0.660415025904    , -0.202354636243
/ANG,   1,  -173.427714027  
/REPLO  
/VIEW,  1,  0.475058843832    ,  0.517480761940    ,  0.711711146406
/ANG,   1,   140.301846913  
/REPLO  
/VIEW,  1,  0.554888798941E-02, -0.347881192460E-01,  0.999379305670
/ANG,   1,   131.413587064  
/REPLO  
/VIEW,  1, -0.566663301831    , -0.662834988931    ,  0.489430771209
/ANG,   1,   151.994888406  
/REPLO  
/VIEW,  1, -0.512213690382    , -0.812184181895    ,  0.279274041157
/ANG,   1,   160.946850048  
/REPLO  
/VIEW,  1, -0.552724174623    , -0.816787811668    , -0.165389411684
/ANG,   1,  -161.498212515  
/REPLO  
/VIEW,  1, -0.295904846107    , -0.321605765366    , -0.899449861712
/ANG,   1,  -124.983286489  
/REPLO  
/VIEW,  1,  0.452491038085    ,  0.753867434411    , -0.476377740651
/ANG,   1,  -144.256066971  
/REPLO  
/VIEW,  1,  0.599916519083    ,  0.664102656876    ,  0.446170181951
/ANG,   1,   151.745466472  
/REPLO  
/VIEW,  1,  0.219571130700    ,  0.107141879316    ,  0.969695383231
/ANG,   1,   132.980115144  
/REPLO  
/VIEW,  1, -0.437652128326    , -0.683856697589    ,  0.583781321844
/ANG,   1,   151.144584713  
/REPLO  
/VIEW,  1, -0.484925960871    , -0.404389566531    , -0.775445607992
/ANG,   1,  -132.063971144  
/REPLO  
/VIEW,  1,  0.409428306296    ,  0.631169889703    , -0.658781475404
/ANG,   1,  -144.457989996  
/REPLO  
/VIEW,  1,  0.717511619337    ,  0.524464353259    ,  0.458382174912
/ANG,   1,   154.284334895  
/REPLO  
/VIEW,  1,  0.145804740808    , -0.260124823860    ,  0.954503040105
/ANG,   1,   145.358965632  
/REPLO  
RESUME,'LabWork4frm','db','B:\KPI\term6\AnsysWork\lab4\',0,0
/COM,ANSYS RELEASE 2022 R2           BUILD 22.2      UP20220516       18:16:41
SAVE,'latest_good2','db','B:\KPI\term6\AnsysWork\lab4\' 
FLST,2,7,6,ORDE,2   
FITEM,2,1   
FITEM,2,-7  
VADD,P51X   
/VIEW,  1,  0.525483041354    ,  0.720705529484    ,  0.452162706357
/ANG,   1,   134.827581056  
/REPLO  
/VIEW,  1,  0.482140119366    ,  0.547837608585    ,  0.683677453130
/ANG,   1,   125.745271231  
/REPLO  
/VIEW,  1,  0.556413082977    ,  0.678900655078    ,  0.479059893569
/ANG,   1,   134.326606120  
/REPLO  
SAVE
/VIEW,  1,  0.389333656876    ,  0.212305296522    ,  0.896295578865
/ANG,   1,   121.904416899  
/REPLO  
/VIEW,  1,  0.806475571793    ,  0.300583297026    ,  0.509162875365
/ANG,   1,   129.278938205  
/REPLO  
/VIEW,  1,  0.547101607439E-01, -0.812702190726E-01,  0.995189403985
/ANG,   1,   122.362942109  
/REPLO  
/VIEW,  1,  0.438436433844    ,  0.287979985150    ,  0.851375957865
/ANG,   1,   125.004680622  
/REPLO  
FLST,2,4,3,ORDE,2   
FITEM,2,57  
FITEM,2,-60 
KWPAVE,P51X 
/VIEW,  1, -0.214875145260    , -0.443600848020    ,  0.870084455433
/ANG,   1,   129.989812528  
/REPLO  
/VIEW,  1, -0.433238922017    , -0.783562225342    ,  0.445347364948
/ANG,   1,   150.108598611  
/REPLO  
/VIEW,  1, -0.495889821877    , -0.865448914197    , -0.713544776004E-01
/ANG,   1,  -163.994173827  
/REPLO  
/VIEW,  1, -0.465301388997    , -0.881338048560    ,  0.820844781756E-01
/ANG,   1,  -179.966744560  
/REPLO  
/VIEW,  1, -0.837253167647E-01, -0.407085070338    ,  0.909544840478
/ANG,   1,   122.050840547  
/REPLO  
/VIEW,  1,  0.118610666074    , -0.890944461034E-01,  0.988935634694
/ANG,   1,   118.843862424  
/REPLO  
/ZOOM,1,RECT,0.307576,-0.426766 ,0.326859528368 ,-0.326515217309
/AUTO,1 
/REP,FAST   
/VIEW,1,,,1 
/ANG,1  
/REP,FAST   
/DIST, 1 ,0.924021,1
/REP,FAST   
FLST,2,4,3,ORDE,2   
FITEM,2,57  
FITEM,2,-60 
KWPAVE,P51X 
/USER,  1   
/VIEW,  1, -0.565393196812    ,  0.894416628177E-01,  0.819957756199
/ANG,   1,  -1.42451836047  
/REPLO  
/DIST, 1 ,1.082226,1
/REP,FAST   
/DIST, 1 ,1.082226,1
/REP,FAST   
/DIST, 1 ,1.082226,1
/REP,FAST   
/DIST, 1 ,1.082226,1
/REP,FAST   
/DIST, 1 ,1.082226,1
/REP,FAST   
/DIST, 1 ,1.082226,1
/REP,FAST   
/DIST, 1 ,1.082226,1
/REP,FAST   
/VIEW,  1,  0.223603735457    ,  0.666562780926E-01,  0.972398226078
/ANG,   1,   3.02270876504  
/REPLO  
/VIEW,  1, -0.962483855582    ,  0.147970823850    ,  0.227441119926
/ANG,   1,  -12.6329046237  
/REPLO  
/FOC,   1,  0.277943295617E-02,  0.994533546651E-03,  0.606149531824E-01
/REPLO  
/FOC,   1,  0.565474776968E-02,  0.100987255193E-02,  0.727727123570E-01
/REPLO  
/VIEW,  1, -0.401973212106    ,  0.188633501521    ,  0.896010568494
/ANG,   1,  -2.22642587384  
/REPLO  
BLC5,0,0,0.012,0.012,0.012  
/VIEW,  1, -0.944057074040    ,  0.214081813339    ,  0.250848994723
/ANG,   1,  -13.2813176019  
/REPLO  
/VIEW,  1, -0.951071871987    ,  0.640665428320E-01, -0.302254482853
/ANG,   1,  -18.1286175252  
/REPLO  
/VIEW,  1, -0.948002551830    ,  0.170897933459    ,  0.268486606859
/ANG,   1,  -13.4960713781  
/REPLO  
RESUME  
/COM,ANSYS RELEASE 2022 R2           BUILD 22.2      UP20220516       18:20:56
FLST,2,4,3,ORDE,2   
FITEM,2,57  
FITEM,2,-60 
KWPAVE,P51X 
/VIEW,  1,  0.925171940508    ,  0.353858642433    ,  0.137262309729
/ANG,   1,   170.198769990  
/REPLO  
/VIEW,  1,  0.960435931038    ,  0.142764976346    ,  0.239125456403
/ANG,   1,   162.558734616  
/REPLO  
BLC5,0,0,0.012,0.012,-0.012 
/VIEW,  1,  0.540336705404    , -0.319695195351E-01,  0.840841361146
/ANG,   1,   160.875889354  
/REPLO  
/VIEW,  1,  0.940540134635    ,  0.150528399982    ,  0.304508548221
/ANG,   1,   162.773058513  
/REPLO  
/VIEW,  1,  0.968689288153    ,  0.224951716699    , -0.105060878407
/ANG,   1,   166.770890020  
/REPLO  
/VIEW,  1,  0.322288532548    , -0.342023400979    ,  0.882694791517
/ANG,   1,  -169.911040201  
/REPLO  
/VIEW,  1, -0.844014527124    ,  0.330952340754    ,  0.422030835548
/ANG,   1,  -169.381673298  
/REPLO  
/VIEW,  1, -0.988444582975    ,  0.151580716584    ,  0.769900789538E-03
/ANG,   1,  -176.799975482  
/REPLO  
/VIEW,  1,  0.328966855392    , -0.931094215816E-01,  0.939740093678
/ANG,   1,  -175.170033566  
/REPLO  
/VIEW,  1,  0.981973126642    , -0.154607742498    , -0.108743848158
/ANG,   1,   170.445077042  
/REPLO  
/VIEW,  1,  0.900563052970    , -0.187919800449    ,  0.392010632796
/ANG,   1,   174.992179403  
/REPLO  
SAVE
VSBV,       1,       8  
/VIEW,  1, -0.389350522037    ,  0.547246369060E-01,  0.919462552313
/ANG,   1,  -174.621525374  
/REPLO  
/VIEW,  1, -0.714546738259    , -0.229358796979    ,  0.660921705720
/ANG,   1,  -171.871093383  
/REPLO  
/VIEW,  1,  0.535977511908    , -0.771054902868E-01,  0.840703782611
/ANG,   1,   155.836206491  
/REPLO  
RESUME  
/COM,ANSYS RELEASE 2022 R2           BUILD 22.2      UP20220516       18:24:41
VSBV,       1,       8  
RESUME,'latest_good2','db','B:\KPI\TERM6\ANSYSWORK\LAB4\',0,0   
/COM,ANSYS RELEASE 2022 R2           BUILD 22.2      UP20220516       18:25:04
/VIEW,  1,  0.192363183907    ,  0.394974364908    ,  0.898327143385
/ANG,   1,   110.439228345  
/REPLO  
/VIEW,  1,  0.522248139805    ,  0.600163589771    ,  0.605855218665
/ANG,   1,   123.295667528  
/REPLO  
FLST,2,7,6,ORDE,2   
FITEM,2,1   
FITEM,2,-7  
VADD,P51X   
/VIEW,  1,  0.532887686644    ,  0.788928536518    ,  0.305977903925
/ANG,   1,   136.938125278  
/REPLO  
/VIEW,  1,  0.542813228835    ,  0.693394727876    ,  0.473875036223
/ANG,   1,   128.540159949  
/REPLO  
/VIEW,  1,  0.702497921758    ,  0.585882199200    ,  0.404028116084
/ANG,   1,   138.058308526  
/REPLO  
BLC5,0,0,0.012,0.012,-0.012 
/VIEW,  1,  0.587093070954    ,  0.280235642025    ,  0.759466728025
/ANG,   1,   128.352140951  
/REPLO  
/VIEW,  1,  0.277871632662    ,  0.792530829069E-01,  0.957343357741
/ANG,   1,   124.394991187  
/REPLO  
/VIEW,  1,  0.606554588809    ,  0.519378620289    ,  0.601944664883
/ANG,   1,   132.284279881  
/REPLO  
/VIEW,  1,  0.698762605765    ,  0.708210812853    ,  0.100837817026
/ANG,   1,   155.253524215  
/REPLO  
RESUME,'latest_good2','db','B:\KPI\TERM6\ANSYSWORK\LAB4\',0,0   
/COM,ANSYS RELEASE 2022 R2           BUILD 22.2      UP20220516       18:25:59
/VIEW,  1,  0.494218956182    ,  0.785689495677    ,  0.372074777072
/ANG,   1,   137.403193091  
/REPLO  
/VIEW,  1,  0.503192751861    ,  0.611796661630    ,  0.610329336746
/ANG,   1,   127.900304746  
/REPLO  
FLST,2,7,6,ORDE,2   
FITEM,2,1   
FITEM,2,-7  
VADD,P51X   
/VIEW,  1,  0.530029813541    ,  0.580643293332    ,  0.617998189857
/ANG,   1,   128.270872061  
/REPLO  
/VIEW,  1,  0.540276330473    ,  0.601083814355    ,  0.588897049451
/ANG,   1,   129.347886224  
/REPLO  
/VIEW,  1,  0.658034067098    ,  0.676115544980    ,  0.331449749395
/ANG,   1,   143.964473131  
/REPLO  
/VIEW,  1,  0.824707572297E-01, -0.100923895346    ,  0.991470091102
/ANG,   1,   125.592992369  
/REPLO  
/VIEW,  1,  0.113971290728    ,  0.692853330024E-01,  0.991065127790
/ANG,   1,   125.442887823  
/REPLO  
/VIEW,  1, -0.151777064360    , -0.105844627788    ,  0.982731213253
/ANG,   1,   126.263588760  
/REPLO  
/VIEW,  1, -0.268102702955    , -0.762390967329    ,  0.588966003775
/ANG,   1,   129.693027557  
/REPLO  
/VIEW,  1, -0.335884361524E-01, -0.803913562679    ,  0.593796935574
/ANG,   1,   112.821386258  
/REPLO  
/VIEW,  1,  0.494560953812    , -0.165174874435    ,  0.853303418381
/ANG,   1,   93.2286292471  
/REPLO  
/VIEW,  1,  0.274797110492    ,  0.493290300274    ,  0.825318864271
/ANG,   1,   89.2226588087  
/REPLO  
/VIEW,  1, -0.676136459622E-01,  0.513061917108    ,  0.855684441890
/ANG,   1,   77.3028284501  
/REPLO  
/VIEW,  1, -0.295100702324    ,  0.481757495045E-01,  0.954250843671
/ANG,   1,   73.5613633855  
/REPLO  
/VIEW,  1,  0.486335780344E-01, -0.247615619911E-01,  0.998509709585
/ANG,   1,   73.7343930814  
/REPLO  
FLST,2,4,3,ORDE,2   
FITEM,2,57  
FITEM,2,-60 
KWPAVE,P51X 
/VIEW,  1, -0.190393819379    ,  0.823531884462    ,  0.534364509316
/ANG,   1,   61.1398413545  
/REPLO  
/VIEW,  1, -0.102655627108    ,  0.853309707990    ,  0.511198948037
/ANG,   1,   68.1273489741  
/REPLO  
BLC5,0,0,0.012,0.012,-0.012 
/VIEW,  1, -0.408613679846E-01,  0.884796008155    ,  0.464183554813
/ANG,   1,   73.1235042309  
/REPLO  
/VIEW,  1,  0.339624751956E-01,  0.899382821473    ,  0.435840671253
/ANG,   1,   82.8143446611  
/REPLO  
SAVE
VSBV,       1,       8  
FLST,3,2,6,ORDE,2   
FITEM,3,1   
FITEM,3,8   
VSBV,       1,P51X  
VSBV,       8,       1  
/VIEW,  1,  0.146865592419    ,  0.500572550702    ,  0.853145719820
/ANG,   1,   86.8436967426  
/REPLO  
/VIEW,  1,  0.193378202404    ,  0.640343550338E-01,  0.979032416323
/ANG,   1,   87.2623291366  
/REPLO  
/VIEW,  1, -0.616019772373E-01, -0.480198343184E-01,  0.996944979381
/ANG,   1,   87.4364220723  
/REPLO  
/VIEW,  1, -0.565064375826E-01,  0.959253141227    ,  0.276840086615
/ANG,   1,   80.8552766866  
/REPLO  
/VIEW,  1,  0.292557676161    ,  0.956229564194    ,  0.591833433015E-02
/ANG,   1,  -173.692557601  
/REPLO  
/VIEW,  1,  0.410511040859    ,  0.883496844197    ,  0.225641334037
/ANG,   1,   159.877722673  
/REPLO  
/VIEW,  1, -0.151016194920    , -0.789790402984E-01,  0.985371209274
/ANG,   1,   121.832632978  
/REPLO  
/VIEW,  1,  0.241511585572E-01, -0.463165379129    ,  0.885942748216
/ANG,   1,   117.878898444  
/REPLO  
/VIEW,  1,  0.156268248883    ,  0.143521786841    ,  0.977231667054
/ANG,   1,   115.236731308  
/REPLO  
/VIEW,  1,  0.874428612905E-04,  0.140580982141    ,  0.990069179307
/ANG,   1,   114.026899411  
/REPLO  
/VIEW,  1,  0.703710412114E-01, -0.101046776017E-01,  0.997469704828
/ANG,   1,   112.678450921  
/REPLO  
/VIEW,  1,  0.119221596972    ,  0.601142719634    ,  0.790198482311
/ANG,   1,   112.969016068  
/REPLO  
/VIEW,  1,  0.299877806577    ,  0.908892811743    , -0.289805379324
/ANG,   1,  -132.819575149  
/REPLO  
/VIEW,  1,  0.761430331296E-01,  0.281274666914    ,  0.956601693631
/ANG,   1,   115.651948615  
/REPLO  
/VIEW,  1,  0.311573742834    ,  0.845720527386    ,  0.433218873474
/ANG,   1,   135.113405439  
/REPLO  
SAVE
/VIEW,  1, -0.402835389373    ,  0.113313086383    , -0.908231134416
/ANG,   1,  -118.910770309  
/REPLO  
/VIEW,  1, -0.829932087019E-01,  0.326761284249E-01, -0.996014255892
/ANG,   1,  -120.000249819  
/REPLO  
/VIEW,  1, -0.508387345809    , -0.580973377293    , -0.635619572935
/ANG,   1,  -136.225176500  
/REPLO  
/VIEW,  1,  0.131540107585    , -0.964620537648    , -0.228482862473
/ANG,   1,  -73.6606108158  
/REPLO  
/VIEW,  1,  0.315739437987    , -0.601865659248E-01, -0.946935153314
/ANG,   1,  -77.3041760281  
/REPLO  
/VIEW,  1, -0.287838450346    ,  0.653024063410    , -0.700505959368
/ANG,   1,  -68.3306944129  
/REPLO  
/VIEW,  1, -0.939594475867    ,  0.341137617761    , -0.280596983094E-01
/ANG,   1,  -30.3149953556  
/REPLO  
/VIEW,  1, -0.668248574366    ,  0.190887038097    ,  0.719031279949
/ANG,   1,  -17.8727390966  
/REPLO  
/VIEW,  1,  0.196306441514E-02,  0.105231789119    ,  0.994445783810
/ANG,   1,  -9.84138912449  
/REPLO  
/VIEW,  1,  0.108443945273    , -0.669271101395    ,  0.735061972606
/ANG,   1,  -11.4543759581  
/REPLO  
/VIEW,  1, -0.106978012596    , -0.992264985667    ,  0.629754161621E-01
/ANG,   1,   52.4867290087  
/REPLO  
/VIEW,  1,  0.153983975396E-01, -0.998121450575    , -0.592997407723E-01
/ANG,   1,  -174.001923678  
/REPLO  
/FOC,   1,  0.142036138984E-01, -0.737374564453E-04,  0.544293947408E-01
/REPLO  
/VIEW,  1, -0.262212837174E-01, -0.999248133917    , -0.285589065613E-01
/ANG,   1,   129.098421699  
/REPLO  
/ANG,1,30,ZS,1  
/REP,FAST   
/ANG,1,30,ZS,1  
/REP,FAST   
/ANG,1,30,ZS,1  
/REP,FAST   
/ANG,1,30,ZS,1  
/REP,FAST   
/VIEW,  1, -0.644216319098    , -0.744930143609    ,  0.173390932143
/ANG,   1,  -173.732958546  
/REPLO  
/VIEW,  1, -0.413764194502    , -0.681361801653    ,  0.603775857911
/ANG,   1,   156.222223167  
/REPLO  
/VIEW,  1, -0.319369473428    , -0.771990444567    ,  0.549576102955
/ANG,   1,   153.141562923  
/REPLO  
FLST,2,2,3,ORDE,2   
FITEM,2,25  
FITEM,2,32  
KWPAVE,P51X 
SAVE
CYL4,0,0,0.005/2, , , ,-0.006   
RESUME  
/COM,ANSYS RELEASE 2022 R2           BUILD 22.2      UP20220516       18:37:46
wprot,90
wprot,-90   
wprot,0, 0, 90  
wprot,0, 0, -90 
wprot,0, 90, 0  
wprot,0, -90, 0 
wprot,0, 90, 90 
wprot,0, -90, -90   
wprot,0, 0, 90  
wprot,0, 90 
wprot,0, 90 
wprot,0, 90 
wprot,0, 90 
wprot,0, 90, 90 
CYL4,0,0,0.005/2, , , ,0.006
/VIEW,  1, -0.484563058586    , -0.840524992395    ,  0.242314628970
/ANG,   1,  -179.556130570  
/REPLO  
/VIEW,  1, -0.679595051938    , -0.711081870037    ,  0.180314002467
/ANG,   1,  -169.840855200  
/REPLO  
/VIEW,  1, -0.966102577309    , -0.170867234850    ,  0.193520536823
/ANG,   1,  -170.571626145  
/REPLO  
/VIEW,  1, -0.998765134185    , -0.407388085218E-01,  0.284351229333E-01
/ANG,   1,  -169.467868850  
/REPLO  
/VIEW,  1, -0.893964049823    , -0.448075881810    , -0.750211728677E-02
/ANG,   1,  -172.143800817  
/REPLO  
SAVE
/VIEW,  1, -0.990487072957    ,  0.126897569136    ,  0.532199704299E-01
/ANG,   1,  -176.993185353  
/REPLO  
/VIEW,  1, -0.245272313604    ,  0.966792254286    ,  0.717929608783E-01
/ANG,   1,  -169.779536915  
/REPLO  
/VIEW,  1,  0.940240707352    ,  0.332120516748    , -0.751223974213E-01
/ANG,   1, -0.857956246493  
/REPLO  
/VIEW,  1,  0.654911407960    ,  0.552840959313    ,  0.515226087684
/ANG,   1,  -21.7906262721  
/REPLO  
/VIEW,  1,  0.410349237163    ,  0.782607390684    ,  0.468123034688
/ANG,   1,  -28.9558739676  
/REPLO  
FLST,2,2,3,ORDE,2   
FITEM,2,28  
FITEM,2,30  
KWPAVE,P51X 
CYL4,0,0,0.005/2, , , ,-0.006   
/VIEW,  1,  0.811960846577    ,  0.553259783038    ,  0.186073093428
/ANG,   1,  -2.57904278364  
/REPLO  
/VIEW,  1,  0.998708640444    , -0.476340791555E-01,  0.176648239735E-01
/ANG,   1,  0.942289261824  
/REPLO  
SAVE
/VIEW,  1,  0.991635298202    ,  0.587416495078E-01,  0.114929778445
/ANG,   1,  0.928393468442  
/REPLO  
SAVE
/ZOOM,1,RECT,0.720248,0.579594 ,0.766528942368 ,0.645142549485  
/AUTO,1 
/REP,FAST   
FLST,3,2,6,ORDE,2   
FITEM,3,1   
FITEM,3,3   
VSBV,       2,P51X  
/USER,  1   
/VIEW,  1,  0.684666712933    ,  0.725842738243    ,  0.662103582630E-01
/ANG,   1,  0.663190259151  
/REPLO  
/VIEW,  1,  0.836157882108    ,  0.510159459622    ,  0.201438134293
/ANG,   1,  -5.17449725391  
/REPLO  
/VIEW,  1,  0.906933739458    ,  0.419580951674    ,  0.377229005298E-01
/ANG,   1, -0.117833642068  
/REPLO  
/VIEW,  1,  0.305259224796    ,  0.949565198653    , -0.717128941310E-01
/ANG,   1,   11.9691323732  
/REPLO  
/VIEW,  1, -0.497874266236    ,  0.857232228606    , -0.131431051352
/ANG,   1,   159.810357999  
/REPLO  
/VIEW,  1, -0.880725732422    ,  0.464395536934    ,  0.930535841579E-01
/ANG,   1,   173.772075205  
/REPLO  
/VIEW,  1, -0.939237892431    ,  0.211514172014    ,  0.270358903052
/ANG,   1,   176.319400827  
/REPLO  
/VIEW,  1, -0.882731526051    ,  0.770215832328E-01,  0.463522090769
/ANG,   1,   177.376580959  
/REPLO  
/VIEW,  1, -0.847663720122    , -0.357165811061    ,  0.392299376751
/ANG,   1,   177.942904204  
/REPLO  
/VIEW,  1, -0.961171992386    , -0.235173820464    ,  0.144366461549
/ANG,   1,  -177.325990819  
/REPLO  
/VIEW,  1, -0.990746211800    , -0.100419352879    , -0.913120877642E-01
/ANG,   1,  -175.147918258  
/REPLO  
/DIST, 1 ,0.924021,1
/REP,FAST   
/DIST, 1 ,0.924021,1
/REP,FAST   
/DIST, 1 ,0.924021,1
/REP,FAST   
/DIST, 1 ,0.924021,1
/REP,FAST   
/DIST, 1 ,0.924021,1
/REP,FAST   
/VIEW,  1, -0.848739962371    , -0.483991744706    ,  0.213055080509
/ANG,   1,   179.641432097  
/REPLO  
/VIEW,  1, -0.879982237222    , -0.468727231969    , -0.769808039951E-01
/ANG,   1,  -170.813246306  
/REPLO  
/DIST, 1 ,1.082226,1
/REP,FAST   
/DIST, 1 ,1.082226,1
/REP,FAST   
/DIST, 1 ,1.082226,1
/REP,FAST   
/DIST, 1 ,1.082226,1
/REP,FAST   
/DIST, 1 ,1.082226,1
/REP,FAST   
/DIST, 1 ,1.082226,1
/REP,FAST   
/DIST, 1 ,1.082226,1
/REP,FAST   
/DIST, 1 ,0.924021,1
/REP,FAST   
/DIST, 1 ,0.924021,1
/REP,FAST   
/DIST, 1 ,1.082226,1
/REP,FAST   
VSBV,       2,       1  
FLST,2,2,6,ORDE,2   
FITEM,2,1   
FITEM,2,3   
VSBV,P51X,       2  
/VIEW,  1, -0.612067709845    , -0.374416694829    ,  0.696552408077
/ANG,   1,   164.058194507  
/REPLO  
/VIEW,  1,  0.549291003932    , -0.176160218661    ,  0.816851865616
/ANG,   1,   141.968047628  
/REPLO  
/VIEW,  1,  0.874958343896    ,  0.339200381770    , -0.345530023954
/ANG,   1,   143.973231888  
/REPLO  
RESUME,'LabWork4frm','db','B:\KPI\TERM6\ANSYSWORK\LAB4\',0,0
/COM,ANSYS RELEASE 2022 R2           BUILD 22.2      UP20220516       18:42:12
VSBV,       2,       3  
/VIEW,  1,  0.871568979640    ,  0.472654859279    , -0.130249367480
/ANG,   1,   5.62817780922  
/REPLO  
/VIEW,  1,  0.386385531793    ,  0.922181429315    , -0.169597242622E-01
/ANG,   1,  0.833279638285  
/REPLO  
/VIEW,  1,  0.633340179342    ,  0.534477679888    ,  0.559655096406
/ANG,   1,  -34.7314343814  
/REPLO  
/VIEW,  1,  0.908773057333    ,  0.247514059460    ,  0.335958807944
/ANG,   1,  -26.2204884778  
/REPLO  
/VIEW,  1,  0.970902399207    , -0.174125127589    , -0.164404900034
/ANG,   1,  -25.0738727913  
/REPLO  
VSBV,       4,       1  
/VIEW,  1, -0.174444532069    , -0.978041644109    , -0.114033537256
/ANG,   1,   179.206514814  
/REPLO  
/VIEW,  1, -0.780078513458    , -0.507155447748    , -0.366429890513
/ANG,   1,   171.226853244  
/REPLO  
VSBV,       4,       1  
VSBV,       4,       1  
/VIEW,  1, -0.582015748936    ,  0.809115573880    ,  0.811766967528E-01
/ANG,   1,   171.569802682  
/REPLO  
/VIEW,  1,  0.554610536920    ,  0.831429955374    , -0.336360170681E-01
/ANG,   1,  -5.93291262459  
/REPLO  
/VIEW,  1,  0.959815953623    ,  0.277735335273    ,  0.402047100575E-01
/ANG,   1,  -10.7186900370  
/REPLO  
/VIEW,  1,  0.909082680917    ,  0.404404313928    , -0.100129067374
/ANG,   1,  -7.77218570186  
/REPLO  
/VIEW,  1,  0.714142244209    ,  0.544498829307    , -0.439911218225
/ANG,   1,   4.89161346645  
/REPLO  
/VIEW,  1,  0.494382379521    ,  0.724580666992    , -0.480175925928
/ANG,   1,   12.6410545545  
/REPLO  
/VIEW,  1,  0.339561181770    ,  0.914850540205    , -0.218510166633
/ANG,   1,   3.18593457597  
/REPLO  
/VIEW,  1, -0.630639203693    ,  0.750699765672    , -0.196835099981
/ANG,   1,   124.236214959  
/REPLO  
/VIEW,  1, -0.736122691136    ,  0.623308898921    ,  0.263835934096
/ANG,   1,   148.044695173  
/REPLO  
/VIEW,  1, -0.862868064000    , -0.339248645301    , -0.374658592308
/ANG,   1,   137.377484782  
/REPLO  
/VIEW,  1,  0.422197019976    , -0.906402255353    ,  0.135877817830E-01
/ANG,   1,  -109.005633139  
/REPLO  
/VIEW,  1, -0.235114452341E-01, -0.705748492201E-01, -0.997229363086
/ANG,   1,   177.511054078  
/REPLO  
/VIEW,  1, -0.879836147285    , -0.106727837960    , -0.463138772438
/ANG,   1,   167.905855105  
/REPLO  
/VIEW,  1, -0.960729968552    , -0.209913551202    ,  0.181477900991
/ANG,   1,   158.838149827  
/REPLO  
/VIEW,  1, -0.930968547229    , -0.326974725856    , -0.162434887639
/ANG,   1,   164.487653657  
/REPLO  
VSBV,       4,       1  
/VIEW,  1,  0.767478921497E-01, -0.453579651034    , -0.887904984341
/ANG,   1,  -155.226482390  
/REPLO  
/VIEW,  1,  0.869004902380    , -0.409334094009    , -0.277985753450
/ANG,   1,  -127.446819097  
/REPLO  
/VIEW,  1,  0.977573593709    ,  0.205295133641    , -0.469444031325E-01
/ANG,   1,  -109.881347982  
/REPLO  
/VIEW,  1,  0.713970750638    ,  0.692626441481    , -0.102539649865
/ANG,   1,  -107.087144778  
/REPLO  
/VIEW,  1, -0.425825743057    ,  0.904094669256    , -0.358506007298E-01
/ANG,   1,   57.3561905010  
/REPLO  
/VIEW,  1, -0.497679996012    ,  0.588232632365    , -0.637414301527
/ANG,   1,   18.6949481134  
/REPLO  
/VIEW,  1, -0.946800268755    ,  0.499061414669E-02,  0.321783071114
/ANG,   1,   49.1965632373  
/REPLO  
/VIEW,  1, -0.532073981648    , -0.441965449763    ,  0.722193754660
/ANG,   1,   42.4259896454  
/REPLO  
/VIEW,  1, -0.916625121678    , -0.339913515887    ,  0.210373924300
/ANG,   1,   57.1517497803  
/REPLO  
/VIEW,  1, -0.347908768896    , -0.922833318218    ,  0.165342539331
/ANG,   1,   49.5988070683  
/REPLO  
/VIEW,  1,  0.221673088831    , -0.961687937442    ,  0.161298954328
/ANG,   1,  -66.7666233499  
/REPLO  
/VIEW,  1, -0.837218246094    , -0.482174697715    ,  0.258017769332
/ANG,   1,   50.2188506656  
/REPLO  
VDELE,       1, , ,1
/VIEW,  1, -0.470012224591E-01, -0.911052566992    ,  0.409602374585
/ANG,   1,  -3.08455831458  
/REPLO  
/VIEW,  1,  0.593941720037    , -0.604606181899    ,  0.530739670657
/ANG,   1,  -48.4614926550  
/REPLO  
/VIEW,  1,  0.886632258156    , -0.109742884917    ,  0.449265776582
/ANG,   1,  -53.7729558634  
/REPLO  
/REPLOT 
/VIEW,  1,  0.797659662058    ,  0.534833203771    ,  0.278733757680
/ANG,   1,  -52.5790418879  
/REPLO  
/VIEW,  1,  0.621901111547    ,  0.761267188092    , -0.183606306514
/ANG,   1,  -28.2197913927  
/REPLO  
/VIEW,  1,  0.886346755319    ,  0.380073756711    , -0.264449179985
/ANG,   1,  -28.7609875022  
/REPLO  
/VIEW,  1,  0.912589484851    , -0.344329384872    ,  0.220494233150
/ANG,   1,  -30.6674781182  
/REPLO  
/VIEW,  1,  0.959801281302E-01, -0.510060421108    ,  0.854766741178
/ANG,   1,  0.868112567812E-01  
/REPLO  
/VIEW,  1, -0.963610189848    , -0.385992035697E-01,  0.264509930825
/ANG,   1,   24.9534967296  
/REPLO  
/VIEW,  1, -0.442511782595    , -0.894179656675    ,  0.680151736948E-01
/ANG,   1,   16.2056735899  
/REPLO  
/VIEW,  1,  0.370100740661    , -0.920723675173    , -0.123666308018
/ANG,   1,  -172.391840473  
/REPLO  
/VIEW,  1,  0.875362287763    , -0.422117134612    , -0.235707424213
/ANG,   1,  -169.334219107  
/REPLO  
/VIEW,  1,  0.631854668649    , -0.595163429800    ,  0.496528115554
/ANG,   1,  -142.080555227  
/REPLO  
/VIEW,  1,  0.464619279010    , -0.881307647649    ,  0.861728249950E-01
/ANG,   1,  -164.161286916  
/REPLO  
SAVE
/VIEW,  1,  0.804080323377    , -0.561975548907    , -0.194005968950
/ANG,   1,   177.483591730  
/REPLO  
/VIEW,  1,  0.927300795139    , -0.293373629260    , -0.232476125632
/ANG,   1,   177.565242559  
/REPLO  
/VIEW,  1,  0.715290982761    , -0.562249202725    ,  0.415011619134
/ANG,   1,  -163.273054180  
/REPLO  
FLST,2,2,3,ORDE,2   
FITEM,2,25  
FITEM,2,32  
KWPAVE,P51X 
/VIEW,  1,  0.392759849228E-01, -0.961729837814    ,  0.271169902584
/ANG,   1,  -120.389365943  
/REPLO  
/VIEW,  1, -0.613747099373    , -0.272852613498    ,  0.740854877367
/ANG,   1,  -81.6618893673  
/REPLO  
/VIEW,  1,  0.746403096770    , -0.554747153911    ,  0.367611224475
/ANG,   1,   175.376076811  
/REPLO  
/VIEW,  1, -0.235471596680    , -0.615656940692    ,  0.752010411188
/ANG,   1,  -133.146318464  
/REPLO  
/VIEW,  1,  0.460831314434    , -0.811897765579    ,  0.358408311684
/ANG,   1,   171.751439896  
/REPLO  
wprot,90
wprot,-90   
wprot,0, 90, 0  
wprot,0, -90, 0 
wprot,0, 0, 90  
wprot,0, 0, 90  
SAVE
CYL4,0,0,0.005/2, , , ,-0.006   
/VIEW,  1,  0.901764669415    , -0.412507944289    ,  0.129064622935
/ANG,   1,   152.681730398  
/REPLO  
/VIEW,  1,  0.846821925455    , -0.246410508303    ,  0.471353888248
/ANG,   1,   159.833023601  
/REPLO  
/VIEW,  1,  0.968008624991    , -0.249878458198    , -0.228047817821E-01
/ANG,   1,   150.572866521  
/REPLO  
/VIEW,  1,  0.893099052760    , -0.437823727514    ,  0.103365688629
/ANG,   1,   153.202716720  
/REPLO  
VSBV,       4,       1  
/VIEW,  1,  0.552676539823    , -0.614070704390    ,  0.563441046019
/ANG,   1,   174.491657784  
/REPLO  
/VIEW,  1,  0.658599860627    , -0.626639800731E-01,  0.749879623128
/ANG,   1,   177.755163467  
/REPLO  
/VIEW,  1,  0.571382262284    ,  0.817649872461    ,  0.705052935017E-01
/ANG,   1,  -170.675832816  
/REPLO  
/VIEW,  1,  0.961981886513    , -0.236833042610    ,  0.136018233883
/ANG,   1,  -170.288820857  
/REPLO  
/VIEW,  1,  0.733252491753    , -0.679951695865    ,  0.254452918593E-02
/ANG,   1,  -174.372863208  
/REPLO  
SAVE
/VIEW,  1,  0.160584621368    , -0.357975904266    ,  0.919818368671
/ANG,   1,  -123.273954579  
/REPLO  
/VIEW,  1, -0.747803080972    ,  0.272209269206    ,  0.605551538556
/ANG,   1,  -120.504265815  
/REPLO  
/VIEW,  1, -0.313671105187    , -0.578621224369    ,  0.752866466567
/ANG,   1,  -167.810688888  
/REPLO  
SAVE,'latest_good3','db','B:\KPI\TERM6\ANSYSWORK\LAB4\' 
SAVE
/VIEW,  1,  0.959265108133    ,  0.155517044762    ,  0.235849318651
/ANG,   1,   146.281188370  
/REPLO  
/VIEW,  1,  0.871499126159    , -0.188969771148    , -0.452525909421
/ANG,   1,   162.335634738  
/REPLO  
/VIEW,  1,  0.779177192820    , -0.512999496660    , -0.360158879684
/ANG,   1,   162.582800486  
/REPLO  
/VIEW,  1,  0.733145499094    , -0.672907949548    , -0.984508435396E-01
/ANG,   1,   172.602218649  
/REPLO  
/VIEW,  1,  0.675403885269    , -0.712302278978    ,  0.190932069401
/ANG,   1,  -171.084913732  
/REPLO  
/VIEW,  1,  0.509598966062    , -0.827775028994    ,  0.234728343330
/ANG,   1,  -163.997170846  
/REPLO  
/VIEW,  1,  0.880665134210    , -0.473676714988    ,  0.770006913307E-02
/ANG,   1,   177.904858390  
/REPLO  
/VIEW,  1,  0.985483633021    ,  0.389690411422E-01, -0.165237474200
/ANG,   1,   173.984044605  
/REPLO  
/VIEW,  1,  0.848116622087    , -0.517115841136    , -0.115279669439
/ANG,   1,   173.326744540  
/REPLO  
/VIEW,  1,  0.534212911026    , -0.844233705475    , -0.434282884022E-01
/ANG,   1,   175.585444266  
/REPLO  
/VIEW,  1,  0.472599816813    , -0.829696167864    ,  0.297075213001
/ANG,   1,  -153.437916791  
/REPLO  
/VIEW,  1,  0.958386043665    , -0.285287285345    ,  0.103612802227E-01
/ANG,   1,  -175.553000919  
/REPLO  
!*  
/VIEW,  1,  0.676142923640    , -0.347128949735    ,  0.649870940316
/ANG,   1,  -160.536624346  
/REPLO  
/DIST, 1 ,0.924021,1
/REP,FAST   
/DIST, 1 ,0.924021,1
/REP,FAST   
/DIST, 1 ,0.924021,1
/REP,FAST   
/DIST, 1 ,0.924021,1
/REP,FAST   
/DIST, 1 ,0.924021,1
/REP,FAST   
/DIST, 1 ,0.924021,1
/REP,FAST   
/DIST, 1 ,0.924021,1
/REP,FAST   
/DIST, 1 ,0.924021,1
/REP,FAST   
/DIST, 1 ,0.924021,1
/REP,FAST   
/DIST, 1 ,0.924021,1
/REP,FAST   
/DIST, 1 ,1.082226,1
/REP,FAST   
/DIST, 1 ,1.082226,1
/REP,FAST   
/DIST, 1 ,1.082226,1
/REP,FAST   
/DIST, 1 ,1.082226,1
/REP,FAST   
/DIST, 1 ,1.082226,1
/REP,FAST   
/DIST, 1 ,1.082226,1
/REP,FAST   
/DIST, 1 ,1.082226,1
/REP,FAST   
/DIST, 1 ,1.082226,1
/REP,FAST   
/DIST, 1 ,1.082226,1
/REP,FAST   
/VIEW,  1,  0.538718760054    , -0.556076258045    ,  0.632899117400
/ANG,   1,  -157.855380814  
/REPLO  
/VIEW,  1,  0.830831608072    , -0.244895535763    ,  0.499744950543
/ANG,   1,  -166.599735683  
/REPLO  
/VIEW,  1,  0.614473298752    , -0.181122243791    ,  0.767865416544
/ANG,   1,  -162.048109664  
/REPLO  
/VIEW,  1,  0.748665281787    ,  0.646290375113    ,  0.147678864033
/ANG,   1,  -159.845962192  
/REPLO  
/VIEW,  1, -0.830159050290    ,  0.422653367890    , -0.363593291786
/ANG,   1,   20.0619073104  
/REPLO  
/VIEW,  1, -0.764385749942    ,  0.173514855073    ,  0.620972640585
/ANG,   1,   39.3166975791  
/REPLO  
/VIEW,  1, -0.565263315494    ,  0.531996023333    ,  0.630442396508
/ANG,   1,   44.1221426871  
/REPLO  
/VIEW,  1, -0.626084038531    ,  0.738340537998    ,  0.250742949346
/ANG,   1,   26.8678577193  
/REPLO  
/DIST, 1 ,0.924021,1
/REP,FAST   
/DIST, 1 ,0.924021,1
/REP,FAST   
/DIST, 1 ,0.924021,1
/REP,FAST   
/DIST, 1 ,0.924021,1
/REP,FAST   
/DIST, 1 ,0.924021,1
/REP,FAST   
/FOC,   1,  0.129983825761E-01,  0.113174202343E-02,  0.478703650030E-01
/REPLO  
/FOC,   1,  0.906543731514E-02, -0.913259762002E-03,  0.440718672334E-01
/REPLO  
/VIEW,  1, -0.358273177650    ,  0.510657872727    ,  0.781581004886
/ANG,   1,   55.8407547225  
/REPLO  
/FOC,   1,  0.261300124915E-02,  0.842280694085E-02,  0.350142382854E-01
/REPLO  
/DIST, 1 ,0.924021,1
/REP,FAST   
/DIST, 1 ,0.924021,1
/REP,FAST   
/DIST, 1 ,0.924021,1
/REP,FAST   
/DIST, 1 ,0.924021,1
/REP,FAST   
/DIST, 1 ,0.924021,1
/REP,FAST   
/VIEW,  1, -0.457124417961    ,  0.739170620202    ,  0.494635280519
/ANG,   1,   44.2107365222  
/REPLO  
/DIST, 1 ,1.082226,1
/REP,FAST   
/DIST, 1 ,1.082226,1
/REP,FAST   
/DIST, 1 ,1.082226,1
/REP,FAST   
/DIST, 1 ,1.082226,1
/REP,FAST   
/DIST, 1 ,0.924021,1
/REP,FAST   
/DIST, 1 ,0.924021,1
/REP,FAST   
/DIST, 1 ,0.924021,1
/REP,FAST   
/DIST, 1 ,0.924021,1
/REP,FAST   
LSTR,      20,      14  
LSTR,      18,      13  
/DIST, 1 ,1.082226,1
/REP,FAST   
/DIST, 1 ,1.082226,1
/REP,FAST   
/DIST, 1 ,1.082226,1
/REP,FAST   
/DIST, 1 ,1.082226,1
/REP,FAST   
/DIST, 1 ,0.924021,1
/REP,FAST   
/DIST, 1 ,0.924021,1
/REP,FAST   
/DIST, 1 ,0.924021,1
/REP,FAST   
/DIST, 1 ,0.924021,1
/REP,FAST   
/VIEW,  1, -0.575629884422    ,  0.678789014317    ,  0.455955820450
/ANG,   1,   37.8351311771  
/REPLO  
/VIEW,  1, -0.441485941529    ,  0.713629672856    ,  0.543895995068
/ANG,   1,   46.6497689166  
/REPLO  
LPLOT   
/VIEW,  1, -0.357268329976    ,  0.594024247006    ,  0.720759692523
/ANG,   1,   53.4065440586  
/REPLO  
/VIEW,  1, -0.288243855618    ,  0.760668708234    ,  0.581634417836
/ANG,   1,   53.4051911689  
/REPLO  
/VIEW,  1, -0.184041055443    ,  0.851539138840    ,  0.490927677907
/ANG,   1,   58.2864062185  
/REPLO  
/VIEW,  1, -0.700619337530E-01,  0.848969278866    ,  0.523777136748
/ANG,   1,   68.6297870036  
/REPLO  
/VIEW,  1, -0.485958849221    ,  0.553894689972    ,  0.676050788983
/ANG,   1,   47.6500841543  
/REPLO  
vlist, all  
VPLOT   
/VIEW,  1,  0.248093600850    ,  0.755990052680    ,  0.605746321050
/ANG,   1,   156.654596358  
/REPLO  
/VIEW,  1,  0.238737425635    ,  0.522087157664    ,  0.818797558255
/ANG,   1,   156.958169297  
/REPLO  
/VIEW,  1,  0.526129339344    ,  0.608313394736    ,  0.594258135885
/ANG,   1,   171.436253235  
/REPLO  
RESUME  
/COM,ANSYS RELEASE 2022 R2           BUILD 22.2      UP20220516       18:55:34
/VIEW,  1, -0.996462422428    ,  0.326601091870E-01,  0.774335712458E-01
/ANG,   1,  -138.214246928  
/REPLO  
/VIEW,  1, -0.507389640367    , -0.849168463032    ,  0.146521924095
/ANG,   1,  -146.202131408  
/REPLO  
/VIEW,  1, -0.368127956364    , -0.918355825272    ,  0.145273486683
/ANG,   1,  -151.126168001  
/REPLO  
/DIST, 1 ,0.924021,1
/REP,FAST   
/DIST, 1 ,0.924021,1
/REP,FAST   
/DIST, 1 ,0.924021,1
/REP,FAST   
/DIST, 1 ,0.924021,1
/REP,FAST   
/DIST, 1 ,0.924021,1
/REP,FAST   
/DIST, 1 ,0.924021,1
/REP,FAST   
/DIST, 1 ,0.924021,1
/REP,FAST   
/DIST, 1 ,0.924021,1
/REP,FAST   
/DIST, 1 ,0.924021,1
/REP,FAST   
/DIST, 1 ,0.924021,1
/REP,FAST   
/VIEW,  1, -0.974720001578    , -0.209897677395    ,  0.765759985092E-01
/ANG,   1,  -137.679696089  
/REPLO  
/VIEW,  1, -0.321375258320    ,  0.929945391860    ,  0.178660324354
/ANG,   1,  -116.016533336  
/REPLO  
/VIEW,  1, -0.959843187888    , -0.242806223348    ,  0.140521146339
/ANG,   1,  -122.835834762  
/REPLO  
/VIEW,  1, -0.728640993058    , -0.607465930422E-01, -0.682196566005
/ANG,   1,  -113.905470037  
/REPLO  
/VIEW,  1, -0.321251933878E-01, -0.457611655995    , -0.888571631466
/ANG,   1,  -102.126596690  
/REPLO  
/VIEW,  1,  0.209799822615    ,  0.827284564449    , -0.521137490357
/ANG,   1,  -99.7266000673  
/REPLO  
/VIEW,  1,  0.227819225093    ,  0.949223690408    ,  0.216962637904
/ANG,   1,   155.324097183  
/REPLO  
/DIST, 1 ,1.082226,1
/REP,FAST   
/DIST, 1 ,1.082226,1
/REP,FAST   
/DIST, 1 ,1.082226,1
/REP,FAST   
/DIST, 1 ,1.082226,1
/REP,FAST   
/DIST, 1 ,1.082226,1
/REP,FAST   
/DIST, 1 ,1.082226,1
/REP,FAST   
/VIEW,  1,  0.641565037696    ,  0.450292653710    ,  0.620991810269
/ANG,   1,   160.428331929  
/REPLO  
/DIST, 1 ,0.924021,1
/REP,FAST   
/DIST, 1 ,0.924021,1
/REP,FAST   
/DIST, 1 ,0.924021,1
/REP,FAST   
/DIST, 1 ,0.924021,1
/REP,FAST   
/DIST, 1 ,0.924021,1
/REP,FAST   
/DIST, 1 ,0.924021,1
/REP,FAST   
/DIST, 1 ,0.924021,1
/REP,FAST   
/DIST, 1 ,0.924021,1
/REP,FAST   
/FOC,   1,  0.187775512916E-01,  0.403877390718E-02,  0.467218664091E-01
/REPLO  
/FOC,   1,  0.233803023516E-01,  0.836489882444E-02,  0.388296746836E-01
/REPLO  
/FOC,   1,  0.242888496487E-01,  0.101054316984E-01,  0.366289349556E-01
/REPLO  
/DIST, 1 ,0.924021,1
/REP,FAST   
/DIST, 1 ,0.924021,1
/REP,FAST   
/DIST, 1 ,0.924021,1
/REP,FAST   
/VIEW,  1, -0.212872350364    ,  0.975872410648    ,  0.485633667101E-01
/ANG,   1,   44.9575319722  
/REPLO  
/VIEW,  1, -0.381833222209    , -0.680425783694    ,  0.625479130988
/ANG,   1,   40.9754515940  
/REPLO  
/VIEW,  1,  0.579500450978    , -0.476918709561    , -0.660853820287
/ANG,   1,  -106.172994230  
/REPLO  
/DIST, 1 ,1.082226,1
/REP,FAST   
/DIST, 1 ,1.082226,1
/REP,FAST   
/DIST, 1 ,1.082226,1
/REP,FAST   
/DIST, 1 ,1.082226,1
/REP,FAST   
/DIST, 1 ,1.082226,1
/REP,FAST   
/DIST, 1 ,1.082226,1
/REP,FAST   
/DIST, 1 ,1.082226,1
/REP,FAST   
/DIST, 1 ,1.082226,1
/REP,FAST   
/DIST, 1 ,1.082226,1
/REP,FAST   
/DIST, 1 ,1.082226,1
/REP,FAST   
/DIST, 1 ,1.082226,1
/REP,FAST   
/DIST, 1 ,1.082226,1
/REP,FAST   
/VIEW,  1,  0.435890695057    ,  0.874356001566    , -0.213309363337
/ANG,   1,  -134.760063529  
/REPLO  
/VIEW,  1,  0.455164261242    ,  0.671131939621    ,  0.585155889407
/ANG,   1,   159.782511891  
/REPLO  
/VIEW,  1, -0.374389431941    ,  0.871655223566    , -0.316306377553
/ANG,   1,  -6.06952933418  
/REPLO  
/VIEW,  1, -0.966150959172    ,  0.251629224726    , -0.568775645934E-01
/ANG,   1,   13.4953333828  
/REPLO  
/VIEW,  1, -0.655449174301    ,  0.329251618462    ,  0.679690923618
/ANG,   1,   29.3454293860  
/REPLO  
/DIST, 1 ,0.924021,1
/REP,FAST   
/DIST, 1 ,0.924021,1
/REP,FAST   
/DIST, 1 ,0.924021,1
/REP,FAST   
/DIST, 1 ,0.924021,1
/REP,FAST   
/DIST, 1 ,0.924021,1
/REP,FAST   
/DIST, 1 ,0.924021,1
/REP,FAST   
/DIST, 1 ,0.924021,1
/REP,FAST   
/DIST, 1 ,0.924021,1
/REP,FAST   
/VIEW,  1, -0.981141838951    , -0.112958557799    , -0.156847238038
/ANG,   1,   25.6441189172  
/REPLO  
/DIST, 1 ,1.082226,1
/REP,FAST   
/DIST, 1 ,1.082226,1
/REP,FAST   
/DIST, 1 ,1.082226,1
/REP,FAST   
/DIST, 1 ,1.082226,1
/REP,FAST   
/DIST, 1 ,1.082226,1
/REP,FAST   
/DIST, 1 ,1.082226,1
/REP,FAST   
/DIST, 1 ,1.082226,1
/REP,FAST   
/DIST, 1 ,1.082226,1
/REP,FAST   
/VIEW,  1, -0.712090527299    , -0.385232751412    ,  0.586960653000
/ANG,   1,   18.8422453778  
/REPLO  
/DIST, 1 ,0.924021,1
/REP,FAST   
/DIST, 1 ,0.924021,1
/REP,FAST   
/DIST, 1 ,0.924021,1
/REP,FAST   
/DIST, 1 ,0.924021,1
/REP,FAST   
/DIST, 1 ,0.924021,1
/REP,FAST   
/DIST, 1 ,0.924021,1
/REP,FAST   
/FOC,   1,  0.177845505843E-01,  0.906180189561E-02,  0.280530787970E-01
/REPLO  
/FOC,   1,  0.597944471168E-02,  0.874262884921E-02,  0.135218492624E-01
/REPLO  
/DIST, 1 ,0.924021,1
/REP,FAST   
/DIST, 1 ,0.924021,1
/REP,FAST   
/DIST, 1 ,0.924021,1
/REP,FAST   
/VIEW,  1, -0.620007632134    , -0.187517163883    ,  0.761858155660
/ANG,   1,   10.4297113083  
/REPLO  
/VIEW,  1, -0.880144737196    , -0.174467435273    ,  0.441481999198
/ANG,   1,   14.9007539264  
/REPLO  
/FOC,   1,  0.830942638853E-02,  0.696240519166E-02,  0.174634143954E-01
/REPLO  
/FOC,   1,  0.118105457685E-01,  0.536832940899E-02,  0.238133391676E-01
/REPLO  
/DIST, 1 ,0.924021,1
/REP,FAST   
/VIEW,  1, -0.779242555163    , -0.521935615892    ,  0.346935517188
/ANG,   1,   15.9124419556  
/REPLO  
/VIEW,  1, -0.712433018042    , -0.259335449173    ,  0.652061591880
/ANG,   1,   8.33790011612  
/REPLO  
LPLOT   
LPLOT   
VPLOT   
LSTR,      15,      19  
!*  
LFILLT,87,29,0.002, ,   
/VIEW,  1, -0.545333776546    , -0.766525218415    ,  0.339190450473
/ANG,   1,   13.1290310690  
/REPLO  
/VIEW,  1, -0.491513508016    , -0.589403562020    ,  0.641106787139
/ANG,   1, -0.721158939755  
/REPLO  
LPLOT   
/VIEW,  1, -0.234769370169    , -0.947302831085    ,  0.217946527957
/ANG,   1,   4.87050613762  
/REPLO  
/VIEW,  1, -0.468717894207    , -0.725162883651    ,  0.504422766958
/ANG,   1,   1.10324144407  
/REPLO  
LPLOT   
KPLOT   
LPLOT   
/VIEW,  1, -0.576327169063    , -0.595138350415    ,  0.560051192361
/ANG,   1,   1.19058689738  
/REPLO  
/VIEW,  1, -0.565283383683    , -0.521281534541    ,  0.639312332025
/ANG,   1,  -1.23613824240  
/REPLO  
/DIST, 1 ,0.924021,1
/REP,FAST   
/DIST, 1 ,0.924021,1
/REP,FAST   
/DIST, 1 ,0.924021,1
/REP,FAST   
/DIST, 1 ,1.082226,1
/REP,FAST   
/DIST, 1 ,1.082226,1
/REP,FAST   
VPLOT   
LPLOT   
/VIEW,  1, -0.542903242934    , -0.636545529603    ,  0.547782673652
/ANG,   1,  0.617888041396  
/REPLO  
SAVE
LSTR,      19,      65  
FLST,2,3,4  
FITEM,2,90  
FITEM,2,89  
FITEM,2,88  
AL,P51X 
/VIEW,  1, -0.424740534448    , -0.783054703225    ,  0.454335569986
/ANG,   1, -0.301167416663  
/REPLO  
/VIEW,  1, -0.524716959559    , -0.660502504500    ,  0.537036827322
/ANG,   1,  0.608542670126  
/REPLO  
/VIEW,  1, -0.832239108456    , -0.213504349242    ,  0.511658049101
/ANG,   1,   11.4164504764  
/REPLO  
/VIEW,  1, -0.513072984979    , -0.858030196100    ,  0.232442393925E-01
/ANG,   1,   31.7012825350  
/REPLO  
/VIEW,  1, -0.476983167135    , -0.778051983193    ,  0.408805784842
/ANG,   1, -0.104847480479  
/REPLO  
alist, all  
APLOT   
/VIEW,  1, -0.489044926251    , -0.514802367329    ,  0.704140314639
/ANG,   1,  -12.1491393754  
/REPLO  
/VIEW,  1, -0.811784537168    , -0.149617142580    ,  0.564464857951
/ANG,   1,  -5.91033090791  
/REPLO  
/VIEW,  1, -0.951708585016    , -0.241849738673    ,  0.189101753324
/ANG,   1,  -1.04958194117  
/REPLO  
/DIST, 1 ,1.082226,1
/REP,FAST   
/DIST, 1 ,1.082226,1
/REP,FAST   
/DIST, 1 ,1.082226,1
/REP,FAST   
/DIST, 1 ,1.082226,1
/REP,FAST   
/DIST, 1 ,1.082226,1
/REP,FAST   
/DIST, 1 ,1.082226,1
/REP,FAST   
/DIST, 1 ,1.082226,1
/REP,FAST   
/DIST, 1 ,1.082226,1
/REP,FAST   
/DIST, 1 ,1.082226,1
/REP,FAST   
/DIST, 1 ,1.082226,1
/REP,FAST   
/VIEW,  1, -0.747789699959    ,  0.269821971701E-01,  0.663387161219
/ANG,   1,  -4.15368815610  
/REPLO  
/VIEW,  1, -0.570230678497    , -0.362738979515E-02,  0.821476606693
/ANG,   1,  -3.90413490990  
/REPLO  
/VIEW,  1, -0.672083194263    , -0.570002842458    ,  0.472653085866
/ANG,   1, -0.881245189759  
/REPLO  
SAVE
CSYS,0  
WPAVE,0,0,0 
CSYS,0  
!*  
WPCSYS,-1,0 
wprot,0, 90, 0  
SAVE
FLST,2,1,5,ORDE,1   
FITEM,2,13  
/VIEW,  1, -0.494411013576    , -0.180159209814    , -0.850353108287
/ANG,   1,   39.1380403419  
/REPLO  
/VIEW,  1, -0.944530364954    , -0.327260922606    , -0.276166293230E-01
/ANG,   1,   19.2695875361  
/REPLO  
/VIEW,  1, -0.789218864882    , -0.257157970685    ,  0.557676753529
/ANG,   1,   7.86953844740  
/REPLO  
FLST,8,2,3  
FITEM,8,27  
FITEM,8,31  
VROTAT,P51X, , , , , ,P51X, ,360, , 
/VIEW,  1, -0.338562362968    ,  0.844973446420E-01, -0.937142318504
/ANG,   1,   30.9946692231  
/REPLO  
/VIEW,  1,  0.484953886330    ,  0.438775380812    ,  0.756502408012
/ANG,   1,   50.5754079413  
/REPLO  
/VIEW,  1,  0.672165237213    ,  0.652339649285    , -0.350209759791
/ANG,   1,   102.819944842  
/REPLO  
/VIEW,  1,  0.134870628739E-01,  0.939790213404    , -0.341485656982
/ANG,   1,   152.746225013  
/REPLO  
/VIEW,  1,  0.482488510685E-01,  0.365004579665    , -0.929754647848
/ANG,   1,   146.916844819  
/REPLO  
/VIEW,  1, -0.728912359203    ,  0.519699305976    , -0.445644930376
/ANG,   1,   176.343279119  
/REPLO  
/VIEW,  1, -0.890826835724    ,  0.385052985827    ,  0.241167466421
/ANG,   1,  -162.177193385  
/REPLO  
RESUME  
/COM,ANSYS RELEASE 2022 R2           BUILD 22.2      UP20220516       19:02:55
/VIEW,  1, -0.597358150328    , -0.412864445193    ,  0.687536319137
/ANG,   1,  -10.7912263839  
/REPLO  
/VIEW,  1, -0.443598626369    , -0.731743385436    ,  0.517466787876
/ANG,   1,  -17.2679842362  
/REPLO  
/DIST, 1 ,0.924021,1
/REP,FAST   
/DIST, 1 ,0.924021,1
/REP,FAST   
/DIST, 1 ,0.924021,1
/REP,FAST   
/VIEW,  1, -0.675303519688    , -0.402321603752    ,  0.618144387220
/ANG,   1,  -17.0891711557  
/REPLO  
/VIEW,  1, -0.301572045536    , -0.835789335792    ,  0.458814218968
/ANG,   1,  -27.0015665133  
/REPLO  
/VIEW,  1,  0.296719905008    , -0.620148263077    ,  0.726204812553
/ANG,   1,  -71.5489931760  
/REPLO  
FLST,2,2,3,ORDE,2   
FITEM,2,18  
FITEM,2,-19 
KWPAVE,P51X 
/VIEW,  1, -0.692372669877    , -0.711403656379    ,  0.120519391380
/ANG,   1,   26.3067679207  
/REPLO  
/VIEW,  1, -0.592986985137    , -0.623460439762    ,  0.509571894349
/ANG,   1,   5.56986741809  
/REPLO  
/VIEW,  1, -0.738850164837    , -0.608312926525    , -0.289923812998
/ANG,   1,   42.3750362717  
/REPLO  
/VIEW,  1, -0.833145161252    , -0.474299078281    ,  0.284445995973
/ANG,   1,   19.1427682184  
/REPLO  
/VIEW,  1, -0.576527071432    , -0.642361635055    ,  0.504963430077
/ANG,   1,   7.70648243611  
/REPLO  
/VIEW,  1, -0.504150458635    , -0.657250166302    ,  0.560227216364
/ANG,   1,   6.80065273371  
/REPLO  
/VIEW,  1,  0.189263557516E-01, -0.631652875203    ,  0.775020282513
/ANG,   1,  -29.9250481877  
/REPLO  
/VIEW,  1, -0.185696693467    , -0.796109775227    ,  0.575956564182
/ANG,   1,  -12.5600542260  
/REPLO  
K, ,0,0,0,  
K, ,0,0,0.025,  
/VIEW,  1, -0.502929744950    , -0.858583083591    , -0.994824618552E-01
/ANG,   1,   61.3203754673  
/REPLO  
/VIEW,  1, -0.475748103285    , -0.505810402423    , -0.719596816989
/ANG,   1,   95.7264366822  
/REPLO  
/VIEW,  1, -0.378006186853    , -0.922903755830    , -0.732118854863E-01
/ANG,   1,   58.3183802241  
/REPLO  
/VIEW,  1, -0.264846710245    , -0.832536730827    ,  0.486558127972
/ANG,   1,  -8.11830685119  
/REPLO  
/VIEW,  1, -0.451355733546    , -0.681580160801    ,  0.575957017665
/ANG,   1, -0.944190654805  
/REPLO  
/VIEW,  1, -0.809709762026    , -0.572445212377    ,  0.129137833751
/ANG,   1,   26.8349071778  
/REPLO  
KPLOT   
/VIEW,  1, -0.616191715566    , -0.478265031099    ,  0.625755806762
/ANG,   1,   7.85341470327  
/REPLO  
VPLOT   
/PNUM,KP,1  
/PNUM,LINE,1
/PNUM,AREA,1
/PNUM,VOLU,1
/PNUM,NODE,0
/PNUM,TABN,0
/PNUM,SVAL,0
/NUMBER,0   
!*  
/PNUM,ELEM,0
/REPLOT 
!*  
/VIEW,  1, -0.577171523192    , -0.644625199003    ,  0.501329617742
/ANG,   1,   10.4697577211  
/REPLO  
/VIEW,  1,  0.372805689911E-01, -0.819525784544    ,  0.571828337566
/ANG,   1,  -32.9370137789  
/REPLO  
/VIEW,  1, -0.189175997764    , -0.721478571944    ,  0.666093921378
/ANG,   1,  -17.4660607093  
/REPLO  
/VIEW,  1, -0.653301132222    , -0.591405030544    ,  0.472691993252
/ANG,   1,   9.67510128147  
/REPLO  
/VIEW,  1, -0.501906708235    , -0.483120394715    , -0.717415040572
/ANG,   1,   64.4037803899  
/REPLO  
/VIEW,  1, -0.391243369787E-02,  0.159805075061    , -0.987140836379
/ANG,   1,   75.4270166428  
/REPLO  
/VIEW,  1, -0.257428827605    , -0.538607116135    , -0.802267270407
/ANG,   1,   72.3527922254  
/REPLO  
/VIEW,  1, -0.364646280435    , -0.792312901028    ,  0.489155759478
/ANG,   1,  -32.6281561372  
/REPLO  
/VIEW,  1, -0.524630236215    , -0.637830813495    ,  0.563857223600
/ANG,   1,  -28.0895106498  
/REPLO  
APLOT   
/DIST, 1 ,0.924021,1
/REP,FAST   
/DIST, 1 ,0.924021,1
/REP,FAST   
/DIST, 1 ,0.924021,1
/REP,FAST   
/DIST, 1 ,0.924021,1
/REP,FAST   
/DIST, 1 ,1.082226,1
/REP,FAST   
/DIST, 1 ,1.082226,1
/REP,FAST   
/DIST, 1 ,1.082226,1
/REP,FAST   
SAVE
FLST,2,1,5,ORDE,1   
FITEM,2,13  
FLST,8,2,3  
FITEM,8,79  
FITEM,8,80  
VROTAT,P51X, , , , , ,P51X, ,360, , 
/VIEW,  1, -0.476645405929    , -0.631287005038    ,  0.611789076624
/ANG,   1,  -31.4195694913  
/REPLO  
/VIEW,  1, -0.686527974513    , -0.412843625586    ,  0.598531102804
/ANG,   1,  -25.7096513533  
/REPLO  
/VIEW,  1, -0.133467722727    , -0.873380780222    ,  0.468393402738
/ANG,   1,  -48.2112044726  
/REPLO  
/VIEW,  1, -0.178475572933    , -0.341787863765    ,  0.922674116928
/ANG,   1,  -54.9190639706  
/REPLO  
/VIEW,  1, -0.363832562777    , -0.917365868891    ,  0.161448842849
/ANG,   1,  -16.2805731115  
/REPLO  
SAVE,'latest_good4','db','B:\KPI\TERM6\ANSYSWORK\LAB4\' 
/VIEW,  1, -0.377553115169    , -0.854214709443    , -0.357450521608
/ANG,   1,   44.9061979348  
/REPLO  
/VIEW,  1, -0.465814957010    , -0.663413521283    ,  0.585575721495
/ANG,   1,  -34.7458686529  
/REPLO  
/VIEW,  1, -0.664855865434    , -0.508779780850    ,  0.546909327766
/ANG,   1,  -27.4841430776  
/REPLO  
/VIEW,  1, -0.713719043480    , -0.689491310366    ,  0.123316097504
/ANG,   1,  -9.63742704292  
/REPLO  
/VIEW,  1, -0.747796467063    , -0.569938141466    ,  0.340545090628
/ANG,   1,  -18.9858410015  
/REPLO  
/VIEW,  1, -0.796563384237    , -0.601838310621    , -0.572487795643E-01
/ANG,   1,  -2.26695194293  
/REPLO  
/AUTO,1 
/REP,FAST   
/USER,  1   
/VIEW,  1, -0.840940742086    , -0.160172308331    , -0.516878612388
/ANG,   1,   11.5487972516  
/REPLO  
/VIEW,  1, -0.866369344178    , -0.747397545257E-01, -0.493779433109
/ANG,   1,   10.1234518337  
/REPLO  
/FOC,   1, -0.568541645839E-02,  0.464351832462E-03,  0.594051614112E-01
/REPLO  
/ZOOM,1,RECT,0.469559,-0.2494 ,0.0761708274032 ,0.224862007499  
LSTR,      27,      23  
!*  
LFILLT,128,29,0.002, ,  
/VIEW,  1, -0.886920870270    , -0.387937027337    , -0.250751336390
/ANG,   1,   7.57151213396  
/REPLO  
APLOT   
LPLOT   
/DIST, 1 ,0.924021,1
/REP,FAST   
/DIST, 1 ,0.924021,1
/REP,FAST   
/DIST, 1 ,0.924021,1
/REP,FAST   
/DIST, 1 ,0.924021,1
/REP,FAST   
/DIST, 1 ,0.924021,1
/REP,FAST   
/DIST, 1 ,0.924021,1
/REP,FAST   
/DIST, 1 ,0.924021,1
/REP,FAST   
/DIST, 1 ,0.924021,1
/REP,FAST   
/DIST, 1 ,0.924021,1
/REP,FAST   
/DIST, 1 ,0.924021,1
/REP,FAST   
/DIST, 1 ,0.924021,1
/REP,FAST   
/DIST, 1 ,1.082226,1
/REP,FAST   
LSTR,      90,      23  
FLST,2,3,4  
FITEM,2,129 
FITEM,2,130 
FITEM,2,131 
AL,P51X 
SAVE
/DIST, 1 ,1.082226,1
/REP,FAST   
/DIST, 1 ,1.082226,1
/REP,FAST   
/DIST, 1 ,1.082226,1
/REP,FAST   
/DIST, 1 ,1.082226,1
/REP,FAST   
/DIST, 1 ,1.082226,1
/REP,FAST   
/DIST, 1 ,1.082226,1
/REP,FAST   
/DIST, 1 ,1.082226,1
/REP,FAST   
/DIST, 1 ,1.082226,1
/REP,FAST   
/DIST, 1 ,1.082226,1
/REP,FAST   
/DIST, 1 ,1.082226,1
/REP,FAST   
/DIST, 1 ,1.082226,1
/REP,FAST   
/DIST, 1 ,1.082226,1
/REP,FAST   
/DIST, 1 ,1.082226,1
/REP,FAST   
/DIST, 1 ,1.082226,1
/REP,FAST   
/DIST, 1 ,1.082226,1
/REP,FAST   
/DIST, 1 ,1.082226,1
/REP,FAST   
/DIST, 1 ,1.082226,1
/REP,FAST   
/DIST, 1 ,1.082226,1
/REP,FAST   
/DIST, 1 ,1.082226,1
/REP,FAST   
/DIST, 1 ,1.082226,1
/REP,FAST   
/DIST, 1 ,1.082226,1
/REP,FAST   
/DIST, 1 ,1.082226,1
/REP,FAST   
/DIST, 1 ,1.082226,1
/REP,FAST   
/DIST, 1 ,1.082226,1
/REP,FAST   
/DIST, 1 ,1.082226,1
/REP,FAST   
/DIST, 1 ,1.082226,1
/REP,FAST   
/DIST, 1 ,1.082226,1
/REP,FAST   
/DIST, 1 ,1.082226,1
/REP,FAST   
/DIST, 1 ,1.082226,1
/REP,FAST   
/DIST, 1 ,1.082226,1
/REP,FAST   
/DIST, 1 ,1.082226,1
/REP,FAST   
/DIST, 1 ,0.924021,1
/REP,FAST   
/DIST, 1 ,0.924021,1
/REP,FAST   
/DIST, 1 ,0.924021,1
/REP,FAST   
alist, all  
APLOT   
/DIST, 1 ,0.924021,1
/REP,FAST   
/DIST, 1 ,0.924021,1
/REP,FAST   
/DIST, 1 ,0.924021,1
/REP,FAST   
/DIST, 1 ,0.924021,1
/REP,FAST   
/DIST, 1 ,0.924021,1
/REP,FAST   
/DIST, 1 ,0.924021,1
/REP,FAST   
/DIST, 1 ,0.924021,1
/REP,FAST   
/DIST, 1 ,0.924021,1
/REP,FAST   
/DIST, 1 ,0.924021,1
/REP,FAST   
/DIST, 1 ,0.924021,1
/REP,FAST   
/DIST, 1 ,0.924021,1
/REP,FAST   
/DIST, 1 ,0.924021,1
/REP,FAST   
/DIST, 1 ,0.924021,1
/REP,FAST   
/DIST, 1 ,0.924021,1
/REP,FAST   
/DIST, 1 ,0.924021,1
/REP,FAST   
/DIST, 1 ,0.924021,1
/REP,FAST   
/DIST, 1 ,0.924021,1
/REP,FAST   
/DIST, 1 ,0.924021,1
/REP,FAST   
/DIST, 1 ,0.924021,1
/REP,FAST   
/DIST, 1 ,0.924021,1
/REP,FAST   
/DIST, 1 ,0.924021,1
/REP,FAST   
FLST,2,1,5,ORDE,1   
FITEM,2,52  
/DIST, 1 ,1.082226,1
/REP,FAST   
/DIST, 1 ,1.082226,1
/REP,FAST   
/DIST, 1 ,1.082226,1
/REP,FAST   
/DIST, 1 ,1.082226,1
/REP,FAST   
/DIST, 1 ,1.082226,1
/REP,FAST   
/DIST, 1 ,1.082226,1
/REP,FAST   
/DIST, 1 ,1.082226,1
/REP,FAST   
/DIST, 1 ,1.082226,1
/REP,FAST   
/DIST, 1 ,1.082226,1
/REP,FAST   
/DIST, 1 ,1.082226,1
/REP,FAST   
/DIST, 1 ,1.082226,1
/REP,FAST   
/DIST, 1 ,1.082226,1
/REP,FAST   
/DIST, 1 ,1.082226,1
/REP,FAST   
/DIST, 1 ,1.082226,1
/REP,FAST   
/DIST, 1 ,1.082226,1
/REP,FAST   
/DIST, 1 ,1.082226,1
/REP,FAST   
/VIEW,  1, -0.782264957278    , -0.609050617789    , -0.130839143937
/ANG,   1,   7.51617471491  
/REPLO  
/VIEW,  1, -0.547035680600    , -0.417699134017    ,  0.725451168303
/ANG,   1,  -27.9499123055  
/REPLO  
/VIEW,  1, -0.212377264012    , -0.594209404475    , -0.775764836381
/ANG,   1,   27.7117623576  
/REPLO  
FLST,2,1,5,ORDE,1   
FITEM,2,52  
FLST,8,2,3  
FITEM,8,79  
FITEM,8,80  
VROTAT,P51X, , , , , ,P51X, ,360, , 
SAVE
/VIEW,  1, -0.674203341383    , -0.717255202147    , -0.176053484659
/ANG,   1,  -14.3692478051  
/REPLO  
/VIEW,  1, -0.801294876799    , -0.593478853165    ,  0.755603815654E-01
/ANG,   1,  -27.5833581568  
/REPLO  
/VIEW,  1, -0.880150671688    , -0.441160020883    , -0.175250195727
/ANG,   1,  -19.5466943906  
/REPLO  
/VIEW,  1, -0.958962232994    , -0.257906877103    ,  0.117794220714
/ANG,   1,  -26.1900337990  
/REPLO  
/VIEW,  1, -0.852523961313    , -0.299204272170    , -0.428578696277
/ANG,   1,  -17.8978896837  
/REPLO  
/VIEW,  1, -0.663354058705    , -0.958268174803E-01, -0.742144604408
/ANG,   1,  -13.8568766306  
/REPLO  
/VIEW,  1, -0.519701536674E-01,  0.121732040408    , -0.991201499931
/ANG,   1,  -15.8191380744  
/REPLO  
/VIEW,  1, -0.490751748571    ,  0.322751106447    , -0.809317270643
/ANG,   1,  -9.01868944892  
/REPLO  
/VIEW,  1, -0.859605027947    ,  0.194468501478    , -0.472505235802
/ANG,   1, -0.797501424543  
/REPLO  
/VIEW,  1, -0.935025717832    ,  0.259899048001E-03,  0.354579806878
/ANG,   1,   5.68481293297  
/REPLO  
/VIEW,  1, -0.905391637591    , -0.192859880134    , -0.378247338675
/ANG,   1,   6.99215384900  
/REPLO  
/VIEW,  1, -0.360871018779    ,  0.701316048355E-01, -0.929975088811
/ANG,   1,   9.14751239943  
/REPLO  
/VIEW,  1, -0.724194554975    ,  0.214926240304    , -0.655247249344
/ANG,   1,   13.1756806838  
/REPLO  
/VIEW,  1, -0.823414838958E-01,  0.424854271420    , -0.901509139214
/ANG,   1,  -1.06059175817  
/REPLO  
/VIEW,  1,  0.187614431185    , -0.520299436590    , -0.833120232317
/ANG,   1,  -6.78887554276  
/REPLO  
/VIEW,  1, -0.222136147465    ,  0.336331899479    , -0.915170140128
/ANG,   1,  -11.1798779150  
/REPLO  
/VIEW,  1, -0.391088388033    ,  0.518115743571    , -0.760661520658
/ANG,   1,  -5.39581870542  
/REPLO  
SAVE,'latest_good5','db','B:\KPI\TERM6\ANSYSWORK\LAB4\' 
FLST,2,9,6,ORDE,2   
FITEM,2,1   
FITEM,2,-9  
VADD,P51X   
/VIEW,  1, -0.459845565658    ,  0.504675662987    , -0.730646652585
/ANG,   1,  -2.82809470162  
/REPLO  
/VIEW,  1, -0.782707276953    ,  0.446210891814    , -0.433895331424
/ANG,   1,   11.5425609287  
/REPLO  
/VIEW,  1, -0.995909210610    ,  0.834049182574E-01, -0.347629664068E-01
/ANG,   1,   19.6240809639  
/REPLO  
/VIEW,  1, -0.684401418157E-01,  0.124310420419    , -0.989880228292
/ANG,   1,   10.0956884368  
/REPLO  
/VIEW,  1, -0.984841388483    ,  0.249919683765E-01, -0.171647432393
/ANG,   1,   19.4655304145  
/REPLO  
/VIEW,  1, -0.830381720088    ,  0.476783466447    , -0.288346536422
/ANG,   1,   14.0789641798  
/REPLO  
/VIEW,  1, -0.450199693846    ,  0.765361243968    , -0.459937389100
/ANG,   1,  -2.81376817300  
/REPLO  
/VIEW,  1, -0.506682730762    ,  0.858142360142    , -0.828510716777E-01
/ANG,   1,   26.8142844748  
/REPLO  
/VIEW,  1, -0.850102517394    ,  0.220725726975E-01,  0.526154455892
/ANG,   1,   55.9875475534  
/REPLO  
/VIEW,  1, -0.559011322906    ,  0.219396813498    , -0.799607015408
/ANG,   1,   38.4483637995  
/REPLO  
/VIEW,  1, -0.555670207016E-01, -0.750883315352E-01, -0.995627464807
/ANG,   1,  -26.7541589449  
/REPLO  
/VIEW,  1, -0.444706725015    ,  0.375300868652    , -0.813255917111
/ANG,   1,  -22.6828762442  
/REPLO  
/VIEW,  1, -0.789652960735    ,  0.575476671967    , -0.212778762155
/ANG,   1,   1.77109157624  
/REPLO  
/VIEW,  1, -0.620480142841    ,  0.440056832982    ,  0.649118152639
/ANG,   1,   36.7089593077  
/REPLO  
/VIEW,  1, -0.703663624366    ,  0.656659420015    ,  0.271396222983
/ANG,   1,   22.3242614264  
/REPLO  
/AUTO,1 
/REP,FAST   
/USER,  1   
/VIEW,  1, -0.326126253538    ,  0.301281226943    ,  0.896030852730
/ANG,   1,   48.5214001345  
/REPLO  
/VIEW,  1, -0.782262151634    ,  0.440697085650    ,  0.440286275985
/ANG,   1,   33.0541755858  
/REPLO  
/VIEW,  1, -0.776134898782    ,  0.611237007669    , -0.154932047519
/ANG,   1,   9.99643258317  
/REPLO  
SAVE
FINISH  
! /EXIT,ALL 
