/BATCH  
/COM,ANSYS RELEASE 2022 R2           BUILD 22.2      UP20220516       22:14:16
/input,menust,tmp,''
/GRA,POWER
/GST,ON
/PLO,INFO,3
/GRO,CURL,ON
/CPLANE,1   
/REPLOT,RESIZE  
WPSTYLE,,,,,,,,0
/REPLOT,RESIZE  
/PREP7  
FINISH  
/SOL
/Units, Si  
*AFUN,DEG   
SAVE
FINISH  
/PREP7  
K, ,0,0,0,  
K, ,0.03,0,0,   
K, ,0.0345,0.003,0, 
K, ,0.0285,0.007,0, 
K, ,0.015,0.004,0,  
LSTR,       1,       2  
LSTR,       1,       5  
FLST,3,4,3  
FITEM,3,2   
FITEM,3,3   
FITEM,3,4   
FITEM,3,5   
BSPLIN, ,P51X   
SAVE
SAVE,'save1','db','B:\KPI\term6\AnsysWork\lab6\'
FLST,3,3,4,ORDE,2   
FITEM,3,1   
FITEM,3,-3  
LGEN,2,P51X, , , , ,0.15, ,1
/USER,  1   
/VIEW,  1,  0.209397644731E-01,  0.366399051960E-01,  0.999109124976
/ANG,   1,  0.204348765885E-01  
/REPLO  
/PNUM,KP,1  
/PNUM,LINE,1
/PNUM,AREA,1
/PNUM,VOLU,1
/PNUM,NODE,0
/PNUM,TABN,0
/PNUM,SVAL,0
/NUMBER,0   
!*  
/PNUM,ELEM,0
/REPLOT 
!*  
SAVE
SAVE,'save2','db','B:\KPI\term6\AnsysWork\lab6\'
FLST,2,3,4,ORDE,2   
FITEM,2,4   
FITEM,2,-6  
/REPLOT,RESIZE  
FLST,2,3,4,ORDE,2   
FITEM,2,4   
FITEM,2,-6  
LSSCALE,P51X, , ,1/2,1/2,1, ,1,1
/REPLOT 
SAVE
FLST,2,3,4  
FITEM,2,1   
FITEM,2,2   
FITEM,2,3   
AL,P51X 
FLST,2,3,4  
FITEM,2,4   
FITEM,2,5   
FITEM,2,6   
AL,P51X 
SAVE,'save3','db','B:\KPI\term6\AnsysWork\lab6\'
SAVE
FLST,2,2,4  
FITEM,2,1   
FITEM,2,4   
ASKIN,P51X  
APLOT   
FLST,2,2,4  
FITEM,2,2   
FITEM,2,5   
ASKIN,P51X  
FLST,2,2,4  
FITEM,2,3   
FITEM,2,6   
ASKIN,P51X  
SAVE
SAVE,'save4','db','B:\KPI\term6\AnsysWork\lab6\'
FLST,2,5,5,ORDE,2   
FITEM,2,1   
FITEM,2,-5  
VA,P51X 
SAVE
wpoff,0, 0, 0.11
wpro,,,-30.000000   
SAVE,'save5','db','B:\KPI\term6\AnsysWork\lab6\'
BOPTN,KEEP,0
BOPTN,NWARN,0   
BOPTN,VERS,RV52 
BTOL,1e-05, 
!*  
VSBW,       1   
SAVE
SAVE,'save6','db','B:\KPI\term6\AnsysWork\lab6\'
/REPLOT 
/ZOOM,1,RECT,0.100897,-0.652747 ,0.124068993207 ,-0.714524170194
/AUTO,1 
/REP,FAST   
/USER,  1   
/VIEW,  1, -0.941105794126E-01,  0.989579204238E-01,  0.990631378883
/ANG,   1, -0.436139045076  
/REPLO  
/VIEW,  1, -0.467565376543    ,  0.143264277357    ,  0.872271726867
/ANG,   1,  -3.51447004033  
/REPLO  
/VIEW,  1, -0.466765937097    ,  0.248222970610    , -0.848831500845
/ANG,   1,  -29.3820009738  
/REPLO  
/AUTO,1 
/REP,FAST   
/USER,  1   
/VIEW,  1, -0.373868159623    ,  0.505013663908    , -0.777935600475
/ANG,   1,  -30.2307561678  
/REPLO  
/VIEW,  1, -0.445290694683    ,  0.658495431539    , -0.606712422710
/ANG,   1,  -24.0063539865  
/REPLO  
/VIEW,  1, -0.284295247189    ,  0.547006360724    , -0.787375548105
/ANG,   1,  -34.0972092276  
/REPLO  
VDELE,       3, , ,1
WPCSYS,-1,0 
/REPLOT 
SAVE
SAVE,'save7','db','B:\KPI\term6\AnsysWork\lab6\'
wpoff,0, 0, -0.015  
wpro,-30.000000,,   
wpro,30.000000,,
wpro,,,30.000000
wpro,,,-30.000000   
wpro,,,90.000000
SAVE
SAVE,'save7','db','B:\KPI\term6\AnsysWork\lab6\'
CYLIND,0.035/2,0,0,0.065,90,270,
/DIST, 1 ,1.082226,1
/REP,FAST   
/DIST, 1 ,1.082226,1
/REP,FAST   
/DIST, 1 ,1.082226,1
/REP,FAST   
/DIST, 1 ,1.082226,1
/REP,FAST   
/DIST, 1 ,1.082226,1
/REP,FAST   
/DIST, 1 ,1.082226,1
/REP,FAST   
/DIST, 1 ,1.082226,1
/REP,FAST   
/DIST, 1 ,0.924021,1
/REP,FAST   
/DIST, 1 ,0.924021,1
/REP,FAST   
/DIST, 1 ,0.924021,1
/REP,FAST   
SAVE
SAVE,'save8','db','B:\KPI\term6\AnsysWork\lab6\'
/DIST, 1 ,1.082226,1
/REP,FAST   
/DIST, 1 ,1.082226,1
/REP,FAST   
/DIST, 1 ,1.082226,1
/REP,FAST   
/DIST, 1 ,1.082226,1
/REP,FAST   
CONE,0.015/2,0.035/2,-0.12,0,90,270,
SAVE
SAVE,'save9','db','B:\KPI\term6\AnsysWork\lab6\'
FLST,2,1,5,ORDE,1   
FITEM,2,10  
FLST,2,1,5,ORDE,1   
FITEM,2,10  
/VIEW,  1, -0.522058251337    ,  0.655084976881    , -0.546185733314
/ANG,   1,  -19.7475276378  
/REPLO  
/VIEW,  1, -0.431009560727    ,  0.762768561106    , -0.482094265419
/ANG,   1,  -21.0533140905  
/REPLO  
FLST,8,2,3  
FITEM,8,14  
FITEM,8,6   
VROTAT,P51X, , , , , ,P51X, ,90,1,  
/VIEW,  1, -0.380141289394    ,  0.428780518392    , -0.819536373290
/ANG,   1,  -31.6461570016  
/REPLO  
/VIEW,  1, -0.556416496161    ,  0.627073450404    , -0.545141789444
/ANG,   1,  -20.5931737623  
/REPLO  
RESUME  
/COM,ANSYS RELEASE 2022 R2           BUILD 22.2      UP20220516       22:37:00
/VIEW,  1, -0.444849724769    ,  0.694465507629    , -0.565531945239
/ANG,   1,  -22.0025508049  
/REPLO  
FLST,2,1,5,ORDE,1   
FITEM,2,10  
FLST,8,2,3  
FITEM,8,14  
FITEM,8,6   
VROTAT,P51X, , , , , ,P51X, ,-90,1, 
SAVE
FLST,2,1,5,ORDE,1   
FITEM,2,5   
FLST,8,2,3  
FITEM,8,14  
FITEM,8,6   
VROTAT,P51X, , , , , ,P51X, ,90,1,  
SAVE
SAVE
/REPLOT,RESIZE  
SAVE
/DIST, 1 ,1.082226,1
/REP,FAST   
/DIST, 1 ,1.082226,1
/REP,FAST   
/DIST, 1 ,1.082226,1
/REP,FAST   
/DIST, 1 ,1.082226,1
/REP,FAST   
/DIST, 1 ,1.082226,1
/REP,FAST   
/DIST, 1 ,1.082226,1
/REP,FAST   
/DIST, 1 ,1.082226,1
/REP,FAST   
/DIST, 1 ,1.082226,1
/REP,FAST   
/DIST, 1 ,0.924021,1
/REP,FAST   
/DIST, 1 ,0.924021,1
/REP,FAST   
/DIST, 1 ,0.924021,1
/REP,FAST   
/DIST, 1 ,0.924021,1
/REP,FAST   
/DIST, 1 ,0.924021,1
/REP,FAST   
/DIST, 1 ,0.924021,1
/REP,FAST   
/DIST, 1 ,0.924021,1
/REP,FAST   
/DIST, 1 ,0.924021,1
/REP,FAST   
FLST,2,1,5,ORDE,1   
FITEM,2,15  
/DIST, 1 ,1.082226,1
/REP,FAST   
/DIST, 1 ,1.082226,1
/REP,FAST   
/DIST, 1 ,1.082226,1
/REP,FAST   
/DIST, 1 ,1.082226,1
/REP,FAST   
/DIST, 1 ,1.082226,1
/REP,FAST   
/DIST, 1 ,1.082226,1
/REP,FAST   
/DIST, 1 ,1.082226,1
/REP,FAST   
/FOC,   1, -0.521322806960E-01, -0.323254694771E-01,  0.854354455363E-01
/REPLO  
/VIEW,  1, -0.913099921355    ,  0.267976454131    , -0.307306286385
/ANG,   1,  -9.35314298418  
/REPLO  
/VIEW,  1, -0.301882626760    ,  0.335812056405    , -0.892242759810
/ANG,   1,  -37.3462188582  
/REPLO  
FLST,8,2,3  
FITEM,8,6   
FITEM,8,15  
VROTAT,P51X, , , , , ,P51X, ,-90,1, 
FLST,2,1,5,ORDE,1   
FITEM,2,14  
/VIEW,  1, -0.607331409893    ,  0.669352744122    , -0.427919925329
/ANG,   1,  -16.7805303894  
/REPLO  
/VIEW,  1, -0.896033747184    ,  0.329665451937    , -0.297395719045
/ANG,   1,  -8.17227770203  
/REPLO  
/VIEW,  1, -0.976442686753    ,  0.214512643765    , -0.233239179976E-01
/ANG,   1,  -3.24034143903  
/REPLO  
/VIEW,  1, -0.204621213817    ,  0.428341407538    , -0.880144191280
/ANG,   1,  -38.3464634232  
/REPLO  
FLST,8,2,3  
FITEM,8,6   
FITEM,8,15  
VROTAT,P51X, , , , , ,P51X, ,90,1,  
SAVE
SAVE
SAVE
FLST,2,6,6,ORDE,3   
FITEM,2,1   
FITEM,2,3   
FITEM,2,-7  
VADD,P51X   
SAVE,'save10','db','B:\KPI\term6\AnsysWork\lab6\'   
RESUME,'save8','db','B:\KPI\term6\AnsysWork\lab6\',0,0  
/COM,ANSYS RELEASE 2022 R2           BUILD 22.2      UP20220516       00:04:10
/REPLOT,RESIZE  
/DIST, 1 ,1.082226,1
/REP,FAST   
/DIST, 1 ,1.082226,1
/REP,FAST   
/DIST, 1 ,1.082226,1
/REP,FAST   
/DIST, 1 ,1.082226,1
/REP,FAST   
RESUME,'save9','db','B:\KPI\term6\AnsysWork\lab6\',0,0  
/COM,ANSYS RELEASE 2022 R2           BUILD 22.2      UP20220516       00:04:20
/DIST, 1 ,1.082226,1
/REP,FAST   
/DIST, 1 ,1.082226,1
/REP,FAST   
/DIST, 1 ,1.082226,1
/REP,FAST   
/DIST, 1 ,1.082226,1
/REP,FAST   
/DIST, 1 ,1.082226,1
/REP,FAST   
/DIST, 1 ,1.082226,1
/REP,FAST   
/DIST, 1 ,1.082226,1
/REP,FAST   
/DIST, 1 ,0.924021,1
/REP,FAST   
/DIST, 1 ,0.924021,1
/REP,FAST   
/DIST, 1 ,0.924021,1
/REP,FAST   
/DIST, 1 ,0.924021,1
/REP,FAST   
/VIEW,  1,  0.607115381490    ,  0.534904424651    , -0.587612261655
/ANG,   1,  -72.7094198855  
/REPLO  
FLST,2,1,5,ORDE,1   
FITEM,2,3   
FLST,8,2,3  
FITEM,8,12  
FITEM,8,13  
VROTAT,P51X, , , , , ,P51X, ,90,1,  
RESUME,'save8','db','B:\KPI\term6\AnsysWork\lab6\',0,0  
/COM,ANSYS RELEASE 2022 R2           BUILD 22.2      UP20220516       00:05:44
RESUME,'save9','db','B:\KPI\term6\AnsysWork\lab6\',0,0  
/COM,ANSYS RELEASE 2022 R2           BUILD 22.2      UP20220516       00:05:48
/VIEW,  1,  0.721981551850    ,  0.558844139693    , -0.407965520993
/ANG,   1,  -83.2391884280  
/REPLO  
FLST,2,1,5,ORDE,1   
FITEM,2,3   
FLST,8,2,3  
FITEM,8,12  
FITEM,8,13  
VROTAT,P51X, , , , , ,P51X, ,-90,1, 
/VIEW,  1, -0.922152123266    ,  0.118610890197    , -0.368194131244
/ANG,   1,  -7.54890912272  
/REPLO  
/VIEW,  1, -0.836458311238    ,  0.264926507835    , -0.479741012430
/ANG,   1,  -9.21180903437  
/REPLO  
FLST,2,1,5,ORDE,1   
FITEM,2,11  
FLST,8,2,3  
FITEM,8,16  
FITEM,8,17  
VROTAT,P51X, , , , , ,P51X, ,90,1,  
/VIEW,  1, -0.662508144370    ,  0.595901306598    , -0.453855253840
/ANG,   1,  -11.2902318791  
/REPLO  
/VIEW,  1, -0.473169875706    ,  0.653943332673    , -0.590312109292
/ANG,   1,  -21.8527310077  
/REPLO  
/DIST, 1 ,1.082226,1
/REP,FAST   
/DIST, 1 ,1.082226,1
/REP,FAST   
/DIST, 1 ,1.082226,1
/REP,FAST   
/DIST, 1 ,1.082226,1
/REP,FAST   
/DIST, 1 ,1.082226,1
/REP,FAST   
/DIST, 1 ,1.082226,1
/REP,FAST   
/DIST, 1 ,1.082226,1
/REP,FAST   
SAVE,'save10','db','B:\KPI\term6\AnsysWork\lab6\'   
FLST,2,4,6,ORDE,3   
FITEM,2,1   
FITEM,2,3   
FITEM,2,-5  
VADD,P51X   
DSYS,0  
/REPLOT 
WPCSYS,-1,0 
/REPLOT 
SAVE,'save11','db','B:\KPI\term6\AnsysWork\lab6\'   
wpro,,,-90.000000   
wpro,,,90.000000
wpro,,,90.000000
VSBW,       6   
/VIEW,  1, -0.633474310020    ,  0.771247252933    ,  0.623536156704E-01
/ANG,   1,   21.1550945323  
/REPLO  
/VIEW,  1, -0.561910354531    ,  0.753119356889    ,  0.342151995099
/ANG,   1,   40.9369632139  
/REPLO  
/VIEW,  1,  0.165970194320    ,  0.171537436216    ,  0.971096700939
/ANG,   1,   53.5451038742  
/REPLO  
/VIEW,  1,  0.201873134949    ,  0.659355117927    ,  0.724222387012
/ANG,   1,   47.3532875191  
/REPLO  
/VIEW,  1,  0.310494086431    ,  0.927499811269    ,  0.208176661485
/ANG,   1,   73.4495030881  
/REPLO  
/VIEW,  1,  0.117537928972    ,  0.993026155315    ,  0.915915457450E-02
/ANG,   1,   102.054740217  
/REPLO  
/DIST, 1 ,0.924021,1
/REP,FAST   
/DIST, 1 ,0.924021,1
/REP,FAST   
/DIST, 1 ,0.924021,1
/REP,FAST   
/DIST, 1 ,0.924021,1
/REP,FAST   
/DIST, 1 ,0.924021,1
/REP,FAST   
/DIST, 1 ,0.924021,1
/REP,FAST   
/DIST, 1 ,0.924021,1
/REP,FAST   
/DIST, 1 ,0.924021,1
/REP,FAST   
/DIST, 1 ,0.924021,1
/REP,FAST   
/DIST, 1 ,0.924021,1
/REP,FAST   
/DIST, 1 ,0.924021,1
/REP,FAST   
/ZOOM,1,RECT,-0.35869,-0.0156645 ,-0.339379274763 ,0.0654186585742  
/AUTO,1 
/REP,FAST   
/USER,  1   
/VIEW,  1, -0.911709650711    ,  0.366258610775    ,  0.186118625705
/ANG,   1,  -15.9053300378  
/REPLO  
/DIST, 1 ,0.924021,1
/REP,FAST   
/DIST, 1 ,0.924021,1
/REP,FAST   
/DIST, 1 ,0.924021,1
/REP,FAST   
/DIST, 1 ,0.924021,1
/REP,FAST   
/DIST, 1 ,0.924021,1
/REP,FAST   
/DIST, 1 ,0.924021,1
/REP,FAST   
/DIST, 1 ,0.924021,1
/REP,FAST   
/DIST, 1 ,0.924021,1
/REP,FAST   
/DIST, 1 ,0.924021,1
/REP,FAST   
/DIST, 1 ,0.924021,1
/REP,FAST   
/DIST, 1 ,0.924021,1
/REP,FAST   
/VIEW,  1, -0.669301280315    ,  0.105652099973    ,  0.735440976517
/ANG,   1,   3.81921562773  
/REPLO  
/DIST, 1 ,0.924021,1
/REP,FAST   
/DIST, 1 ,0.924021,1
/REP,FAST   
/DIST, 1 ,0.924021,1
/REP,FAST   
/DIST, 1 ,0.924021,1
/REP,FAST   
/DIST, 1 ,0.924021,1
/REP,FAST   
/DIST, 1 ,0.924021,1
/REP,FAST   
/DIST, 1 ,0.924021,1
/REP,FAST   
/VIEW,  1, -0.775364245763    ,  0.378188878317    ,  0.505750391704
/ANG,   1, -0.127577094102  
/REPLO  
/DIST, 1 ,1.082226,1
/REP,FAST   
/DIST, 1 ,1.082226,1
/REP,FAST   
/DIST, 1 ,1.082226,1
/REP,FAST   
/DIST, 1 ,1.082226,1
/REP,FAST   
/DIST, 1 ,1.082226,1
/REP,FAST   
/FOC,   1, -0.247501783796E-01,  0.120666900096E-01,  0.409433822882E-01
/REPLO  
/FOC,   1, -0.258079962445E-01,  0.170286826019E-01,  0.356111776910E-01
/REPLO  
/VIEW,  1, -0.858661109897    ,  0.508585164224    ,  0.635785268890E-01
/ANG,   1,  -19.8270779688  
/REPLO  
/VIEW,  1, -0.897803518384    ,  0.642340549554E-01,  0.435686617377
/ANG,   1,  -10.8428101026  
/REPLO  
/VIEW,  1, -0.928259690251    ,  0.322598457163    , -0.185105869412
/ANG,   1,  -28.1449266763  
/REPLO  
/VIEW,  1, -0.796651610001    ,  0.589765923147    ,  0.132372082318
/ANG,   1,  -18.4459771489  
/REPLO  
/VIEW,  1, -0.445259111238    ,  0.607555499616    ,  0.657739035443
/ANG,   1,   12.0633893653  
/REPLO  
RESUME,'save11','db','B:\KPI\term6\AnsysWork\lab6\',0,0 
/COM,ANSYS RELEASE 2022 R2           BUILD 22.2      UP20220516       00:14:21
/VIEW,  1, -0.593211821541    ,  0.758155933178    ,  0.270738463781
/ANG,   1,   34.5638313065  
/REPLO  
/VIEW,  1, -0.365077447569    ,  0.871163569723    ,  0.328317669436
/ANG,   1,   49.1464473343  
/REPLO  
/DIST, 1 ,0.924021,1
/REP,FAST   
/DIST, 1 ,0.924021,1
/REP,FAST   
/DIST, 1 ,0.924021,1
/REP,FAST   
/DIST, 1 ,0.924021,1
/REP,FAST   
/DIST, 1 ,0.924021,1
/REP,FAST   
/DIST, 1 ,0.924021,1
/REP,FAST   
/DIST, 1 ,0.924021,1
/REP,FAST   
/DIST, 1 ,0.924021,1
/REP,FAST   
VSBW,       6   
/VIEW,  1, -0.207618715436    ,  0.305346932188    ,  0.929331867529
/ANG,   1,   72.6195462497  
/REPLO  
/VIEW,  1, -0.980209921784E-01,  0.472545546052    ,  0.875838222504
/ANG,   1,   74.9550895323  
/REPLO  
/VIEW,  1,  0.530410300414E-01,  0.815373548363    ,  0.576500325899
/ANG,   1,   81.1007015343  
/REPLO  
/VIEW,  1, -0.166000950325    ,  0.983150000232    , -0.765490792512E-01
/ANG,   1,  -36.7513478402  
/REPLO  
/VIEW,  1,  0.323255025194E-02,  0.845698241650    ,  0.533651604222
/ANG,   1,   75.7326403366  
/REPLO  
VDELE,       1, , ,1
/VIEW,  1, -0.878900776097E-02,  0.555393389423    ,  0.831541301637
/ANG,   1,   75.5403821285  
/REPLO  
/VIEW,  1, -0.415833848021    ,  0.687996297150    ,  0.594763235203
/ANG,   1,   51.3522207916  
/REPLO  
/VIEW,  1, -0.802678963655    ,  0.524383092551    ,  0.284128234346
/ANG,   1,   27.5987876239  
/REPLO  
/VIEW,  1, -0.936730990491    ,  0.318857299133    ,  0.144447479189
/ANG,   1,   22.5623630200  
/REPLO  
/VIEW,  1, -0.484107897684    ,  0.459911736888    ,  0.744392865141
/ANG,   1,   40.4063732278  
/REPLO  
/VIEW,  1, -0.649003795658E-01,  0.560861543104    ,  0.825361902561
/ANG,   1,   54.4144124803  
/REPLO  
/VIEW,  1, -0.621626044106    ,  0.781045698981    , -0.595707763315E-01
/ANG,   1,  -17.9871748103  
/REPLO  
/VIEW,  1, -0.303515399167    ,  0.803123847872    ,  0.512708969541
/ANG,   1,   35.2292843328  
/REPLO  
SAVE,'save12','db','B:\KPI\term6\AnsysWork\lab6\'   
SAVE
/DIST, 1 ,1.082226,1
/REP,FAST   
/DIST, 1 ,1.082226,1
/REP,FAST   
/DIST, 1 ,1.082226,1
/REP,FAST   
/DIST, 1 ,1.082226,1
/REP,FAST   
/DIST, 1 ,1.082226,1
/REP,FAST   
/VIEW,  1, -0.641433278879    ,  0.169658271748E-01, -0.766991205591
/ANG,   1,  -31.7381249824  
/REPLO  
/ZOOM,1,RECT,0.572069,-0.0195256 ,0.772896568364 ,-0.455830261642   
wplane,-1,0,0,0,1,0,0,0,1,0 
wplane,-1,0,0,0,1,0,0,0,1,0 
wpstyle,0.05,0.01,-1,1,0.003,0,2,,5 
wpstyle,0.05,0.01,-1,1,0.003,1,2,,5 
wpstyle,0.05,0.001,-1,1,0.003,1,2,,5
wpstyle,0.05,0.001,-1,0.01,0.003,1,2,,5 
wpstyle,0.05,0.001,-1,0.01,0.003,1,2,,5 
WPSTYLE,,,,,,,,0
WPSTYLE,,,,,,,,1
WPSTYL, STAT
wpstyle,0.015,0.001,-1,0.01,0.003,1,2,,5
wpstyle,0.005,0.001,-1,0.01,0.003,1,2,,5
wpstyle,0.005,0.001,-1,0.01,0.003,1,2,,5
wpstyle,0.005,0.001,-1,0.01,0.003,1,2,,5
wpstyle,0.005,0.001,-1,0.01,0.003,1,2,,0.5  
wpstyle,0.005,0.001,-1,0.01,0.003,1,2,,0.05 
wpstyle,0.005,0.001,-1,0.01,0.003,0,2,,0.05 
wpstyle,0.005,0.001,-1,0.01,0.003,0,2,,0.05 
WPSTYLE,,,,,,,,0
WPSTYLE,,,,,,,,1
/DIST, 1 ,1.082226,1
/REP,FAST   
/DIST, 1 ,1.082226,1
/REP,FAST   
/DIST, 1 ,1.082226,1
/REP,FAST   
/DIST, 1 ,0.924021,1
/REP,FAST   
/DIST, 1 ,0.924021,1
/REP,FAST   
/DIST, 1 ,0.924021,1
/REP,FAST   
/DIST, 1 ,1.082226,1
/REP,FAST   
/DIST, 1 ,1.082226,1
/REP,FAST   
/DIST, 1 ,1.082226,1
/REP,FAST   
/DIST, 1 ,1.082226,1
/REP,FAST   
/DIST, 1 ,0.924021,1
/REP,FAST   
/DIST, 1 ,0.924021,1
/REP,FAST   
SAVE
/DIST, 1 ,1.082226,1
/REP,FAST   
/DIST, 1 ,1.082226,1
/REP,FAST   
/DIST, 1 ,1.082226,1
/REP,FAST   
/DIST, 1 ,1.082226,1
/REP,FAST   
/DIST, 1 ,1.082226,1
/REP,FAST   
/DIST, 1 ,1.082226,1
/REP,FAST   
/DIST, 1 ,1.082226,1
/REP,FAST   
/DIST, 1 ,1.082226,1
/REP,FAST   
/DIST, 1 ,1.082226,1
/REP,FAST   
/DIST, 1 ,1.082226,1
/REP,FAST   
/DIST, 1 ,1.082226,1
/REP,FAST   
/DIST, 1 ,1.082226,1
/REP,FAST   
/DIST, 1 ,1.082226,1
/REP,FAST   
/DIST, 1 ,1.082226,1
/REP,FAST   
/DIST, 1 ,1.082226,1
/REP,FAST   
/DIST, 1 ,1.082226,1
/REP,FAST   
/DIST, 1 ,1.082226,1
/REP,FAST   
/DIST, 1 ,0.924021,1
/REP,FAST   
/DIST, 1 ,0.924021,1
/REP,FAST   
/DIST, 1 ,0.924021,1
/REP,FAST   
/DIST, 1 ,0.924021,1
/REP,FAST   
/DIST, 1 ,0.924021,1
/REP,FAST   
/DIST, 1 ,0.924021,1
/REP,FAST   
KWPAVE,      15 
/DIST, 1 ,0.924021,1
/REP,FAST   
/DIST, 1 ,0.924021,1
/REP,FAST   
/DIST, 1 ,0.924021,1
/REP,FAST   
/DIST, 1 ,0.924021,1
/REP,FAST   
/DIST, 1 ,0.924021,1
/REP,FAST   
/DIST, 1 ,0.924021,1
/REP,FAST   
/DIST, 1 ,0.924021,1
/REP,FAST   
/DIST, 1 ,0.924021,1
/REP,FAST   
/DIST, 1 ,0.924021,1
/REP,FAST   
/DIST, 1 ,0.924021,1
/REP,FAST   
/DIST, 1 ,0.924021,1
/REP,FAST   
/DIST, 1 ,0.924021,1
/REP,FAST   
/DIST, 1 ,0.924021,1
/REP,FAST   
/DIST, 1 ,0.924021,1
/REP,FAST   
/DIST, 1 ,1.082226,1
/REP,FAST   
/DIST, 1 ,1.082226,1
/REP,FAST   
/DIST, 1 ,1.082226,1
/REP,FAST   
/VIEW,  1, -0.914325994470    ,  0.383465606786    , -0.130238643453
/ANG,   1,  -20.1974955252  
/REPLO  
/AUTO,1 
/REP,FAST   
/ZOOM,1,RECT,0.0854483,-0.343858 ,-0.374137894861 ,-0.386330405613  
/AUTO,1 
/REP,FAST   
/USER,  1   
/VIEW,  1, -0.681239466095    ,  0.509920999353    ,  0.525255522820
/ANG,   1,   1.41244656035  
/REPLO  
/VIEW,  1, -0.874439161954    ,  0.473117119009    ,  0.107314228979
/ANG,   1,  -14.0692363117  
/REPLO  
/FOC,   1, -0.290641165166E-01, -0.475010619439E-02,  0.208711165279E-01
/REPLO  
/FOC,   1, -0.377054805820E-01, -0.150233612367E-01, -0.425038272383E-02
/REPLO  
/ZOOM,1,RECT,-0.130828,-0.0272478 ,0.247655197999 ,-0.432663642966  
/VIEW,  1, -0.738738912933    ,  0.312768616402    , -0.597026474382
/ANG,   1,  -33.4629702582  
/REPLO  
/AUTO,1 
/REP,FAST   
/ZOOM,1,RECT,-0.0111034,-0.170109 ,0.37896554059 ,-0.536913427009   
SAVE
wpro,,-90.000000,   
SAVE
BLC4,0,0,0.025,0.05,0.003   
/VIEW,  1, -0.692062223974    ,  0.485330614902    , -0.534325811080
/ANG,   1,  -32.9944992474  
/REPLO  
/VIEW,  1, -0.658776845441    ,  0.326714524904    , -0.677695128452
/ANG,   1,  -36.4303893060  
/REPLO  
/DIST, 1 ,1.082226,1
/REP,FAST   
/DIST, 1 ,1.082226,1
/REP,FAST   
/DIST, 1 ,1.082226,1
/REP,FAST   
/DIST, 1 ,1.082226,1
/REP,FAST   
/DIST, 1 ,1.082226,1
/REP,FAST   
/DIST, 1 ,1.082226,1
/REP,FAST   
/DIST, 1 ,1.082226,1
/REP,FAST   
/DIST, 1 ,1.082226,1
/REP,FAST   
/DIST, 1 ,1.082226,1
/REP,FAST   
/DIST, 1 ,1.082226,1
/REP,FAST   
/DIST, 1 ,1.082226,1
/REP,FAST   
/DIST, 1 ,1.082226,1
/REP,FAST   
/DIST, 1 ,1.082226,1
/REP,FAST   
/DIST, 1 ,1.082226,1
/REP,FAST   
/DIST, 1 ,1.082226,1
/REP,FAST   
/DIST, 1 ,1.082226,1
/REP,FAST   
/DIST, 1 ,1.082226,1
/REP,FAST   
/DIST, 1 ,1.082226,1
/REP,FAST   
/DIST, 1 ,1.082226,1
/REP,FAST   
/DIST, 1 ,1.082226,1
/REP,FAST   
/DIST, 1 ,1.082226,1
/REP,FAST   
/DIST, 1 ,1.082226,1
/REP,FAST   
RESUME  
/COM,ANSYS RELEASE 2022 R2           BUILD 22.2      UP20220516       00:22:32
wpro,,90.000000,
BLC4,0,0,0.025,0.05,0.003   
/VIEW,  1, -0.692132159594    ,  0.359298097904    , -0.625985583299
/ANG,   1,  -33.7288830121  
/REPLO  
/AUTO,1 
/REP,FAST   
/USER,  1   
/VIEW,  1, -0.301684073150    ,  0.156613652512    ,  0.940456742150
/ANG,   1,   7.20342737366  
/REPLO  
/VIEW,  1, -0.571987954208    ,  0.117220460941    , -0.811843053661
/ANG,   1,  -34.3079187879  
/REPLO  
/VIEW,  1, -0.777747016650    ,  0.626589955383    ,  0.499460299269E-01
/ANG,   1,  -4.19725022301  
/REPLO  
SAVE
SAVE,'save13','db','B:\KPI\TERM6\ANSYSWORK\LAB6\'   
/VIEW,  1, -0.751780592498    ,  0.431490479017    ,  0.498640057819
/ANG,   1,   12.2273305967  
/REPLO  
/VIEW,  1, -0.478716278552    , -0.285987266406    ,  0.830085542642
/ANG,   1,   16.0494369018  
/REPLO  
/VIEW,  1, -0.879106143073    , -0.384513326411    ,  0.281641422776
/ANG,   1,   26.3299947228  
/REPLO  
/VIEW,  1,  0.409192048950E-01,  0.768301775340    , -0.638778522400
/ANG,   1,  -38.1209755174  
/REPLO  
/VIEW,  1,  0.991585359425    ,  0.116607021157    ,  0.562252397974E-01
/ANG,   1,  -69.5826527353  
/REPLO  
/VIEW,  1, -0.362967335303E-01,  0.755485354666    , -0.654159327703
/ANG,   1,  -8.06951398695  
/REPLO  
/VIEW,  1, -0.997712367562    , -0.589423229185E-01,  0.331033862847E-01
/ANG,   1,   36.3345768201  
/REPLO  
/VIEW,  1, -0.833613649954    ,  0.431469888921    ,  0.344850717796
/ANG,   1,   40.4694800400  
/REPLO  
FLST,2,2,6,ORDE,2   
FITEM,2,1   
FITEM,2,3   
VADD,P51X   
/VIEW,  1, -0.607412173556    ,  0.370756940880    , -0.702559422544
/ANG,   1,   6.62494651353  
/REPLO  
/DIST, 1 ,0.924021,1
/REP,FAST   
/DIST, 1 ,0.924021,1
/REP,FAST   
/DIST, 1 ,0.924021,1
/REP,FAST   
/DIST, 1 ,0.924021,1
/REP,FAST   
/DIST, 1 ,0.924021,1
/REP,FAST   
/DIST, 1 ,0.924021,1
/REP,FAST   
/DIST, 1 ,0.924021,1
/REP,FAST   
/DIST, 1 ,0.924021,1
/REP,FAST   
/DIST, 1 ,0.924021,1
/REP,FAST   
/DIST, 1 ,1.082226,1
/REP,FAST   
/DIST, 1 ,1.082226,1
/REP,FAST   
/DIST, 1 ,1.082226,1
/REP,FAST   
/DIST, 1 ,1.082226,1
/REP,FAST   
SAVE
!*  
KBETW,22,24,0,DIST,0.0125,  
/DIST, 1 ,0.924021,1
/REP,FAST   
/DIST, 1 ,0.924021,1
/REP,FAST   
/DIST, 1 ,0.924021,1
/REP,FAST   
/DIST, 1 ,0.924021,1
/REP,FAST   
/DIST, 1 ,0.924021,1
/REP,FAST   
/DIST, 1 ,0.924021,1
/REP,FAST   
/DIST, 1 ,0.924021,1
/REP,FAST   
/DIST, 1 ,0.924021,1
/REP,FAST   
/DIST, 1 ,0.924021,1
/REP,FAST   
/DIST, 1 ,0.924021,1
/REP,FAST   
/DIST, 1 ,0.924021,1
/REP,FAST   
/DIST, 1 ,0.924021,1
/REP,FAST   
/DIST, 1 ,0.924021,1
/REP,FAST   
/DIST, 1 ,0.924021,1
/REP,FAST   
/DIST, 1 ,0.924021,1
/REP,FAST   
/DIST, 1 ,1.082226,1
/REP,FAST   
/DIST, 1 ,1.082226,1
/REP,FAST   
/DIST, 1 ,1.082226,1
/REP,FAST   
/DIST, 1 ,1.082226,1
/REP,FAST   
/DIST, 1 ,1.082226,1
/REP,FAST   
/DIST, 1 ,1.082226,1
/REP,FAST   
/DIST, 1 ,1.082226,1
/REP,FAST   
SAVE
/ZOOM,1,RECT,0.475517,-0.17397 ,1.23634483633 ,-0.768579613772  
/DIST, 1 ,1.082226,1
/REP,FAST   
/DIST, 1 ,1.082226,1
/REP,FAST   
/DIST, 1 ,1.082226,1
/REP,FAST   
/DIST, 1 ,1.082226,1
/REP,FAST   
KPLOT   
/DIST, 1 ,1.082226,1
/REP,FAST   
/DIST, 1 ,1.082226,1
/REP,FAST   
/DIST, 1 ,1.082226,1
/REP,FAST   
/DIST, 1 ,1.082226,1
/REP,FAST   
/DIST, 1 ,1.082226,1
/REP,FAST   
/DIST, 1 ,1.082226,1
/REP,FAST   
/DIST, 1 ,0.924021,1
/REP,FAST   
/DIST, 1 ,0.924021,1
/REP,FAST   
/DIST, 1 ,0.924021,1
/REP,FAST   
/DIST, 1 ,1.082226,1
/REP,FAST   
/DIST, 1 ,1.082226,1
/REP,FAST   
/DIST, 1 ,1.082226,1
/REP,FAST   
/DIST, 1 ,1.082226,1
/REP,FAST   
/DIST, 1 ,1.082226,1
/REP,FAST   
/DIST, 1 ,0.924021,1
/REP,FAST   
/DIST, 1 ,0.924021,1
/REP,FAST   
/DIST, 1 ,0.924021,1
/REP,FAST   
/DIST, 1 ,0.924021,1
/REP,FAST   
/DIST, 1 ,1.082226,1
/REP,FAST   
/DIST, 1 ,1.082226,1
/REP,FAST   
/DIST, 1 ,1.082226,1
/REP,FAST   
/DIST, 1 ,1.082226,1
/REP,FAST   
/DIST, 1 ,1.082226,1
/REP,FAST   
/DIST, 1 ,1.082226,1
/REP,FAST   
/DIST, 1 ,1.082226,1
/REP,FAST   
/DIST, 1 ,1.082226,1
/REP,FAST   
/DIST, 1 ,1.082226,1
/REP,FAST   
/DIST, 1 ,1.082226,1
/REP,FAST   
/DIST, 1 ,0.924021,1
/REP,FAST   
/DIST, 1 ,0.924021,1
/REP,FAST   
/DIST, 1 ,0.924021,1
/REP,FAST   
/DIST, 1 ,0.924021,1
/REP,FAST   
/DIST, 1 ,0.924021,1
/REP,FAST   
/DIST, 1 ,0.924021,1
/REP,FAST   
LPLOT   
/DIST, 1 ,0.924021,1
/REP,FAST   
/DIST, 1 ,0.924021,1
/REP,FAST   
/DIST, 1 ,0.924021,1
/REP,FAST   
/DIST, 1 ,0.924021,1
/REP,FAST   
/DIST, 1 ,0.924021,1
/REP,FAST   
/DIST, 1 ,0.924021,1
/REP,FAST   
/DIST, 1 ,1.082226,1
/REP,FAST   
/DIST, 1 ,1.082226,1
/REP,FAST   
/DIST, 1 ,1.082226,1
/REP,FAST   
/DIST, 1 ,1.082226,1
/REP,FAST   
/DIST, 1 ,1.082226,1
/REP,FAST   
/DIST, 1 ,1.082226,1
/REP,FAST   
/DIST, 1 ,0.924021,1
/REP,FAST   
/DIST, 1 ,0.924021,1
/REP,FAST   
/DIST, 1 ,0.924021,1
/REP,FAST   
/DIST, 1 ,0.924021,1
/REP,FAST   
/DIST, 1 ,0.924021,1
/REP,FAST   
/DIST, 1 ,0.924021,1
/REP,FAST   
/DIST, 1 ,1.082226,1
/REP,FAST   
/DIST, 1 ,1.082226,1
/REP,FAST   
/DIST, 1 ,1.082226,1
/REP,FAST   
/DIST, 1 ,1.082226,1
/REP,FAST   
/DIST, 1 ,1.082226,1
/REP,FAST   
L,      15,      31 
/DIST, 1 ,0.924021,1
/REP,FAST   
/DIST, 1 ,0.924021,1
/REP,FAST   
/DIST, 1 ,0.924021,1
/REP,FAST   
L,      24,      15 
FLST,2,3,4  
FITEM,2,54  
FITEM,2,19  
FITEM,2,6   
AL,P51X 
/VIEW,  1, -0.958000148534    ,  0.242266938479    ,  0.153435478064
/ANG,   1,   27.1231176184  
/REPLO  
/VIEW,  1, -0.896178608725    ,  0.425703304069    , -0.125062377111
/ANG,   1,   20.8176296212  
/REPLO  
/AUTO,1 
/REP,FAST   
/DIST, 1 ,0.924021,1
/REP,FAST   
/DIST, 1 ,0.924021,1
/REP,FAST   
/DIST, 1 ,0.924021,1
/REP,FAST   
/DIST, 1 ,0.924021,1
/REP,FAST   
/DIST, 1 ,0.924021,1
/REP,FAST   
/DIST, 1 ,0.924021,1
/REP,FAST   
/DIST, 1 ,0.924021,1
/REP,FAST   
/DIST, 1 ,0.924021,1
/REP,FAST   
/DIST, 1 ,0.924021,1
/REP,FAST   
/USER,  1   
/VIEW,  1, -0.776736463656    ,  0.220579687170    , -0.589936494578
/ANG,   1,   10.9843564093  
/REPLO  
/VIEW,  1, -0.726855001315    ,  0.412053020812    , -0.549448919467
/ANG,   1,   11.1111521102  
/REPLO  
/DIST, 1 ,0.924021,1
/REP,FAST   
/DIST, 1 ,0.924021,1
/REP,FAST   
/DIST, 1 ,0.924021,1
/REP,FAST   
/DIST, 1 ,0.924021,1
/REP,FAST   
/DIST, 1 ,0.924021,1
/REP,FAST   
/DIST, 1 ,0.924021,1
/REP,FAST   
APLOT   
VDRAG,       2, , , , , ,      43   
/VIEW,  1, -0.375736169723    ,  0.237713980109    , -0.895720042437
/ANG,   1,  0.652461633421  
/REPLO  
/VIEW,  1, -0.558418430399    ,  0.284897108335    , -0.779103647953
/ANG,   1,   4.07830470267  
/REPLO  
/DIST, 1 ,1.082226,1
/REP,FAST   
/DIST, 1 ,1.082226,1
/REP,FAST   
/DIST, 1 ,1.082226,1
/REP,FAST   
SAVE
SAVE,'save14','db','B:\KPI\TERM6\ANSYSWORK\LAB6\'   
FLST,2,2,6,ORDE,2   
FITEM,2,1   
FITEM,2,4   
VSBV,       4,       1  
/DIST, 1 ,1.082226,1
/REP,FAST   
/DIST, 1 ,1.082226,1
/REP,FAST   
/DIST, 1 ,1.082226,1
/REP,FAST   
/DIST, 1 ,1.082226,1
/REP,FAST   
/DIST, 1 ,1.082226,1
/REP,FAST   
/DIST, 1 ,1.082226,1
/REP,FAST   
/DIST, 1 ,1.082226,1
/REP,FAST   
/DIST, 1 ,1.082226,1
/REP,FAST   
/DIST, 1 ,0.924021,1
/REP,FAST   
/DIST, 1 ,0.924021,1
/REP,FAST   
SAVE
SAVE,'save15','db','B:\KPI\TERM6\ANSYSWORK\LAB6\'   
/VIEW,  1, -0.942159998112    ,  0.228392516439    , -0.245298586200
/ANG,   1,   22.1027092706  
/REPLO  
/ZOOM,1,RECT,-0.474552,-0.552358 ,0.490965538683 ,-0.849662779139   
/DIST, 1 ,0.924021,1
/REP,FAST   
/DIST, 1 ,0.924021,1
/REP,FAST   
/DIST, 1 ,0.924021,1
/REP,FAST   
/DIST, 1 ,0.924021,1
/REP,FAST   
/DIST, 1 ,0.924021,1
/REP,FAST   
/DIST, 1 ,0.924021,1
/REP,FAST   
/DIST, 1 ,0.924021,1
/REP,FAST   
/DIST, 1 ,1.082226,1
/REP,FAST   
APLOT   
LPLOT   
/VIEW,  1, -0.680037976351    ,  0.457937501026    , -0.572574533029
/ANG,   1,   12.7933049413  
/REPLO  
/VIEW,  1, -0.921147641680    ,  0.269861495663    , -0.280467102144
/ANG,   1,   21.7836285010  
/REPLO  
/VIEW,  1, -0.944649549778    ,  0.203686357698    , -0.257194665172
/ANG,   1,   22.3445910301  
/REPLO  
FLST,2,4,4  
FITEM,2,47  
FITEM,2,57  
FITEM,2,53  
FITEM,2,58  
AL,P51X 
/VIEW,  1, -0.935475528809    ,  0.234214683876    , -0.264629962128
/ANG,   1,   21.7422783030  
/REPLO  
/DIST, 1 ,0.924021,1
/REP,FAST   
/DIST, 1 ,0.924021,1
/REP,FAST   
/DIST, 1 ,0.924021,1
/REP,FAST   
/DIST, 1 ,0.924021,1
/REP,FAST   
/DIST, 1 ,1.082226,1
/REP,FAST   
/DIST, 1 ,0.924021,1
/REP,FAST   
/DIST, 1 ,0.924021,1
/REP,FAST   
/DIST, 1 ,0.924021,1
/REP,FAST   
/DIST, 1 ,0.924021,1
/REP,FAST   
/DIST, 1 ,0.924021,1
/REP,FAST   
/DIST, 1 ,0.924021,1
/REP,FAST   
/DIST, 1 ,0.924021,1
/REP,FAST   
/DIST, 1 ,1.082226,1
/REP,FAST   
/DIST, 1 ,0.924021,1
/REP,FAST   
/DIST, 1 ,1.082226,1
/REP,FAST   
/DIST, 1 ,1.082226,1
/REP,FAST   
/DIST, 1 ,1.082226,1
/REP,FAST   
/DIST, 1 ,1.082226,1
/REP,FAST   
/DIST, 1 ,1.082226,1
/REP,FAST   
/DIST, 1 ,1.082226,1
/REP,FAST   
/DIST, 1 ,1.082226,1
/REP,FAST   
/DIST, 1 ,1.082226,1
/REP,FAST   
/DIST, 1 ,1.082226,1
/REP,FAST   
/DIST, 1 ,1.082226,1
/REP,FAST   
/DIST, 1 ,1.082226,1
/REP,FAST   
/DIST, 1 ,1.082226,1
/REP,FAST   
/DIST, 1 ,1.082226,1
/REP,FAST   
/DIST, 1 ,1.082226,1
/REP,FAST   
/DIST, 1 ,1.082226,1
/REP,FAST   
/DIST, 1 ,1.082226,1
/REP,FAST   
/DIST, 1 ,1.082226,1
/REP,FAST   
/DIST, 1 ,1.082226,1
/REP,FAST   
/DIST, 1 ,1.082226,1
/REP,FAST   
/DIST, 1 ,1.082226,1
/REP,FAST   
/DIST, 1 ,1.082226,1
/REP,FAST   
/DIST, 1 ,0.924021,1
/REP,FAST   
/DIST, 1 ,1.082226,1
/REP,FAST   
/DIST, 1 ,1.082226,1
/REP,FAST   
/DIST, 1 ,1.082226,1
/REP,FAST   
/DIST, 1 ,1.082226,1
/REP,FAST   
/DIST, 1 ,1.082226,1
/REP,FAST   
/DIST, 1 ,1.082226,1
/REP,FAST   
/DIST, 1 ,1.082226,1
/REP,FAST   
/DIST, 1 ,0.924021,1
/REP,FAST   
/DIST, 1 ,0.924021,1
/REP,FAST   
/DIST, 1 ,0.924021,1
/REP,FAST   
/DIST, 1 ,0.924021,1
/REP,FAST   
/VIEW,  1, -0.697648277374    ,  0.352999927489    , -0.623440399933
/ANG,   1,   13.4291748709  
/REPLO  
/DIST, 1 ,1.082226,1
/REP,FAST   
/DIST, 1 ,1.082226,1
/REP,FAST   
/DIST, 1 ,1.082226,1
/REP,FAST   
/DIST, 1 ,1.082226,1
/REP,FAST   
/DIST, 1 ,1.082226,1
/REP,FAST   
/DIST, 1 ,1.082226,1
/REP,FAST   
/DIST, 1 ,1.082226,1
/REP,FAST   
/DIST, 1 ,1.082226,1
/REP,FAST   
/DIST, 1 ,1.082226,1
/REP,FAST   
/DIST, 1 ,1.082226,1
/REP,FAST   
/DIST, 1 ,1.082226,1
/REP,FAST   
/DIST, 1 ,1.082226,1
/REP,FAST   
/DIST, 1 ,1.082226,1
/REP,FAST   
/DIST, 1 ,1.082226,1
/REP,FAST   
/AUTO,1 
/REP,FAST   
VPLOT   
/USER,  1   
/VIEW,  1, -0.875376641132E-01,  0.430146314953E-02, -0.996151923542
/ANG,   1,  -2.22792098859  
/REPLO  
/VIEW,  1, -0.758717430863    , -0.350856666796    ,  0.548860145637
/ANG,   1,   7.32099457923  
/REPLO  
/VIEW,  1, -0.401240359246    ,  0.439291539867    , -0.803759365179
/ANG,   1,  -45.2278397969  
/REPLO  
/ZOOM,1,RECT,0.100897,-0.231886 ,0.734275879367 ,-1.03113462544 
/VIEW,  1, -0.171934688249E-01, -0.583439564930    , -0.811974543138
/ANG,   1,  -48.4486266862  
/REPLO  
/AUTO,1 
/REP,FAST   
/ZOOM,1,RECT,0.332621,-0.467414 ,0.568206916678 ,-0.478996880318
/AUTO,1 
/REP,FAST   
/USER,  1   
/VIEW,  1,  0.384687467217    ,  0.182532695312    , -0.904818969578
/ANG,   1,  -16.6640427377  
/REPLO  
/ZOOM,1,RECT,0.668621,0.123335 ,1.30586207653 ,-0.50988570522   
/VIEW,  1, -0.588642548043    ,  0.140559477847    , -0.796079759710
/ANG,   1,  -13.0008432884  
/REPLO  
/VIEW,  1, -0.588642548043    ,  0.140559477847    , -0.796079759710
/ANG,   1,  -13.0008432884  
/LIG,   1,1, 1.000,   0.00000000000    ,   0.00000000000    ,   0.00000000000    ,   0.00000000000  
/REPLO  
/AUTO,1 
/REP,FAST   
/DIST, 1 ,0.924021,1
/REP,FAST   
/DIST, 1 ,0.924021,1
/REP,FAST   
/DIST, 1 ,0.924021,1
/REP,FAST   
/DIST, 1 ,0.924021,1
/REP,FAST   
/DIST, 1 ,0.924021,1
/REP,FAST   
/DIST, 1 ,1.082226,1
/REP,FAST   
/DIST, 1 ,1.082226,1
/REP,FAST   
/DIST, 1 ,1.082226,1
/REP,FAST   
RESUME  
/COM,ANSYS RELEASE 2022 R2           BUILD 22.2      UP20220516       00:38:21
/VIEW,  1, -0.839993148469    ,  0.223267734412    , -0.494533142767
/ANG,   1,   8.94520851803  
/REPLO  
/DIST, 1 ,0.924021,1
/REP,FAST   
/DIST, 1 ,0.924021,1
/REP,FAST   
/DIST, 1 ,0.924021,1
/REP,FAST   
/DIST, 1 ,0.924021,1
/REP,FAST   
/DIST, 1 ,0.924021,1
/REP,FAST   
/VIEW,  1, -0.847151341289    ,  0.206518889143    , -0.489575891338
/ANG,   1,   9.00689225103  
/REPLO  
LPLOT   
FLST,2,4,4  
FITEM,2,47  
FITEM,2,53  
FITEM,2,57  
FITEM,2,58  
AL,P51X 
RESUME  
/COM,ANSYS RELEASE 2022 R2           BUILD 22.2      UP20220516       00:39:09
/VIEW,  1, -0.908004409187    ,  0.248419362131    , -0.337365993269
/ANG,   1,   12.3413638064  
/REPLO  
LPLOT   
V,      31,      32,      16,      30   
/DIST, 1 ,0.924021,1
/REP,FAST   
/DIST, 1 ,0.924021,1
/REP,FAST   
/DIST, 1 ,0.924021,1
/REP,FAST   
/DIST, 1 ,0.924021,1
/REP,FAST   
/DIST, 1 ,0.924021,1
/REP,FAST   
/DIST, 1 ,0.924021,1
/REP,FAST   
/DIST, 1 ,1.082226,1
/REP,FAST   
/DIST, 1 ,1.082226,1
/REP,FAST   
/DIST, 1 ,1.082226,1
/REP,FAST   
/DIST, 1 ,0.924021,1
/REP,FAST   
/ZOOM,1,RECT,-0.517034,-0.563941 ,0.089310373109 ,-1.01182910987
LPLOT   
VPLOT   
LPLOT   
/VIEW,  1, -0.918006579929    ,  0.252054309181    , -0.306157711695
/ANG,   1,   13.0275929774  
/REPLO  
/DIST, 1 ,1.082226,1
/REP,FAST   
/DIST, 1 ,1.082226,1
/REP,FAST   
/DIST, 1 ,1.082226,1
/REP,FAST   
/DIST, 1 ,1.082226,1
/REP,FAST   
/DIST, 1 ,1.082226,1
/REP,FAST   
/DIST, 1 ,1.082226,1
/REP,FAST   
/DIST, 1 ,1.082226,1
/REP,FAST   
/DIST, 1 ,1.082226,1
/REP,FAST   
/DIST, 1 ,1.082226,1
/REP,FAST   
/DIST, 1 ,1.082226,1
/REP,FAST   
/DIST, 1 ,1.082226,1
/REP,FAST   
/DIST, 1 ,1.082226,1
/REP,FAST   
/VIEW,  1, -0.886202388176    ,  0.294126491036    , -0.357959403372
/ANG,   1,   11.4918277248  
/REPLO  
/DIST, 1 ,1.082226,1
/REP,FAST   
/DIST, 1 ,1.082226,1
/REP,FAST   
/DIST, 1 ,1.082226,1
/REP,FAST   
/DIST, 1 ,1.082226,1
/REP,FAST   
/DIST, 1 ,1.082226,1
/REP,FAST   
/DIST, 1 ,1.082226,1
/REP,FAST   
VPLOT   
RESUME  
/COM,ANSYS RELEASE 2022 R2           BUILD 22.2      UP20220516       00:44:57
/VIEW,  1, -0.794716502201    ,  0.357735658635    , -0.490357909766
/ANG,   1,   11.2906182979  
/REPLO  
/ZOOM,1,RECT,0.143379,-0.409497 ,0.575931054477 ,-0.930745944506
LPLOT   
FLST,2,4,4  
FITEM,2,58  
FITEM,2,57  
FITEM,2,47  
FITEM,2,53  
AL,P51X 
FLST,2,2,6,ORDE,2   
FITEM,2,2   
FITEM,2,-3  
VSBA,P51X,       2  
/VIEW,  1, -0.752804699401    ,  0.387585972591    , -0.532035899551
/ANG,   1,   9.93728560297  
/REPLO  
/VIEW,  1, -0.813147303651    ,  0.360343915161    , -0.457103626513
/ANG,   1,   12.1677653097  
/REPLO  
VPLOT   
/VIEW,  1, -0.520235898482    ,  0.430903483932    , -0.737344422550
/ANG,   1,   1.65642235286  
/REPLO  
/VIEW,  1, -0.678485771951    ,  0.393519631355    , -0.620321978490
/ANG,   1,   6.87049605575  
/REPLO  
/DIST, 1 ,1.082226,1
/REP,FAST   
/DIST, 1 ,1.082226,1
/REP,FAST   
/DIST, 1 ,1.082226,1
/REP,FAST   
/DIST, 1 ,1.082226,1
/REP,FAST   
/DIST, 1 ,1.082226,1
/REP,FAST   
/DIST, 1 ,1.082226,1
/REP,FAST   
/DIST, 1 ,1.082226,1
/REP,FAST   
/DIST, 1 ,1.082226,1
/REP,FAST   
/DIST, 1 ,1.082226,1
/REP,FAST   
/DIST, 1 ,1.082226,1
/REP,FAST   
/VIEW,  1, -0.922416704377    ,  0.348644909722    , -0.166114871133
/ANG,   1,   19.5119722734  
/REPLO  
/VIEW,  1, -0.843169199078    ,  0.281427004974    , -0.458109749511
/ANG,   1,   12.6506426079  
/REPLO  
/VIEW,  1, -0.890658148254    ,  0.409321575718    , -0.197949262693
/ANG,   1,   16.5475655926  
/REPLO  
/VIEW,  1, -0.890658148254    ,  0.409321575718    , -0.197949262693
/ANG,   1,   16.5475655926  
/LIG,   1,1, 1.000,   0.00000000000    ,   0.00000000000    ,   0.00000000000    ,   0.00000000000  
/REPLO  
/ZOOM,1,RECT,0.309448,-0.228025 ,0.463931056384 ,-0.127636497062
/FOC,   1, -0.995082581186E-02, -0.402172468516E-01,  0.534164969746E-01
/VIEW,  1, -0.890658148254    ,  0.409321575718    , -0.197949262693
/DIST,  1,  0.211039251731E-02  
/ANG,   1,   16.5475655926  
/LIG,   1,1, 1.000,   0.00000000000    ,   0.00000000000    ,   0.00000000000    ,   0.00000000000  
/REPLO  
/AUTO,1 
/REP,FAST   
/USER,  1   
/VIEW,  1, -0.767908357101    ,  0.219479221154    , -0.601785365870
/ANG,   1,   8.14609464752  
/REPLO  
/VIEW,  1, -0.366353821684    ,  0.190293322297    , -0.910809161585
/ANG,   1,   1.79340194879  
/REPLO  
/VIEW,  1, -0.716686951266    ,  0.418640752709    ,  0.557763152293
/ANG,   1,   18.4071938483  
/REPLO  
/VIEW,  1, -0.923123083088    ,  0.375199689907    , -0.840771441181E-01
/ANG,   1,   15.4883601143  
/REPLO  
/VIEW,  1, -0.435005078941    ,  0.193205890796    , -0.879455550359
/ANG,   1,  -5.19981771134  
/REPLO  
CSYS,4  
SAVE
SAVE,'save16','db','B:\KPI\TERM6\ANSYSWORK\LAB6\'   
/REPLOT 
CSYS,4  
/REPLOT 
FLST,3,3,6,ORDE,3   
FITEM,3,1   
FITEM,3,-2  
FITEM,3,4   
VSYMM,Z,P51X, , , ,1,0  
/VIEW,  1, -0.893429899743    ,  0.422117611561    ,  0.153622056538
/ANG,   1,   24.1819970680  
/REPLO  
/VIEW,  1, -0.813047056863    ,  0.563044161912    , -0.148107241765
/ANG,   1,   13.8095034083  
/REPLO  
/VIEW,  1, -0.112479924041    ,  0.416215783170    , -0.902281934058
/ANG,   1,  -27.3156703126  
/REPLO  
/VIEW,  1,  0.902025360420    , -0.222480366360    , -0.369936123871
/ANG,   1,  -35.9518857049  
/REPLO  
/VIEW,  1,  0.367795982751    ,  0.274459910559E-01, -0.929501389266
/ANG,   1,  -33.3136421684  
/REPLO  
/VIEW,  1,  0.996330791355    ,  0.470371585106E-01, -0.715014679389E-01
/ANG,   1,  -35.8754569418  
/REPLO  
/VIEW,  1,  0.537028556166    ,  0.609272496328    , -0.583427249175
/ANG,   1,  -17.8864984247  
/REPLO  
/VIEW,  1, -0.676444246994    ,  0.715329645147    ,  0.175290272069
/ANG,   1,   72.0422677711  
/REPLO  
SAVE
SAVE,'save17','db','B:\KPI\TERM6\ANSYSWORK\LAB6\'   
CSYS,0  
/VIEW,  1, -0.560060605375    ,  0.573753986153    , -0.597610643881
/ANG,   1,   29.6811084682  
/REPLO  
/VIEW,  1, -0.439707518090    ,  0.565123148625    , -0.698063840507
/ANG,   1, -0.876192422869E-01  
/REPLO  
FLST,2,2,6,ORDE,2   
FITEM,2,4   
FITEM,2,6   
VADD,P51X   
FLST,2,2,6,ORDE,2   
FITEM,2,1   
FITEM,2,3   
VADD,P51X   
SAVE
SAVE,'save18','db','B:\KPI\TERM6\ANSYSWORK\LAB6\'   
FLST,2,2,6,ORDE,2   
FITEM,2,4   
FITEM,2,7   
VGLUE,P51X  
FLST,2,2,6,ORDE,2   
FITEM,2,3   
FITEM,2,5   
VGLUE,P51X  
FLST,2,2,6,ORDE,2   
FITEM,2,2   
FITEM,2,4   
VGLUE,P51X  
/VIEW,  1, -0.431074876703    ,  0.552006437718    , -0.713767009180
/ANG,   1, -0.721473708845  
/REPLO  
SAVE
SAVE
/VIEW,  1, -0.782708451591    ,  0.373536997075    , -0.497832895281
/ANG,   1,   10.5645389216  
/REPLO  
/VIEW,  1, -0.549384878123    , -0.991207645537E-02, -0.835510626162
/ANG,   1,   6.99837328280  
/REPLO  
/VIEW,  1, -0.264156760971E-01,  0.428983948735    , -0.902925790851
/ANG,   1,  -1.36249911113  
/REPLO  
/VIEW,  1,  0.381646407204    ,  0.520424689219    , -0.763874441724
/ANG,   1,  -14.9969867956  
/REPLO  
vlist, all  
/VIEW,  1,  0.123925577233    , -0.221780678107    , -0.967189630903
/ANG,   1,  -29.7501714392  
/REPLO  
/VIEW,  1, -0.202496667300    ,  0.208992025802    , -0.956722233923
/ANG,   1,  -30.0593157173  
/REPLO  
/DIST, 1 ,1.082226,1
/REP,FAST   
/DIST, 1 ,1.082226,1
/REP,FAST   
/DIST, 1 ,1.082226,1
/REP,FAST   
/DIST, 1 ,1.082226,1
/REP,FAST   
/DIST, 1 ,1.082226,1
/REP,FAST   
/VIEW,  1, -0.266502579427    ,  0.630550330019    , -0.728959982764
/ANG,   1,  -27.5553776953  
/REPLO  
/PNUM,KP,0  
/PNUM,LINE,0
/PNUM,AREA,0
/PNUM,VOLU,0
/PNUM,NODE,0
/PNUM,TABN,0
/PNUM,SVAL,0
/NUMBER,0   
!*  
/PNUM,ELEM,0
/REPLOT 
!*  
/VIEW,  1,  0.359412537508    ,  0.155957914767    , -0.920054214002
/ANG,   1,  -44.6213954994  
/REPLO  
/VIEW,  1, -0.822405488821    ,  0.398855552656    , -0.405664220843
/ANG,   1,  -11.6641320328  
/REPLO  
/VIEW,  1,  0.858493544223    ,  0.521588840704E-01, -0.510164958950
/ANG,   1,  -14.8115220037  
/REPLO  
/VIEW,  1,  0.125183290238    ,  0.350485864144    , -0.928164211161
/ANG,   1,  -1.72869399477  
/REPLO  
/DIST,  1,  0.126369227684  
/ANG,   1,  -36.2286939948  
/REPLO  
/DIST,  1,  0.103062474320  
/ANG,   1,  -41.9286939948  
/REPLO  
/DIST,  1,  0.959874050246E-01  
/ANG,   1,  -11.0286939948  
/REPLO  
/FOC,   1, -0.925499373932E-02,  0.135604118718E-01,  0.541870842343E-01
/REPLO  
/VIEW,  1, -0.528246088598    ,  0.222137486689    , -0.819518765428
/ANG,   1,  -4.65596936002  
/REPLO  
/VIEW,  1,  0.417328576017    ,  0.949391852880E-01, -0.903782833836
/ANG,   1,  -24.2196913505  
/REPLO  
/VIEW,  1,  0.866788245906E-01,  0.243178545005    , -0.966100914303
/ANG,   1,  -23.1633612087  
/REPLO  
FINISH  
! /EXIT,ALL 
