/BATCH  
/COM,ANSYS RELEASE 2022 R2           BUILD 22.2      UP20220516       01:52:48
/input,menust,tmp,''
/GRA,POWER
/GST,ON
/PLO,INFO,3
/GRO,CURL,ON
/CPLANE,1   
/REPLOT,RESIZE  
WPSTYLE,,,,,,,,0
/REPLOT,RESIZE  
/FILNAME,LabWork8vol,1  
/BATCH  
/COM,ANSYS RELEASE 2022 R2           BUILD 22.2      UP20220516       01:53:27
/CLEAR,START
/COM,ANSYS RELEASE 2022 R2           BUILD 22.2      UP20220516       01:53:33
/input,start,ans,'B:\ANSYS Inc\ANSYS Student\v222\ANSYS\apdl\'  
/REPLOT,RESIZE  
RESUME,'LabWork3frm.db','bak','B:\KPI\term6\AnsysWork\lab8\',0,0
/COM,ANSYS RELEASE 2022 R2           BUILD 22.2      UP20220516       01:53:53
RESUME,'LabWork3frm','db','B:\KPI\term6\AnsysWork\lab8\',0,0
/COM,ANSYS RELEASE 2022 R2           BUILD 22.2      UP20220516       01:55:22
RESUME,'LabWork3frm.db','bak','B:\KPI\term6\AnsysWork\lab8\',0,0
/COM,ANSYS RELEASE 2022 R2           BUILD 22.2      UP20220516       01:55:36
RESUME,'LabWork3frm','db','B:\KPI\term6\AnsysWork\lab8\',0,0
/COM,ANSYS RELEASE 2022 R2           BUILD 22.2      UP20220516       01:57:02
/USER,  1   
/FOC,   1, -0.332130509727E-01, -0.146192307313E-01,   0.00000000000
/REPLO  
/VIEW,  1, -0.230780204686    , -0.346758486622    ,  0.909119931077
/ANG,   1,   1.79911860456  
/REPLO  
/VIEW,  1, -0.209458949081    , -0.933238439718    ,  0.291878336439
/ANG,   1,   15.3857312377  
/REPLO  
/VIEW,  1, -0.957964994857    , -0.285816275814    , -0.247411622351E-01
/ANG,   1,   53.5269197781  
/REPLO  
/VIEW,  1, -0.704398340724E-01, -0.450941737163    ,  0.889769509176
/ANG,   1,   13.9501902219  
/REPLO  
/PREP7  
FLST,2,1,5,ORDE,1   
FITEM,2,2   
VEXT,P51X, , ,0,0,0.0025,,,,
/VIEW,  1, -0.327290989255    , -0.916356132269    ,  0.230590648565
/ANG,   1,   50.0915246207  
/REPLO  
/VIEW,  1, -0.232640088510    , -0.960195115622    ,  0.154608955605
/ANG,   1,   50.9583224899  
/REPLO  
FLST,2,1,5,ORDE,1   
FITEM,2,1   
VEXT,P51X, , ,0,0,-0.0025,,,,   
/VIEW,  1, -0.577995513246    , -0.815848780300    ,  0.176622294702E-01
/ANG,   1,   79.3966500746  
/REPLO  
/DIST, 1 ,0.924021,1
/REP,FAST   
/DIST, 1 ,0.924021,1
/REP,FAST   
/DIST, 1 ,0.924021,1
/REP,FAST   
/DIST, 1 ,0.924021,1
/REP,FAST   
/DIST, 1 ,0.924021,1
/REP,FAST   
/DIST, 1 ,0.924021,1
/REP,FAST   
/DIST, 1 ,0.924021,1
/REP,FAST   
/DIST, 1 ,0.924021,1
/REP,FAST   
/DIST, 1 ,0.924021,1
/REP,FAST   
/DIST, 1 ,0.924021,1
/REP,FAST   
/DIST, 1 ,0.924021,1
/REP,FAST   
/DIST, 1 ,0.924021,1
/REP,FAST   
/DIST, 1 ,0.924021,1
/REP,FAST   
/DIST, 1 ,0.924021,1
/REP,FAST   
/DIST, 1 ,0.924021,1
/REP,FAST   
/DIST, 1 ,0.924021,1
/REP,FAST   
/DIST, 1 ,0.924021,1
/REP,FAST   
/DIST, 1 ,0.924021,1
/REP,FAST   
/DIST, 1 ,0.924021,1
/REP,FAST   
/DIST, 1 ,0.924021,1
/REP,FAST   
/VIEW,  1, -0.525652513703    , -0.814750298568    ,  0.244686300845
/ANG,   1,   60.3699261220  
/REPLO  
/VIEW,  1, -0.762235575489    , -0.642385886315    ,  0.796071637605E-01
/ANG,   1,   73.9821431194  
/REPLO  
/DIST, 1 ,1.082226,1
/REP,FAST   
/DIST, 1 ,1.082226,1
/REP,FAST   
/DIST, 1 ,1.082226,1
/REP,FAST   
/DIST, 1 ,1.082226,1
/REP,FAST   
/DIST, 1 ,1.082226,1
/REP,FAST   
/DIST, 1 ,1.082226,1
/REP,FAST   
/DIST, 1 ,1.082226,1
/REP,FAST   
/DIST, 1 ,1.082226,1
/REP,FAST   
/DIST, 1 ,1.082226,1
/REP,FAST   
RESUME,'LabWork3frm','db','B:\KPI\term6\AnsysWork\lab8\',0,0
/COM,ANSYS RELEASE 2022 R2           BUILD 22.2      UP20220516       01:58:10
FLST,2,1,5,ORDE,1   
FITEM,2,2   
VEXT,P51X, , ,0,0,-0.0025,,,,   
/USER,  1   
/VIEW,  1, -0.266286969352    , -0.842158893564    ,  0.468891936318
/ANG,   1,   16.4468004601  
/REPLO  
/VIEW,  1,  0.206172473829    , -0.976537491785    , -0.621887302796E-01
/ANG,   1,  -127.050882089  
/REPLO  
/VIEW,  1, -0.582635979933E-01, -0.993824541827    ,  0.944358682410E-01
/ANG,   1,   10.6685715479  
/REPLO  
/VIEW,  1, -0.590471169384    , -0.798525193216    ,  0.117052611784
/ANG,   1,   54.8026272574  
/REPLO  
/VIEW,  1, -0.186692626260    , -0.842161435516    ,  0.505875458813
/ANG,   1,   5.46031101878  
/REPLO  
/VIEW,  1, -0.269813828389    , -0.953586261155    ,  0.133692709400
/ANG,   1,   44.3969957656  
/REPLO  
/VIEW,  1, -0.178649370942    , -0.972585794720    , -0.148866632164
/ANG,   1,   108.490097626  
/REPLO  
/VIEW,  1, -0.571065265533E-01, -0.786855076124    ,  0.614489978602
/ANG,   1,  -17.4303058634  
/REPLO  
FLST,2,1,5,ORDE,1   
FITEM,2,1   
VEXT,P51X, , ,0,0,0.0025,,,,
/VIEW,  1, -0.563634287681    , -0.816449609680    , -0.125405042178
/ANG,   1,   64.0786173247  
/REPLO  
/VIEW,  1, -0.789975190053    , -0.610683523754    , -0.548163562887E-01
/ANG,   1,   57.6739861360  
/REPLO  
/DIST, 1 ,0.924021,1
/REP,FAST   
/DIST, 1 ,0.924021,1
/REP,FAST   
/DIST, 1 ,0.924021,1
/REP,FAST   
/DIST, 1 ,0.924021,1
/REP,FAST   
/DIST, 1 ,0.924021,1
/REP,FAST   
/DIST, 1 ,0.924021,1
/REP,FAST   
/DIST, 1 ,0.924021,1
/REP,FAST   
/DIST, 1 ,0.924021,1
/REP,FAST   
/DIST, 1 ,0.924021,1
/REP,FAST   
/DIST, 1 ,0.924021,1
/REP,FAST   
/DIST, 1 ,0.924021,1
/REP,FAST   
/DIST, 1 ,0.924021,1
/REP,FAST   
/DIST, 1 ,0.924021,1
/REP,FAST   
/DIST, 1 ,0.924021,1
/REP,FAST   
/DIST, 1 ,0.924021,1
/REP,FAST   
/DIST, 1 ,0.924021,1
/REP,FAST   
/DIST, 1 ,0.924021,1
/REP,FAST   
/DIST, 1 ,0.924021,1
/REP,FAST   
/VIEW,  1, -0.417233078068    , -0.801493068252    ,  0.428398669595
/ANG,   1,   21.4225217493  
/REPLO  
/VIEW,  1, -0.225071963003    , -0.941400790986    ,  0.251211389474
/ANG,   1,   18.8498099206  
/REPLO  
RESUME,'LabWork3frm','db','B:\KPI\term6\AnsysWork\lab8\',0,0
/COM,ANSYS RELEASE 2022 R2           BUILD 22.2      UP20220516       01:58:57
FLST,2,1,5,ORDE,1   
FITEM,2,2   
VEXT,P51X, , ,0,0,0.0025,,,,
FLST,2,1,5,ORDE,1   
FITEM,2,1   
VEXT,P51X, , ,0,0,0.0025,,,,
/USER,  1   
/VIEW,  1, -0.181529735947    , -0.775688893190    ,  0.604444948650
/ANG,   1,   6.83922460060  
/REPLO  
/VIEW,  1, -0.118575553695    , -0.986586529909    , -0.112191163053
/ANG,   1,   118.904893767  
/REPLO  
/VIEW,  1, -0.563816339785E-02, -0.978440694280    ,  0.206451008451
/ANG,   1,  -12.3811274764  
/REPLO  
/DIST, 1 ,0.924021,1
/REP,FAST   
/DIST, 1 ,0.924021,1
/REP,FAST   
/DIST, 1 ,0.924021,1
/REP,FAST   
/DIST, 1 ,0.924021,1
/REP,FAST   
/DIST, 1 ,0.924021,1
/REP,FAST   
/DIST, 1 ,0.924021,1
/REP,FAST   
/DIST, 1 ,0.924021,1
/REP,FAST   
/DIST, 1 ,0.924021,1
/REP,FAST   
/DIST, 1 ,0.924021,1
/REP,FAST   
/DIST, 1 ,0.924021,1
/REP,FAST   
/DIST, 1 ,0.924021,1
/REP,FAST   
/DIST, 1 ,0.924021,1
/REP,FAST   
/VIEW,  1, -0.877207353791E-01, -0.982577035426    , -0.163851890556
/ANG,   1,   136.960393133  
/REPLO  
/VIEW,  1, -0.976766361104E-01, -0.995207365738    , -0.464477537941E-02
/ANG,   1,   78.2636800607  
/REPLO  
/VIEW,  1,  0.211305055358E-01, -0.996592611037    ,  0.797287235753E-01
/ANG,   1,  -29.0372640616  
/REPLO  
/VIEW,  1, -0.253793971628    , -0.966979039065    ,  0.232412988769E-01
/ANG,   1,   69.8566466280  
/REPLO  
/VIEW,  1,  0.274046749226    , -0.957775253459    ,  0.869766813557E-01
/ANG,   1,  -85.7398348239  
/REPLO  
/VIEW,  1,  0.229972078812    , -0.962692526235    , -0.142604147552
/ANG,   1,  -133.757765862  
/REPLO  
/VIEW,  1,  0.774341984798E-01, -0.996035164972    , -0.437937786131E-01
/ANG,   1,  -131.747468954  
/REPLO  
/VIEW,  1,  0.918077689486E-01, -0.995692616303    ,  0.129440101933E-01
/ANG,   1,  -94.3819384600  
/REPLO  
/DIST, 1 ,1.082226,1
/REP,FAST   
/DIST, 1 ,1.082226,1
/REP,FAST   
/DIST, 1 ,1.082226,1
/REP,FAST   
/DIST, 1 ,1.082226,1
/REP,FAST   
/DIST, 1 ,1.082226,1
/REP,FAST   
/DIST, 1 ,1.082226,1
/REP,FAST   
/DIST, 1 ,1.082226,1
/REP,FAST   
/DIST, 1 ,1.082226,1
/REP,FAST   
/DIST, 1 ,1.082226,1
/REP,FAST   
/DIST, 1 ,1.082226,1
/REP,FAST   
/DIST, 1 ,1.082226,1
/REP,FAST   
/DIST, 1 ,0.924021,1
/REP,FAST   
/DIST, 1 ,0.924021,1
/REP,FAST   
/DIST, 1 ,0.924021,1
/REP,FAST   
/DIST, 1 ,0.924021,1
/REP,FAST   
/DIST, 1 ,0.924021,1
/REP,FAST   
/DIST, 1 ,0.924021,1
/REP,FAST   
SAVE,'part2_save1','db','B:\KPI\term6\AnsysWork\lab8\'  
/DIST, 1 ,1.082226,1
/REP,FAST   
/DIST, 1 ,1.082226,1
/REP,FAST   
/DIST, 1 ,1.082226,1
/REP,FAST   
/DIST, 1 ,1.082226,1
/REP,FAST   
/UNITS, si  
*AFUN,DEG   
!*  
/NOPR   
KEYW,PR_SET,1   
KEYW,PR_STRUC,1 
KEYW,PR_THERM,0 
KEYW,PR_FLUID,0 
KEYW,PR_ELMAG,0 
KEYW,MAGNOD,0   
KEYW,MAGEDG,0   
KEYW,MAGHFE,0   
KEYW,MAGELC,0   
KEYW,PR_MULTI,0 
/GO 
!*  
/COM,   
/COM,Preferences for GUI filtering have been set to display:
/COM,  Structural   
!*  
!*  
ET,1,SOLID186   
!*  
SAVE,'part2_save2','db','B:\KPI\term6\AnsysWork\lab8\'  
ESIZE,0.005,0,  
MSHKEY,0
MSHAPE,1,3d 
/VIEW,  1, -0.786648678566E-01, -0.557785003653    ,  0.826249192596
/ANG,   1,  -8.48379378158  
/REPLO  
CM,_Y,VOLU  
VSEL, , , ,       2 
CM,_Y1,VOLU 
CHKMSH,'VOLU'   
CMSEL,S,_Y  
!*  
VMESH,_Y1   
!*  
CMDELE,_Y   
CMDELE,_Y1  
CMDELE,_Y2  
!*  
/VIEW,  1, -0.384409301232    , -0.899959890744    ,  0.205673732351
/ANG,   1,   36.5455055579  
/REPLO  
/VIEW,  1, -0.386111382616    , -0.920371569035    , -0.619207164506E-01
/ANG,   1,   70.2897400521  
/REPLO  
/VIEW,  1, -0.138199253045    , -0.942092799856    ,  0.305552160716
/ANG,   1, -0.678379041059  
/REPLO  
/VIEW,  1,  0.519832027476    , -0.809033496714    ,  0.274298130517
/ANG,   1,  -80.2271785644  
/REPLO  
/VIEW,  1,  0.768591285537    , -0.609320790772    ,  0.194924625762
/ANG,   1,  -90.1498404105  
/REPLO  
/VIEW,  1, -0.516009928398    , -0.817557732487    ,  0.255603419080
/ANG,   1,   33.3410182225  
/REPLO  
/VIEW,  1, -0.173319877937    , -0.717620226508    ,  0.674523113331
/ANG,   1,  -4.70993442822  
/REPLO  
/VIEW,  1, -0.171866924487    , -0.630959221428    ,  0.756539636213
/ANG,   1,  -5.79095680282  
/REPLO  
FINISH  
/SOL
SAVE,'part2_save3','db','B:\KPI\term6\AnsysWork\lab8\'  
/VIEW,  1, -0.269707094126    , -0.913091180305    ,  0.305814616764
/ANG,   1,   18.8767118463  
/REPLO  
/VIEW,  1, -0.864674716980    , -0.421179384333    ,  0.273761867375
/ANG,   1,   41.1994112851  
/REPLO  
/VIEW,  1, -0.796049404294    , -0.313405657456    ,  0.517766588144
/ANG,   1,   35.3847631501  
/REPLO  
/VIEW,  1, -0.664362406690    , -0.172553476514    ,  0.727219286268
/ANG,   1,   31.6442995313  
/REPLO  
/VIEW,  1, -0.953938631448E-01, -0.768990868159    ,  0.632102092674
/ANG,   1,   14.3297184475  
/REPLO  
/VIEW,  1, -0.454189707251E-01, -0.915397541050    ,  0.399980573201
/ANG,   1,   12.5942257457  
/REPLO  
/VIEW,  1,  0.387590507976    , -0.895141189339    ,  0.220217731521
/ANG,   1,  -49.2058957369  
/REPLO  
/VIEW,  1,  0.128364948045E-02, -0.998665202586    , -0.516349241130E-01
/ANG,   1,  -167.840650586  
/REPLO  
/VIEW,  1, -0.127308750581    , -0.965609849609    , -0.226693847210
/ANG,   1,   161.586863348  
/REPLO  
/VIEW,  1, -0.778480770993E-01, -0.934264701182    ,  0.347978655980
/ANG,   1,   26.6957071416  
/REPLO  
/VIEW,  1,  0.268463691059    , -0.736192567383    ,  0.621246931833
/ANG,   1,  -4.25454965885  
/REPLO  
/VIEW,  1, -0.473172936510    , -0.590465759528    ,  0.653802385266
/ANG,   1,   36.5107260609  
/REPLO  
/VIEW,  1,  0.317467383969    , -0.633158090047    ,  0.705921591343
/ANG,   1, -0.801735989479  
/REPLO  
FLST,2,4,5,ORDE,2   
FITEM,2,48  
FITEM,2,-51 
!*  
/GO 
DA,P51X,ALL,
SAVE,'part2_save4','db','B:\KPI\term6\AnsysWork\lab8\'  
/FOC,   1, -0.486378179362E-01,  0.111923982818E-02,  0.141342835742E-01
/REPLO  
/FOC,   1, -0.175356803209E-01,  0.598349266194E-02,  0.450988149590E-02
/REPLO  
/VIEW,  1, -0.567642987231    , -0.563696369725    ,  0.600023201057
/ANG,   1,   35.6677106582  
/REPLO  
/DIST, 1 ,0.924021,1
/REP,FAST   
/DIST, 1 ,0.924021,1
/REP,FAST   
/DIST, 1 ,0.924021,1
/REP,FAST   
/DIST, 1 ,0.924021,1
/REP,FAST   
/DIST, 1 ,0.924021,1
/REP,FAST   
/DIST, 1 ,0.924021,1
/REP,FAST   
/DIST, 1 ,0.924021,1
/REP,FAST   
/DIST, 1 ,0.924021,1
/REP,FAST   
/DIST, 1 ,0.924021,1
/REP,FAST   
/DIST, 1 ,0.924021,1
/REP,FAST   
/FOC,   1, -0.106281411574E-01,  0.151803249013E-01,  0.196846898958E-01
/REPLO  
/FOC,   1, -0.812843196768E-03,  0.199371635867E-01,  0.334391542877E-01
/REPLO  
/DIST, 1 ,0.924021,1
/REP,FAST   
/DIST, 1 ,0.924021,1
/REP,FAST   
/DIST, 1 ,0.924021,1
/REP,FAST   
/DIST, 1 ,0.924021,1
/REP,FAST   
/DIST, 1 ,0.924021,1
/REP,FAST   
/DIST, 1 ,0.924021,1
/REP,FAST   
/DIST, 1 ,0.924021,1
/REP,FAST   
/DIST, 1 ,0.924021,1
/REP,FAST   
/DIST, 1 ,0.924021,1
/REP,FAST   
/DIST, 1 ,0.924021,1
/REP,FAST   
/DIST, 1 ,0.924021,1
/REP,FAST   
/FOC,   1,  0.415400220125E-02,  0.183472876385E-01,  0.366443431123E-01
/REPLO  
/FOC,   1,  0.600363630253E-02,  0.173825620420E-01,  0.374878430122E-01
/REPLO  
/DIST, 1 ,1.082226,1
/REP,FAST   
/DIST, 1 ,1.082226,1
/REP,FAST   
/DIST, 1 ,1.082226,1
/REP,FAST   
/DIST, 1 ,1.082226,1
/REP,FAST   
/DIST, 1 ,1.082226,1
/REP,FAST   
LPLOT   
FLST,2,1,3,ORDE,1   
FITEM,2,62  
/DIST, 1 ,1.082226,1
/REP,FAST   
/DIST, 1 ,1.082226,1
/REP,FAST   
/DIST, 1 ,1.082226,1
/REP,FAST   
/DIST, 1 ,1.082226,1
/REP,FAST   
/DIST, 1 ,1.082226,1
/REP,FAST   
/DIST, 1 ,1.082226,1
/REP,FAST   
/DIST, 1 ,1.082226,1
/REP,FAST   
/DIST, 1 ,1.082226,1
/REP,FAST   
/DIST, 1 ,1.082226,1
/REP,FAST   
/DIST, 1 ,1.082226,1
/REP,FAST   
/DIST, 1 ,1.082226,1
/REP,FAST   
/DIST, 1 ,1.082226,1
/REP,FAST   
/DIST, 1 ,1.082226,1
/REP,FAST   
/DIST, 1 ,1.082226,1
/REP,FAST   
/DIST, 1 ,1.082226,1
/REP,FAST   
/DIST, 1 ,1.082226,1
/REP,FAST   
/DIST, 1 ,1.082226,1
/REP,FAST   
/DIST, 1 ,1.082226,1
/REP,FAST   
/DIST, 1 ,1.082226,1
/REP,FAST   
/DIST, 1 ,1.082226,1
/REP,FAST   
/DIST, 1 ,1.082226,1
/REP,FAST   
/DIST, 1 ,0.924021,1
/REP,FAST   
/DIST, 1 ,0.924021,1
/REP,FAST   
/DIST, 1 ,0.924021,1
/REP,FAST   
/DIST, 1 ,0.924021,1
/REP,FAST   
/DIST, 1 ,0.924021,1
/REP,FAST   
/DIST, 1 ,0.924021,1
/REP,FAST   
/DIST, 1 ,0.924021,1
/REP,FAST   
/DIST, 1 ,0.924021,1
/REP,FAST   
/DIST, 1 ,0.924021,1
/REP,FAST   
/DIST, 1 ,0.924021,1
/REP,FAST   
/DIST, 1 ,0.924021,1
/REP,FAST   
/DIST, 1 ,0.924021,1
/REP,FAST   
/DIST, 1 ,0.924021,1
/REP,FAST   
/DIST, 1 ,0.924021,1
/REP,FAST   
/DIST, 1 ,0.924021,1
/REP,FAST   
/DIST, 1 ,1.082226,1
/REP,FAST   
/DIST, 1 ,1.082226,1
/REP,FAST   
/DIST, 1 ,1.082226,1
/REP,FAST   
/DIST, 1 ,1.082226,1
/REP,FAST   
/DIST, 1 ,1.082226,1
/REP,FAST   
/DIST, 1 ,0.924021,1
/REP,FAST   
/DIST, 1 ,0.924021,1
/REP,FAST   
/DIST, 1 ,0.924021,1
/REP,FAST   
/DIST, 1 ,0.924021,1
/REP,FAST   
/DIST, 1 ,0.924021,1
/REP,FAST   
/DIST, 1 ,0.924021,1
/REP,FAST   
/DIST, 1 ,0.924021,1
/REP,FAST   
/DIST, 1 ,0.924021,1
/REP,FAST   
FLST,2,1,3,ORDE,1   
FITEM,2,62  
!*  
/GO 
FK,P51X,FX,11   
/DIST, 1 ,1.082226,1
/REP,FAST   
/DIST, 1 ,1.082226,1
/REP,FAST   
/DIST, 1 ,1.082226,1
/REP,FAST   
/DIST, 1 ,1.082226,1
/REP,FAST   
/DIST, 1 ,1.082226,1
/REP,FAST   
/DIST, 1 ,1.082226,1
/REP,FAST   
/DIST, 1 ,1.082226,1
/REP,FAST   
/DIST, 1 ,1.082226,1
/REP,FAST   
/DIST, 1 ,1.082226,1
/REP,FAST   
/DIST, 1 ,1.082226,1
/REP,FAST   
/DIST, 1 ,1.082226,1
/REP,FAST   
/DIST, 1 ,1.082226,1
/REP,FAST   
/DIST, 1 ,1.082226,1
/REP,FAST   
/DIST, 1 ,1.082226,1
/REP,FAST   
/DIST, 1 ,0.924021,1
/REP,FAST   
/DIST, 1 ,0.924021,1
/REP,FAST   
/DIST, 1 ,0.924021,1
/REP,FAST   
/DIST, 1 ,0.924021,1
/REP,FAST   
/DIST, 1 ,1.082226,1
/REP,FAST   
/FOC,   1,  0.246196974204E-01, -0.270412432911E-01,  0.133650070507E-01
/REPLO  
/DIST, 1 ,0.924021,1
/REP,FAST   
/DIST, 1 ,0.924021,1
/REP,FAST   
/DIST, 1 ,0.924021,1
/REP,FAST   
/DIST, 1 ,0.924021,1
/REP,FAST   
/DIST, 1 ,0.924021,1
/REP,FAST   
/DIST, 1 ,0.924021,1
/REP,FAST   
/DIST, 1 ,0.924021,1
/REP,FAST   
/DIST, 1 ,0.924021,1
/REP,FAST   
/DIST, 1 ,0.924021,1
/REP,FAST   
/DIST, 1 ,0.924021,1
/REP,FAST   
/DIST, 1 ,0.924021,1
/REP,FAST   
/DIST, 1 ,0.924021,1
/REP,FAST   
/DIST, 1 ,0.924021,1
/REP,FAST   
/FOC,   1,  0.334434062611E-01, -0.396754181791E-01,  0.984327310726E-02
/REPLO  
FLST,2,1,3,ORDE,1   
FITEM,2,56  
!*  
/GO 
FK,P51X,FX,11   
SAVE,'part2_save5','db','B:\KPI\term6\AnsysWork\lab8\'  
/STATUS,SOLU
SOLVE   
/DIST, 1 ,1.082226,1
/REP,FAST   
/DIST, 1 ,1.082226,1
/REP,FAST   
/DIST, 1 ,1.082226,1
/REP,FAST   
/DIST, 1 ,1.082226,1
/REP,FAST   
/DIST, 1 ,1.082226,1
/REP,FAST   
/DIST, 1 ,1.082226,1
/REP,FAST   
/DIST, 1 ,1.082226,1
/REP,FAST   
/DIST, 1 ,1.082226,1
/REP,FAST   
/DIST, 1 ,1.082226,1
/REP,FAST   
FINISH  
/PREP7  
!*  
!*  
!*  
!*  
!*  
MPTEMP,,,,,,,,  
MPTEMP,1,0  
MPDATA,EX,1,,2.05e+11   
MPDATA,PRXY,1,,0.27 
MPTEMP,,,,,,,,  
MPTEMP,1,0  
MPDATA,DENS,1,,7800 
FINISH  
/SOL
/STATUS,SOLU
SOLVE   
/BATCH  
/COM,ANSYS RELEASE 2022 R2           BUILD 22.2      UP20220516       02:14:44
/input,menust,tmp,''
/GRA,POWER
/GST,ON
/PLO,INFO,3
/GRO,CURL,ON
/CPLANE,1   
/REPLOT,RESIZE  
WPSTYLE,,,,,,,,0
RESUME,'part2_save5','db','B:\KPI\term6\AnsysWork\lab8\',0,0
/COM,ANSYS RELEASE 2022 R2           BUILD 22.2      UP20220516       02:14:52
/REPLOT,RESIZE  
/DIST, 1 ,1.082226,1
/REP,FAST   
/DIST, 1 ,1.082226,1
/REP,FAST   
/DIST, 1 ,1.082226,1
/REP,FAST   
/DIST, 1 ,1.082226,1
/REP,FAST   
/DIST, 1 ,1.082226,1
/REP,FAST   
/DIST, 1 ,1.082226,1
/REP,FAST   
/DIST, 1 ,1.082226,1
/REP,FAST   
/DIST, 1 ,1.082226,1
/REP,FAST   
/DIST, 1 ,1.082226,1
/REP,FAST   
/DIST, 1 ,1.082226,1
/REP,FAST   
/DIST, 1 ,1.082226,1
/REP,FAST   
/DIST, 1 ,1.082226,1
/REP,FAST   
/DIST, 1 ,1.082226,1
/REP,FAST   
LPLOT   
APLOT   
/DIST, 1 ,1.082226,1
/REP,FAST   
/DIST, 1 ,1.082226,1
/REP,FAST   
/DIST, 1 ,1.082226,1
/REP,FAST   
/DIST, 1 ,1.082226,1
/REP,FAST   
/DIST, 1 ,1.082226,1
/REP,FAST   
/DIST, 1 ,1.082226,1
/REP,FAST   
/DIST, 1 ,1.082226,1
/REP,FAST   
/DIST, 1 ,1.082226,1
/REP,FAST   
/DIST, 1 ,0.924021,1
/REP,FAST   
/DIST, 1 ,0.924021,1
/REP,FAST   
/DIST, 1 ,0.924021,1
/REP,FAST   
/DIST, 1 ,0.924021,1
/REP,FAST   
/DIST, 1 ,0.924021,1
/REP,FAST   
/DIST, 1 ,0.924021,1
/REP,FAST   
/DIST, 1 ,0.924021,1
/REP,FAST   
/DIST, 1 ,0.924021,1
/REP,FAST   
/DIST, 1 ,0.924021,1
/REP,FAST   
/FOC,   1,  0.183038496001E-01, -0.259292427410E-01,  0.843467094840E-02
/REPLO  
/FOC,   1, -0.109295139488E-01,  0.237421388321E-02,  0.736878206138E-02
/REPLO  
/PREP7  
FINISH  
/SOL
FINISH  
/PREP7  
!*  
MPTEMP,,,,,,,,  
MPTEMP,1,0  
MPDATA,EX,1,,2.05e+11   
MPDATA,PRXY,1,,0.27 
MPTEMP,,,,,,,,  
MPTEMP,1,0  
MPDATA,DENS,1,,7800 
SAVE,'part2_save6','db','B:\KPI\term6\AnsysWork\lab8\'  
FINISH  
/SOL
/STATUS,SOLU
SOLVE   
/BATCH  
/COM,ANSYS RELEASE 2022 R2           BUILD 22.2      UP20220516       02:16:14
/input,menust,tmp,''
/GRA,POWER
/GST,ON
/PLO,INFO,3
/GRO,CURL,ON
/CPLANE,1   
/REPLOT,RESIZE  
WPSTYLE,,,,,,,,0
/REPLOT,RESIZE  
RESUME,'part2_save6','db','B:\KPI\term6\AnsysWork\lab8\',0,0
/COM,ANSYS RELEASE 2022 R2           BUILD 22.2      UP20220516       02:16:32
/REPLOT,RESIZE  
/DIST, 1 ,1.082226,1
/REP,FAST   
/DIST, 1 ,1.082226,1
/REP,FAST   
/DIST, 1 ,0.924021,1
/REP,FAST   
/DIST, 1 ,0.924021,1
/REP,FAST   
/SOLU   
/STATUS,SOLU
SOLVE   
/BATCH  
/COM,ANSYS RELEASE 2022 R2           BUILD 22.2      UP20220516       02:16:51
/input,menust,tmp,''
/GRA,POWER
/GST,ON
/PLO,INFO,3
/GRO,CURL,ON
/CPLANE,1   
/REPLOT,RESIZE  
WPSTYLE,,,,,,,,0
RESUME,'part2_save1','db','B:\KPI\term6\AnsysWork\lab8\',0,0
/COM,ANSYS RELEASE 2022 R2           BUILD 22.2      UP20220516       02:17:10
/DIST, 1 ,1.082226,1
/REP,FAST   
/DIST, 1 ,1.082226,1
/REP,FAST   
/DIST, 1 ,1.082226,1
/REP,FAST   
/DIST, 1 ,1.082226,1
/REP,FAST   
/DIST, 1 ,1.082226,1
/REP,FAST   
/DIST, 1 ,1.082226,1
/REP,FAST   
/DIST, 1 ,1.082226,1
/REP,FAST   
/DIST, 1 ,1.082226,1
/REP,FAST   
/FOC,   1, -0.210184352998E-02,  0.237568544368E-02,  0.228355677609E-01
/REPLO  
/VIEW,  1,  0.646243345335    , -0.392699124284    ,  0.654337020500
/ANG,   1,  -61.2432250611  
/REPLO  
/VIEW,  1, -0.621559651390    , -0.678233957767    , -0.391997829453
/ANG,   1,   72.7401967218  
/REPLO  
/VIEW,  1, -0.610533895738    , -0.683152429396    ,  0.400688308246
/ANG,   1,   23.9566126776  
/REPLO  
/VIEW,  1, -0.370643845359    , -0.712679710466    ,  0.595575998667
/ANG,   1,   6.42593945103  
/REPLO  
/REPLOT,RESIZE  
/PREP7  
!*  
ET,1,SOLID186   
!*  
!*  
MPTEMP,,,,,,,,  
MPTEMP,1,0  
MPDATA,EX,1,,2.05e+11   
MPDATA,PRXY,1,,0.27 
MPTEMP,,,,,,,,  
MPTEMP,1,0  
MPDATA,DENS,1,,7800 
ESIZE,0.005,0,  
MSHKEY,0
MSHAPE,1,3d 
CM,_Y,VOLU  
VSEL, , , ,       2 
CM,_Y1,VOLU 
CHKMSH,'VOLU'   
CMSEL,S,_Y  
!*  
VMESH,_Y1   
!*  
CMDELE,_Y   
CMDELE,_Y1  
CMDELE,_Y2  
!*  
/DIST, 1 ,1.082226,1
/REP,FAST   
/DIST, 1 ,1.082226,1
/REP,FAST   
/DIST, 1 ,1.082226,1
/REP,FAST   
/DIST, 1 ,0.924021,1
/REP,FAST   
/DIST, 1 ,0.924021,1
/REP,FAST   
/DIST, 1 ,0.924021,1
/REP,FAST   
/DIST, 1 ,0.924021,1
/REP,FAST   
/DIST, 1 ,0.924021,1
/REP,FAST   
FINISH  
/SOL
/FOC,   1, -0.303501743830E-01,  0.136553631371E-01,  0.187533472801E-01
/REPLO  
/FOC,   1, -0.468646984421E-01,  0.254257921627E-01,  0.225606518954E-01
/REPLO  
/VIEW,  1,  0.604269247443E-01, -0.869544349598    ,  0.490144071523
/ANG,   1,  -24.5629294100  
/REPLO  
/VIEW,  1,  0.409994335232    , -0.891377306639    ,  0.193264436167
/ANG,   1,  -76.4849722016  
/REPLO  
/VIEW,  1,  0.230827306410    , -0.972867280975    ,  0.157482768336E-01
/ANG,   1,  -96.7869308678  
/REPLO  
/VIEW,  1, -0.230986783908E-01, -0.965382019916    , -0.259815331879
/ANG,   1,   166.071631549  
/REPLO  
/VIEW,  1, -0.399383086829    , -0.885845807615    ,  0.236157479421
/ANG,   1,   53.5987373783  
/REPLO  
/VIEW,  1, -0.438692892002    , -0.702868922378    ,  0.559931981996
/ANG,   1,   36.1138569066  
/REPLO  
/VIEW,  1, -0.702625636090    , -0.523409170040    ,  0.482037401274
/ANG,   1,   46.9295499230  
/REPLO  
/VIEW,  1, -0.174927231511    , -0.836779291294    ,  0.518845720168
/ANG,   1,   20.4543829347  
/REPLO  
/VIEW,  1,  0.370146333359    , -0.828669695090    ,  0.419878825781
/ANG,   1,  -30.5092587756  
/REPLO  
/VIEW,  1,  0.660803119446    , -0.665529202969    ,  0.347001609976
/ANG,   1,  -46.7271538327  
/REPLO  
/VIEW,  1,  0.731435123802E-01, -0.798960194904    ,  0.596919285629
/ANG,   1,  -4.29630567220  
/REPLO  
/VIEW,  1, -0.376082967849    , -0.691468758652    ,  0.616792150649
/ANG,   1,   24.8382593963  
/REPLO  
/DIST, 1 ,0.924021,1
/REP,FAST   
/DIST, 1 ,0.924021,1
/REP,FAST   
/DIST, 1 ,0.924021,1
/REP,FAST   
/DIST, 1 ,0.924021,1
/REP,FAST   
/DIST, 1 ,0.924021,1
/REP,FAST   
/DIST, 1 ,0.924021,1
/REP,FAST   
/DIST, 1 ,0.924021,1
/REP,FAST   
/DIST, 1 ,0.924021,1
/REP,FAST   
/DIST, 1 ,0.924021,1
/REP,FAST   
/DIST, 1 ,0.924021,1
/REP,FAST   
/DIST, 1 ,0.924021,1
/REP,FAST   
/DIST, 1 ,0.924021,1
/REP,FAST   
/VIEW,  1, -0.636084643371    , -0.768177651429    , -0.727971312138E-01
/ANG,   1,   75.5545042975  
/REPLO  
/VIEW,  1, -0.558565064545    , -0.821345259469    ,  0.115745554633
/ANG,   1,   60.9852633500  
/REPLO  
/VIEW,  1, -0.364460605049    , -0.805980953095    ,  0.466436673746
/ANG,   1,   27.2157430284  
/REPLO  
/VIEW,  1, -0.248775754181    , -0.807895122885    ,  0.534243478715
/ANG,   1,   16.6495581145  
/REPLO  
/FOC,   1, -0.553455845665E-01,  0.260950323886E-01,  0.196234837508E-01
/REPLO  
FLST,2,4,5,ORDE,2   
FITEM,2,48  
FITEM,2,-51 
!*  
/GO 
DA,P51X,ALL,
RESUME,'part2_save1','db','B:\KPI\term6\AnsysWork\lab8\',0,0
/COM,ANSYS RELEASE 2022 R2           BUILD 22.2      UP20220516       02:21:02
/REPLOT,RESIZE  
/DIST, 1 ,1.082226,1
/REP,FAST   
/DIST, 1 ,1.082226,1
/REP,FAST   
/DIST, 1 ,1.082226,1
/REP,FAST   
/DIST, 1 ,1.082226,1
/REP,FAST   
/DIST, 1 ,1.082226,1
/REP,FAST   
/DIST, 1 ,1.082226,1
/REP,FAST   
/FOC,   1, -0.124577354493E-01,  0.144897770600E-02,  0.250014560979E-01
/REPLO  
/VIEW,  1,  0.387161335316E-01, -0.928774008999    ,  0.368618910547
/ANG,   1,  -19.4125215983  
/REPLO  
FINISH  
/PREP7  
!*  
ET,1,SOLID186   
!*  
!*  
MPTEMP,,,,,,,,  
MPTEMP,1,0  
MPDATA,EX,1,,2.05e11
MPDATA,PRXY,1,,0.27 
MPTEMP,,,,,,,,  
MPTEMP,1,0  
MPDATA,DENS,1,,7800 
ESIZE,0.005,0,  
MSHKEY,0
MSHAPE,1,3d 
CM,_Y,VOLU  
VSEL, , , ,       2 
CM,_Y1,VOLU 
CHKMSH,'VOLU'   
CMSEL,S,_Y  
!*  
VMESH,_Y1   
!*  
CMDELE,_Y   
CMDELE,_Y1  
CMDELE,_Y2  
!*  
SAVE,'part2_save2','db','B:\KPI\term6\AnsysWork\lab8\'  
FINISH  
/SOL
FINISH  
/PREP7  
FINISH  
/SOL
FLST,2,8,5,ORDE,4   
FITEM,2,21  
FITEM,2,-24 
FITEM,2,48  
FITEM,2,-51 
!*  
/GO 
DA,P51X,ALL,
SAVE,'part2_save3','db','B:\KPI\term6\AnsysWork\lab8\'  
/FOC,   1, -0.319880952052E-01,  0.987489135586E-03,  0.258899656594E-01
/REPLO  
/VIEW,  1, -0.834933525478    , -0.454409608999    ,  0.310480136696
/ANG,   1,   35.9944246687  
/REPLO  
/VIEW,  1, -0.549707431317    , -0.249297417426    ,  0.797290748485
/ANG,   1,   24.1479141735  
/REPLO  
/DIST, 1 ,0.924021,1
/REP,FAST   
/DIST, 1 ,0.924021,1
/REP,FAST   
/DIST, 1 ,0.924021,1
/REP,FAST   
/DIST, 1 ,0.924021,1
/REP,FAST   
/DIST, 1 ,0.924021,1
/REP,FAST   
/DIST, 1 ,0.924021,1
/REP,FAST   
/DIST, 1 ,0.924021,1
/REP,FAST   
/DIST, 1 ,0.924021,1
/REP,FAST   
/DIST, 1 ,0.924021,1
/REP,FAST   
/DIST, 1 ,0.924021,1
/REP,FAST   
/VIEW,  1, -0.754001134275    , -0.534211538423    ,  0.382230717928
/ANG,   1,   35.4381566675  
/REPLO  
/DIST, 1 ,0.924021,1
/REP,FAST   
/DIST, 1 ,0.924021,1
/REP,FAST   
/DIST, 1 ,0.924021,1
/REP,FAST   
/DIST, 1 ,0.924021,1
/REP,FAST   
/DIST, 1 ,0.924021,1
/REP,FAST   
/DIST, 1 ,0.924021,1
/REP,FAST   
LPLOT   
FLST,2,1,3,ORDE,1   
FITEM,2,62  
!*  
/GO 
FK,P51X,FX,11   
/DIST, 1 ,1.082226,1
/REP,FAST   
/DIST, 1 ,1.082226,1
/REP,FAST   
/DIST, 1 ,1.082226,1
/REP,FAST   
/DIST, 1 ,1.082226,1
/REP,FAST   
/DIST, 1 ,1.082226,1
/REP,FAST   
/DIST, 1 ,1.082226,1
/REP,FAST   
/DIST, 1 ,1.082226,1
/REP,FAST   
/DIST, 1 ,1.082226,1
/REP,FAST   
/DIST, 1 ,1.082226,1
/REP,FAST   
/DIST, 1 ,1.082226,1
/REP,FAST   
/DIST, 1 ,1.082226,1
/REP,FAST   
/DIST, 1 ,1.082226,1
/REP,FAST   
/DIST, 1 ,1.082226,1
/REP,FAST   
/DIST, 1 ,1.082226,1
/REP,FAST   
/DIST, 1 ,1.082226,1
/REP,FAST   
/DIST, 1 ,1.082226,1
/REP,FAST   
/FOC,   1, -0.394753594453E-02, -0.408503352149E-01,  0.227305256520E-01
/REPLO  
/FOC,   1,  0.108685695371E-02, -0.476478007580E-01,  0.231612954013E-01
/REPLO  
/DIST, 1 ,0.924021,1
/REP,FAST   
/DIST, 1 ,0.924021,1
/REP,FAST   
/DIST, 1 ,0.924021,1
/REP,FAST   
/DIST, 1 ,0.924021,1
/REP,FAST   
/DIST, 1 ,0.924021,1
/REP,FAST   
/DIST, 1 ,0.924021,1
/REP,FAST   
/DIST, 1 ,0.924021,1
/REP,FAST   
/DIST, 1 ,0.924021,1
/REP,FAST   
/DIST, 1 ,0.924021,1
/REP,FAST   
/DIST, 1 ,0.924021,1
/REP,FAST   
/DIST, 1 ,0.924021,1
/REP,FAST   
/DIST, 1 ,0.924021,1
/REP,FAST   
/DIST, 1 ,0.924021,1
/REP,FAST   
/DIST, 1 ,0.924021,1
/REP,FAST   
/DIST, 1 ,0.924021,1
/REP,FAST   
/DIST, 1 ,0.924021,1
/REP,FAST   
/DIST, 1 ,0.924021,1
/REP,FAST   
/DIST, 1 ,0.924021,1
/REP,FAST   
/FOC,   1,  0.799941378079E-02, -0.578947187075E-01,  0.224759864996E-01
/REPLO  
FLST,2,1,3,ORDE,1   
FITEM,2,56  
!*  
/GO 
FK,P51X,FX,11   
/DIST, 1 ,1.082226,1
/REP,FAST   
/DIST, 1 ,1.082226,1
/REP,FAST   
/DIST, 1 ,1.082226,1
/REP,FAST   
/DIST, 1 ,1.082226,1
/REP,FAST   
/DIST, 1 ,1.082226,1
/REP,FAST   
/DIST, 1 ,1.082226,1
/REP,FAST   
/DIST, 1 ,1.082226,1
/REP,FAST   
/DIST, 1 ,1.082226,1
/REP,FAST   
/DIST, 1 ,1.082226,1
/REP,FAST   
/DIST, 1 ,1.082226,1
/REP,FAST   
/DIST, 1 ,1.082226,1
/REP,FAST   
/DIST, 1 ,1.082226,1
/REP,FAST   
/DIST, 1 ,1.082226,1
/REP,FAST   
/DIST, 1 ,1.082226,1
/REP,FAST   
/DIST, 1 ,1.082226,1
/REP,FAST   
/DIST, 1 ,1.082226,1
/REP,FAST   
/DIST, 1 ,1.082226,1
/REP,FAST   
/DIST, 1 ,1.082226,1
/REP,FAST   
/FOC,   1, -0.903295247546E-02, -0.223570480597E-01,  0.385453653958E-01
/REPLO  
/VIEW,  1, -0.334787514198    , -0.621880394518    ,  0.707942155300
/ANG,   1,   8.51118310515  
/REPLO  
SAVE,'part2_save4','db','B:\KPI\term6\AnsysWork\lab8\'  
/STATUS,SOLU
SOLVE   
/BATCH  
/COM,ANSYS RELEASE 2022 R2           BUILD 22.2      UP20220516       02:25:12
/input,menust,tmp,''
/GRA,POWER
/GST,ON
/PLO,INFO,3
/GRO,CURL,ON
/CPLANE,1   
/REPLOT,RESIZE  
WPSTYLE,,,,,,,,0
/PREP7  
RESUME,'part2_save4','db','B:\KPI\term6\AnsysWork\lab8\',0,0
/COM,ANSYS RELEASE 2022 R2           BUILD 22.2      UP20220516       02:25:45
!*  
!*  
RESUME,'part2_save4','db','B:\KPI\term6\AnsysWork\lab8\',0,0
/COM,ANSYS RELEASE 2022 R2           BUILD 22.2      UP20220516       02:26:53
APLOT   
!*  
/PSF,PRES,NORM,2,0,1
/PBF,DEFA, ,1   
/PSYMB,CS,0 
/PSYMB,NDIR,0   
/PSYMB,ESYS,0   
/PSYMB,LDIV,0   
/PSYMB,LDIR,0   
/PSYMB,ADIR,0   
/PSYMB,ECON,0   
/PSYMB,XNODE,0  
/PSYMB,DOT,1
/PSYMB,PCONV,   
/PSYMB,LAYR,0   
/PSYMB,FBCS,0   
!*  
/PBC,ALL,,1 
/PBC,NFOR,,0
/PBC,NMOM,,0
/PBC,RFOR,,0
/PBC,RMOM,,0
/PBC,PATH,,0
/REP
!*  
/PNUM,KP,1  
/PNUM,LINE,1
/PNUM,AREA,1
/PNUM,VOLU,0
/PNUM,NODE,0
/PNUM,TABN,0
/PNUM,SVAL,0
/NUMBER,0   
!*  
/PNUM,ELEM,0
/REPLOT 
!*  
FINISH  
/SOL
/STATUS,SOLU
SOLVE   
/BATCH  
/COM,ANSYS RELEASE 2022 R2           BUILD 22.2      UP20220516       02:28:31
/input,menust,tmp,''
/GRA,POWER
/GST,ON
/PLO,INFO,3
/GRO,CURL,ON
/CPLANE,1   
/REPLOT,RESIZE  
WPSTYLE,,,,,,,,0
RESUME,'part2_save4','db','B:\KPI\term6\AnsysWork\lab8\',0,0
/COM,ANSYS RELEASE 2022 R2           BUILD 22.2      UP20220516       02:28:42
/REPLOT,RESIZE  
/DIST, 1 ,1.082226,1
/REP,FAST   
/DIST, 1 ,0.924021,1
/REP,FAST   
/DIST, 1 ,0.924021,1
/REP,FAST   
/DIST, 1 ,0.924021,1
/REP,FAST   
/PREP7  
!*  
/PSF,PRES,NORM,2,0,1
/PBF,DEFA, ,1   
/PSYMB,CS,0 
/PSYMB,NDIR,0   
/PSYMB,ESYS,0   
/PSYMB,LDIV,0   
/PSYMB,LDIR,0   
/PSYMB,ADIR,0   
/PSYMB,ECON,0   
/PSYMB,XNODE,0  
/PSYMB,DOT,1
/PSYMB,PCONV,   
/PSYMB,LAYR,0   
/PSYMB,FBCS,0   
!*  
/PBC,ALL,,1 
/PBC,NFOR,,0
/PBC,NMOM,,0
/PBC,RFOR,,0
/PBC,RMOM,,0
/PBC,PATH,,0
/REP
!*  
SAVE,'part2_save4','db','B:\KPI\term6\AnsysWork\lab8\'  
FINISH  
/SOL
/STATUS,SOLU
SOLVE   
/BATCH  
/COM,ANSYS RELEASE 2022 R2           BUILD 22.2      UP20220516       02:30:13
/input,menust,tmp,''
/GRA,POWER
/GST,ON
/PLO,INFO,3
/GRO,CURL,ON
/CPLANE,1   
/REPLOT,RESIZE  
WPSTYLE,,,,,,,,0
/REPLOT,RESIZE  
/SOLU   
!*  
ANTYPE,0
/STATUS,SOLU
SOLVE   
RESUME,'part2_save4','dbb','B:\KPI\term6\AnsysWork\lab8\',0,0   
/COM,ANSYS RELEASE 2022 R2           BUILD 22.2      UP20220516       02:33:43
/REPLOT,RESIZE  
!*  
/PSF,PRES,NORM,2,0,1
/PBF,DEFA, ,1   
/PSYMB,CS,0 
/PSYMB,NDIR,0   
/PSYMB,ESYS,0   
/PSYMB,LDIV,0   
/PSYMB,LDIR,0   
/PSYMB,ADIR,0   
/PSYMB,ECON,0   
/PSYMB,XNODE,0  
/PSYMB,DOT,1
/PSYMB,PCONV,   
/PSYMB,LAYR,0   
/PSYMB,FBCS,0   
!*  
/PBC,ALL,,1 
/PBC,NFOR,,0
/PBC,NMOM,,0
/PBC,RFOR,,0
/PBC,RMOM,,0
/PBC,PATH,,0
/REP
!*  
/PNUM,KP,1  
/PNUM,LINE,1
/PNUM,AREA,1
/PNUM,VOLU,1
/PNUM,NODE,0
/PNUM,TABN,0
/PNUM,SVAL,0
/NUMBER,0   
!*  
/PNUM,ELEM,0
/REPLOT 
!*  
/STATUS,SOLU
SOLVE   
/BATCH  
/COM,ANSYS RELEASE 2022 R2           BUILD 22.2      UP20220516       02:38:15
/input,menust,tmp,''
/GRA,POWER
/GST,ON
/PLO,INFO,3
/GRO,CURL,ON
/CPLANE,1   
/REPLOT,RESIZE  
WPSTYLE,,,,,,,,0
RESUME,'part2_save4','db','B:\KPI\term6\AnsysWork\lab8\',0,0
/COM,ANSYS RELEASE 2022 R2           BUILD 22.2      UP20220516       02:38:20
/SOLU   
/STATUS,SOLU
SOLVE   
/BATCH  
/COM,ANSYS RELEASE 2022 R2           BUILD 22.2      UP20220516       02:47:17
/input,menust,tmp,''
/GRA,POWER
/GST,ON
/PLO,INFO,3
/GRO,CURL,ON
/CPLANE,1   
/REPLOT,RESIZE  
WPSTYLE,,,,,,,,0
RESUME,'part2_save4new','db','B:\KPI\TERM6\ANSYSWORK\LAB8\',0,0 
/COM,ANSYS RELEASE 2022 R2           BUILD 22.2      UP20220516       02:47:28
/DIST, 1 ,1.082226,1
/REP,FAST   
/DIST, 1 ,1.082226,1
/REP,FAST   
/DIST, 1 ,0.924021,1
/REP,FAST   
/DIST, 1 ,0.924021,1
/REP,FAST   
APLOT   
VPLOT   
LPLOT   
VPLOT   
/DIST, 1 ,0.924021,1
/REP,FAST   
/DIST, 1 ,0.924021,1
/REP,FAST   
/POST1  
SET,LAST
FINISH  
! /EXIT,NOSAV   
/BATCH  
/COM,ANSYS RELEASE 2022 R2           BUILD 22.2      UP20220516       02:52:52
/input,menust,tmp,''
/GRA,POWER
/GST,ON
/PLO,INFO,3
/GRO,CURL,ON
/CPLANE,1   
/REPLOT,RESIZE  
WPSTYLE,,,,,,,,0
RESUME,'part2_save4new','db','B:\KPI\term6\AnsysWork\lab8\',0,0 
/COM,ANSYS RELEASE 2022 R2           BUILD 22.2      UP20220516       02:53:04
RESUME,'part2_save5','db','B:\KPI\term6\AnsysWork\lab8\',0,0
/COM,ANSYS RELEASE 2022 R2           BUILD 22.2      UP20220516       02:55:59
/POST1  
SET,LAST
/DIST, 1 ,1.082226,1
/REP,FAST   
/DIST, 1 ,1.082226,1
/REP,FAST   
/DIST, 1 ,1.082226,1
/REP,FAST   
/DIST, 1 ,1.082226,1
/REP,FAST   
/DIST, 1 ,0.924021,1
/REP,FAST   
/DIST, 1 ,0.924021,1
/REP,FAST   
/DIST, 1 ,0.924021,1
/REP,FAST   
/DIST, 1 ,1.082226,1
/REP,FAST   
/DIST, 1 ,1.082226,1
/REP,FAST   
/DIST, 1 ,1.082226,1
/REP,FAST   
!*  
PLESOL, S,Z, 0,1.0  
/DIST, 1 ,0.924021,1
/REP,FAST   
/DIST, 1 ,0.924021,1
/REP,FAST   
/DIST, 1 ,0.924021,1
/REP,FAST   
/DIST, 1 ,0.924021,1
/REP,FAST   
/FOC,   1, -0.111242812366E-01, -0.306158757055E-01,  0.303015368453E-01
/REPLO  
/VIEW,  1, -0.436620723958    , -0.875296885720    ,  0.207888684779
/ANG,   1,   38.1808881567  
/REPLO  
/VIEW,  1, -0.182970781509    , -0.981951848613    ,  0.478775534065E-01
/ANG,   1,   48.2478530107  
/REPLO  
/VIEW,  1, -0.325116119007    , -0.703898000939    ,  0.631527603067
/ANG,   1,   2.78639915196  
/REPLO  
/VIEW,  1, -0.556951608628    , -0.325235722841    ,  0.764216350411
/ANG,   1,   7.71451249566  
/REPLO  
/DIST, 1 ,1.082226,1
/REP,FAST   
/DIST, 1 ,1.082226,1
/REP,FAST   
/DIST, 1 ,1.082226,1
/REP,FAST   
!*  
PLESOL, S,EQV, 0,1.0
/REPLOT,RESIZE  
/REPLOT,RESIZE  
/REPLOT,RESIZE  
/REPLOT,RESIZE  
!*  
/CONT,1,9,AUTO  
/REPLOT 
!*  
/VIEW,  1, -0.864257789015    , -0.444588978115    ,  0.235370165197
/ANG,   1,   19.7394607464  
/REPLO  
/VIEW,  1,  0.782454838489E-01, -0.597812211800    ,  0.797808375288
/ANG,   1,  -28.0862336037  
/REPLO  
/VIEW,  1,  0.430189546714    , -0.888061810949    , -0.162120861805
/ANG,   1,  -116.510496212  
/REPLO  
/VIEW,  1, -0.901704037855E-01, -0.199673878812    , -0.975704689136
/ANG,   1,  -172.419558815  
/REPLO  
/VIEW,  1,  0.204813815833    , -0.815064084960    ,  0.541961104003
/ANG,   1,  -7.53909918877  
/REPLO  
/VIEW,  1,  0.161531770234E-01, -0.235731406600    ,  0.971683991231
/ANG,   1,   5.26719821329  
/REPLO  
/VIEW,  1, -0.459869673469E-01, -0.109636775466E-01,  0.998881873201
/ANG,   1,   5.76626130362  
/REPLO  
/VIEW,  1, -0.317053414144    , -0.331688181688    ,  0.888515662613
/ANG,   1,   7.06438505389  
/REPLO  
/VIEW,  1, -0.568551662683E-01,  0.832428341610E-02,  0.998347733194
/ANG,   1,   4.88169429360  
/REPLO  
FINISH  
! /EXIT,ALL 
/BATCH  
/COM,ANSYS RELEASE 2022 R2           BUILD 22.2      UP20220516       08:49:20
/input,menust,tmp,''
/GRA,POWER
/GST,ON
/PLO,INFO,3
/GRO,CURL,ON
/CPLANE,1   
/REPLOT,RESIZE  
WPSTYLE,,,,,,,,0
/REPLOT,RESIZE  
RESUME,'part2_save5','db','B:\KPI\term6\AnsysWork\lab8\',0,0
/COM,ANSYS RELEASE 2022 R2           BUILD 22.2      UP20220516       08:50:02
/REPLOT,RESIZE  
/POST1  
SET,LAST
!*  
PLESOL, S,Z, 0,1.0  
!*  
PLESOL, S,EQV, 0,1.0
!*  
/CONT,1,9,AUTO  
/REPLOT 
!*  
/REPLOT 
/DIST, 1 ,0.924021,1
/REP,FAST   
/DIST, 1 ,0.924021,1
/REP,FAST   
/DIST, 1 ,0.924021,1
/REP,FAST   
/DIST, 1 ,0.924021,1
/REP,FAST   
/DIST, 1 ,0.924021,1
/REP,FAST   
/DIST, 1 ,0.924021,1
/REP,FAST   
/DIST, 1 ,0.924021,1
/REP,FAST   
/DIST, 1 ,0.924021,1
/REP,FAST   
/DIST, 1 ,0.924021,1
/REP,FAST   
/DIST, 1 ,0.924021,1
/REP,FAST   
/DIST, 1 ,0.924021,1
/REP,FAST   
/DIST, 1 ,1.082226,1
/REP,FAST   
/DIST, 1 ,1.082226,1
/REP,FAST   
/DIST, 1 ,1.082226,1
/REP,FAST   
/DIST, 1 ,1.082226,1
/REP,FAST   
/DIST, 1 ,1.082226,1
/REP,FAST   
/DIST, 1 ,1.082226,1
/REP,FAST   
/DIST, 1 ,0.924021,1
/REP,FAST   
/DIST, 1 ,0.924021,1
/REP,FAST   
/DIST, 1 ,1.082226,1
/REP,FAST   
/DIST, 1 ,1.082226,1
/REP,FAST   
/DIST, 1 ,1.082226,1
/REP,FAST   
/DIST, 1 ,1.082226,1
/REP,FAST   
/DIST, 1 ,1.082226,1
/REP,FAST   
/DIST, 1 ,1.082226,1
/REP,FAST   
/DIST, 1 ,1.082226,1
/REP,FAST   
/DIST, 1 ,1.082226,1
/REP,FAST   
/DIST, 1 ,1.082226,1
/REP,FAST   
/DIST, 1 ,1.082226,1
/REP,FAST   
/DIST, 1 ,1.082226,1
/REP,FAST   
/DIST, 1 ,1.082226,1
/REP,FAST   
/DIST, 1 ,1.082226,1
/REP,FAST   
/DIST, 1 ,0.924021,1
/REP,FAST   
/DIST, 1 ,0.924021,1
/REP,FAST   
/DIST, 1 ,0.924021,1
/REP,FAST   
/DIST, 1 ,0.924021,1
/REP,FAST   
/DIST, 1 ,0.924021,1
/REP,FAST   
/DIST, 1 ,0.924021,1
/REP,FAST   
/DIST, 1 ,0.924021,1
/REP,FAST   
/DIST, 1 ,0.924021,1
/REP,FAST   
!*  
/CONT,1,9,730.594, ,262711  
/REPLOT 
!*  
/DIST, 1 ,1.082226,1
/REP,FAST   
/DIST, 1 ,1.082226,1
/REP,FAST   
/DIST, 1 ,1.082226,1
/REP,FAST   
/DIST, 1 ,1.082226,1
/REP,FAST   
/DIST, 1 ,0.924021,1
/REP,FAST   
/DIST, 1 ,0.924021,1
/REP,FAST   
/DIST, 1 ,0.924021,1
/REP,FAST   
/DIST, 1 ,0.924021,1
/REP,FAST   
/DIST, 1 ,0.924021,1
/REP,FAST   
/DIST, 1 ,0.924021,1
/REP,FAST   
/DIST, 1 ,1.082226,1
/REP,FAST   
/DIST, 1 ,1.082226,1
/REP,FAST   
/DIST, 1 ,1.082226,1
/REP,FAST   
/DIST, 1 ,1.082226,1
/REP,FAST   
/DIST, 1 ,1.082226,1
/REP,FAST   
/DIST, 1 ,1.082226,1
/REP,FAST   
/DIST, 1 ,0.924021,1
/REP,FAST   
/DIST, 1 ,0.924021,1
/REP,FAST   
/DIST, 1 ,0.924021,1
/REP,FAST   
/DIST, 1 ,0.924021,1
/REP,FAST   
/DIST, 1 ,1.082226,1
/REP,FAST   
/DIST, 1 ,1.082226,1
/REP,FAST   
/DIST, 1 ,1.082226,1
/REP,FAST   
FINISH  
! /EXIT,NOSAV   
/BATCH  
/COM,ANSYS RELEASE 2022 R2           BUILD 22.2      UP20220516       09:28:42
/input,menust,tmp,''
/GRA,POWER
/GST,ON
/PLO,INFO,3
/GRO,CURL,ON
/CPLANE,1   
/REPLOT,RESIZE  
WPSTYLE,,,,,,,,0
RESUME,'part2_save5','db','B:\KPI\term6\AnsysWork\lab8\',0,0
/COM,ANSYS RELEASE 2022 R2           BUILD 22.2      UP20220516       09:28:49
/SOLU   
FINISH  
/POST1  
SET,LAST
!*  
!*  
PLESOL, S,Z, 0,1.0  
!*  
PLESOL, S,EQV, 0,1.0
/DIST, 1 ,0.924021,1
/REP,FAST   
/DIST, 1 ,0.924021,1
/REP,FAST   
/DIST, 1 ,0.924021,1
/REP,FAST   
!*  
/CONT,1,9,AUTO  
/REPLOT 
!*  
!*  
/CONT,1,9,730.594, ,295458  
/REPLOT 
!*  
/DIST, 1 ,1.082226,1
/REP,FAST   
/DIST, 1 ,1.082226,1
/REP,FAST   
/DIST, 1 ,1.082226,1
/REP,FAST   
/DIST, 1 ,1.082226,1
/REP,FAST   
FINISH  
! /EXIT,NOSAV   
