/BATCH  
/COM,ANSYS RELEASE 2022 R2           BUILD 22.2      UP20220516       22:44:49
/input,menust,tmp,''
/GRA,POWER
/GST,ON
/PLO,INFO,3
/GRO,CURL,ON
/CPLANE,1   
/REPLOT,RESIZE  
WPSTYLE,,,,,,,,0
/REPLOT,RESIZE  
RESUME,'LabWork3frm','db','B:\KPI\term6\AnsysWork\lab8\',0,0
/COM,ANSYS RELEASE 2022 R2           BUILD 22.2      UP20220516       22:47:03
/USER,  1   
/VIEW,  1, -0.714292643146E-03,  0.713803034266    ,  0.700346141603
/ANG,   1,  -15.4182117580  
/REPLO  
/VIEW,  1,  0.297994963747    , -0.723919995147    ,  0.622204823356
/ANG,   1,  -50.1499119719  
/REPLO  
/VIEW,  1, -0.527263461185    , -0.730817831675    , -0.433472651277
/ANG,   1,   86.6856328140  
/REPLO  
/VIEW,  1, -0.108860722001    , -0.953753451133    ,  0.280185113197
/ANG,   1,  -13.3261219851  
/REPLO  
/VIEW,  1,  0.367703465041    , -0.771727780733    ,  0.518874160314
/ANG,   1,  -64.0581824760  
/REPLO  
/VIEW,  1, -0.421052567472    , -0.894074163365    ,  0.152794390698
/ANG,   1,   28.0288549172  
/REPLO  
/VIEW,  1,  0.909493707905    , -0.346283978797    , -0.230018697738
/ANG,   1,  -82.8037438299  
/REPLO  
/VIEW,  1, -0.127263241523    , -0.991130672544    ,  0.382630017167E-01
/ANG,   1,   89.2390653332  
/REPLO  
/VIEW,  1, -0.284111248873    , -0.755500167748    ,  0.590339135410
/ANG,   1,   51.0687196403  
/REPLO  
/VIEW,  1,  0.304253560020    , -0.703928907751    ,  0.641805160503
/ANG,   1,   13.9713823767  
/REPLO  
/VIEW,  1, -0.506354234047    , -0.261723565885    ,  0.821648443511
/ANG,   1,   45.9303255135  
/REPLO  
RESUME,'LabWork3frm','dbb','B:\KPI\term6\AnsysWork\lab8\',0,0   
/COM,ANSYS RELEASE 2022 R2           BUILD 22.2      UP20220516       22:47:35
/USER,  1   
/VIEW,  1, -0.253054027647    , -0.405430299568    ,  0.878401918989
/ANG,   1,   3.77732021410  
/REPLO  
/VIEW,  1,  0.565197474955E-01, -0.940353532068    ,  0.335470941917
/ANG,   1,  -11.2882616318  
/REPLO  
/VIEW,  1, -0.589693372775    , -0.783134335382    ,  0.197388801228
/ANG,   1,   62.3198631114  
/REPLO  
RESUME,'LabWork3frm','db','B:\KPI\term6\AnsysWork\lab8\',0,0
/COM,ANSYS RELEASE 2022 R2           BUILD 22.2      UP20220516       22:51:29
/USER,  1   
/VIEW,  1, -0.251921775849    , -0.709569797378    ,  0.658062399398
/ANG,   1,  0.568847994032  
/REPLO  
/VIEW,  1, -0.232049948868    , -0.963077363104    ,  0.136509391276
/ANG,   1,   32.4923842694  
/REPLO  
/VIEW,  1,  0.313518387040    , -0.706027250166    ,  0.635005309435
/ANG,   1,  -46.9922849987  
/REPLO  
/VIEW,  1, -0.199903954026    , -0.831452259264    ,  0.518387451361
/ANG,   1,  -12.0930112135  
/REPLO  
/VIEW,  1, -0.123150475689    , -0.966104501631    ,  0.226883345062
/ANG,   1,   41.4202017047  
/REPLO  
/VIEW,  1, -0.512236081411E-01, -0.708042966087    ,  0.704309094179
/ANG,   1,   18.9314939029  
/REPLO  
/VIEW,  1, -0.153623403713    , -0.392967728196    ,  0.906629039039
/ANG,   1,   22.4282830870  
/REPLO  
/FOC,   1, -0.287624120407E-01, -0.191060594695E-01, -0.891881792902E-02
/REPLO  
/FOC,   1, -0.280475639802E-01, -0.537869513424E-02, -0.284772563864E-02
/REPLO  
/VIEW,  1, -0.273826557676    , -0.755151099134    ,  0.595622224055
/ANG,   1,   30.9574524170  
/REPLO  
/VIEW,  1, -0.332073417014E-01, -0.805902528089    ,  0.591116221801
/ANG,   1,   14.2143244257  
/REPLO  
/VIEW,  1, -0.500573450885E-01, -0.890218493320    ,  0.452775105713
/ANG,   1,   16.9281726638  
/REPLO  
/PREP7  
FINISH  
/SOL
FINISH  
/PREP7  
FLST,2,2,5,ORDE,2   
FITEM,2,1   
FITEM,2,4   
AADD,P51X   
FLST,2,1,5,ORDE,1   
FITEM,2,2   
FLST,2,1,5,ORDE,1   
FITEM,2,2   
VEXT,P51X, , ,0,0.005,0,,,, 
/FOC,   1, -0.305885054543E-01, -0.129323946643E-01, -0.179802621063E-01
/REPLO  
/FOC,   1, -0.354140787336E-01, -0.175946938758E-01, -0.276804870325E-01
/REPLO  
/FOC,   1, -0.315865637425E-01, -0.641820679603E-02, -0.528280968773E-02
/REPLO  
/VIEW,  1, -0.223810646888    , -0.968770503882    ,  0.106735678890
/ANG,   1,   72.2565519261  
/REPLO  
/VIEW,  1,  0.315330467426E-01, -0.973420408002    ,  0.226844387738
/ANG,   1,   1.52877121344  
/REPLO  
/VIEW,  1, -0.715307256698    , -0.686469908842    ,  0.130746291611
/ANG,   1,   84.5840734956  
/REPLO  
/VIEW,  1, -0.949634668170    , -0.282636594242    ,  0.135316490512
/ANG,   1,   85.8035855281  
/REPLO  
/VIEW,  1, -0.180143495503    , -0.924319184327    ,  0.336425870756
/ANG,   1,   48.2741032488  
/REPLO  
/VIEW,  1, -0.195893605063    , -0.819089728528    ,  0.539182447893
/ANG,   1,   40.9572469985  
/REPLO  
FLST,2,1,5,ORDE,1   
FITEM,2,2   
VEXT,P51X, , ,0,0,0.005,,,, 
/FOC,   1, -0.326740080843E-01, -0.933189385003E-02, -0.101041731068E-01
/REPLO  
/VIEW,  1, -0.629658326200    , -0.760294530592    ,  0.159632762922
/ANG,   1,   87.4077338647  
/REPLO  
/VIEW,  1, -0.989230169088    , -0.113879059608    ,  0.919523373764E-01
/ANG,   1,   91.8637291275  
/REPLO  
/VIEW,  1,  0.748338229973E-01, -0.956388801306    ,  0.282347940796
/ANG,   1,   10.2834873795  
/REPLO  
/VIEW,  1, -0.189603711496    , -0.692888543021    ,  0.695669389536
/ANG,   1,   37.1818244262  
/REPLO  
SAVE,'LabWork3frm','db','B:\KPI\term6\AnsysWork\lab8\'  
/Units, Si  
*AFUN,DEG   
!*  
/NOPR   
KEYW,PR_SET,1   
KEYW,PR_STRUC,1 
KEYW,PR_THERM,0 
KEYW,PR_FLUID,0 
KEYW,PR_ELMAG,0 
KEYW,MAGNOD,0   
KEYW,MAGEDG,0   
KEYW,MAGHFE,0   
KEYW,MAGELC,0   
KEYW,PR_MULTI,0 
/GO 
!*  
/COM,   
/COM,Preferences for GUI filtering have been set to display:
/COM,  Structural   
!*  
SAVE,'save1','db','B:\KPI\term6\AnsysWork\lab8\'
!*  
ET,1,PLANE183   
!*  
/REPLOT,RESIZE  
ETDEL,1 
!*  
ET,1,PLANE183   
!*  
KEYOPT,1,1,0
KEYOPT,1,3,0
KEYOPT,1,6,0
!*  
!*  
!*  
!*  
!*  
!*  
!*  
!*  
!*  
!*  
!*  
!*  
KEYOPT,1,1,0
KEYOPT,1,3,0
KEYOPT,1,6,0
!*  
!*  
!*  
!*  
!*  
!*  
alist, all  
LLIST,ALL, , ,  
SAVE,'save2','db','B:\KPI\term6\AnsysWork\lab8\'
FLST,3,28,5,ORDE,2  
FITEM,3,1   
FITEM,3,-28 
FLST,2,28,5,ORDE,2  
FITEM,2,1   
FITEM,2,-28 
AADD,P51X   
RESUME,'save2','db','B:\KPI\term6\AnsysWork\lab8\',0,0  
/COM,ANSYS RELEASE 2022 R2           BUILD 22.2      UP20220516       23:13:41
/REPLOT,RESIZE  
KEYOPT, 1,1, Quadriteral
KEYOPT, 1, 3, 3 
!*  
R,1,0.005,  
!*  
SAVE,'save3','db','B:\KPI\term6\AnsysWork\lab8\'
!*  
MPTEMP,,,,,,,,  
MPTEMP,1,0  
MPDATA,EX,1,,2.05e+11   
MPDATA,PRXY,1,,0.27 
MPTEMP,,,,,,,,  
MPTEMP,1,0  
MPDE,EX,1   
MPDE,PRXY,1 
MPDATA,EX,1,,2.05E+11   
MPDATA,PRXY,1,,0.27 
MPTEMP,,,,,,,,  
MPTEMP,1,0  
MPDATA,DENS,1,,7800 
SAVE,'save4','db','B:\KPI\TERM6\ANSYSWORK\LAB8\'
ESIZE,0.005,0,  
/ZOOM,1,RECT,0.529586,-0.270497 ,0.286275886996 ,-0.548496736347
/AUTO,1 
/REP,FAST   
MSHKEY,0
FLST,5,28,5,ORDE,2  
FITEM,5,1   
FITEM,5,-28 
CM,_Y,AREA  
ASEL, , , ,P51X 
CM,_Y1,AREA 
CHKMSH,'AREA'   
CMSEL,S,_Y  
!*  
! AMESH,_Y1 
!*  
CMDELE,_Y   
CMDELE,_Y1  
CMDELE,_Y2  
!*  
/USER,  1   
/FOC,   1, -0.292564678185E-01, -0.848261761864E-02, -0.710880377888E-02
/REPLO  
/VIEW,  1, -0.398124180368    , -0.901516664700    ,  0.169602005514
/ANG,   1,   80.7800357383  
/REPLO  
/VIEW,  1, -0.749041133276    , -0.598646281954    ,  0.283830952792
/ANG,   1,   79.7425058800  
/REPLO  
/VIEW,  1, -0.931000086466    , -0.363211242454    ,  0.362826729328E-01
/ANG,   1,   89.2753121689  
/REPLO  
/VIEW,  1, -0.987399309228    , -0.156741060179    , -0.217909198896E-01
/ANG,   1,   89.9748545217  
/REPLO  
/VIEW,  1, -0.999353265160    , -0.317182034253E-01, -0.169412805268E-01
/ANG,   1,   89.9015073093  
/REPLO  
RESUME,'save4','db','B:\KPI\TERM6\ANSYSWORK\LAB8\',0,0  
/COM,ANSYS RELEASE 2022 R2           BUILD 22.2      UP20220516       23:36:33
MSHKEY,0
/FOC,   1, -0.352655232002E-01, -0.116877535262E-01, -0.131569293368E-01
/REPLO  
/VIEW,  1, -0.449071824878    , -0.888805758022    , -0.914265858947E-01
/ANG,   1,   111.505770954  
/REPLO  
/VIEW,  1, -0.763309329461E-01, -0.207196308030    , -0.975317014419
/ANG,   1,   160.293492168  
/REPLO  
/FOC,   1, -0.430650389710E-01, -0.335698659360E-01, -0.789788315726E-02
/REPLO  
/VIEW,  1, -0.280819399001    , -0.891137473838    , -0.356390891953
/ANG,   1,   138.931128687  
/REPLO  
/VIEW,  1, -0.408513645250    , -0.912499253622    , -0.214875262607E-01
/ANG,   1,   94.4699926011  
/REPLO  
/VIEW,  1, -0.869286819159    , -0.413093849249    , -0.271466200013
/ANG,   1,   107.574906478  
/REPLO  
/VIEW,  1,  0.160163399333    , -0.444758275913    , -0.881213800120
/ANG,   1,   134.875208875  
/REPLO  
/VIEW,  1, -0.695606340994    , -0.221499214043    , -0.683425136022
/ANG,   1,   109.186425243  
/REPLO  
/VIEW,  1, -0.590532657579    , -0.712330418025    ,  0.379284267916
/ANG,   1,   55.2155321681  
/REPLO  
/VIEW,  1, -0.597027885047    , -0.676332364781E-01, -0.799364403635
/ANG,   1,   90.2416101502  
/REPLO  
/VIEW,  1,  0.344206099339    , -0.206210329960    , -0.915969137578
/ANG,   1,   102.642435964  
/REPLO  
/VIEW,  1,  0.671704573872E-01, -0.984792588875    ,  0.160223863863
/ANG,   1,  -109.139451532  
/REPLO  
/VIEW,  1, -0.200170983501    , -0.935466586673    , -0.291262497728
/ANG,   1,   57.2248280440  
/REPLO  
/VIEW,  1, -0.330562819636    , -0.533019588697    , -0.778857073114
/ANG,   1,   65.7850821088  
/REPLO  
/VIEW,  1, -0.404219328789    ,  0.258150703442    , -0.877476466092
/ANG,   1,   63.9622924981  
/REPLO  
/VIEW,  1, -0.270155222899    ,  0.948713080388    , -0.164193929976
/ANG,   1,   91.2845823166  
/REPLO  
/VIEW,  1,  0.359012471187E-01,  0.983884452477    ,  0.175164164797
/ANG,   1,  -137.106697844  
/REPLO  
/VIEW,  1,  0.112646488349    ,  0.993602843771    ,  0.800983851303E-02
/ANG,   1,  -63.3650075429  
/REPLO  
/VIEW,  1,  0.991632414442E-01,  0.965888680549    , -0.239218954796
/ANG,   1,   7.32069752053  
/REPLO  
/VIEW,  1,  0.493963416802    ,  0.739255059539    , -0.457713993459
/ANG,   1,  -15.7560890487  
/REPLO  
/VIEW,  1,  0.321132396953    ,  0.416605947512    , -0.850478376048
/ANG,   1,  0.561785266574  
/REPLO  
/VIEW,  1,  0.912767932553    , -0.230429302349    , -0.337278872630
/ANG,   1,  -9.32751852964  
/REPLO  
/VIEW,  1, -0.539555420471    , -0.678194736346    , -0.498930704440
/ANG,   1,  -107.448508559  
/REPLO  
/VIEW,  1, -0.226932292212    , -0.973566962021    , -0.258670681073E-01
/ANG,   1,  -139.650214220  
/REPLO  
/VIEW,  1,  0.184293875289    , -0.373691862378    ,  0.909060041759
/ANG,   1,   117.181071723  
/REPLO  
/VIEW,  1, -0.275753334535    ,  0.427495951852    ,  0.860933975194
/ANG,   1,   116.694010116  
/REPLO  
/VIEW,  1, -0.560730685056    ,  0.822597570851    ,  0.944157575131E-01
/ANG,   1,   67.9362177762  
/REPLO  
/VIEW,  1, -0.465937482820    ,  0.129477930227    ,  0.875292938214
/ANG,   1,   102.731566653  
/REPLO  
FLST,5,2,5,ORDE,2   
FITEM,5,1   
FITEM,5,-2  
CM,_Y,AREA  
ASEL, , , ,P51X 
CM,_Y1,AREA 
CHKMSH,'AREA'   
CMSEL,S,_Y  
!*  
AMESH,_Y1   
!*  
CMDELE,_Y   
CMDELE,_Y1  
CMDELE,_Y2  
!*  
/VIEW,  1, -0.349264172660    , -0.903927706440    ,  0.246838488139
/ANG,   1,   128.848028867  
/REPLO  
/VIEW,  1, -0.251202613852    , -0.805328963772    ,  0.536975331746
/ANG,   1,   102.403894226  
/REPLO  
/VIEW,  1, -0.832569030850    , -0.500879014682    ,  0.236535455103
/ANG,   1,   137.106414968  
/REPLO  
/VIEW,  1, -0.981493698094    , -0.119620102185    ,  0.149536456271
/ANG,   1,   139.831399116  
/REPLO  
/VIEW,  1, -0.987751066928    ,  0.904866024025E-01, -0.127122006622
/ANG,   1,   139.748044593  
/REPLO  
/VIEW,  1, -0.976089067502    ,  0.163484500844    ,  0.143258334090
/ANG,   1,   141.781588706  
/REPLO  
/VIEW,  1, -0.801316255613    ,  0.556088377109    ,  0.220585528390
/ANG,   1,   143.099589750  
/REPLO  
/VIEW,  1, -0.268000627815    ,  0.959986580755    ,  0.812491739058E-01
/ANG,   1,   143.583306993  
/REPLO  
/VIEW,  1,  0.441677246713E-01,  0.998982818968    , -0.908512540638E-02
/ANG,   1,  -41.9136903913  
/REPLO  
/VIEW,  1,  0.279149391298    ,  0.498480401046    ,  0.820727060058
/ANG,   1,  -124.058367638  
/REPLO  
/VIEW,  1,  0.618118663869    ,  0.543834421190    ,  0.567603241451
/ANG,   1,  -109.621912537  
/REPLO  
/VIEW,  1,  0.496097722240    ,  0.453099578012    ,  0.740667146830
/ANG,   1,  -116.252926512  
/REPLO  
RESUME,'save4','db','B:\KPI\TERM6\ANSYSWORK\LAB8\',0,0  
/COM,ANSYS RELEASE 2022 R2           BUILD 22.2      UP20220516       23:37:47
MSHKEY,0
CM,_Y,AREA  
ASEL, , , ,       1 
CM,_Y1,AREA 
CHKMSH,'AREA'   
CMSEL,S,_Y  
!*  
AMESH,_Y1   
!*  
CMDELE,_Y   
CMDELE,_Y1  
CMDELE,_Y2  
!*  
/VIEW,  1, -0.396140710758    , -0.917315537921    , -0.400592207736E-01
/ANG,   1,   107.533928505  
/REPLO  
/VIEW,  1, -0.905125686540E-01, -0.923955627475    ,  0.371636211063
/ANG,   1,   31.4438487956  
/REPLO  
/VIEW,  1,  0.145306996962E-01, -0.830832603908    ,  0.556332673002
/ANG,   1,   18.0303049425  
/REPLO  
/VIEW,  1,  0.136467824958    , -0.559953456857    ,  0.817207843149
/ANG,   1,   12.2676155591  
/REPLO  
RESUME,'save4','db','B:\KPI\TERM6\ANSYSWORK\LAB8\',0,0  
/COM,ANSYS RELEASE 2022 R2           BUILD 22.2      UP20220516       23:38:42
MSHKEY,0
FLST,5,28,5,ORDE,2  
FITEM,5,1   
FITEM,5,-28 
CM,_Y,AREA  
ASEL, , , ,P51X 
CM,_Y1,AREA 
CHKMSH,'AREA'   
CMSEL,S,_Y  
!*  
AMESH,_Y1   
!*  
CMDELE,_Y   
CMDELE,_Y1  
CMDELE,_Y2  
!*  
/FOC,   1, -0.366351607309E-01, -0.119188258983E-01, -0.137603708060E-01
/REPLO  
/VIEW,  1, -0.376058851828    , -0.858283844409    ,  0.349182734953
/ANG,   1,   62.3735175465  
/REPLO  
/VIEW,  1, -0.647114821529    , -0.713360391287    ,  0.268996951469
/ANG,   1,   78.6114902223  
/REPLO  
/VIEW,  1, -0.689304396523    , -0.524275914784    ,  0.499994214079
/ANG,   1,   70.2928088614  
/REPLO  
/VIEW,  1, -0.723968240743    ,  0.523838367834E-01,  0.687841493397
/ANG,   1,   68.2708777736  
/REPLO  
/VIEW,  1, -0.960071260456    , -0.196429478202    ,  0.199194967153
/ANG,   1,   68.5170452923  
/REPLO  
/VIEW,  1, -0.910150243245    , -0.413472221960    ,  0.258313063453E-01
/ANG,   1,   71.6736064115  
/REPLO  
/VIEW,  1, -0.762237521338    , -0.646310432434    ,  0.357321422763E-01
/ANG,   1,   71.1239907496  
/REPLO  
/VIEW,  1, -0.373020905467    , -0.927558363297    ,  0.221559645089E-01
/ANG,   1,   70.6403882568  
/REPLO  
/VIEW,  1,  0.235164072385    , -0.967047091705    ,  0.975591178974E-01
/ANG,   1,  -81.8462907504  
/REPLO  
/VIEW,  1,  0.680713931645E-01, -0.996798030465    , -0.419520189403E-01
/ANG,   1,  -135.678535578  
/REPLO  
/VIEW,  1, -0.297305753305    , -0.828982423459    ,  0.473706059331
/ANG,   1,   17.4802897077  
/REPLO  
/VIEW,  1, -0.330837794852    , -0.480176748864    ,  0.812389465310
/ANG,   1,   10.5739856369  
/REPLO  
/VIEW,  1, -0.811783892646    , -0.561481883392    ,  0.160452504697
/ANG,   1,   37.6462360433  
/REPLO  
/VIEW,  1, -0.481456345178    , -0.488397851247    ,  0.727782472024
/ANG,   1,   14.4601169771  
/REPLO  
/VIEW,  1, -0.985198111616    , -0.394423615987E-01,  0.166820205551
/ANG,   1,   20.2178338687  
/REPLO  
/VIEW,  1, -0.541755870904    , -0.363355407987    ,  0.757940250830
/ANG,   1,   12.7275587911  
/REPLO  
/VIEW,  1, -0.523427333372    , -0.603521242088    ,  0.601486439604
/ANG,   1,   14.8829458163  
/REPLO  
/VIEW,  1, -0.469959336738    , -0.841326854459    ,  0.267034353181
/ANG,   1,   29.0223159815  
/REPLO  
/VIEW,  1, -0.286377030788    , -0.444434272257E-01,  0.957085669109
/ANG,   1,   5.33397833987  
/REPLO  
/VIEW,  1, -0.130305975587    ,  0.388139917617    ,  0.912341907992
/ANG,   1,   6.92935138772  
/REPLO  
FINISH  
/SOL
FINISH  
/PREP7  
FLST,2,28,5,ORDE,2  
FITEM,2,1   
FITEM,2,-28 
AADD,P51X   
RESUME,'save4','db','B:\KPI\TERM6\ANSYSWORK\LAB8\',0,0  
/COM,ANSYS RELEASE 2022 R2           BUILD 22.2      UP20220516       23:41:10
FLST,2,28,5,ORDE,2  
FITEM,2,1   
FITEM,2,-28 
AADD,P51X   
FINISH  
/SOL
FINISH  
/PREP7  
FLST,2,64,3,ORDE,2  
FITEM,2,1   
FITEM,2,-64 
KDELE,P51X  
APLOT   
VPLOT   
APLOT   
FLST,2,28,5,ORDE,2  
FITEM,2,1   
FITEM,2,-28 
ADELE,P51X  
LPLOT   
APLOT   
VPLOT   
FLST,3,1,6,ORDE,1   
FITEM,3,1   
FLST,2,28,5,ORDE,2  
FITEM,2,1   
FITEM,2,-28 
AINA,P51X   
RESUME,'save4','db','B:\KPI\TERM6\ANSYSWORK\LAB8\',0,0  
/COM,ANSYS RELEASE 2022 R2           BUILD 22.2      UP20220516       23:43:06
FINISH  
/SOL
FINISH  
/PREP7  
MSHKEY,0
MSHAPE,1,3d 
CM,_Y,VOLU  
VSEL, , , ,       1 
CM,_Y1,VOLU 
CHKMSH,'VOLU'   
CMSEL,S,_Y  
!*  
VMESH,_Y1   
!*  
CMDELE,_Y   
CMDELE,_Y1  
CMDELE,_Y2  
!*  
MSHKEY,0
MSHAPE,1,3d 
CM,_Y,VOLU  
VSEL, , , ,       1 
CM,_Y1,VOLU 
CHKMSH,'VOLU'   
CMSEL,S,_Y  
!*  
VMESH,_Y1   
!*  
CMDELE,_Y   
CMDELE,_Y1  
CMDELE,_Y2  
!*  
FLST,5,28,5,ORDE,2  
FITEM,5,1   
FITEM,5,-28 
CM,_Y,AREA  
ASEL, , , ,P51X 
CM,_Y1,AREA 
CHKMSH,'AREA'   
CMSEL,S,_Y  
!*  
MSHKEY,1
AMESH,_Y1   
MSHKEY,0
!*  
CMDELE,_Y   
CMDELE,_Y1  
CMDELE,_Y2  
!*  
MSHKEY,0
FLST,5,28,5,ORDE,2  
FITEM,5,1   
FITEM,5,-28 
CM,_Y,AREA  
ASEL, , , ,P51X 
CM,_Y1,AREA 
CHKMSH,'AREA'   
CMSEL,S,_Y  
!*  
! AMESH,_Y1 
!*  
CMDELE,_Y   
CMDELE,_Y1  
CMDELE,_Y2  
!*  
/VIEW,  1, -0.283639213993    , -0.745724325801    ,  0.602863190280
/ANG,   1,   44.2326464618  
/REPLO  
/VIEW,  1, -0.321311119380    , -0.933647808604    ,  0.158306456131
/ANG,   1,   77.5023647491  
/REPLO  
/VIEW,  1, -0.412680897331    , -0.868679031784    ,  0.274027766324
/ANG,   1,   70.8413080667  
/REPLO  
/VIEW,  1, -0.667470684912    , -0.729999375691    ,  0.146914248031
/ANG,   1,   87.9588141971  
/REPLO  
/VIEW,  1, -0.410524253760    , -0.911813994049    , -0.806705215006E-02
/ANG,   1,   99.4682337896  
/REPLO  
/DIST, 1 ,0.924021,1
/REP,FAST   
/DIST, 1 ,0.924021,1
/REP,FAST   
/DIST, 1 ,0.924021,1
/REP,FAST   
/DIST, 1 ,0.924021,1
/REP,FAST   
/DIST, 1 ,0.924021,1
/REP,FAST   
/DIST, 1 ,0.924021,1
/REP,FAST   
/DIST, 1 ,0.924021,1
/REP,FAST   
/DIST, 1 ,0.924021,1
/REP,FAST   
/VIEW,  1, -0.897519229656    , -0.379600465444    ,  0.224416396533
/ANG,   1,   88.5840648300  
/REPLO  
/VIEW,  1, -0.988872332436    ,  0.111228140031    ,  0.987917557733E-01
/ANG,   1,   89.3126063744  
/REPLO  
/DIST, 1 ,1.082226,1
/REP,FAST   
/VIEW,  1, -0.908281781543    ,  0.278681256725    ,  0.312027182258
/DIST,  1,  0.629819278041E-01  
/ANG,   1,   92.0067076281  
/REPLO  
/VIEW,  1, -0.475223580045    ,  0.876101940820    ,  0.812892259806E-01
/ANG,   1,   85.9980242015  
/REPLO  
/VIEW,  1, -0.130504425730    ,  0.982414082209    ,  0.133533388866
/ANG,   1,   120.389757103  
/REPLO  
RESUME,'save4','db','B:\KPI\TERM6\ANSYSWORK\LAB8\',0,0  
/COM,ANSYS RELEASE 2022 R2           BUILD 22.2      UP20220516       23:45:13
MSHKEY,0
FLST,5,26,5,ORDE,2  
FITEM,5,3   
FITEM,5,-28 
CM,_Y,AREA  
ASEL, , , ,P51X 
CM,_Y1,AREA 
CHKMSH,'AREA'   
CMSEL,S,_Y  
!*  
! AMESH,_Y1 
!*  
CMDELE,_Y   
CMDELE,_Y1  
CMDELE,_Y2  
!*  
RESUME,'save4','db','B:\KPI\TERM6\ANSYSWORK\LAB8\',0,0  
/COM,ANSYS RELEASE 2022 R2           BUILD 22.2      UP20220516       23:46:03
MSHKEY,0
MSHAPE,1,3d 
CM,_Y,VOLU  
VSEL, , , ,       1 
CM,_Y1,VOLU 
CHKMSH,'VOLU'   
CMSEL,S,_Y  
!*  
VMESH,_Y1   
!*  
CMDELE,_Y   
CMDELE,_Y1  
CMDELE,_Y2  
!*  
FLST,2,89,4,ORDE,2  
FITEM,2,1   
FITEM,2,-89 
LMESH,P51X  
/VIEW,  1, -0.285296539060    , -0.863693338431    ,  0.415499340494
/ANG,   1,   52.9359164159  
/REPLO  
/VIEW,  1, -0.669405649349    , -0.738168490230    ,  0.836860600779E-01
/ANG,   1,   93.2997494679  
/REPLO  
/VIEW,  1, -0.879363222680    , -0.438129808031    , -0.186447295269
/ANG,   1,   105.196810527  
/REPLO  
/VIEW,  1, -0.987456501833    , -0.157410518277    , -0.123120154494E-01
/ANG,   1,   101.460207250  
/REPLO  
/VIEW,  1, -0.398208704605    , -0.793488616195    ,  0.460223471311
/ANG,   1,   73.8567779790  
/REPLO  
/VIEW,  1, -0.547333360443    , -0.234616952551    ,  0.803356134054
/ANG,   1,   70.9698127554  
/REPLO  
/VIEW,  1, -0.672850714248    ,  0.409476793185    ,  0.616117417526
/ANG,   1,   69.6699610307  
/REPLO  
/VIEW,  1,  0.756528365051E-01, -0.879540469026    ,  0.469771446210
/ANG,   1,   48.2715738841  
/REPLO  
/VIEW,  1, -0.153334688908    , -0.984714002245    , -0.826244937057E-01
/ANG,   1,   178.467013607  
/REPLO  
/VIEW,  1,  0.971411174218E-01, -0.768485095742    ,  0.632450994882
/ANG,   1,   69.0377590428  
/REPLO  
/VIEW,  1, -0.139489679306    , -0.386900878385    ,  0.911509922970
/ANG,   1,   79.8006332978  
/REPLO  
/VIEW,  1, -0.458589313441    , -0.274435914778    ,  0.845210488741
/ANG,   1,   86.1344252072  
/REPLO  
/VIEW,  1,  0.653884639583    , -0.594075280112    , -0.468518345081
/ANG,   1,  -68.1768917761  
/REPLO  
/VIEW,  1,  0.511632622780    ,  0.855544516027    , -0.792189396693E-01
/ANG,   1,  -44.4881109786  
/REPLO  
/VIEW,  1,  0.102074784394    , -0.982487023720    ,  0.155884529739
/ANG,   1,  -52.2308288203  
/REPLO  
/VIEW,  1, -0.256669432805    , -0.828418126931    ,  0.497839541656
/ANG,   1,  -2.83296313675  
/REPLO  
/VIEW,  1, -0.153217332626    , -0.953637191597    ,  0.259037749733
/ANG,   1, -0.135859029011  
/REPLO  
FLST,2,28,5,ORDE,2  
FITEM,2,1   
FITEM,2,-28 
AGLUE,P51X  
/VIEW,  1, -0.543951769512    , -0.697775504695    ,  0.466074905451
/ANG,   1,   76.7015398652  
/REPLO  
/VIEW,  1,  0.344444542148    , -0.810984371374    ,  0.472929494504
/ANG,   1,   8.79492466498  
/REPLO  
MSHKEY,0
FLST,5,28,5,ORDE,2  
FITEM,5,1   
FITEM,5,-28 
CM,_Y,AREA  
ASEL, , , ,P51X 
CM,_Y1,AREA 
CHKMSH,'AREA'   
CMSEL,S,_Y  
!*  
AMESH,_Y1   
!*  
CMDELE,_Y   
CMDELE,_Y1  
CMDELE,_Y2  
!*  
/VIEW,  1,  0.447593788832E-01, -0.447009974778    ,  0.893408462267
/ANG,   1,   29.2692614372  
/REPLO  
/VIEW,  1, -0.638497730911E-01, -0.956870724740    ,  0.283410696008
/ANG,   1,   42.1143158376  
/REPLO  
/VIEW,  1,  0.301125906648E-01, -0.998911402159    , -0.356264300725E-01
/ANG,   1,  -110.665583320  
/REPLO  
/VIEW,  1, -0.328947745034    , -0.937722287047    ,  0.111670467949
/ANG,   1,   100.276297366  
/REPLO  
/VIEW,  1, -0.599510036946    , -0.770969937538    , -0.214925733716
/ANG,   1,   133.100949597  
/REPLO  
RESUME,'save4','db','B:\KPI\TERM6\ANSYSWORK\LAB8\',0,0  
/COM,ANSYS RELEASE 2022 R2           BUILD 22.2      UP20220516       23:49:34
APLOT   
/DIST, 1 ,0.924021,1
/REP,FAST   
/DIST, 1 ,0.924021,1
/REP,FAST   
/DIST, 1 ,0.924021,1
/REP,FAST   
/DIST, 1 ,0.924021,1
/REP,FAST   
/DIST, 1 ,0.924021,1
/REP,FAST   
/DIST, 1 ,0.924021,1
/REP,FAST   
/DIST, 1 ,1.082226,1
/REP,FAST   
/DIST, 1 ,1.082226,1
/REP,FAST   
/DIST, 1 ,1.082226,1
/REP,FAST   
/DIST, 1 ,1.082226,1
/REP,FAST   
alist, all  
AMESH, 1, 28, 0.0025
/FOC,   1, -0.327968418160E-01, -0.949303120641E-02, -0.102981444983E-01
/REPLO  
/VIEW,  1, -0.395375565679    , -0.887575046823    , -0.236407906638
/ANG,   1,   134.759924178  
/REPLO  
/VIEW,  1, -0.555371392954    , -0.829360354456    ,  0.610247355158E-01
/ANG,   1,   102.096880383  
/REPLO  
/VIEW,  1, -0.693368091619    , -0.707247455410    ,  0.137991761854
/ANG,   1,   98.0235626014  
/REPLO  
/VIEW,  1, -0.746300498895    , -0.665241105029    , -0.221322734966E-01
/ANG,   1,   106.758222372  
/REPLO  
/VIEW,  1, -0.860800987059    , -0.508498988080    ,  0.212235670744E-01
/ANG,   1,   104.758723295  
/REPLO  
/VIEW,  1, -0.573055048839    , -0.819044162161    , -0.278311234081E-01
/ANG,   1,   107.986167322  
/REPLO  
/VIEW,  1, -0.408742894320    , -0.911111513559    , -0.529627812953E-01
/ANG,   1,   111.990299831  
/REPLO  
/VIEW,  1, -0.255412496694    , -0.966778961566    , -0.101437668308E-01
/ANG,   1,   107.093730604  
/REPLO  
RESUME,'save4','db','B:\KPI\TERM6\ANSYSWORK\LAB8\',0,0  
/COM,ANSYS RELEASE 2022 R2           BUILD 22.2      UP20220516       23:52:14
/REPLOT,RESIZE  
ESIZE,0.0025,0, 
MSHKEY,0
FLST,5,28,5,ORDE,2  
FITEM,5,1   
FITEM,5,-28 
CM,_Y,AREA  
ASEL, , , ,P51X 
CM,_Y1,AREA 
CHKMSH,'AREA'   
CMSEL,S,_Y  
!*  
AMESH,_Y1   
!*  
CMDELE,_Y   
CMDELE,_Y1  
CMDELE,_Y2  
!*  
/FOC,   1, -0.351916432274E-01, -0.126346109921E-01, -0.140798659826E-01
/REPLO  
/VIEW,  1, -0.263539617129    , -0.844936643200    ,  0.465434140542
/ANG,   1,   48.5053581692  
/REPLO  
/VIEW,  1, -0.518556515712    , -0.843830619808    ,  0.138018205638
/ANG,   1,   87.8580383166  
/REPLO  
RESUME,'save4','db','B:\KPI\TERM6\ANSYSWORK\LAB8\',0,0  
/COM,ANSYS RELEASE 2022 R2           BUILD 22.2      UP20220516       23:55:05
/VIEW,  1, -0.311725714149    , -0.863477811448    ,  0.396526352560
/ANG,   1,   55.5911426301  
/REPLO  
/VIEW,  1, -0.745539401022    , -0.570923608456    ,  0.343827332873
/ANG,   1,   76.2575490557  
/REPLO  
/VIEW,  1, -0.963687122963    , -0.460190631962E-01,  0.263038732618
/ANG,   1,   79.2635689642  
/REPLO  
/DIST, 1 ,0.924021,1
/REP,FAST   
/DIST, 1 ,0.924021,1
/REP,FAST   
/DIST, 1 ,0.924021,1
/REP,FAST   
/DIST, 1 ,0.924021,1
/REP,FAST   
/DIST, 1 ,0.924021,1
/REP,FAST   
/DIST, 1 ,0.924021,1
/REP,FAST   
/DIST, 1 ,0.924021,1
/REP,FAST   
/DIST, 1 ,0.924021,1
/REP,FAST   
/DIST, 1 ,0.924021,1
/REP,FAST   
/DIST, 1 ,0.924021,1
/REP,FAST   
/DIST, 1 ,0.924021,1
/REP,FAST   
/DIST, 1 ,0.924021,1
/REP,FAST   
/VIEW,  1,  0.884686665284E-01, -0.927515830985    ,  0.363163431962
/ANG,   1,   17.7378607930  
/REPLO  
/VIEW,  1,  0.850580623525E-01, -0.682807105468    ,  0.725630472590
/ANG,   1,   24.0060335270  
/REPLO  
/VIEW,  1,  0.375683887371    , -0.420377457066E-01,  0.925793953699
/ANG,   1,   17.8707692688  
/REPLO  
/VIEW,  1,  0.395198850296    ,  0.179115706076    ,  0.900963613339
/ANG,   1,   17.9847455404  
/REPLO  
/VIEW,  1,  0.331655195784    , -0.377039515277    ,  0.864780917359
/ANG,   1,   17.0663369364  
/REPLO  
/VIEW,  1, -0.695669257161    , -0.431610304428    ,  0.574244573116
/ANG,   1,   51.1605527750  
/REPLO  
/VIEW,  1, -0.609273918592    , -0.718364817877    ,  0.335763727285
/ANG,   1,   57.5839724747  
/REPLO  
/VIEW,  1, -0.372896311305E-01, -0.991085645023    ,  0.127901241743
/ANG,   1,   15.3138858016  
/REPLO  
/VIEW,  1, -0.131321825358E-01, -0.889617736164    ,  0.456517063520
/ANG,   1,   1.51730359230  
/REPLO  
/DIST, 1 ,1.082226,1
/REP,FAST   
/DIST, 1 ,1.082226,1
/REP,FAST   
/DIST, 1 ,1.082226,1
/REP,FAST   
/DIST, 1 ,1.082226,1
/REP,FAST   
/DIST, 1 ,1.082226,1
/REP,FAST   
/DIST, 1 ,1.082226,1
/REP,FAST   
/DIST, 1 ,1.082226,1
/REP,FAST   
/DIST, 1 ,1.082226,1
/REP,FAST   
/DIST, 1 ,1.082226,1
/REP,FAST   
/DIST, 1 ,1.082226,1
/REP,FAST   
/VIEW,  1, -0.331311643839E-01, -0.768162016067    ,  0.639397718966
/ANG,   1,   2.73404864250  
/REPLO  
wpro,,90.000000,
MSHKEY,0
FLST,5,28,5,ORDE,2  
FITEM,5,1   
FITEM,5,-28 
CM,_Y,AREA  
ASEL, , , ,P51X 
CM,_Y1,AREA 
CHKMSH,'AREA'   
CMSEL,S,_Y  
!*  
AMESH,_Y1   
!*  
CMDELE,_Y   
CMDELE,_Y1  
CMDELE,_Y2  
!*  
RESUME,'save4','db','B:\KPI\TERM6\ANSYSWORK\LAB8\',0,0  
/COM,ANSYS RELEASE 2022 R2           BUILD 22.2      UP20220516       23:57:11
MSHKEY,0
CM,_Y,AREA  
ASEL, , , ,       1 
CM,_Y1,AREA 
CHKMSH,'AREA'   
CMSEL,S,_Y  
!*  
AMESH,_Y1   
!*  
CMDELE,_Y   
CMDELE,_Y1  
CMDELE,_Y2  
!*  
/PNUM,KP,1  
/PNUM,LINE,1
/PNUM,AREA,1
/PNUM,VOLU,0
/PNUM,NODE,0
/PNUM,TABN,0
/PNUM,SVAL,0
/NUMBER,0   
!*  
/PNUM,ELEM,0
/REPLOT 
!*  
!*  
/SHRINK,0   
/ESHAPE,1.0 
/EFACET,1   
/RATIO,1,1,1
/CFORMAT,32,0   
/REPLOT 
!*  
/FOC,   1, -0.426838145797E-01, -0.164613793976E-01, -0.199333181278E-01
/REPLO  
/VIEW,  1, -0.264389314219    , -0.833295060400    ,  0.485507603277
/ANG,   1,   47.4420775714  
/REPLO  
/VIEW,  1, -0.511376548204    , -0.834891383386    ,  0.203593722629
/ANG,   1,   80.7324412860  
/REPLO  
/DIST, 1 ,0.924021,1
/REP,FAST   
/DIST, 1 ,0.924021,1
/REP,FAST   
/DIST, 1 ,0.924021,1
/REP,FAST   
/DIST, 1 ,0.924021,1
/REP,FAST   
/DIST, 1 ,0.924021,1
/REP,FAST   
/DIST, 1 ,0.924021,1
/REP,FAST   
/DIST, 1 ,1.082226,1
/REP,FAST   
/DIST, 1 ,1.082226,1
/REP,FAST   
/DIST, 1 ,1.082226,1
/REP,FAST   
/DIST, 1 ,1.082226,1
/REP,FAST   
/VIEW,  1, -0.370313633171    , -0.856968402760    ,  0.358431262251
/ANG,   1,   62.0135837620  
/REPLO  
SAVE,'save5','db','B:\KPI\TERM6\ANSYSWORK\LAB8\'
FINISH  
/SOL
FINISH  
/PREP7  
!*  
ANTYPE,0
SAVE,'save6','db','B:\KPI\TERM6\ANSYSWORK\LAB8\'
FINISH  
/SOL
/VIEW,  1, -0.662472489280    , -0.228059393749    ,  0.713525832658
/ANG,   1,   59.5475722706  
/REPLO  
/VIEW,  1, -0.771773750833    ,  0.355464970272    ,  0.527266471943
/ANG,   1,   58.6253064735  
/REPLO  
/VIEW,  1,  0.755232363598E-01,  0.435450177869    ,  0.897039231786
/ANG,   1,   84.0452677769  
/REPLO  
/VIEW,  1,  0.412893083208    ,  0.672909457335    ,  0.613768819727
/ANG,   1,   100.899280446  
/REPLO  
/VIEW,  1, -0.566622622628    , -0.367784017486    ,  0.737342335695
/ANG,   1,   88.5305423171  
/REPLO  
FLST,2,4,4,ORDE,4   
FITEM,2,9   
FITEM,2,29  
FITEM,2,-30 
FITEM,2,46  
!*  
/GO 
DL,P51X, ,ALL,  
/DIST, 1 ,0.924021,1
/REP,FAST   
/DIST, 1 ,0.924021,1
/REP,FAST   
/DIST, 1 ,0.924021,1
/REP,FAST   
/DIST, 1 ,0.924021,1
/REP,FAST   
/DIST, 1 ,0.924021,1
/REP,FAST   
/DIST, 1 ,0.924021,1
/REP,FAST   
/DIST, 1 ,0.924021,1
/REP,FAST   
/DIST, 1 ,0.924021,1
/REP,FAST   
/DIST, 1 ,0.924021,1
/REP,FAST   
/FOC,   1, -0.536350445004E-01,  0.753550506468E-02, -0.163793977449E-01
/REPLO  
/FOC,   1, -0.667871372200E-01,  0.278518738775E-01, -0.163525954417E-01
/REPLO  
/VIEW,  1, -0.674744510874    , -0.396006798374    ,  0.622814948991
/ANG,   1,   92.1809877672  
/REPLO  
LPLOT   
/DIST, 1 ,0.924021,1
/REP,FAST   
/DIST, 1 ,0.924021,1
/REP,FAST   
/DIST, 1 ,0.924021,1
/REP,FAST   
/DIST, 1 ,0.924021,1
/REP,FAST   
/DIST, 1 ,0.924021,1
/REP,FAST   
/DIST, 1 ,0.924021,1
/REP,FAST   
/DIST, 1 ,0.924021,1
/REP,FAST   
/DIST, 1 ,0.924021,1
/REP,FAST   
/DIST, 1 ,0.924021,1
/REP,FAST   
/DIST, 1 ,0.924021,1
/REP,FAST   
/DIST, 1 ,0.924021,1
/REP,FAST   
/DIST, 1 ,0.924021,1
/REP,FAST   
/DIST, 1 ,0.924021,1
/REP,FAST   
/DIST, 1 ,0.924021,1
/REP,FAST   
/DIST, 1 ,0.924021,1
/REP,FAST   
/DIST, 1 ,1.082226,1
/REP,FAST   
/DIST, 1 ,1.082226,1
/REP,FAST   
/DIST, 1 ,1.082226,1
/REP,FAST   
/DIST, 1 ,1.082226,1
/REP,FAST   
/DIST, 1 ,1.082226,1
/REP,FAST   
/DIST, 1 ,1.082226,1
/REP,FAST   
/DIST, 1 ,1.082226,1
/REP,FAST   
/DIST, 1 ,1.082226,1
/REP,FAST   
/DIST, 1 ,1.082226,1
/REP,FAST   
/DIST, 1 ,1.082226,1
/REP,FAST   
/DIST, 1 ,0.924021,1
/REP,FAST   
/DIST, 1 ,0.924021,1
/REP,FAST   
/DIST, 1 ,0.924021,1
/REP,FAST   
/DIST, 1 ,0.924021,1
/REP,FAST   
/DIST, 1 ,0.924021,1
/REP,FAST   
/DIST, 1 ,0.924021,1
/REP,FAST   
/DIST, 1 ,0.924021,1
/REP,FAST   
/DIST, 1 ,0.924021,1
/REP,FAST   
/VIEW,  1, -0.417974343050    , -0.780471633323    ,  0.464931691898
/ANG,   1,   89.3883234906  
/REPLO  
/VIEW,  1, -0.472597195767    , -0.529544176821    ,  0.704439390827
/ANG,   1,   83.9057804842  
/REPLO  
/DIST, 1 ,1.082226,1
/REP,FAST   
/DIST, 1 ,1.082226,1
/REP,FAST   
/DIST, 1 ,1.082226,1
/REP,FAST   
/DIST, 1 ,1.082226,1
/REP,FAST   
/DIST, 1 ,1.082226,1
/REP,FAST   
/DIST, 1 ,1.082226,1
/REP,FAST   
/DIST, 1 ,1.082226,1
/REP,FAST   
/DIST, 1 ,1.082226,1
/REP,FAST   
/DIST, 1 ,1.082226,1
/REP,FAST   
/DIST, 1 ,1.082226,1
/REP,FAST   
/DIST, 1 ,1.082226,1
/REP,FAST   
/DIST, 1 ,1.082226,1
/REP,FAST   
/DIST, 1 ,1.082226,1
/REP,FAST   
/DIST, 1 ,1.082226,1
/REP,FAST   
/DIST, 1 ,1.082226,1
/REP,FAST   
SAVE,'save7','db','B:\KPI\TERM6\ANSYSWORK\LAB8\'
/DIST, 1 ,1.082226,1
/REP,FAST   
/DIST, 1 ,1.082226,1
/REP,FAST   
/DIST, 1 ,1.082226,1
/REP,FAST   
/DIST, 1 ,1.082226,1
/REP,FAST   
/DIST, 1 ,1.082226,1
/REP,FAST   
/DIST, 1 ,1.082226,1
/REP,FAST   
/DIST, 1 ,1.082226,1
/REP,FAST   
/DIST, 1 ,1.082226,1
/REP,FAST   
/DIST, 1 ,1.082226,1
/REP,FAST   
/DIST, 1 ,1.082226,1
/REP,FAST   
/DIST, 1 ,1.082226,1
/REP,FAST   
/DIST, 1 ,1.082226,1
/REP,FAST   
/DIST, 1 ,1.082226,1
/REP,FAST   
/DIST, 1 ,0.924021,1
/REP,FAST   
/DIST, 1 ,0.924021,1
/REP,FAST   
/DIST, 1 ,0.924021,1
/REP,FAST   
/DIST, 1 ,0.924021,1
/REP,FAST   
/DIST, 1 ,0.924021,1
/REP,FAST   
/VIEW,  1,  0.522477462728    , -0.567553850384E-01,  0.850762086138
/ANG,   1,   30.9792288760  
/REPLO  
/VIEW,  1,  0.282812594517    ,  0.249268154108    ,  0.926219425261
/ANG,   1,   26.4312450222  
/REPLO  
APLOT   
/VIEW,  1,  0.862012116317E-01, -0.259384429688E-01,  0.995940032477
/ANG,   1,   25.1382262074  
/REPLO  
/VIEW,  1, -0.191261580217    , -0.566366927556    ,  0.801652986836
/ANG,   1,   31.7219497456  
/REPLO  
/FOC,   1, -0.264126121263E-01,  0.253012026343E-01, -0.852192589039E-02
/REPLO  
/FOC,   1,  0.108192489345E-01,  0.144977067735E-01, -0.727165695877E-02
/REPLO  
/VIEW,  1, -0.365713278319    , -0.815987888957    ,  0.447680201860
/ANG,   1,   49.2746301556  
/REPLO  
/FOC,   1,  0.137993494368E-01,  0.173616220401E-01,  0.382875188856E-03
/REPLO  
/FOC,   1, -0.198510634094E-02,  0.283340416690E-01,  0.748789445831E-02
/REPLO  
/VIEW,  1, -0.295248150705    , -0.742554769387    ,  0.601199587464
/ANG,   1,   39.0212932983  
/REPLO  
FLST,2,4,4,ORDE,2   
FITEM,2,40  
FITEM,2,-43 
/GO 
!*  
SFL,P51X,PRES,62830000,0
/DIST, 1 ,0.924021,1
/REP,FAST   
/DIST, 1 ,0.924021,1
/REP,FAST   
/DIST, 1 ,0.924021,1
/REP,FAST   
/DIST, 1 ,0.924021,1
/REP,FAST   
/DIST, 1 ,1.082226,1
/REP,FAST   
/DIST, 1 ,1.082226,1
/REP,FAST   
/DIST, 1 ,1.082226,1
/REP,FAST   
/DIST, 1 ,1.082226,1
/REP,FAST   
/DIST, 1 ,1.082226,1
/REP,FAST   
/DIST, 1 ,0.924021,1
/REP,FAST   
/DIST, 1 ,0.924021,1
/REP,FAST   
/DIST, 1 ,0.924021,1
/REP,FAST   
/DIST, 1 ,1.082226,1
/REP,FAST   
/DIST, 1 ,1.082226,1
/REP,FAST   
/DIST, 1 ,1.082226,1
/REP,FAST   
SAVE,'save8','db','B:\KPI\TERM6\ANSYSWORK\LAB8\'
RESUME,'save7','db','B:\KPI\TERM6\ANSYSWORK\LAB8\',0,0  
/COM,ANSYS RELEASE 2022 R2           BUILD 22.2      UP20220516       00:13:45
/DIST, 1 ,1.082226,1
/REP,FAST   
/DIST, 1 ,1.082226,1
/REP,FAST   
/DIST, 1 ,1.082226,1
/REP,FAST   
/DIST, 1 ,1.082226,1
/REP,FAST   
/DIST, 1 ,1.082226,1
/REP,FAST   
/DIST, 1 ,1.082226,1
/REP,FAST   
/DIST, 1 ,1.082226,1
/REP,FAST   
/DIST, 1 ,1.082226,1
/REP,FAST   
/DIST, 1 ,0.924021,1
/REP,FAST   
/DIST, 1 ,1.082226,1
/REP,FAST   
/DIST, 1 ,1.082226,1
/REP,FAST   
/DIST, 1 ,1.082226,1
/REP,FAST   
/DIST, 1 ,1.082226,1
/REP,FAST   
/DIST, 1 ,0.924021,1
/REP,FAST   
/DIST, 1 ,0.924021,1
/REP,FAST   
/DIST, 1 ,0.924021,1
/REP,FAST   
/DIST, 1 ,0.924021,1
/REP,FAST   
LPLOT   
APLOT   
/VIEW,  1,  0.662498355166    , -0.673340584170    ,  0.328189559724
/ANG,   1,   4.56661902402  
/REPLO  
/VIEW,  1,  0.727153747009    , -0.745349385124E-01,  0.682416274096
/ANG,   1,   12.0693796700  
/REPLO  
/FOC,   1, -0.600801772846E-01,  0.172876484996E-01, -0.246530934692E-01
/REPLO  
/VIEW,  1,  0.560882353860    , -0.245369406463    ,  0.790698956304
/ANG,   1,   14.5995330978  
/REPLO  
/VIEW,  1, -0.253229298227    , -0.481528068362    ,  0.839050440617
/ANG,   1,   24.4788254905  
/REPLO  
/FOC,   1, -0.311879240504E-01,  0.146065700099E-01, -0.174719394256E-01
/REPLO  
/FOC,   1,  0.967352272140E-02,  0.762637117535E-02, -0.914567739081E-02
/REPLO  
/VIEW,  1, -0.235763972338    , -0.430496694975    ,  0.871256532235
/ANG,   1,   23.7372543607  
/REPLO  
/VIEW,  1, -0.543103054265    , -0.720606029371    ,  0.431005826970
/ANG,   1,   45.1881791397  
/REPLO  
/VIEW,  1, -0.518445457095    , -0.817326762601    ,  0.251378740457
/ANG,   1,   54.7990116739  
/REPLO  
/VIEW,  1, -0.518445457095    , -0.817326762601    ,  0.251378740457
/ANG,   1,   54.7990116739  
/LIG,   1,1, 1.000,   0.00000000000    ,   0.00000000000    ,   0.00000000000    ,   0.00000000000  
/REPLO  
/VIEW,  1, -0.107884548454    , -0.636320304474    ,  0.763843828488
/ANG,   1,   10.7071909090  
/REPLO  
/VIEW,  1,  0.696606344674    , -0.205334219123    ,  0.687442695078
/ANG,   1,  -11.6112588705  
/REPLO  
/VIEW,  1,  0.920534699846    ,  0.332602618277    , -0.204917946249
/ANG,   1,  -3.69701558263  
/REPLO  
/VIEW,  1,  0.479863139716    ,  0.229988673785    , -0.846662020568
/ANG,   1,   12.1664068768  
/REPLO  
/VIEW,  1,  0.215707598030    ,  0.180083740117E-03,  0.976457986665
/ANG,   1,  -32.4720963047  
/REPLO  
/VIEW,  1,  0.366435316361E-01, -0.661854821888    ,  0.748735898921
/ANG,   1,  -30.9708511940  
/REPLO  
FLST,2,8,4,ORDE,4   
FITEM,2,19  
FITEM,2,-22 
FITEM,2,40  
FITEM,2,-43 
/GO 
!*  
SFL,P51X,PRES,62830000,0
!*  
/PSF,PRES,NORM,2,0,1
/PBF,DEFA, ,1   
/PSYMB,CS,0 
/PSYMB,NDIR,0   
/PSYMB,ESYS,0   
/PSYMB,LDIV,0   
/PSYMB,LDIR,0   
/PSYMB,ADIR,0   
/PSYMB,ECON,0   
/PSYMB,XNODE,0  
/PSYMB,DOT,1
/PSYMB,PCONV,   
/PSYMB,LAYR,0   
/PSYMB,FBCS,0   
!*  
/PBC,ALL,,1 
/PBC,NFOR,,0
/PBC,NMOM,,0
/PBC,RFOR,,0
/PBC,RMOM,,0
/PBC,PATH,,0
/REP
!*  
/REPLOT 
NPLOT   
EPLOT   
VPLOT   
APLOT   
LPLOT   
LPLOT   
RESUME  
/COM,ANSYS RELEASE 2022 R2           BUILD 22.2      UP20220516       00:18:01
APLOT   
VPLOT   
RESUME,'save8','db','B:\KPI\TERM6\ANSYSWORK\LAB8\',0,0  
/COM,ANSYS RELEASE 2022 R2           BUILD 22.2      UP20220516       00:18:15
/DIST, 1 ,0.924021,1
/REP,FAST   
/DIST, 1 ,0.924021,1
/REP,FAST   
/DIST, 1 ,1.082226,1
/REP,FAST   
/DIST, 1 ,1.082226,1
/REP,FAST   
VPLOT   
/DIST, 1 ,0.924021,1
/REP,FAST   
/DIST, 1 ,0.924021,1
/REP,FAST   
/DIST, 1 ,0.924021,1
/REP,FAST   
/DIST, 1 ,1.082226,1
/REP,FAST   
RESUME,'save7','db','B:\KPI\TERM6\ANSYSWORK\LAB8\',0,0  
/COM,ANSYS RELEASE 2022 R2           BUILD 22.2      UP20220516       00:18:27
/DIST, 1 ,1.082226,1
/REP,FAST   
/DIST, 1 ,1.082226,1
/REP,FAST   
/DIST, 1 ,1.082226,1
/REP,FAST   
/DIST, 1 ,1.082226,1
/REP,FAST   
/DIST, 1 ,1.082226,1
/REP,FAST   
/DIST, 1 ,1.082226,1
/REP,FAST   
/VIEW,  1,  0.726500067307    , -0.679211074991    , -0.104259137792
/ANG,   1,  -18.6790113713  
/REPLO  
/VIEW,  1,  0.493062862479    , -0.137771224309    ,  0.859015775988
/ANG,   1,   5.21338062474  
/REPLO  
/VIEW,  1, -0.680971823745    , -0.388494124745    ,  0.620765406820
/ANG,   1,   25.6491296904  
/REPLO  
/FOC,   1, -0.383495076393E-01,  0.196050145155E-01,  0.968198685178E-02
/REPLO  
/FOC,   1, -0.245465306998E-01,  0.372246370780E-02,  0.148838886803E-01
/REPLO  
/VIEW,  1, -0.395564637828    , -0.270640848463    ,  0.877657193011
/ANG,   1,   3.85233632723  
/REPLO  
/VIEW,  1, -0.303737433722    , -0.372804321830    ,  0.876789888731
/ANG,   1,   3.70218085047  
/REPLO  
/VIEW,  1, -0.534039062136    , -0.693199532872    ,  0.484021371159
/ANG,   1,   18.9782216777  
/REPLO  
/VIEW,  1, -0.194371944233    , -0.887889615487    ,  0.416979109795
/ANG,   1,  0.501182758482E-01  
/REPLO  
/VIEW,  1,  0.327515482153    , -0.822203716262    ,  0.465526216142
/ANG,   1,  -52.4259611196  
/REPLO  
/VIEW,  1,  0.307137485377    , -0.943101814121    ,  0.127379485309
/ANG,   1,  -81.3655586060  
/REPLO  
/VIEW,  1, -0.324314984720    , -0.850049346526    ,  0.415013131307
/ANG,   1,   18.4143515434  
/REPLO  
/VIEW,  1,  0.536496548307E-01, -0.313089592239    ,  0.948207056380
/ANG,   1,  -8.70309217214  
/REPLO  
/VIEW,  1, -0.541607692376    , -0.600814793760    ,  0.587947864320
/ANG,   1,   11.5817078084  
/REPLO  
/VIEW,  1,  0.452095616107    , -0.474744667491    ,  0.755133799128
/ANG,   1,  -34.1547396646  
/REPLO  
/FOC,   1, -0.268022047758E-01, -0.649066757216E-02,  0.981346373463E-02
/REPLO  
/VIEW,  1, -0.526694848723    , -0.303235855984    ,  0.794128800620
/ANG,   1,   17.9956895228  
/REPLO  
/FOC,   1, -0.129950533597E-01, -0.691700932817E-02,  0.188080668941E-01
/REPLO  
/VIEW,  1, -0.216351800653    , -0.246326935546    ,  0.944730088003
/ANG,   1,   12.1307538305  
/REPLO  
FLST,2,9,4,ORDE,5   
FITEM,2,19  
FITEM,2,-22 
FITEM,2,40  
FITEM,2,-43 
FITEM,2,81  
/GO 
/VIEW,  1, -0.459743099551    , -0.625660627821    ,  0.630226198447
/ANG,   1,   21.0663427552  
/REPLO  
/VIEW,  1, -0.262492908318    , -0.831706328910    ,  0.489246415964
/ANG,   1,   14.9908815791  
/REPLO  
/VIEW,  1, -0.878915861568E-01, -0.946822918978    ,  0.309518059540
/ANG,   1,   3.60260853686  
/REPLO  
/VIEW,  1, -0.174731420673    ,  0.326874752458E-01,  0.984073401526
/ANG,   1,   5.83335362877  
/REPLO  
/VIEW,  1, -0.215207053983    , -0.368346507371    ,  0.904437269480
/ANG,   1,   5.85317108053  
/REPLO  
FLST,2,4,4,ORDE,4   
FITEM,2,19  
FITEM,2,22  
FITEM,2,41  
FITEM,2,-42 
/GO 
FLST,2,4,4,ORDE,4   
FITEM,2,19  
FITEM,2,22  
FITEM,2,41  
FITEM,2,-42 
/GO 
!*  
SFL,P51X,PRES,62830000,0
!*  
/PSF,PRES,NORM,2,0,1
/PBF,DEFA, ,1   
/PSYMB,CS,0 
/PSYMB,NDIR,0   
/PSYMB,ESYS,0   
/PSYMB,LDIV,0   
/PSYMB,LDIR,0   
/PSYMB,ADIR,0   
/PSYMB,ECON,0   
/PSYMB,XNODE,0  
/PSYMB,DOT,1
/PSYMB,PCONV,   
/PSYMB,LAYR,0   
/PSYMB,FBCS,0   
!*  
/PBC,ALL,,1 
/PBC,NFOR,,0
/PBC,NMOM,,0
/PBC,RFOR,,0
/PBC,RMOM,,0
/PBC,PATH,,0
/REP
!*  
/REPLOT 
!*  
/PSF,PRES,NORM,2,0,1
/PBF,DEFA, ,1   
/PSYMB,CS,0 
/PSYMB,NDIR,0   
/PSYMB,ESYS,0   
/PSYMB,LDIV,0   
/PSYMB,LDIR,0   
/PSYMB,ADIR,0   
/PSYMB,ECON,0   
/PSYMB,XNODE,0  
/PSYMB,DOT,1
/PSYMB,PCONV,   
/PSYMB,LAYR,0   
/PSYMB,FBCS,0   
!*  
/PBC,ALL,,1 
/PBC,NFOR,,0
/PBC,NMOM,,0
/PBC,RFOR,,0
/PBC,RMOM,,0
/PBC,PATH,,0
/REP
!*  
/STATUS,SOLU
SOLVE   
/BATCH  
/COM,ANSYS RELEASE 2022 R2           BUILD 22.2      UP20220516       00:28:23
/input,menust,tmp,''
/GRA,POWER
/GST,ON
/PLO,INFO,3
/GRO,CURL,ON
/CPLANE,1   
/REPLOT,RESIZE  
WPSTYLE,,,,,,,,0
RESUME,'save7','db','B:\KPI\term6\AnsysWork\lab8\',0,0  
/COM,ANSYS RELEASE 2022 R2           BUILD 22.2      UP20220516       00:28:29
/REPLOT,RESIZE  
/SOLU   
/DIST, 1 ,1.082226,1
/REP,FAST   
/DIST, 1 ,1.082226,1
/REP,FAST   
/DIST, 1 ,1.082226,1
/REP,FAST   
/DIST, 1 ,1.082226,1
/REP,FAST   
/DIST, 1 ,1.082226,1
/REP,FAST   
/VIEW,  1,  0.168825976526    , -0.836678178221    ,  0.521025350380
/ANG,   1,   49.2665720837  
/REPLO  
/VIEW,  1,  0.830688041090    , -0.435486769931    ,  0.346855375633
/ANG,   1,   15.8668366632  
/REPLO  
/FOC,   1, -0.707214450445E-01,  0.315652158324E-01, -0.226806887364E-02
/REPLO  
/VIEW,  1,  0.285075560088    , -0.241459412841    ,  0.927593271316
/ANG,   1,   33.8151080473  
/REPLO  
/FOC,   1, -0.513083686814E-01,  0.313610294519E-01, -0.828740570311E-02
/REPLO  
/FOC,   1, -0.242529458728E-01,  0.259825108518E-01, -0.180023681035E-01
/REPLO  
/VIEW,  1,  0.640914935414E-01, -0.443010650418    ,  0.894222480187
/ANG,   1,   38.0369174328  
/REPLO  
/VIEW,  1,  0.470975061092    , -0.414514586937    ,  0.778691305362
/ANG,   1,   25.7325228816  
/REPLO  
/VIEW,  1,  0.213929680722    ,  0.178169473240    ,  0.960463289518
/ANG,   1,   20.6388367176  
/REPLO  
/VIEW,  1, -0.469912207129    ,  0.509786669273E-01,  0.881239861280
/ANG,   1,   13.3793271146  
/REPLO  
/VIEW,  1, -0.506947809656    , -0.891010157672E-01,  0.857359275493
/ANG,   1,   13.3994028653  
/REPLO  
/VIEW,  1, -0.430236778621    , -0.223269238430    ,  0.874669744242
/ANG,   1,   12.7443364089  
/REPLO  
/VIEW,  1, -0.409169215107    , -0.442089433431    ,  0.798208923940
/ANG,   1,   13.0388272827  
/REPLO  
/VIEW,  1, -0.542148930630    , -0.700919777392    ,  0.463450108078
/ANG,   1,   26.4741521001  
/REPLO  
/VIEW,  1, -0.464997448515    , -0.562893594179    ,  0.683321428397
/ANG,   1,   16.7735848448  
/REPLO  
FLST,2,2,4,ORDE,2   
FITEM,2,41  
FITEM,2,-42 
/GO 
!*  
SFL,P51X,PRES,98685.714,0   
FLST,2,2,4,ORDE,2   
FITEM,2,19  
FITEM,2,22  
/GO 
!*  
SFL,P51X,PRES,98685.714,0   
!*  
/PSF,PRES,NORM,2,0,1
/PBF,DEFA, ,1   
/PSYMB,CS,0 
/PSYMB,NDIR,0   
/PSYMB,ESYS,0   
/PSYMB,LDIV,0   
/PSYMB,LDIR,0   
/PSYMB,ADIR,0   
/PSYMB,ECON,0   
/PSYMB,XNODE,0  
/PSYMB,DOT,1
/PSYMB,PCONV,   
/PSYMB,LAYR,0   
/PSYMB,FBCS,0   
!*  
/PBC,ALL,,1 
/PBC,NFOR,,0
/PBC,NMOM,,0
/PBC,RFOR,,0
/PBC,RMOM,,0
/PBC,PATH,,0
/REP
!*  
/DIST, 1 ,1.082226,1
/REP,FAST   
/DIST, 1 ,1.082226,1
/REP,FAST   
/DIST, 1 ,1.082226,1
/REP,FAST   
/DIST, 1 ,1.082226,1
/REP,FAST   
/DIST, 1 ,1.082226,1
/REP,FAST   
/DIST, 1 ,1.082226,1
/REP,FAST   
/DIST, 1 ,1.082226,1
/REP,FAST   
/DIST, 1 ,1.082226,1
/REP,FAST   
/DIST, 1 ,0.924021,1
/REP,FAST   
/DIST, 1 ,0.924021,1
/REP,FAST   
/DIST, 1 ,0.924021,1
/REP,FAST   
/REPLOT 
APLOT   
SAVE,'save8','db','B:\KPI\term6\AnsysWork\lab8\'
/STATUS,SOLU
SOLVE   
/BATCH  
/COM,ANSYS RELEASE 2022 R2           BUILD 22.2      UP20220516       00:41:11
/input,menust,tmp,''
/GRA,POWER
/GST,ON
/PLO,INFO,3
/GRO,CURL,ON
/CPLANE,1   
/REPLOT,RESIZE  
WPSTYLE,,,,,,,,0
/REPLOT,RESIZE  
/REPLOT,RESIZE  
RESUME,'save8','db','B:\KPI\term6\AnsysWork\lab8\',0,0  
/COM,ANSYS RELEASE 2022 R2           BUILD 22.2      UP20220516       00:41:29
/REPLOT,RESIZE  
/SOLU   
APLOT   
/VIEW,  1,  0.329957098366    ,  0.922745830441    ,  0.199169389319
/ANG,   1,   66.4821073552  
/REPLO  
/VIEW,  1, -0.241707589138    ,  0.570878866487    , -0.784649451126
/ANG,   1,  -163.804017955  
/REPLO  
/VIEW,  1, -0.542006030666    ,  0.153274803360    , -0.826278583395
/ANG,   1,  -159.408648567  
/REPLO  
/VIEW,  1, -0.226623250026    ,  0.130110248597    , -0.965252933566
/ANG,   1,  -162.043389919  
/REPLO  
/VIEW,  1,  0.506881304395E-01,  0.316290353779    , -0.947307302589
/ANG,   1,  -165.445606377  
/REPLO  
/VIEW,  1, -0.119509206815    ,  0.240434925705    ,  0.963280123322
/ANG,   1,   23.6915781570  
/REPLO  
/VIEW,  1,  0.114572122639    ,  0.169160972174    , -0.978906427708
/ANG,   1,  -157.067335579  
/REPLO  
!*  
/PSF,PRES,NORM,2,0,1
/PBF,DEFA, ,1   
/PSYMB,CS,0 
/PSYMB,NDIR,0   
/PSYMB,ESYS,0   
/PSYMB,LDIV,0   
/PSYMB,LDIR,0   
/PSYMB,ADIR,0   
/PSYMB,ECON,0   
/PSYMB,XNODE,0  
/PSYMB,DOT,1
/PSYMB,PCONV,   
/PSYMB,LAYR,0   
/PSYMB,FBCS,0   
!*  
/PBC,ALL,,1 
/PBC,NFOR,,0
/PBC,NMOM,,0
/PBC,RFOR,,0
/PBC,RMOM,,0
/PBC,PATH,,0
/REP
!*  
/STATUS,SOLU
! SOLVE 
/STATUS,SOLU
SOLVE   
/BATCH  
/COM,ANSYS RELEASE 2022 R2           BUILD 22.2      UP20220516       00:45:28
/input,menust,tmp,''
/GRA,POWER
/GST,ON
/PLO,INFO,3
/GRO,CURL,ON
/CPLANE,1   
/REPLOT,RESIZE  
WPSTYLE,,,,,,,,0
RESUME,'save8','db','B:\KPI\term6\AnsysWork\lab8\',0,0  
/COM,ANSYS RELEASE 2022 R2           BUILD 22.2      UP20220516       00:45:34
/SOLU   
/STATUS,SOLU
SOLVE   
/BATCH  
/COM,ANSYS RELEASE 2022 R2           BUILD 22.2      UP20220516       00:45:50
/input,menust,tmp,''
/GRA,POWER
/GST,ON
/PLO,INFO,3
/GRO,CURL,ON
/CPLANE,1   
/REPLOT,RESIZE  
WPSTYLE,,,,,,,,0
RESUME,'save8','db','B:\KPI\term6\AnsysWork\lab8\',0,0  
/COM,ANSYS RELEASE 2022 R2           BUILD 22.2      UP20220516       00:45:55
/SOLU   
/STATUS,SOLU
SOLVE   
/BATCH  
/COM,ANSYS RELEASE 2022 R2           BUILD 22.2      UP20220516       00:47:26
/input,menust,tmp,''
/GRA,POWER
/GST,ON
/PLO,INFO,3
/GRO,CURL,ON
/CPLANE,1   
/REPLOT,RESIZE  
WPSTYLE,,,,,,,,0
RESUME,'save8','db','B:\KPI\term6\AnsysWork\lab8\',0,0  
/COM,ANSYS RELEASE 2022 R2           BUILD 22.2      UP20220516       00:47:33
/SOLU   
/STATUS,SOLU
SOLVE   
/BATCH  
/COM,ANSYS RELEASE 2022 R2           BUILD 22.2      UP20220516       00:48:40
/input,menust,tmp,''
/GRA,POWER
/GST,ON
/PLO,INFO,3
/GRO,CURL,ON
/CPLANE,1   
/REPLOT,RESIZE  
WPSTYLE,,,,,,,,0
RESUME,'save8','db','B:\KPI\term6\AnsysWork\lab8\',0,0  
/COM,ANSYS RELEASE 2022 R2           BUILD 22.2      UP20220516       00:48:49
/DIST, 1 ,1.082226,1
/REP,FAST   
/DIST, 1 ,1.082226,1
/REP,FAST   
/DIST, 1 ,1.082226,1
/REP,FAST   
/SOLU   
/STATUS,SOLU
SOLVE   
/BATCH  
/COM,ANSYS RELEASE 2022 R2           BUILD 22.2      UP20220516       00:49:37
/input,menust,tmp,''
/GRA,POWER
/GST,ON
/PLO,INFO,3
/GRO,CURL,ON
/CPLANE,1   
/REPLOT,RESIZE  
WPSTYLE,,,,,,,,0
RESUME,'save8','db','B:\KPI\term6\AnsysWork\lab8\',0,0  
/COM,ANSYS RELEASE 2022 R2           BUILD 22.2      UP20220516       00:49:46
APLOT   
!*  
/PSF,PRES,NORM,2,0,1
/PBF,DEFA, ,1   
/PSYMB,CS,0 
/PSYMB,NDIR,0   
/PSYMB,ESYS,0   
/PSYMB,LDIV,0   
/PSYMB,LDIR,0   
/PSYMB,ADIR,0   
/PSYMB,ECON,0   
/PSYMB,XNODE,0  
/PSYMB,DOT,1
/PSYMB,PCONV,   
/PSYMB,LAYR,0   
/PSYMB,FBCS,0   
!*  
/PBC,ALL,,1 
/PBC,NFOR,,0
/PBC,NMOM,,0
/PBC,RFOR,,0
/PBC,RMOM,,0
/PBC,PATH,,0
/REP
!*  
NPLOT   
EPLOT   
APLOT   
LPLOT   
LPLOT   
APLOT   
VPLOT   
/REPLOT 
/REPLOT,RESIZE  
RESUME,'save5','db','B:\KPI\term6\AnsysWork\lab8\',0,0  
/COM,ANSYS RELEASE 2022 R2           BUILD 22.2      UP20220516       01:01:09
/REPLOT,RESIZE  
RESUME,'save4','db','B:\KPI\term6\AnsysWork\lab8\',0,0  
/COM,ANSYS RELEASE 2022 R2           BUILD 22.2      UP20220516       01:01:15
/SOLU   
FINISH  
/PREP7  
ESIZE,0.005,0,  
MSHKEY,0
CM,_Y,AREA  
ASEL, , , ,       2 
CM,_Y1,AREA 
CHKMSH,'AREA'   
CMSEL,S,_Y  
!*  
AMESH,_Y1   
!*  
CMDELE,_Y   
CMDELE,_Y1  
CMDELE,_Y2  
!*  
/VIEW,  1, -0.586185025237    , -0.761247996566    ,  0.277287944044
/ANG,   1,   72.3007682368  
/REPLO  
/VIEW,  1, -0.634550994687    , -0.772880519314    , -0.859073101057E-03
/ANG,   1,   92.0184063088  
/REPLO  
/VIEW,  1, -0.507642267204E-01, -0.787561851531    ,  0.614141126532
/ANG,   1,   20.0471766265  
/REPLO  
/VIEW,  1, -0.333640464119    , -0.685419423408    ,  0.647212681209
/ANG,   1,   36.8105865601  
/REPLO  
/PNUM,KP,1  
/PNUM,LINE,1
/PNUM,AREA,1
/PNUM,VOLU,0
/PNUM,NODE,0
/PNUM,TABN,0
/PNUM,SVAL,0
/NUMBER,0   
!*  
/PNUM,ELEM,0
/REPLOT 
!*  
!*  
/SHRINK,0   
/ESHAPE,1.0 
/EFACET,1   
/RATIO,1,1,1
/CFORMAT,32,0   
/REPLOT 
!*  
EPLOT   
SAVE,'save5','db','B:\KPI\term6\AnsysWork\lab8\'
!*  
ANTYPE,0
SAVE,'save5','db','B:\KPI\term6\AnsysWork\lab8\'
FINISH  
/SOL
FLST,2,5,4,ORDE,3   
FITEM,2,56  
FITEM,2,-59 
FITEM,2,82  
!*  
/GO 
DL,P51X, ,ALL,  
/DIST, 1 ,0.924021,1
/REP,FAST   
/DIST, 1 ,0.924021,1
/REP,FAST   
/DIST, 1 ,0.924021,1
/REP,FAST   
/DIST, 1 ,0.924021,1
/REP,FAST   
/DIST, 1 ,0.924021,1
/REP,FAST   
/DIST, 1 ,0.924021,1
/REP,FAST   
/DIST, 1 ,0.924021,1
/REP,FAST   
/DIST, 1 ,0.924021,1
/REP,FAST   
/DIST, 1 ,0.924021,1
/REP,FAST   
/ZOOM,1,RECT,0.0622759,-0.35158 ,0.239931060199 ,-0.374747096275
/ZOOM,  1,-0.32674E-01,-0.93319E-02,-0.10104E-01, 0.53775E-01
/VIEW,  1, -0.619008995634    , -0.475203512611    ,  0.625307512290
/ANG,   1,   47.1635717191  
/REPLO  
/VIEW,  1, -0.723518483536    , -0.314753042977    ,  0.614370837458
/ANG,   1,   49.0977733790  
/REPLO  
/VIEW,  1, -0.384894657086    , -0.485544131631    ,  0.784922288629
/ANG,   1,   39.4560426610  
/REPLO  
/DIST, 1 ,1.082226,1
/REP,FAST   
/DIST, 1 ,1.082226,1
/REP,FAST   
/DIST, 1 ,1.082226,1
/REP,FAST   
/DIST, 1 ,1.082226,1
/REP,FAST   
/DIST, 1 ,1.082226,1
/REP,FAST   
/DIST, 1 ,1.082226,1
/REP,FAST   
/DIST, 1 ,1.082226,1
/REP,FAST   
/DIST, 1 ,1.082226,1
/REP,FAST   
/DIST, 1 ,1.082226,1
/REP,FAST   
/DIST, 1 ,1.082226,1
/REP,FAST   
/DIST, 1 ,1.082226,1
/REP,FAST   
/DIST, 1 ,1.082226,1
/REP,FAST   
/DIST, 1 ,1.082226,1
/REP,FAST   
/DIST, 1 ,0.924021,1
/REP,FAST   
/DIST, 1 ,0.924021,1
/REP,FAST   
/DIST, 1 ,0.924021,1
/REP,FAST   
/DIST, 1 ,0.924021,1
/REP,FAST   
/DIST, 1 ,0.924021,1
/REP,FAST   
/DIST, 1 ,0.924021,1
/REP,FAST   
/DIST, 1 ,1.082226,1
/REP,FAST   
/DIST, 1 ,0.924021,1
/REP,FAST   
FLST,2,4,4,ORDE,4   
FITEM,2,54  
FITEM,2,-55 
FITEM,2,60  
FITEM,2,-61 
/GO 
!*  
SFL,P51X,PRES,98685.714,0   
/DIST, 1 ,1.082226,1
/REP,FAST   
/DIST, 1 ,1.082226,1
/REP,FAST   
/DIST, 1 ,0.924021,1
/REP,FAST   
/DIST, 1 ,0.924021,1
/REP,FAST   
/DIST, 1 ,0.924021,1
/REP,FAST   
/DIST, 1 ,0.924021,1
/REP,FAST   
SAVE,'save6','db','B:\KPI\term6\AnsysWork\lab8\'
/DIST, 1 ,1.082226,1
/REP,FAST   
/DIST, 1 ,1.082226,1
/REP,FAST   
/DIST, 1 ,1.082226,1
/REP,FAST   
/DIST, 1 ,1.082226,1
/REP,FAST   
!*  
/PSF,PRES,NORM,2,0,1
/PBF,DEFA, ,1   
/PSYMB,CS,0 
/PSYMB,NDIR,0   
/PSYMB,ESYS,0   
/PSYMB,LDIV,0   
/PSYMB,LDIR,0   
/PSYMB,ADIR,0   
/PSYMB,ECON,0   
/PSYMB,XNODE,0  
/PSYMB,DOT,1
/PSYMB,PCONV,   
/PSYMB,LAYR,0   
/PSYMB,FBCS,0   
!*  
/PBC,ALL,,1 
/PBC,NFOR,,0
/PBC,NMOM,,0
/PBC,RFOR,,0
/PBC,RMOM,,0
/PBC,PATH,,0
/REP
!*  
EPLOT   
APLOT   
/DIST, 1 ,1.082226,1
/REP,FAST   
/DIST, 1 ,1.082226,1
/REP,FAST   
/STATUS,SOLU
SOLVE   
/DIST, 1 ,0.924021,1
/REP,FAST   
/DIST, 1 ,0.924021,1
/REP,FAST   
/DIST, 1 ,0.924021,1
/REP,FAST   
/DIST, 1 ,0.924021,1
/REP,FAST   
/DIST, 1 ,0.924021,1
/REP,FAST   
/DIST, 1 ,0.924021,1
/REP,FAST   
/DIST, 1 ,0.924021,1
/REP,FAST   
/DIST, 1 ,0.924021,1
/REP,FAST   
/DIST, 1 ,0.924021,1
/REP,FAST   
/DIST, 1 ,0.924021,1
/REP,FAST   
/DIST, 1 ,0.924021,1
/REP,FAST   
/DIST, 1 ,1.082226,1
/REP,FAST   
/DIST, 1 ,1.082226,1
/REP,FAST   
/DIST, 1 ,1.082226,1
/REP,FAST   
/DIST, 1 ,1.082226,1
/REP,FAST   
/DIST, 1 ,1.082226,1
/REP,FAST   
/FOC,   1, -0.314148649788E-02, -0.183509399898E-01, -0.120168053643E-02
/REPLO  
/FOC,   1,  0.234450535348E-01, -0.287969195874E-01,  0.537353485876E-02
/REPLO  
/VIEW,  1, -0.418295661200    , -0.698744724987    ,  0.580331413181
/ANG,   1,   45.1171418171  
/REPLO  
/VIEW,  1, -0.385103492152    , -0.994652586856E-01,  0.917497663565
/ANG,   1,   38.8043186277  
/REPLO  
/VIEW,  1, -0.506220261540    ,  0.667210666289    ,  0.546416483642
/ANG,   1,   28.6897446438  
/REPLO  
/VIEW,  1,  0.714756915173E-01,  0.424993622883    , -0.902370016141
/ANG,   1,  -88.4063492379  
/REPLO  
/VIEW,  1, -0.318978598416    ,  0.627245758859    ,  0.710503632465
/ANG,   1,   53.1614796732  
/REPLO  
/VIEW,  1,  0.109483921701    , -0.424943647209    ,  0.898574519773
/ANG,   1,   61.7433578711  
/REPLO  
/VIEW,  1, -0.947487472013E-01, -0.220206701501    ,  0.970840709652
/ANG,   1,   154.959545459  
/REPLO  
EPLOT   
/VIEW,  1,  0.492067408394    ,  0.467795389855    ,  0.734191486485
/ANG,   1,   156.486446620  
/REPLO  
/VIEW,  1, -0.416664484436    ,  0.844570107088    ,  0.336291602072
/ANG,   1,   95.4309932906  
/REPLO  
/VIEW,  1, -0.328359996380    , -0.918657694355    ,  0.219653712419
/ANG,   1,   104.983514176  
/REPLO  
/VIEW,  1,  0.345114665215    , -0.892306930089    ,  0.291005516047
/ANG,   1,   4.42326142746  
/REPLO  
/VIEW,  1,  0.114692641892    , -0.503059417155    ,  0.856607740280
/ANG,   1,   34.8583088876  
/REPLO  
/STATUS,SOLU
SOLVE   
RESUME,'save1','db','B:\KPI\term6\AnsysWork\lab8\',0,0  
/COM,ANSYS RELEASE 2022 R2           BUILD 22.2      UP20220516       01:14:09
/DIST, 1 ,0.924021,1
/REP,FAST   
/DIST, 1 ,0.924021,1
/REP,FAST   
/DIST, 1 ,0.924021,1
/REP,FAST   
/DIST, 1 ,1.082226,1
/REP,FAST   
/DIST, 1 ,1.082226,1
/REP,FAST   
/DIST, 1 ,1.082226,1
/REP,FAST   
/DIST, 1 ,0.924021,1
/REP,FAST   
/DIST, 1 ,0.924021,1
/REP,FAST   
!*  
/NOPR   
KEYW,PR_SET,1   
KEYW,PR_STRUC,1 
KEYW,PR_THERM,0 
KEYW,PR_FLUID,0 
KEYW,PR_ELMAG,0 
KEYW,MAGNOD,0   
KEYW,MAGEDG,0   
KEYW,MAGHFE,0   
KEYW,MAGELC,0   
KEYW,PR_MULTI,0 
/GO 
!*  
/COM,   
/COM,Preferences for GUI filtering have been set to display:
/COM,  Structural   
!*  
FINISH  
/PREP7  
!*  
ET,1,PLANE183   
!*  
KEYOPT,1,1,0
KEYOPT,1,3,3
KEYOPT,1,6,0
!*  
!*  
R,1,0.005,  
!*  
!*  
R,1,0.005,  
!*  
!*  
MPTEMP,,,,,,,,  
MPTEMP,1,0  
MPDATA,EX,1,,2.05e+11   
MPDATA,PRXY,1,,0.27 
MPTEMP,,,,,,,,  
MPTEMP,1,0  
MPDATA,DENS,1,,7800 
SAVE,'save2','db','B:\KPI\term6\AnsysWork\lab8\'
ESIZE,0.005,0,  
MSHKEY,0
CM,_Y,AREA  
ASEL, , , ,       1 
CM,_Y1,AREA 
CHKMSH,'AREA'   
CMSEL,S,_Y  
!*  
AMESH,_Y1   
!*  
CMDELE,_Y   
CMDELE,_Y1  
CMDELE,_Y2  
!*  
MSHKEY,0
/PNUM,KP,1  
/PNUM,LINE,1
/PNUM,AREA,1
/PNUM,VOLU,0
/PNUM,NODE,0
/PNUM,TABN,0
/PNUM,SVAL,0
/NUMBER,0   
!*  
/PNUM,ELEM,0
/REPLOT 
!*  
!*  
/SHRINK,0   
/ESHAPE,1.0 
/EFACET,1   
/RATIO,1,1,1
/CFORMAT,32,0   
/REPLOT 
!*  
FINISH  
/SOLU   
FINISH  
/PREP7  
!*  
ANTYPE,0
SAVE,'save3','db','B:\KPI\term6\AnsysWork\lab8\'
FINISH  
/SOL
/FOC,   1, -0.477685378124E-01, -0.373448517977E-02, -0.864313213851E-02
/REPLO  
/FOC,   1, -0.758557044918E-01,  0.286534790672E-02, -0.972479869974E-02
/REPLO  
/VIEW,  1, -0.638132234717    , -0.718760841488    ,  0.275989318197
/ANG,   1,   74.2611592021  
/REPLO  
/VIEW,  1, -0.529145589125    , -0.243078005459    ,  0.812968651777
/ANG,   1,   54.0209826561  
/REPLO  
/VIEW,  1, -0.788502480067    ,  0.539040989482    ,  0.296139579568
/ANG,   1,   47.4231491467  
/REPLO  
/VIEW,  1, -0.479238994162    , -0.219805086779    ,  0.849715075952
/ANG,   1,   55.2593278395  
/REPLO  
/VIEW,  1, -0.775735719903E-01, -0.799922824986    ,  0.595067907886
/ANG,   1,   44.1333247178  
/REPLO  
/VIEW,  1, -0.513875143345    , -0.706414664045    ,  0.486734691052
/ANG,   1,   73.4650060630  
/REPLO  
FLST,2,4,4,ORDE,2   
FITEM,2,56  
FITEM,2,-59 
/GO 
/VIEW,  1, -0.742631664988    , -0.990868367530E-01,  0.662329230020
/ANG,   1,   73.7579419917  
/REPLO  
/VIEW,  1, -0.896077035879    , -0.184998766034    ,  0.403511341025
/ANG,   1,   76.3130417554  
/REPLO  
/VIEW,  1, -0.350954624392    , -0.883567186324    ,  0.310064314087
/ANG,   1,   61.7849417862  
/REPLO  
/VIEW,  1, -0.234687584163    , -0.775519117230    ,  0.586081766182
/ANG,   1,   39.1355204456  
/REPLO  
FLST,2,4,4,ORDE,2   
FITEM,2,56  
FITEM,2,-59 
!*  
/GO 
DL,P51X, ,ALL,  
/DIST, 1 ,1.082226,1
/REP,FAST   
/DIST, 1 ,1.082226,1
/REP,FAST   
/DIST, 1 ,1.082226,1
/REP,FAST   
/DIST, 1 ,1.082226,1
/REP,FAST   
/DIST, 1 ,1.082226,1
/REP,FAST   
/DIST, 1 ,1.082226,1
/REP,FAST   
/DIST, 1 ,1.082226,1
/REP,FAST   
/DIST, 1 ,1.082226,1
/REP,FAST   
/DIST, 1 ,1.082226,1
/REP,FAST   
/DIST, 1 ,0.924021,1
/REP,FAST   
/DIST, 1 ,0.924021,1
/REP,FAST   
/DIST, 1 ,0.924021,1
/REP,FAST   
/DIST, 1 ,0.924021,1
/REP,FAST   
/DIST, 1 ,0.924021,1
/REP,FAST   
/DIST, 1 ,0.924021,1
/REP,FAST   
/DIST, 1 ,0.924021,1
/REP,FAST   
/DIST, 1 ,0.924021,1
/REP,FAST   
/DIST, 1 ,0.924021,1
/REP,FAST   
/DIST, 1 ,0.924021,1
/REP,FAST   
/DIST, 1 ,0.924021,1
/REP,FAST   
/VIEW,  1,  0.645938456346E-01, -0.722078042565    ,  0.688789471139
/ANG,   1,   18.5516069986  
/REPLO  
/REPLO  
/FOC,   1, -0.606632915219E-01,  0.585689903465E-02, -0.801339477461E-02
/REPLO  
/FOC,   1, -0.265772001736E-01,  0.890031772708E-02, -0.801944293718E-02
/REPLO  
/FOC,   1, -0.344224100650E-02,  0.650954551037E-02, -0.126953275705E-01
/REPLO  
/FOC,   1, -0.344224100650E-02,  0.650954551037E-02, -0.126953275705E-01
/LIG,   1,1, 1.000,   0.00000000000    ,   0.00000000000    ,   0.00000000000    ,   0.00000000000  
/REPLO  
/VIEW,  1, -0.355588939730    , -0.644294773900    ,  0.677082528401
/ANG,   1,   41.6078401259  
/REPLO  
FLST,2,4,4,ORDE,4   
FITEM,2,54  
FITEM,2,-55 
FITEM,2,60  
FITEM,2,-61 
/GO 
SAVE,'save4','db','B:\KPI\term6\AnsysWork\lab8\'
FLST,2,1,4,ORDE,1   
FITEM,2,60  
/GO 
!*  
SFL,P51X,PRES,0,98685.714   
FLST,2,1,4,ORDE,1   
FITEM,2,55  
/GO 
!*  
SFL,P51X,PRES,0,98685.714   
FLST,2,1,4,ORDE,1   
FITEM,2,61  
/GO 
!*  
SFL,P51X,PRES,98685.714,0   
FLST,2,1,4,ORDE,1   
FITEM,2,54  
/GO 
!*  
SFL,P51X,PRES,98685.714,0   
!*  
/PSF,PRES,NORM,2,0,1
/PBF,DEFA, ,1   
/PSYMB,CS,0 
/PSYMB,NDIR,0   
/PSYMB,ESYS,0   
/PSYMB,LDIV,0   
/PSYMB,LDIR,0   
/PSYMB,ADIR,0   
/PSYMB,ECON,0   
/PSYMB,XNODE,0  
/PSYMB,DOT,1
/PSYMB,PCONV,   
/PSYMB,LAYR,0   
/PSYMB,FBCS,0   
!*  
/PBC,ALL,,1 
/PBC,NFOR,,0
/PBC,NMOM,,0
/PBC,RFOR,,0
/PBC,RMOM,,0
/PBC,PATH,,0
/REP
!*  
/STATUS,SOLU
SOLVE   
SAVE,'save5','db','B:\KPI\term6\AnsysWork\lab8\'
/DIST, 1 ,0.924021,1
/REP,FAST   
/DIST, 1 ,0.924021,1
/REP,FAST   
/DIST, 1 ,1.082226,1
/REP,FAST   
/DIST, 1 ,1.082226,1
/REP,FAST   
/DIST, 1 ,1.082226,1
/REP,FAST   
/DIST, 1 ,0.924021,1
/REP,FAST   
/DIST, 1 ,0.924021,1
/REP,FAST   
/DIST, 1 ,0.924021,1
/REP,FAST   
/DIST, 1 ,0.924021,1
/REP,FAST   
/DIST, 1 ,1.082226,1
/REP,FAST   
/DIST, 1 ,1.082226,1
/REP,FAST   
/DIST, 1 ,0.924021,1
/REP,FAST   
/DIST, 1 ,0.924021,1
/REP,FAST   
/DIST, 1 ,0.924021,1
/REP,FAST   
/DIST, 1 ,0.924021,1
/REP,FAST   
/DIST, 1 ,1.082226,1
/REP,FAST   
/DIST, 1 ,1.082226,1
/REP,FAST   
/DIST, 1 ,1.082226,1
/REP,FAST   
FINISH  
/POST1  
SET,LAST
/DIST, 1 ,1.082226,1
/REP,FAST   
/DIST, 1 ,1.082226,1
/REP,FAST   
/DIST, 1 ,1.082226,1
/REP,FAST   
/DIST, 1 ,1.082226,1
/REP,FAST   
/DIST, 1 ,1.082226,1
/REP,FAST   
/DIST, 1 ,1.082226,1
/REP,FAST   
!*  
/EFACET,1   
PLNSOL, U,SUM, 0,1.0
/DIST, 1 ,1.082226,1
/REP,FAST   
/DIST, 1 ,1.082226,1
/REP,FAST   
/DIST, 1 ,1.082226,1
/REP,FAST   
/DIST, 1 ,1.082226,1
/REP,FAST   
/DIST, 1 ,0.924021,1
/REP,FAST   
/DIST, 1 ,0.924021,1
/REP,FAST   
/DIST, 1 ,0.924021,1
/REP,FAST   
/DIST, 1 ,0.924021,1
/REP,FAST   
SAVE,'save6','db','B:\KPI\TERM6\ANSYSWORK\LAB8\'
!*  
/EFACET,1   
PLNSOL, S,EQV, 0,1.0
!*  
PLESOL, S,EQV, 0,1.0
PRRSOL, 
SAVE,'LabWork3frm','db','B:\KPI\TERM6\ANSYSWORK\LAB8\'  
SAVE,'LabWork8frm','db','B:\KPI\TERM6\ANSYSWORK\LAB8\'  
FINISH  
! /EXIT,ALL 
/BATCH  
/COM,ANSYS RELEASE 2022 R2           BUILD 22.2      UP20220516       09:24:27
/input,menust,tmp,''
/GRA,POWER
/GST,ON
/PLO,INFO,3
/GRO,CURL,ON
/CPLANE,1   
/REPLOT,RESIZE  
WPSTYLE,,,,,,,,0
RESUME,'save6','db','B:\KPI\term6\AnsysWork\lab8\',0,0  
/COM,ANSYS RELEASE 2022 R2           BUILD 22.2      UP20220516       09:24:35
/DIST, 1 ,1.082226,1
/REP,FAST   
/REPLOT,RESIZE  
/POST26 
FILE,'LabWork8frm','rst','.'
/UI,COLL,1  
NUMVAR,200  
SOLU,191,NCMIT  
STORE,MERGE 
FILLDATA,191,,,,1,1 
REALVAR,191,191 
FINISH  
/POST1  
SET,LAST
!*  
/EFACET,1   
PLNSOL, U,SUM, 0,1.0
!*  
/EFACET,1   
PLNSOL, S,EQV, 0,1.0
FINISH  
! /EXIT,NOSAV   
