/BATCH  
/COM,ANSYS RELEASE 2022 R2           BUILD 22.2      UP20220516       00:10:06
/input,menust,tmp,''
/GRA,POWER
/GST,ON
/PLO,INFO,3
/GRO,CURL,ON
/CPLANE,1   
/REPLOT,RESIZE  
WPSTYLE,,,,,,,,0
/REPLOT,RESIZE  
/Units, Si  
*AFUN,DEG   
!*  
/NOPR   
KEYW,PR_SET,1   
KEYW,PR_STRUC,1 
KEYW,PR_THERM,0 
KEYW,PR_FLUID,0 
KEYW,PR_ELMAG,0 
KEYW,MAGNOD,0   
KEYW,MAGEDG,0   
KEYW,MAGHFE,0   
KEYW,MAGELC,0   
KEYW,PR_MULTI,0 
/GO 
!*  
/COM,   
/COM,Preferences for GUI filtering have been set to display:
/COM,  Structural   
!*  
/PREP7  
!*  
ET,1,BEAM189
!*  
ET,2,   3 node    3 
!*  
ETDEL,2 
!*  
KEYOPT, 1, 9, 9 
!*  
ETDEL,1 
!*  
ET,1,3  
!*  
KEYOPT,1,9,9
R,1, 0.0029, 2.03e-5, 0.2   
!*  
MPTEMP,,,,,,,,  
MPTEMP,1,0  
MPDATA,EX,1,,2e11   
MPDATA,PRXY,1,,0.3  
MPTEMP,,,,,,,,  
MPTEMP,1,0  
MPDATA,DENS,1,,7800 
SAVE
N,1,0,0,0,,,,   
N,1,1,0,0,,,,   
N,1,0,0,0,,,,   
N,2,1,0,0,,,,   
N,3,1.5,0,0,,,, 
N,4,2,0,0,,,,   
FLST,2,4,1  
FITEM,2,1   
FITEM,2,2   
FITEM,2,3   
FITEM,2,4   
E,P51X  
FLST,2,2,1  
FITEM,2,2   
FITEM,2,3   
E,P51X  
FLST,2,2,1  
FITEM,2,3   
FITEM,2,4   
E,P51X  
RESUME  
/COM,ANSYS RELEASE 2022 R2           BUILD 22.2      UP20220516       00:32:18
/REPLOT,RESIZE  
N,1,0,0,0,,,,   
N,2,1,0,0,,,,   
N,3,1.5,0,0,,,, 
N,4,2,0,0,,,,   
SAVE
FLST,2,2,1  
FITEM,2,1   
FITEM,2,2   
E,P51X  
FLST,2,2,1  
FITEM,2,2   
FITEM,2,3   
E,P51X  
FLST,2,2,1  
FITEM,2,3   
FITEM,2,4   
E,P51X  
LPLOT   
/AUTO,1 
/REP,FAST   
NPLOT   
EPLOT   
/PNUM,KP,0  
/PNUM,LINE,0
/PNUM,AREA,0
/PNUM,VOLU,0
/PNUM,NODE,1
/PNUM,TABN,0
/PNUM,SVAL,0
/NUMBER,0   
!*  
/PNUM,ELEM,0
/REPLOT 
!*  
/PNUM,KP,0  
/PNUM,LINE,0
/PNUM,AREA,0
/PNUM,VOLU,0
/PNUM,NODE,1
/PNUM,TABN,0
/PNUM,SVAL,0
/NUMBER,0   
!*  
/PNUM,ELEM,1
/REPLOT 
!*  
/PNUM,KP,0  
/PNUM,LINE,0
/PNUM,AREA,0
/PNUM,VOLU,0
/PNUM,NODE,1
/PNUM,TABN,0
/PNUM,SVAL,0
/NUMBER,0   
!*  
/PNUM,ELEM,1
/REPLOT 
!*  
SAVE
!*  
/SHRINK,0   
/ESHAPE,1.0 
/EFACET,1   
/RATIO,1,1,1
/CFORMAT,32,0   
/REPLOT 
!*  
EPLOT   
SAVE
FINISH  
/SOL
FINISH  
/PREP7  
!*  
ANTYPE,0
FLST,2,1,1,ORDE,1   
FITEM,2,1   
!*  
/GO 
D,P51X,UY,0, , , , , , , , ,
FLST,2,1,1,ORDE,1   
FITEM,2,4   
!*  
/GO 
D,P51X,UX,0, , , ,UY,ROTZ, , , ,
SAVE,'save1','db','B:\KPI\term6\AnsysWork\lab7\'
FLST,2,1,2,ORDE,1   
FITEM,2,1   
SFBEAM,P51X,1,PRES,10000,10000, , , , ,0
FLST,2,1,2,ORDE,1   
FITEM,2,2   
SAVE,'save2','db','B:\KPI\term6\AnsysWork\lab7\'
FLST,2,1,1,ORDE,1   
FITEM,2,2   
!*  
/GO 
F,P51X,MZ,-10000
FLST,2,1,1,ORDE,1   
FITEM,2,3   
!*  
/GO 
F,P51X,FY,15000 
SAVE,'save3','db','B:\KPI\term6\AnsysWork\lab7\'
/USER,  1   
/FOC,   1,   1.04951238122    ,  0.235183810805E-01,   0.00000000000
/REPLO  
/FOC,   1,   1.04084771451    ,  0.383720954472E-01,   0.00000000000
/REPLO  
/VIEW,  1,  0.252923947633    ,  0.139310454249    ,  0.957403819739
/ANG,   1,   1.10590208723  
/REPLO  
/VIEW,  1,  0.479909289521    ,  0.381251652334    ,  0.790148246486
/ANG,   1,   6.20588676239  
/REPLO  
/VIEW,  1,  0.345229925471    ,  0.572469299140    ,  0.743703704510
/ANG,   1,   3.08879872087  
/REPLO  
/VIEW,  1,  0.391780189632    ,  0.657460350851    ,  0.643625799725
/ANG,   1,   7.05766618778  
/REPLO  
/VIEW,  1,  0.355848776736    ,  0.546244488174    ,  0.758280032201
/ANG,   1,   3.26957296395  
/REPLO  
/VIEW,  1,  0.194220252155    ,  0.245982776381    ,  0.949616221100
/ANG,   1,  -2.07217401640  
/REPLO  
/VIEW,  1,  0.668107240768    ,  0.541865980205    ,  0.509915654133
/ANG,   1,   17.0069071123  
/REPLO  
/VIEW,  1,  0.776696710521    ,  0.516659176280    ,  0.360285325029
/ANG,   1,   23.7867780897  
/REPLO  
/VIEW,  1,  0.714310685512    ,  0.420730942151    ,  0.559236728837
/ANG,   1,   17.4873907518  
/REPLO  
FINISH  
/SOL
ACEL,0,9.8,0,   
/STATUS,SOLU
SOLVE   
FINISH  
/POST1  
PRRSOL, 
SAVE,'save4','db','B:\KPI\term6\AnsysWork\lab7\'
!*  
/PSF,DEFA, ,1,0,1   
/PBF,DEFA, ,1   
/PSYMB,CS,0 
/PSYMB,NDIR,0   
/PSYMB,ESYS,0   
/PSYMB,LDIV,0   
/PSYMB,LDIR,0   
/PSYMB,ADIR,0   
/PSYMB,ECON,0   
/PSYMB,XNODE,0  
/PSYMB,DOT,1
/PSYMB,PCONV,   
/PSYMB,LAYR,0   
/PSYMB,FBCS,0   
!*  
/PBC,ALL, ,1
/REP
!*  
!*  
/EFACET,1   
PLNSOL, U,SUM, 1,1.0
SAVE,'save5','db','B:\KPI\term6\AnsysWork\lab7\'
AVPRIN,0, , 
ETABLE,Qyi,SMISC, 2 
!*  
AVPRIN,0, , 
ETABLE,Qyi,SMISC, 2 
!*  
/REPLOT,RESIZE  
AVPRIN,0, , 
ETABLE,Qyi,SMISC, 2 
!*  
RESUME,'save5','db','B:\KPI\term6\AnsysWork\lab7\',0,0  
/COM,ANSYS RELEASE 2022 R2           BUILD 22.2      UP20220516       00:56:20
RESUME,'save5','db','B:\KPI\term6\AnsysWork\lab7\',0,0  
/COM,ANSYS RELEASE 2022 R2           BUILD 22.2      UP20220516       00:56:27
FINISH  
/SOL
FINISH  
/POST1  
FINISH  
/SOL
/STATUS,SOLU
ACEL,0,9.8,0,   
/STATUS,SOLU
SOLVE   
FINISH  
/PREP7  
FINISH  
/POST1  
PRRSOL, 
!*  
/PSF,DEFA, ,1,0,1   
/PBF,DEFA, ,1   
/PSYMB,CS,0 
/PSYMB,NDIR,0   
/PSYMB,ESYS,0   
/PSYMB,LDIV,0   
/PSYMB,LDIR,0   
/PSYMB,ADIR,0   
/PSYMB,ECON,0   
/PSYMB,XNODE,0  
/PSYMB,DOT,1
/PSYMB,PCONV,   
/PSYMB,LAYR,0   
/PSYMB,FBCS,0   
!*  
/PBC,ALL, ,1
/REP
!*  
!*  
/EFACET,1   
PLNSOL, U,SUM, 1,1.0
SAVE,'save6','db','B:\KPI\term6\AnsysWork\lab7\'
AVPRIN,0, , 
ETABLE,Qyi,SMISC, 2 
!*  
FINISH  
/SOL
FINISH  
/PREP7  
FINISH  
/SOL
FINISH  
/PREP7  
!*  
!*  
!*  
!*  
!*  
!*  
!*  
!*  
KEYOPT, 1, 9, 9 
FINISH  
/POST1  
AVPRIN,0, , 
ETABLE,Qyi,SMISC, 2 
!*  
AVPRIN,0, , 
ETABLE,Qyj,SMISC, 62
!*  
AVPRIN,0, , 
ETABLE,Mzi,SMISC, 6 
!*  
AVPRIN,0, , 
ETABLE,Mzj,SMISC, 66
!*  
AVPRIN,0, , 
ETABLE,Szi,LS, 2
!*  
AVPRIN,0, , 
ETABLE,Szj,LS, 32   
!*  
RESUME,'save6','db','B:\KPI\term6\AnsysWork\lab7\',0,0  
/COM,ANSYS RELEASE 2022 R2           BUILD 22.2      UP20220516       01:07:15
/DIST, 1 ,1.082226,1
/REP,FAST   
/DIST, 1 ,1.082226,1
/REP,FAST   
/DIST, 1 ,1.082226,1
/REP,FAST   
/DIST, 1 ,1.082226,1
/REP,FAST   
/DIST, 1 ,0.924021,1
/REP,FAST   
/DIST, 1 ,0.924021,1
/REP,FAST   
/DIST, 1 ,0.924021,1
/REP,FAST   
/DIST, 1 ,0.924021,1
/REP,FAST   
/DIST, 1 ,0.924021,1
/REP,FAST   
/DIST, 1 ,0.924021,1
/REP,FAST   
/DIST, 1 ,1.082226,1
/REP,FAST   
/DIST, 1 ,1.082226,1
/REP,FAST   
/DIST, 1 ,1.082226,1
/REP,FAST   
/DIST, 1 ,0.924021,1
/REP,FAST   
/DIST, 1 ,0.924021,1
/REP,FAST   
RESUME,'save6','db','B:\KPI\term6\AnsysWork\lab7\',0,0  
/COM,ANSYS RELEASE 2022 R2           BUILD 22.2      UP20220516       01:07:25
RESUME,'save5','db','B:\KPI\term6\AnsysWork\lab7\',0,0  
/COM,ANSYS RELEASE 2022 R2           BUILD 22.2      UP20220516       01:07:32
RESUME,'save5','db','B:\KPI\term6\AnsysWork\lab7\',0,0  
/COM,ANSYS RELEASE 2022 R2           BUILD 22.2      UP20220516       01:07:42
!*  
/EFACET,1   
PLNSOL, U,SUM, 1,1.0
SAVE
RESUME  
/COM,ANSYS RELEASE 2022 R2           BUILD 22.2      UP20220516       01:09:16
FINISH  
/CLEAR,NOSTART  
/COM,ANSYS RELEASE 2022 R2           BUILD 22.2      UP20220516       01:09:40
!*  
/UNITS, Si  
*AFUN,DEG   
!*  
/NOPR   
KEYW,PR_SET,1   
KEYW,PR_STRUC,1 
KEYW,PR_THERM,0 
KEYW,PR_FLUID,0 
KEYW,PR_ELMAG,0 
KEYW,MAGNOD,0   
KEYW,MAGEDG,0   
KEYW,MAGHFE,0   
KEYW,MAGELC,0   
KEYW,PR_MULTI,0 
/GO 
!*  
/COM,   
/COM,Preferences for GUI filtering have been set to display:
/COM,  Structural   
!*  
/PREP7  
!*  
ET,1,3  
!*  
KEYOPT,1,9,9
R,1,2.9e-3,2.03e-5,0.2  
SAVE
N,1,0,0,0,,,,   
N,2,1,0,0,,,,   
N,3,1.5,0,0,,,, 
N,4,2,0,0,,,,   
FLST,2,2,1  
FITEM,2,1   
FITEM,2,2   
E,P51X  
FLST,2,2,1  
FITEM,2,2   
FITEM,2,3   
E,P51X  
FLST,2,2,1  
FITEM,2,3   
FITEM,2,4   
E,P51X  
/PNUM,KP,0  
/PNUM,LINE,0
/PNUM,AREA,0
/PNUM,VOLU,0
/PNUM,NODE,1
/PNUM,TABN,0
/PNUM,SVAL,0
/NUMBER,0   
!*  
/PNUM,ELEM,1
/REPLOT 
!*  
/PNUM,KP,0  
/PNUM,LINE,0
/PNUM,AREA,0
/PNUM,VOLU,0
/PNUM,NODE,1
/PNUM,TABN,0
/PNUM,SVAL,0
/NUMBER,0   
!*  
/PNUM,ELEM,1
/REPLOT 
!*  
NPLOT   
EPLOT   
SAVE
!*  
/SHRINK,0   
/ESHAPE,1.0 
/EFACET,1   
/RATIO,1,1,1
/CFORMAT,32,0   
/REPLOT 
!*  
EPLOT   
SAVE
FINISH  
/SOL
FINISH  
/PREP7  
!*  
ANTYPE,0
FLST,2,1,1,ORDE,1   
FITEM,2,1   
!*  
/GO 
D,P51X,UY,0, , , , , , , , ,
FLST,2,1,1,ORDE,1   
FITEM,2,4   
!*  
/GO 
D,P51X,UX,0, , , ,UY,ROTZ, , , ,
SAVE
FLST,2,1,2,ORDE,1   
FITEM,2,1   
SFBEAM,P51X,1,PRES,10000,10000, , , , ,0
FLST,2,1,1,ORDE,1   
FITEM,2,2   
!*  
/GO 
F,P51X,MZ,-10000
FLST,2,1,1,ORDE,1   
FITEM,2,3   
!*  
/GO 
F,P51X,FY,15000 
SAVE
FINISH  
/SOL
ACEL,0,9.8,0,   
SAVE
/STATUS,SOLU
SOLVE   
/STATUS,SOLU
SOLVE   
FINISH  
/PREP7  
!*  
MPTEMP,,,,,,,,  
MPTEMP,1,0  
MPDATA,EX,1,,2e11   
MPDATA,PRXY,1,,0.3  
MPTEMP,,,,,,,,  
MPTEMP,1,0  
MPDATA,DENS,1,,7800 
SAVE
FINISH  
/POST1  
FINISH  
/SOL
/STATUS,SOLU
SOLVE   
FINISH  
/POST1  
PRRSOL, 
!*  
/PSF,DEFA, ,1,0,1   
/PBF,DEFA, ,1   
/PSYMB,CS,0 
/PSYMB,NDIR,0   
/PSYMB,ESYS,0   
/PSYMB,LDIV,0   
/PSYMB,LDIR,0   
/PSYMB,ADIR,0   
/PSYMB,ECON,0   
/PSYMB,XNODE,0  
/PSYMB,DOT,1
/PSYMB,PCONV,   
/PSYMB,LAYR,0   
/PSYMB,FBCS,0   
!*  
/PBC,ALL, ,1
/REP
!*  
!*  
/EFACET,1   
PLNSOL, U,SUM, 1,1.0
SAVE
AVPRIN,0, , 
ETABLE,Qyi,SMISC, 2 
!*  
RESUME,'save5','db','B:\KPI\term6\AnsysWork\lab7\',0,0  
/COM,ANSYS RELEASE 2022 R2           BUILD 22.2      UP20220516       01:25:43
!*  
/EFACET,1   
PLNSOL, U,SUM, 1,1.0
FINISH  
! /EXIT,ALL 
/BATCH  
/COM,ANSYS RELEASE 2022 R2           BUILD 22.2      UP20220516       01:31:07
/input,menust,tmp,''
/GRA,POWER
/GST,ON
/PLO,INFO,3
/GRO,CURL,ON
/CPLANE,1   
/REPLOT,RESIZE  
WPSTYLE,,,,,,,,0
/PNUM,KP,0  
/PNUM,LINE,0
/PNUM,AREA,0
/PNUM,VOLU,0
/PNUM,NODE,1
/PNUM,TABN,0
/PNUM,SVAL,0
/NUMBER,0   
!*  
/PNUM,ELEM,1
/REPLOT 
!*  
/ZOOM,1,BACK
EPLOT   
NPLOT   
/DIST, 1 ,0.924021,1
/REP,FAST   
/DIST, 1 ,0.924021,1
/REP,FAST   
/DIST, 1 ,0.924021,1
/REP,FAST   
EPLOT   
RESUME,'LabWork7frm','db','B:\KPI\term6\AnsysWork\lab7\',0,0
/COM,ANSYS RELEASE 2022 R2           BUILD 22.2      UP20220516       01:31:51
/DIST, 1 ,1.082226,1
/REP,FAST   
/DIST, 1 ,1.082226,1
/REP,FAST   
/DIST, 1 ,1.082226,1
/REP,FAST   
/DIST, 1 ,1.082226,1
/REP,FAST   
/DIST, 1 ,1.082226,1
/REP,FAST   
/DIST, 1 ,0.924021,1
/REP,FAST   
/DIST, 1 ,0.924021,1
/REP,FAST   
/DIST, 1 ,0.924021,1
/REP,FAST   
/DIST, 1 ,0.924021,1
/REP,FAST   
/DIST, 1 ,1.082226,1
/REP,FAST   
/DIST, 1 ,1.082226,1
/REP,FAST   
/DIST, 1 ,1.082226,1
/REP,FAST   
/DIST, 1 ,1.082226,1
/REP,FAST   
/DIST, 1 ,0.924021,1
/REP,FAST   
/DIST, 1 ,0.924021,1
/REP,FAST   
/DIST, 1 ,0.924021,1
/REP,FAST   
/DIST, 1 ,0.924021,1
/REP,FAST   
/SOLU   
FINISH  
/POST1  
!*  
/EFACET,1   
PLNSOL, U,SUM, 1,1.0
FINISH  
/SOL
FINISH  
/POST1  
AVPRIN,0, , 
ETABLE,QYI,SMISC, 2 
!*  
FINISH  
! /EXIT,NOSAV   
/BATCH  
/COM,ANSYS RELEASE 2022 R2           BUILD 22.2      UP20220516       08:56:13
/input,menust,tmp,''
/GRA,POWER
/GST,ON
/PLO,INFO,3
/GRO,CURL,ON
/CPLANE,1   
/REPLOT,RESIZE  
WPSTYLE,,,,,,,,0
RESUME,'save5','db','B:\KPI\term6\AnsysWork\lab7\',0,0  
/COM,ANSYS RELEASE 2022 R2           BUILD 22.2      UP20220516       08:56:41
/POST1  
/REPLOT,RESIZE  
!*  
/EFACET,1   
PLNSOL, U,SUM, 1,1.0
! KEYOPT, 1, 9, 9   
! KEYOPT,1,9,9  
RESUME,'save5','db','B:\KPI\term6\AnsysWork\lab7\',0,0  
/COM,ANSYS RELEASE 2022 R2           BUILD 22.2      UP20220516       09:02:17
/REPLOT,RESIZE  
! KEYOPT,1,9,9  
FINISH  
/PREP7  
!*  
!*  
!*  
!*  
KEYOPT,1,9,9
FINISH  
/SOL
!*  
ANTYPE,0
/STATUS,SOLU
SOLVE   
FINISH  
/POST1  
PRRSOL, 
SET,LAST
AVPRIN,0, , 
ETABLE,Qyi,SMISC, 2 
!*  
AVPRIN,0, , 
ETABLE,Mzi,SMISC, 6 
!*  
AVPRIN,0, , 
ETABLE,Mzj,SMISC, 66
!*  
AVPRIN,0, , 
ETABLE,Qyj,SMISC, 62
!*  
AVPRIN,0, , 
ETABLE,Szi,LS, 2
!*  
AVPRIN,0, , 
ETABLE,Szj,LS, 32   
!*  
!*  
/EFACET,1   
PLNSOL, U,SUM, 1,1.0
!*  
/PSF,DEFA, ,1,0,1   
/PBF,DEFA, ,1   
/PSYMB,CS,0 
/PSYMB,NDIR,0   
/PSYMB,ESYS,0   
/PSYMB,LDIV,0   
/PSYMB,LDIR,0   
/PSYMB,ADIR,0   
/PSYMB,ECON,0   
/PSYMB,XNODE,0  
/PSYMB,DOT,1
/PSYMB,PCONV,   
/PSYMB,LAYR,0   
/PSYMB,FBCS,0   
!*  
/PBC,ALL, ,1
/REP
!*  
PLLS,QYI,QYJ,3,0,0  
PLLS,MZI,MZJ,3,0,0  
PLLS,SZI,SZJ,3,0,0  
/DIST, 1 ,1.082226,1
/REP,FAST   
/DIST, 1 ,1.082226,1
/REP,FAST   
/DIST, 1 ,1.082226,1
/REP,FAST   
/DIST, 1 ,1.082226,1
/REP,FAST   
/DIST, 1 ,0.924021,1
/REP,FAST   
SAVE,'save6','db','B:\KPI\term6\AnsysWork\lab7\'
/DIST, 1 ,0.924021,1
/REP,FAST   
/DIST, 1 ,0.924021,1
/REP,FAST   
/DIST, 1 ,0.924021,1
/REP,FAST   
/DIST, 1 ,1.082226,1
/REP,FAST   
/DIST, 1 ,1.082226,1
/REP,FAST   
/FOC,   1,   1.06292261078    ,  0.473078843712E-01, -0.349188387883E-01
/REPLO  
/VIEW,  1,  0.896465602170    ,  0.412766852928    ,  0.161161252324
/ANG,   1,   29.4341344658  
/REPLO  
/VIEW,  1,  0.998396958956    ,  0.549947789599E-01, -0.133823254787E-01
/ANG,   1,   32.7258313414  
/REPLO  
/VIEW,  1,  0.999439138775    ,  0.298267351328E-01,  0.152241175741E-01
/ANG,   1,   32.6578059439  
/REPLO  
/VIEW,  1,  0.647737906372    ,  0.417780524839    ,  0.637098923021
/ANG,   1,   20.3075795674  
/REPLO  
/VIEW,  1,  0.757827516181    ,  0.500571226216    ,  0.418480469321
/ANG,   1,   27.7945116674  
/REPLO  
/VIEW,  1,  0.675561245725    ,  0.549425064408    ,  0.491679877436
/ANG,   1,   24.0278627826  
/REPLO  
/VIEW,  1,  0.609891456461    ,  0.573489591429    ,  0.546938844715
/ANG,   1,   20.7342710874  
/REPLO  
/VIEW,  1,  0.506045400657    ,  0.570852062501    ,  0.646564749435
/ANG,   1,   14.9035835716  
/REPLO  
/VIEW,  1,  0.428354076646    ,  0.587347197372    ,  0.686684829277
/ANG,   1,   11.3457068645  
/REPLO  
PLLS,QYI,QYJ,3,0,0  
/DIST, 1 ,0.924021,1
/REP,FAST   
/DIST, 1 ,0.924021,1
/REP,FAST   
/DIST, 1 ,0.924021,1
/REP,FAST   
/DIST, 1 ,0.924021,1
/REP,FAST   
/DIST, 1 ,0.924021,1
/REP,FAST   
/FOC,   1,  0.776440319580    ,  0.149447083155    ,  0.564253740158E-01
/REPLO  
/FOC,   1,  0.562892888134    ,  0.216055296264    ,  0.132663792710
/REPLO  
/DIST, 1 ,0.924021,1
/REP,FAST   
/DIST, 1 ,0.924021,1
/REP,FAST   
/DIST, 1 ,0.924021,1
/REP,FAST   
/DIST, 1 ,0.924021,1
/REP,FAST   
/DIST, 1 ,0.924021,1
/REP,FAST   
/FOC,   1,  0.788223768263    ,  0.144519854440    ,  0.532893002123E-01
/REPLO  
/FOC,   1,  0.942144953118    ,  0.103925727943    , -0.800507938126E-02
/REPLO  
/FOC,   1,   1.13578419193    ,  0.608026434746E-01, -0.919124734029E-01
/REPLO  
/FOC,   1,  0.983827447412    ,  0.671563960692E-01, -0.255644048508E-02
/REPLO  
/FOC,   1,  0.851784305021    ,  0.932275885138E-01,  0.575124219146E-01
/REPLO  
/FOC,   1,  0.612941986230    ,  0.167171995608    ,  0.143254873403
/REPLO  
/FOC,   1,  0.334826817503    ,  0.254188265149    ,  0.242314880790
/REPLO  
/FOC,   1,  0.134583336454    ,  0.309111105538    ,  0.320249229669
/REPLO  
/DIST, 1 ,0.924021,1
/REP,FAST   
/DIST, 1 ,0.924021,1
/REP,FAST   
/DIST, 1 ,0.924021,1
/REP,FAST   
/DIST, 1 ,0.924021,1
/REP,FAST   
/DIST, 1 ,0.924021,1
/REP,FAST   
/DIST, 1 ,0.924021,1
/REP,FAST   
/DIST, 1 ,0.924021,1
/REP,FAST   
/DIST, 1 ,1.082226,1
/REP,FAST   
/DIST, 1 ,0.924021,1
/REP,FAST   
/DIST, 1 ,0.924021,1
/REP,FAST   
/DIST, 1 ,0.924021,1
/REP,FAST   
/DIST, 1 ,0.924021,1
/REP,FAST   
/DIST, 1 ,0.924021,1
/REP,FAST   
/DIST, 1 ,0.924021,1
/REP,FAST   
/DIST, 1 ,0.924021,1
/REP,FAST   
/DIST, 1 ,0.924021,1
/REP,FAST   
/DIST, 1 ,0.924021,1
/REP,FAST   
/DIST, 1 ,0.924021,1
/REP,FAST   
/DIST, 1 ,0.924021,1
/REP,FAST   
/DIST, 1 ,0.924021,1
/REP,FAST   
/DIST, 1 ,0.924021,1
/REP,FAST   
/DIST, 1 ,0.924021,1
/REP,FAST   
/DIST, 1 ,0.924021,1
/REP,FAST   
/FOC,   1,  0.167188695991    ,  0.294733272550    ,  0.312207900470
/REPLO  
/FOC,   1,  0.218337444118    ,  0.277722943895    ,  0.294850875230
/REPLO  
/FOC,   1,  0.254035255070    ,  0.266739243855    ,  0.281977345721
/REPLO  
/FOC,   1,  0.300691565634    ,  0.258132158418    ,  0.260235095586
/REPLO  
/FOC,   1,  0.337497970733    ,  0.247624426240    ,  0.246262911818
/REPLO  
/FOC,   1,  0.382489241047    ,  0.234887556424    ,  0.229091672903
/REPLO  
/FOC,   1,  0.434159926024    ,  0.221729659827    ,  0.208113934282
/REPLO  
/DIST, 1 ,1.082226,1
/REP,FAST   
/DIST, 1 ,1.082226,1
/REP,FAST   
/DIST, 1 ,1.082226,1
/REP,FAST   
/DIST, 1 ,1.082226,1
/REP,FAST   
/DIST, 1 ,1.082226,1
/REP,FAST   
/DIST, 1 ,1.082226,1
/REP,FAST   
/DIST, 1 ,1.082226,1
/REP,FAST   
/DIST, 1 ,1.082226,1
/REP,FAST   
/DIST, 1 ,1.082226,1
/REP,FAST   
/DIST, 1 ,1.082226,1
/REP,FAST   
/DIST, 1 ,1.082226,1
/REP,FAST   
/DIST, 1 ,1.082226,1
/REP,FAST   
/DIST, 1 ,1.082226,1
/REP,FAST   
/DIST, 1 ,1.082226,1
/REP,FAST   
/DIST, 1 ,1.082226,1
/REP,FAST   
/DIST, 1 ,1.082226,1
/REP,FAST   
/DIST, 1 ,1.082226,1
/REP,FAST   
/DIST, 1 ,1.082226,1
/REP,FAST   
/FOC,   1,  0.569606770128    ,  0.184012628031    ,  0.155882963984
/REPLO  
/FOC,   1,  0.730326185276    ,  0.148174719789    ,  0.862796763165E-01
/REPLO  
/FOC,   1,   1.01048261595    ,  0.814648040825E-01, -0.314224538352E-01
/REPLO  
/DIST, 1 ,1.082226,1
/REP,FAST   
/DIST, 1 ,1.082226,1
/REP,FAST   
/DIST, 1 ,1.082226,1
/REP,FAST   
/DIST, 1 ,1.082226,1
/REP,FAST   
/DIST, 1 ,1.082226,1
/REP,FAST   
/DIST, 1 ,1.082226,1
/REP,FAST   
/DIST, 1 ,1.082226,1
/REP,FAST   
/DIST, 1 ,1.082226,1
/REP,FAST   
/DIST, 1 ,1.082226,1
/REP,FAST   
/DIST, 1 ,1.082226,1
/REP,FAST   
/FOC,   1,   1.25547494843    ,  0.157982305511E-01, -0.128081624985
/REPLO  
/FOC,   1,   1.13800692883    ,  0.481747788769E-01, -0.824979324104E-01
/REPLO  
/FOC,   1,   1.01620598732    ,  0.997926698388E-01, -0.506692020915E-01
/REPLO  
PLLS,SZI,SZJ,3,0,0  
FINISH  
! /EXIT,ALL 
