/BATCH  
/COM,ANSYS RELEASE 2022 R2           BUILD 22.2      UP20220516       01:20:58
/input,menust,tmp,''
/GRA,POWER
/GST,ON
/PLO,INFO,3
/GRO,CURL,ON
/CPLANE,1   
/REPLOT,RESIZE  
WPSTYLE,,,,,,,,0
/REPLOT 
RESUME,'saveRight','db','B:\KPI\term6\AnsysWork\lab9\',0,0  
/COM,ANSYS RELEASE 2022 R2           BUILD 22.2      UP20220516       01:21:11
/VIEW,  1,  0.872909479593E-01, -0.892290360765    ,  0.442942662756
/ANG,   1,  -5.93318348151  
/REPLO  
/VIEW,  1,  0.376156686137    , -0.495086564989    ,  0.783195659233
/ANG,   1,  -16.8741794196  
/REPLO  
/VIEW,  1,  0.302420471147E-01, -0.335217647124    ,  0.941655216968
/ANG,   1,  -6.43323281099  
/REPLO  
/SOLU   
FINISH  
/PREP7  
FINISH  
/POST1  
SET,LAST
FINISH  
/SOL
/STATUS,SOLU
SOLVE   
FINISH  
/POST26 
FILE,'saveRight','rst','.'  
/UI,COLL,1  
NUMVAR,200  
SOLU,191,NCMIT  
STORE,MERGE 
FILLDATA,191,,,,1,1 
REALVAR,191,191 
FINISH  
/POST1  
SET,LAST
!*  
/EFACET,1   
PLNSOL, U,SUM, 1,1.0
SAVE
SAVE,'saveRight','db','B:\KPI\TERM6\ANSYSWORK\LAB9\'
FINISH  
! /EXIT,ALL 
