/BATCH  
/COM,ANSYS RELEASE 2022 R2           BUILD 22.2      UP20220516       09:33:43
/input,menust,tmp,''
/GRA,POWER
/GST,ON
/PLO,INFO,3
/GRO,CURL,ON
/CPLANE,1   
/REPLOT,RESIZE  
WPSTYLE,,,,,,,,0
/REPLOT,RESIZE  
/UNITS, Si  
!*  
/NOPR   
KEYW,PR_SET,1   
KEYW,PR_STRUC,1 
KEYW,PR_THERM,0 
KEYW,PR_FLUID,0 
KEYW,PR_ELMAG,0 
KEYW,MAGNOD,0   
KEYW,MAGEDG,0   
KEYW,MAGHFE,0   
KEYW,MAGELC,0   
KEYW,PR_MULTI,0 
/GO 
!*  
/COM,   
/COM,Preferences for GUI filtering have been set to display:
/COM,  Structural   
!*  
/SOLU   
!*  
/NOPR   
KEYW,PR_SET,1   
KEYW,PR_STRUC,1 
KEYW,PR_THERM,0 
KEYW,PR_FLUID,0 
KEYW,PR_ELMAG,0 
KEYW,MAGNOD,0   
KEYW,MAGEDG,0   
KEYW,MAGHFE,0   
KEYW,MAGELC,0   
KEYW,PR_MULTI,0 
/GO 
!*  
/COM,   
/COM,Preferences for GUI filtering have been set to display:
/COM,  Structural   
!*  
FINISH  
/PREP7  
!*  
ET,1,SOLID186   
!*  
ET,2,PLANE183   
!*  
ET,3,SURF154
!*  
KEYOPT,3,2,0
KEYOPT,3,4,0
KEYOPT,3,6,0
KEYOPT,3,7,0
KEYOPT,3,8,0
KEYOPT,3,11,2   
KEYOPT,3,12,0   
!*  
R,1, , , , , , ,
RMORE,0,00025,0,00025,000025,0.00025,   
!*  
R,1, , , ,0,0,0,
RMORE,0.00025,0.00025,0.00025,0.00025,  
!*  
R,1, , , ,0,0,0,
RMORE,0.00025,0.00025,0.00025,0.00025,  
!*  
R,1, , , ,0,0,0,
RMORE,0.00025,0.00025,0.00025,0.00025,  
!*  
!*  
MPTEMP,,,,,,,,  
MPTEMP,1,0  
MPDATA,EX,1,,2.05e11
MPDATA,PRXY,1,,0.27 
/DIST, 1 ,1.082226,1
/REP,FAST   
/DIST, 1 ,1.082226,1
/REP,FAST   
/DIST, 1 ,1.082226,1
/REP,FAST   
LPLOT   
K,1,0,,,
K,1,0,0,,   
*AFUN,DEG   
/DIST, 1 ,0.924021,1
/REP,FAST   
/DIST, 1 ,0.924021,1
/REP,FAST   
/DIST, 1 ,0.924021,1
/REP,FAST   
/DIST, 1 ,0.924021,1
/REP,FAST   
/DIST, 1 ,0.924021,1
/REP,FAST   
/DIST, 1 ,0.924021,1
/REP,FAST   
/USER,  1   
/VIEW,  1,  0.523272733127E-01,  0.366208243651E-01,  0.997958301579
/ANG,   1,  0.581290040101E-01  
/REPLO  
/DIST, 1 ,0.924021,1
/REP,FAST   
/DIST, 1 ,0.924021,1
/REP,FAST   
/DIST, 1 ,0.924021,1
/REP,FAST   
/DIST, 1 ,0.924021,1
/REP,FAST   
K,2,0,0.01,,
/DIST, 1 ,0.924021,1
/REP,FAST   
/DIST, 1 ,0.924021,1
/REP,FAST   
/DIST, 1 ,0.924021,1
/REP,FAST   
/DIST, 1 ,0.924021,1
/REP,FAST   
/DIST, 1 ,0.924021,1
/REP,FAST   
/DIST, 1 ,0.924021,1
/REP,FAST   
/DIST, 1 ,0.924021,1
/REP,FAST   
/DIST, 1 ,0.924021,1
/REP,FAST   
/DIST, 1 ,0.924021,1
/REP,FAST   
/DIST, 1 ,0.924021,1
/REP,FAST   
/DIST, 1 ,0.924021,1
/REP,FAST   
/DIST, 1 ,0.924021,1
/REP,FAST   
/DIST, 1 ,0.924021,1
/REP,FAST   
/DIST, 1 ,0.924021,1
/REP,FAST   
/DIST, 1 ,0.924021,1
/REP,FAST   
/DIST, 1 ,0.924021,1
/REP,FAST   
/DIST, 1 ,0.924021,1
/REP,FAST   
/DIST, 1 ,0.924021,1
/REP,FAST   
/DIST, 1 ,0.924021,1
/REP,FAST   
/DIST, 1 ,0.924021,1
/REP,FAST   
/DIST, 1 ,0.924021,1
/REP,FAST   
/DIST, 1 ,0.924021,1
/REP,FAST   
/DIST, 1 ,0.924021,1
/REP,FAST   
/DIST, 1 ,0.924021,1
/REP,FAST   
/DIST, 1 ,0.924021,1
/REP,FAST   
/DIST, 1 ,0.924021,1
/REP,FAST   
/DIST, 1 ,0.924021,1
/REP,FAST   
/DIST, 1 ,0.924021,1
/REP,FAST   
/DIST, 1 ,0.924021,1
/REP,FAST   
/DIST, 1 ,0.924021,1
/REP,FAST   
/DIST, 1 ,0.924021,1
/REP,FAST   
/DIST, 1 ,0.924021,1
/REP,FAST   
/DIST, 1 ,0.924021,1
/REP,FAST   
/DIST, 1 ,0.924021,1
/REP,FAST   
/AUTO,1 
/REP,FAST   
/DIST, 1 ,1.082226,1
/REP,FAST   
/DIST, 1 ,1.082226,1
/REP,FAST   
/DIST, 1 ,1.082226,1
/REP,FAST   
/DIST, 1 ,1.082226,1
/REP,FAST   
/DIST, 1 ,1.082226,1
/REP,FAST   
/DIST, 1 ,1.082226,1
/REP,FAST   
/DIST, 1 ,1.082226,1
/REP,FAST   
/DIST, 1 ,1.082226,1
/REP,FAST   
/DIST, 1 ,1.082226,1
/REP,FAST   
/DIST, 1 ,1.082226,1
/REP,FAST   
/DIST, 1 ,1.082226,1
/REP,FAST   
/DIST, 1 ,1.082226,1
/REP,FAST   
/DIST, 1 ,1.082226,1
/REP,FAST   
/DIST, 1 ,1.082226,1
/REP,FAST   
/DIST, 1 ,1.082226,1
/REP,FAST   
/DIST, 1 ,1.082226,1
/REP,FAST   
/DIST, 1 ,1.082226,1
/REP,FAST   
/DIST, 1 ,1.082226,1
/REP,FAST   
/DIST, 1 ,1.082226,1
/REP,FAST   
/DIST, 1 ,1.082226,1
/REP,FAST   
/DIST, 1 ,1.082226,1
/REP,FAST   
/DIST, 1 ,1.082226,1
/REP,FAST   
/DIST, 1 ,1.082226,1
/REP,FAST   
/DIST, 1 ,1.082226,1
/REP,FAST   
/DIST, 1 ,1.082226,1
/REP,FAST   
/DIST, 1 ,1.082226,1
/REP,FAST   
/DIST, 1 ,1.082226,1
/REP,FAST   
/DIST, 1 ,1.082226,1
/REP,FAST   
/DIST, 1 ,1.082226,1
/REP,FAST   
/DIST, 1 ,1.082226,1
/REP,FAST   
/DIST, 1 ,1.082226,1
/REP,FAST   
/DIST, 1 ,1.082226,1
/REP,FAST   
/DIST, 1 ,1.082226,1
/REP,FAST   
/DIST, 1 ,1.082226,1
/REP,FAST   
/DIST, 1 ,1.082226,1
/REP,FAST   
/DIST, 1 ,1.082226,1
/REP,FAST   
/DIST, 1 ,1.082226,1
/REP,FAST   
/DIST, 1 ,1.082226,1
/REP,FAST   
wpstyle,0.01,0.1,-1,1,0.003,1,2,,5  
FLST,2,2,8  
FITEM,2,0,0,0   
FITEM,2,0.984807753012E-02,-0.173648177667E-02,0
CIRCLE,P51X 
WPAVE,0,0,0 
/DIST, 1 ,0.924021,1
/REP,FAST   
/DIST, 1 ,0.924021,1
/REP,FAST   
/DIST, 1 ,0.924021,1
/REP,FAST   
/DIST, 1 ,0.924021,1
/REP,FAST   
/DIST, 1 ,0.924021,1
/REP,FAST   
/DIST, 1 ,0.924021,1
/REP,FAST   
/DIST, 1 ,0.924021,1
/REP,FAST   
/DIST, 1 ,0.924021,1
/REP,FAST   
/DIST, 1 ,1.082226,1
/REP,FAST   
/DIST, 1 ,0.924021,1
/REP,FAST   
/DIST, 1 ,0.924021,1
/REP,FAST   
/DIST, 1 ,0.924021,1
/REP,FAST   
/DIST, 1 ,0.924021,1
/REP,FAST   
/DIST, 1 ,0.924021,1
/REP,FAST   
/DIST, 1 ,0.924021,1
/REP,FAST   
/DIST, 1 ,0.924021,1
/REP,FAST   
/DIST, 1 ,0.924021,1
/REP,FAST   
/DIST, 1 ,0.924021,1
/REP,FAST   
/DIST, 1 ,0.924021,1
/REP,FAST   
/DIST, 1 ,0.924021,1
/REP,FAST   
/DIST, 1 ,0.924021,1
/REP,FAST   
/DIST, 1 ,0.924021,1
/REP,FAST   
/DIST, 1 ,0.924021,1
/REP,FAST   
/DIST, 1 ,0.924021,1
/REP,FAST   
/DIST, 1 ,0.924021,1
/REP,FAST   
/DIST, 1 ,0.924021,1
/REP,FAST   
/DIST, 1 ,0.924021,1
/REP,FAST   
/DIST, 1 ,0.924021,1
/REP,FAST   
/DIST, 1 ,0.924021,1
/REP,FAST   
/DIST, 1 ,0.924021,1
/REP,FAST   
/DIST, 1 ,0.924021,1
/REP,FAST   
/DIST, 1 ,1.082226,1
/REP,FAST   
/DIST, 1 ,1.082226,1
/REP,FAST   
KPLOT   
FLST,2,4,4,ORDE,2   
FITEM,2,1   
FITEM,2,-4  
LDELE,P51X, , ,1
K,1,0,0.01,,
K,3,0,-0.01,,   
K,2,0.01,0,,
LARC,       1,       2,       3 
LARC,       1,       3,       2 
!*  
LARC,1,3,2,0.01,
/DIST, 1 ,0.924021,1
/REP,FAST   
/DIST, 1 ,0.924021,1
/REP,FAST   
/DIST, 1 ,0.924021,1
/REP,FAST   
/DIST, 1 ,0.924021,1
/REP,FAST   
/DIST, 1 ,1.082226,1
/REP,FAST   
/DIST, 1 ,1.082226,1
/REP,FAST   
/DIST, 1 ,1.082226,1
/REP,FAST   
/DIST, 1 ,1.082226,1
/REP,FAST   
/DIST, 1 ,1.082226,1
/REP,FAST   
/DIST, 1 ,0.924021,1
/REP,FAST   
LPLOT   
LSTR,       3,       1  
K,4,0,0,,   
LDELE,       2, , ,1
LSTR,       3,       4  
LSTR,       4,       1  
LSTR,       4,       2  
FLST,2,1,4,ORDE,1   
FITEM,2,1   
LDIV,P51X,0.5, ,2,0 
/DIST, 1 ,0.924021,1
/REP,FAST   
/DIST, 1 ,0.924021,1
/REP,FAST   
/DIST, 1 ,0.924021,1
/REP,FAST   
/DIST, 1 ,0.924021,1
/REP,FAST   
/DIST, 1 ,0.924021,1
/REP,FAST   
/DIST, 1 ,0.924021,1
/REP,FAST   
/DIST, 1 ,0.924021,1
/REP,FAST   
/DIST, 1 ,1.082226,1
/REP,FAST   
/DIST, 1 ,1.082226,1
/REP,FAST   
/DIST, 1 ,1.082226,1
/REP,FAST   
/DIST, 1 ,1.082226,1
/REP,FAST   
/DIST, 1 ,1.082226,1
/REP,FAST   
FLST,2,3,4  
FITEM,2,3   
FITEM,2,1   
FITEM,2,4   
AL,P51X 
FLST,2,5,4,ORDE,2   
FITEM,2,1   
FITEM,2,-5  
LDELE,P51X, , ,1
K,1,0,0,,   
K,2,0,0.01,,
K,4,0,-0.01,,   
K,3,0.01,0,,
CSYS,1  
CSYS,1  
wpstyle,0.01,0.1,-1,1,0.003,0,2,,5  
CSYS,1  
LSTR,       2,       3  
LDELE,       1  
LARC,       1,       2,       3 
FLST,2,2,8  
FITEM,2,0,0,0   
FITEM,2,0.1E-01,0,0 
CIRCLE,P51X 
FLST,2,2,4,ORDE,2   
FITEM,2,2   
FITEM,2,-3  
LDELE,P51X  
KDELE,       7  
LSTR,       4,       1  
KDELE,       2  
KDELE,       4  
LDELE,       2, , ,1
KPLOT   
KDELE,       3  
K,1,0,0,,   
LSTR,       8,       1  
LSTR,       1,       6  
LSTR,       1,       5  
LPLOT   
FLST,2,3,4  
FITEM,2,3   
FITEM,2,1   
FITEM,2,5   
AL,P51X 
FLST,2,3,4  
FITEM,2,2   
FITEM,2,4   
FITEM,2,5   
AL,P51X 
SAVE,'save8','db','B:\KPI\term6\AnsysWork\lab10\part2\' 
NUMMRG,ALL, , , ,LOW
SAVE,'save8','db','B:\KPI\term6\AnsysWork\lab10\part2\' 
TYPE,   2   
MAT,       1
REAL,       1   
ESYS,       0   
SECNUM, 
!*  
AATT,       1,       1,   2,       0,   
FLST,5,5,4,ORDE,2   
FITEM,5,1   
FITEM,5,-5  
CM,_Y,LINE  
LSEL, , , ,P51X 
CM,_Y1,LINE 
CMSEL,,_Y   
!*  
LESIZE,_Y1, , ,6, , , , ,1  
!*  
MSHKEY,0
FLST,5,2,5,ORDE,2   
FITEM,5,1   
FITEM,5,-2  
CM,_Y,AREA  
ASEL, , , ,P51X 
CM,_Y1,AREA 
CHKMSH,'AREA'   
CMSEL,S,_Y  
!*  
AMESH,_Y1   
!*  
CMDELE,_Y   
CMDELE,_Y1  
CMDELE,_Y2  
!*  
SAVE,'save11','db','B:\KPI\term6\AnsysWork\lab10\part2\'
TYPE,   1   
EXTOPT,ESIZE,8,2,   
EXTOPT,ACLEAR,1 
!*  
EXTOPT,ATTR,0,0,0   
MAT,1   
REAL,1  
ESYS,0  
!*  
!*  
VOFFST,1,0.025, ,   
!*  
VOFFST,2,-0.025, ,  
/USER,  1   
/VIEW,  1,  0.755380461301    ,  0.139173705037    ,  0.640336660290
/ANG,   1,   6.10756513529  
/REPLO  
/VIEW,  1,  0.222074969095    ,  0.158222879069    ,  0.962106142087
/ANG,   1,  0.258889991338E-01  
/REPLO  
RESUME,'save11','db','B:\KPI\term6\AnsysWork\lab10\part2\',0,0  
/COM,ANSYS RELEASE 2022 R2           BUILD 22.2      UP20220516       09:57:30
TYPE,   1   
EXTOPT,ESIZE,8,2,   
EXTOPT,ACLEAR,1 
!*  
EXTOPT,ATTR,0,0,0   
MAT,1   
REAL,1  
ESYS,0  
!*  
!*  
VOFFST,1,0.025, ,   
!*  
VOFFST,2,0.025, ,   
/USER,  1   
/VIEW,  1,  0.570282056634    ,  0.974290441810E-01,  0.815650634298
/ANG,   1,   2.80574825721  
/REPLO  
/VIEW,  1,  0.140367367256    ,  0.113614610315    ,  0.983559211503
/ANG,   1, -0.145267111601  
/REPLO  
EPLOT   
SAVE,'save12','db','B:\KPI\term6\AnsysWork\lab10\part2\'
/VIEW,  1,  0.857416435714    ,  0.212034484551    ,  0.468911967354
/ANG,   1,   8.89177918451  
/REPLO  
ASEL,S, , ,       5 
NSLA,S,1
NPLOT   
TYPE,   3   
MAT,       1
REAL,       1   
ESYS,       0   
SECNUM, 
TSHAP,LINE  
!*  
FLST,5,173,1,ORDE,5 
FITEM,5,2   
FITEM,5,14  
FITEM,5,-25 
FITEM,5,204 
FITEM,5,-363
CM,_Y,node  
NSEL, , , ,P51X 
CM,_Y1,node 
CMSEL,,_Y   
!*  
CMSEL,,_Y1  
ESURF,0 
CMSEL,,_Y   
CMDELE,_Y   
CMDELE,_Y1  
!*  
/DIST, 1 ,1.082226,1
/REP,FAST   
/DIST, 1 ,0.924021,1
/REP,FAST   
/DIST, 1 ,1.082226,1
/REP,FAST   
ESEL,S,TYPE,,3  
!*  
/PSF,DEFA, ,1,0,1   
/PBF,DEFA, ,1   
/PSYMB,CS,0 
/PSYMB,NDIR,0   
/PSYMB,ESYS,1   
/PSYMB,LDIV,0   
/PSYMB,LDIR,0   
/PSYMB,ADIR,0   
/PSYMB,ECON,0   
/PSYMB,XNODE,0  
/PSYMB,DOT,1
/PSYMB,PCONV,   
/PSYMB,LAYR,0   
/PSYMB,FBCS,0   
!*  
/PBC,ALL, ,1
/REP
!*  
EPLOT   
SAVE,'save13','db','B:\KPI\term6\AnsysWork\lab10\part2\'
FINISH  
/SOL
!*  
ANTYPE,0
NSEL,S,LOC,Z,0  
FLST,2,187,1,ORDE,2 
FITEM,2,1   
FITEM,2,-187
!*  
/GO 
D,P51X,ALL, , , , , , , , , ,   
ALLSEL,ALL  
/VIEW,  1, -0.893261051584    , -0.151361190650    ,  0.423290070388
/ANG,   1,  -2.75605187063  
/REPLO  
/VIEW,  1, -0.592718341799    ,  0.178238110747    ,  0.785440095216
/ANG,   1,  -2.28567367003  
/REPLO  
/VIEW,  1, -0.979427768029    ,  0.859423059527E-01, -0.182579208182
/ANG,   1,  -13.2357972001  
/REPLO  
/VIEW,  1, -0.940530728665    ,  0.321707429431    ,  0.109115893831
/ANG,   1,  -9.17033565393  
/REPLO  
/VIEW,  1, -0.870321023355E-01,  0.267111181188    ,  0.959727581164
/ANG,   1,   18.9148795188  
/REPLO  
/VIEW,  1,  0.859441622551    , -0.386889570142E-01,  0.509767851117
/ANG,   1,   25.9378762944  
/REPLO  
/VIEW,  1,  0.931228114258    , -0.221492253905    , -0.289405218812
/ANG,   1,   19.7174704345  
/REPLO  
/VIEW,  1,  0.319959323022    ,  0.729150750877E-02,  0.947403222250
/ANG,   1,   21.3146625845  
/REPLO  
/VIEW,  1, -0.178866622282    ,  0.904718376768E-01,  0.979704842297
/ANG,   1,   19.4227304755  
/REPLO  
/VIEW,  1,  0.258419834347    ,  0.589200703050E-01,  0.964234211450
/ANG,   1,   21.6639855405  
/REPLO  
FLST,2,2,5,ORDE,2   
FITEM,2,4   
FITEM,2,8   
DA,P51X,SYMM
ESEL,S,TYPE,,3  
/REPLOT 
FLST,5,48,2,ORDE,2  
FITEM,5,433 
FITEM,5,-480
CM,_Y,ELEM  
ESEL, , , ,P51X 
CM,_Y1,ELEM 
CMSEL,S,_Y  
CMDELE,_Y   
!*  
/GO 
!*  
SFE,_Y1,5,PRES, ,5e6,0,-1,0 
SAVE,'save','db','B:\KPI\term6\AnsysWork\lab10\part2\'  
FINISH  
! /EXIT,ALL 
/BATCH  
/COM,ANSYS RELEASE 2022 R2           BUILD 22.2      UP20220516       10:08:36
/input,menust,tmp,''
/GRA,POWER
/GST,ON
/PLO,INFO,3
/GRO,CURL,ON
/CPLANE,1   
/REPLOT,RESIZE  
WPSTYLE,,,,,,,,0
/REPLOT,RESIZE  
RESUME,'save','db','B:\KPI\term6\AnsysWork\lab10\part2\',0,0
/COM,ANSYS RELEASE 2022 R2           BUILD 22.2      UP20220516       10:08:55
!*  
/PSF,PRES,NORM,2,0,1
/PBF,DEFA, ,1   
/PSYMB,CS,0 
/PSYMB,NDIR,0   
/PSYMB,ESYS,1   
/PSYMB,LDIV,0   
/PSYMB,LDIR,0   
/PSYMB,ADIR,0   
/PSYMB,ECON,0   
/PSYMB,XNODE,0  
/PSYMB,DOT,1
/PSYMB,PCONV,   
/PSYMB,LAYR,0   
/PSYMB,FBCS,0   
!*  
/PBC,ALL,,1 
/PBC,NFOR,,0
/PBC,NMOM,,0
/PBC,RFOR,,0
/PBC,RMOM,,0
/PBC,PATH,,0
/REP
!*  
/REPLOT 
/SOLU   
/STATUS,SOLU
SOLVE   
ESEL,S,TYPE,,1  
FINISH  
/POST1  
!*  
RSYS,1  
AVPRIN,0
AVRES,2,
/EFACET,1   
LAYER,0 
FORCE,TOTAL 
!*  
!*  
PLESOL, S,EQV, 0,1.0
FINISH  
! /EXIT,NOSAV   
/BATCH  
/COM,ANSYS RELEASE 2022 R2           BUILD 22.2      UP20220516       10:15:53
/input,menust,tmp,''
/GRA,POWER
/GST,ON
/PLO,INFO,3
/GRO,CURL,ON
/CPLANE,1   
/REPLOT,RESIZE  
WPSTYLE,,,,,,,,0
FINISH  
! /EXIT,NOSAV   
/BATCH  
/COM,ANSYS RELEASE 2022 R2           BUILD 22.2      UP20220516       10:23:32
/input,menust,tmp,''
/GRA,POWER
/GST,ON
/PLO,INFO,3
/GRO,CURL,ON
/CPLANE,1   
/REPLOT,RESIZE  
WPSTYLE,,,,,,,,0
RESUME,'save13','db','B:\KPI\term6\AnsysWork\lab10\part2\',0,0  
/COM,ANSYS RELEASE 2022 R2           BUILD 22.2      UP20220516       10:23:39
/SOLU   
FINISH  
/PREP7  
FINISH  
/SOL
!*  
ANTYPE,0
/REPLOT,RESIZE  
!*  
ANTYPE,0
/DIST, 1 ,0.924021,1
/REP,FAST   
NSEL,S,LOC,Z,0  
FLST,2,187,1,ORDE,2 
FITEM,2,1   
FITEM,2,-187
!*  
/GO 
D,P51X,ALL, , , , , , , , , ,   
ALLSEL,ALL  
FLST,2,2,5,ORDE,2   
FITEM,2,4   
FITEM,2,8   
DA,P51X,SYMM
RESUME,'save13','db','B:\KPI\term6\AnsysWork\lab10\part2\',0,0  
/COM,ANSYS RELEASE 2022 R2           BUILD 22.2      UP20220516       10:35:26
/REPLOT,RESIZE  
!*  
ANTYPE,0
NSEL,S,LOC,Z,0  
FLST,2,187,1,ORDE,2 
FITEM,2,1   
FITEM,2,-187
!*  
/GO 
D,P51X,ALL, , , , , , , , , ,   
ALLSEL,ALL  
/VIEW,  1,  0.720509484496    ,  0.235866990404    ,  0.652098800481
/ANG,   1,   5.82763271122  
/REPLO  
FLST,2,2,5,ORDE,2   
FITEM,2,4   
FITEM,2,8   
DA,P51X,SYMM
SAVE,'save15','db','B:\KPI\term6\AnsysWork\lab10\part2\'
ESEL,S,TYPE,,3  
/REPLOT 
FLST,5,48,2,ORDE,2  
FITEM,5,433 
FITEM,5,-480
CM,_Y,ELEM  
ESEL, , , ,P51X 
CM,_Y1,ELEM 
CMSEL,S,_Y  
CMDELE,_Y   
!*  
/GO 
!*  
SFE,_Y1,5,PRES, ,5e6,0,-1,0 
!*  
/PSF,PRES,NORM,2,0,1
/PBF,DEFA, ,1   
/PSYMB,CS,0 
/PSYMB,NDIR,0   
/PSYMB,ESYS,1   
/PSYMB,LDIV,0   
/PSYMB,LDIR,0   
/PSYMB,ADIR,0   
/PSYMB,ECON,0   
/PSYMB,XNODE,0  
/PSYMB,DOT,1
/PSYMB,PCONV,   
/PSYMB,LAYR,0   
/PSYMB,FBCS,0   
!*  
/PBC,ALL,,1 
/PBC,NFOR,,0
/PBC,NMOM,,0
/PBC,RFOR,,0
/PBC,RMOM,,0
/PBC,PATH,,0
/REP
!*  
/REPLOT 
SAVE,'save16','db','B:\KPI\term6\AnsysWork\lab10\part2\'
/STATUS,SOLU
! SOLVE 
/REPLOT,RESIZE  
/DIST, 1 ,1.082226,1
/REP,FAST   
/DIST, 1 ,1.082226,1
/REP,FAST   
/DIST, 1 ,1.082226,1
/REP,FAST   
/DIST, 1 ,1.082226,1
/REP,FAST   
/DIST, 1 ,1.082226,1
/REP,FAST   
/DIST, 1 ,1.082226,1
/REP,FAST   
/DIST, 1 ,1.082226,1
/REP,FAST   
ALLSEL,ALL  
/REPLOT 
/STATUS,SOLU
SOLVE   
/BATCH  
/COM,ANSYS RELEASE 2022 R2           BUILD 22.2      UP20220516       10:42:59
/input,menust,tmp,''
/GRA,POWER
/GST,ON
/PLO,INFO,3
/GRO,CURL,ON
/CPLANE,1   
/REPLOT,RESIZE  
WPSTYLE,,,,,,,,0
RESUME,'save16','db','B:\KPI\term6\AnsysWork\lab10\part2\',0,0  
/COM,ANSYS RELEASE 2022 R2           BUILD 22.2      UP20220516       10:43:04
/DIST, 1 ,1.082226,1
/REP,FAST   
/DIST, 1 ,1.082226,1
/REP,FAST   
/DIST, 1 ,1.082226,1
/REP,FAST   
/DIST, 1 ,1.082226,1
/REP,FAST   
/DIST, 1 ,1.082226,1
/REP,FAST   
/DIST, 1 ,1.082226,1
/REP,FAST   
/DIST, 1 ,1.082226,1
/REP,FAST   
/DIST, 1 ,1.082226,1
/REP,FAST   
ALLSEL,ALL  
/REPLOT 
SAVE,'save16','db','B:\KPI\term6\AnsysWork\lab10\part2\'
/POST1  
FINISH  
/SOL
/STATUS,SOLU
SOLVE   
/BATCH  
/COM,ANSYS RELEASE 2022 R2           BUILD 22.2      UP20220516       02:04:20
/input,menust,tmp,''
/GRA,POWER
/GST,ON
/PLO,INFO,3
/GRO,CURL,ON
/CPLANE,1   
/REPLOT,RESIZE  
WPSTYLE,,,,,,,,0
/REPLOT,RESIZE  
RESUME,'save16solution','db','B:\KPI\term6\AnsysWork\lab10\part2\',0,0  
/COM,ANSYS RELEASE 2022 R2           BUILD 22.2      UP20220516       02:06:30
/POST1  
FINISH  
/SOL
ALLSEL,ALL  
ESEL,S,TYPE,,1  
FINISH  
/POST1  
!*  
!*  
RSYS,1  
AVPRIN,0
AVRES,2,
/EFACET,1   
LAYER,0 
FORCE,TOTAL 
!*  
!*  
PLESOL, S,EQV, 0,1.0
/VIEW,  1,  0.127281039745    ,  0.257292726671    ,  0.957914395822
/ANG,   1,  -4.81704660416  
/REPLO  
/VIEW,  1, -0.632834641288    ,  0.693274495978E-01,  0.771177036430
/ANG,   1,  -13.8679172670  
/REPLO  
/VIEW,  1,  0.261410079806    ,  0.342118313044    ,  0.902562923045
/ANG,   1, -0.444436600349  
/REPLO  
/VIEW,  1, -0.115314087971    ,  0.313870186147    ,  0.942437354610
/ANG,   1,  -8.35287210007  
/REPLO  
/VIEW,  1,  0.247948859745    ,  0.371586963810    ,  0.894675634673
/ANG,   1, -0.710361645621  
/REPLO  
/VIEW,  1, -0.544764302866    ,  0.134904991760    ,  0.827666900100
/ANG,   1,  -14.8337979016  
/REPLO  
/VIEW,  1,  0.742149873127E-01,  0.358667528381    ,  0.930510472667
/ANG,   1,  -4.81203813582  
/REPLO  
!*  
/EXPAND,2,RECT,HALF,0.00001 
/REPLOT 
!*  
/VIEW,  1, -0.891218639997    , -0.413100706446    ,  0.187288926674
/ANG,   1,  -10.6055849975  
/REPLO  
/VIEW,  1, -0.843054405694    ,  0.302754137065    ,  0.444521317295
/ANG,   1,  -5.62380513937  
/REPLO  
/VIEW,  1, -0.700554673255    ,  0.416666305306    ,  0.579320584654
/ANG,   1,  -1.28374642255  
/REPLO  
FINISH  
! /EXIT,NOSAV   
/BATCH  
/COM,ANSYS RELEASE 2022 R2           BUILD 22.2      UP20220516       09:41:43
/input,menust,tmp,''
/GRA,POWER
/GST,ON
/PLO,INFO,3
/GRO,CURL,ON
/CPLANE,1   
/REPLOT,RESIZE  
WPSTYLE,,,,,,,,0
/REPLOT,RESIZE  
RESUME,'save16solution','db','B:\KPI\term6\AnsysWork\lab10\part2\',0,0  
/COM,ANSYS RELEASE 2022 R2           BUILD 22.2      UP20220516       09:41:52
/SOLU   
FINISH  
/POST1  
SET,LAST
RESUME,'save16','dbb','B:\KPI\term6\AnsysWork\lab10\part2\',0,0 
/COM,ANSYS RELEASE 2022 R2           BUILD 22.2      UP20220516       09:42:18
SET,LAST
RESUME,'save16solution','db','B:\KPI\term6\AnsysWork\lab10\part2\',0,0  
/COM,ANSYS RELEASE 2022 R2           BUILD 22.2      UP20220516       09:42:30
SET,LAST
ESEL,S,MAT,,1   
!*  
RSYS,1  
AVPRIN,0
AVRES,2,
/EFACET,1   
LAYER,0 
FORCE,TOTAL 
!*  
!*  
!*  
PLESOL, S,EQV, 0,1.0
/FOC,   1,  0.158456886513E-02,  0.654403122231E-03, -0.896296170202E-02
/REPLO  
/VIEW,  1,  0.172733529582E-01,  0.292039155885    ,  0.956250366121
/ANG,   1,  -8.29434738685  
/REPLO  
FINISH  
/PREP7  
NUMMRG,ALL, , , ,LOW
FINISH  
/SOL
!*  
/STATUS,SOLU
SOLVE   
/BATCH  
/COM,ANSYS RELEASE 2022 R2           BUILD 22.2      UP20220516       09:45:18
/input,menust,tmp,''
/GRA,POWER
/GST,ON
/PLO,INFO,3
/GRO,CURL,ON
/CPLANE,1   
/REPLOT,RESIZE  
WPSTYLE,,,,,,,,0
/REPLOT,RESIZE  
/SOLU   
RESUME,'save16solution','db','B:\KPI\term6\AnsysWork\lab10\part2\',0,0  
/COM,ANSYS RELEASE 2022 R2           BUILD 22.2      UP20220516       09:45:37
FINISH  
/PREP7  
!*  
FINISH  
! /EXIT,NOSAV   
/BATCH  
/COM,ANSYS RELEASE 2022 R2           BUILD 22.2      UP20220516       09:52:47
/input,menust,tmp,''
/GRA,POWER
/GST,ON
/PLO,INFO,3
/GRO,CURL,ON
/CPLANE,1   
/REPLOT,RESIZE  
WPSTYLE,,,,,,,,0
RESUME,'save16solution','db','B:\KPI\term6\AnsysWork\lab10\part2\',0,0  
/COM,ANSYS RELEASE 2022 R2           BUILD 22.2      UP20220516       09:52:53
/POST1  
FINISH  
/SOL
FINISH  
/PREP7  
FINISH  
! /EXIT,NOSAV   
