/BATCH  
/COM,ANSYS RELEASE 2022 R2           BUILD 22.2      UP20220516       19:13:43
/input,menust,tmp,''
/GRA,POWER
/GST,ON
/PLO,INFO,3
/GRO,CURL,ON
/CPLANE,1   
/REPLOT,RESIZE  
WPSTYLE,,,,,,,,0
/REPLOT,RESIZE  
/Units, Si  
*AFUN,DEG   
/PNUM,KP,1  
/PNUM,LINE,1
/PNUM,AREA,1
/PNUM,VOLU,1
/PNUM,NODE,0
/PNUM,TABN,0
/PNUM,SVAL,0
/NUMBER,0   
!*  
/PNUM,ELEM,0
/REPLOT 
!*  
SAVE
/SOLU   
FINISH  
/PREP7  
CYLIND,0,0.05,0,0.03-0.02,0,360,
/USER,  1   
/VIEW,  1, -0.847891673718    ,  0.123110199459    ,  0.515677795168
/ANG,   1,  -6.75248535032  
/REPLO  
/VIEW,  1, -0.967406456002    ,  0.108908760226    , -0.228612403058
/ANG,   1,  -12.4515918750  
/REPLO  
/VIEW,  1, -0.928526925815    ,  0.261403382353    ,  0.263639943352
/ANG,   1,  -6.40351081767  
/REPLO  
/VIEW,  1, -0.866513440329    ,  0.299583825078    ,  0.399254291750
/ANG,   1,  -3.89312562049  
/REPLO  
/VIEW,  1, -0.963147433666    ,  0.170278507546    , -0.208212033489
/ANG,   1,  -13.7336533468  
/REPLO  
/VIEW,  1, -0.893266217574    ,  0.171768204059    ,  0.415416837183
/ANG,   1,  -15.7812273527  
/REPLO  
FLST,2,4,3,ORDE,2   
FITEM,2,5   
FITEM,2,-8  
KWPAVE,P51X 
/VIEW,  1, -0.994275679140    ,  0.104030333869    ,  0.243631587645E-01
/ANG,   1,  -19.0860501975  
/REPLO  
/VIEW,  1, -0.967118763399    , -0.133353999660    ,  0.216559479721
/ANG,   1,  -18.4794628127  
/REPLO  
/VIEW,  1, -0.990037471439    ,  0.140797920302    , -0.132317255960E-02
/ANG,   1,  -17.8821420031  
/REPLO  
/VIEW,  1, -0.868498846836    ,  0.287881991668    ,  0.403526593817
/ANG,   1,  -12.5196744149  
/REPLO  
/DIST, 1 ,1.082226,1
/REP,FAST   
/DIST, 1 ,1.082226,1
/REP,FAST   
/DIST, 1 ,1.082226,1
/REP,FAST   
RESUME  
/COM,ANSYS RELEASE 2022 R2           BUILD 22.2      UP20220516       19:22:58
/REPLOT,RESIZE  
/AUTO,1 
/REP,FAST   
CYLIND,0,0.05/2,0,0.03-0.02,0,360,  
/USER,  1   
/VIEW,  1, -0.935427062487    ,  0.766855864057E-02,  0.353436562873
/ANG,   1, -0.299675476418  
/REPLO  
/VIEW,  1, -0.988408250038    ,  0.149251347027    ,  0.278058746903E-01
/ANG,   1,  -1.67557471497  
/REPLO  
/VIEW,  1, -0.858043843699    ,  0.236713512940    ,  0.455771296904
/ANG,   1,   3.06395228615  
/REPLO  
/VIEW,  1, -0.788717585824    ,  0.311033222042    ,  0.530266823965
/ANG,   1,   4.65921652906  
/REPLO  
FLST,2,2,3,ORDE,2   
FITEM,2,5   
FITEM,2,7   
KWPAVE,P51X 
/VIEW,  1, -0.921656251252    ,  0.308234147418    ,  0.235672367692
/ANG,   1,  -1.99064206814  
/REPLO  
/VIEW,  1, -0.999714241071    ,  0.229209885134E-01, -0.678708228857E-02
/ANG,   1,  -5.10744003122  
/REPLO  
/VIEW,  1, -0.998108275431    , -0.407119955985E-01,  0.460695553572E-01
/ANG,   1,  -5.02521843371  
/REPLO  
/VIEW,  1, -0.947633086250    ,  0.181325357072    ,  0.262892846472
/ANG,   1,  -3.84886813384  
/REPLO  
/VIEW,  1, -0.752349659261    ,  0.213000063991    ,  0.623378667384
/ANG,   1,  0.800125436157  
/REPLO  
CYLIND,0.035/2,0.05/2,0,0.02,0,360, 
/VIEW,  1, -0.876962576153    ,  0.423133048639    ,  0.227804879615
/ANG,   1,  -6.64785969558  
/REPLO  
/VIEW,  1, -0.115283678209    ,  0.209453197022    ,  0.970998986506
/ANG,   1,   26.4357813524  
/REPLO  
/VIEW,  1,  0.196082204741    , -0.259366256356    ,  0.945664271318
/ANG,   1,   27.3250826598  
/REPLO  
/VIEW,  1,  0.238457574853    ,  0.314508502604    ,  0.918815752360
/ANG,   1,   27.8672837820  
/REPLO  
/VIEW,  1, -0.427146379067    ,  0.632714872317    ,  0.645924036709
/ANG,   1,  -1.91687120176  
/REPLO  
/ZOOM,1,RECT,-0.602,0.648445 ,-0.717862026938 ,-0.231886281105  
/AUTO,1 
/REP,FAST   
/USER,  1   
/VIEW,  1, -0.269284378777    ,  0.566746485443    ,  0.778642629571
/ANG,   1,   6.82101613838  
/REPLO  
FLST,2,4,3,ORDE,2   
FITEM,2,21  
FITEM,2,-24 
KWPAVE,P51X 
/VIEW,  1, -0.829545630952    ,  0.479366531089    ,  0.286464264857
/ANG,   1,  -21.6873289429  
/REPLO  
/VIEW,  1, -0.854237805698    ,  0.518850743024    ,  0.327364900288E-01
/ANG,   1,  -30.0780520933  
/REPLO  
/VIEW,  1, -0.499080163552    ,  0.761460697380    ,  0.413638243753
/ANG,   1,  -5.38656973547  
/REPLO  
/VIEW,  1,  0.393373484805    ,  0.228196086550    ,  0.890608694958
/ANG,   1,   42.7567814549  
/REPLO  
/VIEW,  1, -0.746481532148    ,  0.499184046678    ,  0.439977965022
/ANG,   1,  -4.16562219692  
/REPLO  
CYLIND,0,0.05/2,0,0.05-0.03-0.01,0,360, 
/VIEW,  1, -0.171789549509    ,  0.841157150203    ,  0.512779679143
/ANG,   1,   25.4398303711  
/REPLO  
/VIEW,  1, -0.108490436935    ,  0.887142894567    ,  0.448561377866
/ANG,   1,   69.2492413769  
/REPLO  
SAVE
SAVE,'good_1','db','B:\KPI\term6\AnsysWork\lab5\'   
CSYS,0  
WPAVE,0,0,0 
CSYS,0  
!*  
VDELE,       1, , ,1
/VIEW,  1, -0.535026350560E-01,  0.584813700295    , -0.809401262656
/ANG,   1,  -89.2345708064  
/REPLO  
/VIEW,  1,  0.586658117765E-01,  0.473051891922    , -0.879079194429
/ANG,   1,  -91.3278639026  
/REPLO  
/VIEW,  1,  0.346805780300E-01,  0.980119238589    , -0.195354896678
/ANG,   1,  -96.7619966293  
/REPLO  
/VIEW,  1,  0.173715184355E-01,  0.967894350546    ,  0.250756368870
/ANG,   1,   97.7174630228  
/REPLO  
CYLIND,0.02/2,0.05/2,0,0.01,0,360,  
/VIEW,  1,  0.596212606894E-01,  0.451102220782    , -0.890478574520
/ANG,   1,  -95.7530535915  
/REPLO  
/VIEW,  1, -0.281664669790    ,  0.508681339067    , -0.813577475768
/ANG,   1,  -83.2889346511  
/REPLO  
/VIEW,  1,  0.331142578892E-01, -0.256308243635    , -0.966027706730
/ANG,   1,  -87.4805760273  
/REPLO  
/VIEW,  1, -0.406098942769    ,  0.345130860904E-01, -0.913177143587
/ANG,   1,  -90.1655818259  
/REPLO  
/VIEW,  1,  0.529056279343E-01,  0.850603716340    , -0.523138903430
/ANG,   1,  -105.075852116  
/REPLO  
/VIEW,  1,  0.410633972364    ,  0.815573111097    ,  0.407701166537
/ANG,   1,   135.950965381  
/REPLO  
/VIEW,  1,  0.755805198045    ,  0.243516847058    , -0.607830607823
/ANG,   1,  -152.981668762  
/REPLO  
/VIEW,  1,  0.169018805180E-01,  0.585803159139E-02, -0.999839992149
/ANG,   1,  -127.915549304  
/REPLO  
/VIEW,  1,  0.403573140904    ,  0.324069564540    ,  0.855632886979
/ANG,   1,   146.643943623  
/REPLO  
/VIEW,  1,  0.858066377124    ,  0.902341865997E-01,  0.505549091601
/ANG,   1,   152.540116564  
/REPLO  
/VIEW,  1,  0.986659523568    ,  0.538797009791E-01,  0.153622792495
/ANG,   1,   153.211142617  
/REPLO  
SAVE
SAVE,'good_1','db','B:\KPI\term6\AnsysWork\lab5\'   
/VIEW,  1,  0.676566198444    , -0.575691852566E-01,  0.734128032452
/ANG,   1,   153.518763221  
/REPLO  
/VIEW,  1,  0.389514718624    , -0.821277295260E-01,  0.917351252257
/ANG,   1,   155.391685493  
/REPLO  
FLST,2,4,3,ORDE,2   
FITEM,2,29  
FITEM,2,-32 
KWPAVE,P51X 
CONE,0.05/2,0.035/2,0,0.01,0,360,   
/VIEW,  1,  0.920902144109    ,  0.186755321423    ,  0.342142793136
/ANG,   1,   156.729046305  
/REPLO  
/VIEW,  1,  0.920555333160    ,  0.348570937958    , -0.176284371976
/ANG,   1,   165.355092511  
/REPLO  
/VIEW,  1,  0.954244533675    ,  0.142763417027    ,  0.262746982304
/ANG,   1,   158.935440640  
/REPLO  
/VIEW,  1,  0.482339379177    , -0.172431917467    ,  0.858845712066
/ANG,   1,   159.662587593  
/REPLO  
SAVE
WPCSYS,-1,0 
CSYS,0  
WPAVE,0,0,0 
CSYS,0  
!*  
/VIEW,  1,  0.959475158104    ,  0.252870136476    ,  0.124354795084
/ANG,   1,   160.404536232  
/REPLO  
/VIEW,  1,  0.424011331284    ,  0.876217843100    ,  0.229034238436
/ANG,   1,   145.450831742  
/REPLO  
/VIEW,  1,  0.353793238617    ,  0.832498321503    , -0.426353009844
/ANG,   1,  -145.739685546  
/REPLO  
/VIEW,  1,  0.498710844881    ,  0.637915765480    , -0.586814254556
/ANG,   1,  -146.026994856  
/REPLO  
/VIEW,  1,  0.617770460749    ,  0.695051233095    ,  0.367781784756
/ANG,   1,   155.364982533  
/REPLO  
/VIEW,  1,  0.178405471361    ,  0.851700097645E-01,  0.980264024243
/ANG,   1,   133.817179055  
/REPLO  
wpro,,-30.000000,   
wpro,,30.000000,
wpro,,30.000000,
wpro,,-30.000000,   
wpro,,30.000000,
wpro,,-30.000000,   
wpro,,30.000000,
wpro,,-30.000000,   
wpro,,30.000000,
wpro,,-30.000000,   
wpro,,30.000000,
wpro,,-30.000000,   
wpro,,90.000000,
wpro,,-90.000000,   
wpro,,90.000000,
wpro,,-90.000000,   
wpro,,90.000000,
wpro,,-90.000000,   
wpro,,90.000000,
SAVE
/VIEW,  1,  0.762938017438    ,  0.637832569040    , -0.105333733530
/ANG,   1,  -179.293753122  
/REPLO  
wpoff,0, 0.005, 0   
SAVE
BLC5,0,0,0.02,0.01,0.05 
/FOC,   1, -0.216555009700E-02,  0.137409654037E-02,  0.763543648152E-02
/REPLO  
/VIEW,  1, -0.118098988752    ,  0.545764013037    , -0.829574753069
/ANG,   1,  -121.735431175  
/REPLO  
RESUME  
/COM,ANSYS RELEASE 2022 R2           BUILD 22.2      UP20220516       19:41:32
BLC5,0,0,0.02/2,0.01/2,0.05/2   
/VIEW,  1,  0.509133941029    ,  0.353196992437    , -0.784878662358
/ANG,   1,  -153.739217293  
/REPLO  
/VIEW,  1,  0.876712889538E-01,  0.183725109288    , -0.979060176552
/ANG,   1,  -146.527314413  
/REPLO  
/VIEW,  1,  0.184242551150E-01,  0.951412140768E-02, -0.999784991044
/ANG,   1,  -150.770318487  
/REPLO  
RESUME  
/COM,ANSYS RELEASE 2022 R2           BUILD 22.2      UP20220516       19:42:22
BLC5,0,0,0.02,0.01,0.05/2   
/VIEW,  1,  0.850440185376E-01,  0.165589062034    , -0.982521133333
/ANG,   1,  -142.188884869  
/REPLO  
/VIEW,  1, -0.984890390487E-01, -0.207581169370    , -0.973247125508
/ANG,   1,  -143.018883906  
/REPLO  
/VIEW,  1, -0.210194100073    ,  0.161175945084E-01, -0.977526809577
/ANG,   1,  -141.329528305  
/REPLO  
/VIEW,  1,  0.550050446764E-01,  0.676338692341E-01, -0.996192805030
/ANG,   1,  -141.771778814  
/REPLO  
/VIEW,  1, -0.927470370148E-01, -0.174350630451    , -0.980305995486
/ANG,   1,  -142.454155208  
/REPLO  
SAVE,'good_2','db','B:\KPI\term6\AnsysWork\lab5\'   
VSBV,       1,       5  
/ZOOM,1,RECT,-0.574965,-0.502163 ,-0.544068926449 ,-0.513746808333  
/AUTO,1 
/REP,FAST   
/USER,  1   
/VIEW,  1, -0.296856615334    , -0.683267940878    , -0.667098996327
/ANG,   1,  -152.568851954  
/REPLO  
/VIEW,  1,  0.170734559221    , -0.744310666817    , -0.645640257071
/ANG,   1,  -125.016817135  
/REPLO  
SAVE,'good_2','db','B:\KPI\term6\AnsysWork\lab5\'   
SAVE
/VIEW,  1,  0.838807825172    , -0.404619423423    ,  0.364258911516
/ANG,   1,   88.9504359751  
/REPLO  
/VIEW,  1,  0.782225283668    , -0.356625698978    , -0.510824545630
/ANG,   1,   91.0781527921  
/REPLO  
/VIEW,  1, -0.117918206538    , -0.842456648356    , -0.525701523878
/ANG,   1,   38.9989746987  
/REPLO  
/VIEW,  1,  0.144379159476    , -0.280325837706    , -0.948984764379
/ANG,   1,   54.1706680758  
/REPLO  
/VIEW,  1,  0.239198580034    , -0.686268003627    , -0.686891742931
/ANG,   1,   61.4794853578  
/REPLO  
/VIEW,  1, -0.325142221406    , -0.252692594770    , -0.911278765476
/ANG,   1,  -10.4099401841  
/REPLO  
/VIEW,  1,  0.630717113700    , -0.634738724601    , -0.446433280544
/ANG,   1,   39.3634739046  
/REPLO  
/VIEW,  1,  0.880136556558    , -0.483889451504E-02, -0.474695931003
/ANG,   1,   42.3164198617  
/REPLO  
/VIEW,  1,  0.615462632767    ,  0.156832171483    , -0.772404957037
/ANG,   1,   44.0627189628  
/REPLO  
/VIEW,  1,  0.776331946460    ,  0.570990804348    , -0.266979793723
/ANG,   1,   30.8331783621  
/REPLO  
/VIEW,  1,  0.658384547866    ,  0.519919580392    , -0.544254919184
/ANG,   1,   42.3000755641  
/REPLO  
/VIEW,  1,  0.396594877329    ,  0.705695409343    , -0.587117102892
/ANG,   1,   52.6825487667  
/REPLO  
/VIEW,  1,  0.205670605366    ,  0.588999344124    , -0.781523751853
/ANG,   1,   65.4504327151  
/REPLO  
/VIEW,  1,  0.212172129537    ,  0.438022140200    , -0.873567165216
/ANG,   1,   66.0126239593  
/REPLO  
/VIEW,  1,  0.443844498023    ,  0.323821844134    , -0.835548607106
/ANG,   1,   60.3331979338  
/REPLO  
/VIEW,  1,  0.742107951865    ,  0.170612243043    , -0.648203093408
/ANG,   1,   54.7789804979  
/REPLO  
/VIEW,  1,  0.118026991909    , -0.604378390770    , -0.787906333234
/ANG,   1,   44.5526699306  
/REPLO  
/VIEW,  1, -0.667969574585    , -0.700325964820    , -0.251714501820
/ANG,   1,  -11.0216040598  
/REPLO  
/VIEW,  1, -0.361775343561    , -0.913288294738    , -0.187144573753
/ANG,   1,  -5.51691521367  
/REPLO  
/VIEW,  1,  0.245396507949    , -0.955121915719    , -0.165899608195
/ANG,   1,   109.586608070  
/REPLO  
wpoff,0, 0.015, 0   
/VIEW,  1,  0.103749195426    , -0.992120600012    ,  0.702340336279E-01
/ANG,   1,   176.775496357  
/REPLO  
/VIEW,  1,  0.872741286042    , -0.100288758142    , -0.477770669493
/ANG,   1,   102.480839155  
/REPLO  
/VIEW,  1,  0.204430229502    , -0.301711268528    , -0.931224243514
/ANG,   1,   90.9537846729  
/REPLO  
/VIEW,  1, -0.774843038635E-01, -0.885233768700    , -0.458647312657
/ANG,   1,   76.9511292089  
/REPLO  
SAVE
BLC5,0,0,0.035,0.02,0.035/2 
/VIEW,  1,  0.142120769197    , -0.163748757799    , -0.976211058779
/ANG,   1,   90.0598042303  
/REPLO  
/VIEW,  1,  0.917528264467E-01, -0.651082583427    , -0.753440699987
/ANG,   1,   89.7620221313  
/REPLO  
/VIEW,  1,  0.224263937103E-01, -0.287970805495    , -0.957376557081
/ANG,   1,   86.7036244952  
/REPLO  
/VIEW,  1, -0.284549058953E-01, -0.275607284916E-01, -0.999215054218
/ANG,   1,   87.7406498579  
/REPLO  
RESUME  
/COM,ANSYS RELEASE 2022 R2           BUILD 22.2      UP20220516       19:50:27
BLC5,0,0,0.035,0.02,0.035   
/VIEW,  1,  0.182828857782    ,  0.247424121875    , -0.951501399198
/ANG,   1,   84.0276114996  
/REPLO  
/VIEW,  1,  0.308231303810E-01, -0.338155966591    , -0.940585177904
/ANG,   1,   37.2139937889  
/REPLO  
/VIEW,  1,  0.832986172852    , -0.450630964286    , -0.321038580026
/ANG,   1,   60.5406409568  
/REPLO  
VSBV,       1,       2  
/VIEW,  1,  0.146097660228    , -0.803897277554    , -0.576545436906
/ANG,   1,   22.2409739462  
/REPLO  
/VIEW,  1,  0.746579195345    ,  0.649938897325    ,  0.142122956699
/ANG,   1,   45.6777276958  
/REPLO  
/VIEW,  1,  0.318034597844E-01,  0.986811650015    ,  0.158717696996
/ANG,   1,  -21.4470618677  
/REPLO  
/VIEW,  1,  0.660946225118    ,  0.408822334548    , -0.629296739445
/ANG,   1,   93.3249262565  
/REPLO  
/VIEW,  1,  0.479236577132    , -0.470127574154    , -0.741156101749
/ANG,   1,   93.8930321491  
/REPLO  
RESUME  
/COM,ANSYS RELEASE 2022 R2           BUILD 22.2      UP20220516       19:51:48
BLC5,0,0,0.035,0.020,0.035  
/VIEW,  1,  0.947573448384    , -0.317817822101    ,  0.331118086740E-01
/ANG,   1,   126.135532393  
/REPLO  
SAVE
VSBV,       2,       1  
/VIEW,  1, -0.206125512269E-01, -0.985612256670    ,  0.167760550289
/ANG,   1,  -140.864650367  
/REPLO  
/VIEW,  1, -0.320156238458    , -0.801192264926    , -0.505560023734
/ANG,   1,  -3.11953425864  
/REPLO  
/VIEW,  1, -0.147253221472    , -0.983537255867    ,  0.104742327106
/ANG,   1,  -101.435058052  
/REPLO  
/VIEW,  1, -0.763281108357    , -0.639509702403    , -0.918111657553E-01
/ANG,   1,  -62.3546525516  
/REPLO  
/VIEW,  1, -0.681415866840    , -0.729345917198    ,  0.610487467974E-01
/ANG,   1,  -70.7657268582  
/REPLO  
/VIEW,  1,  0.901228520472    , -0.430675290310    , -0.480202895120E-01
/ANG,   1,   98.7954536353  
/REPLO  
/VIEW,  1,  0.547653633203    , -0.677509653039    , -0.490974712259
/ANG,   1,   75.4467044615  
/REPLO  
/VIEW,  1, -0.141335473212    , -0.848106182947    , -0.510627248057
/ANG,   1,   21.6918417031  
/REPLO  
/VIEW,  1, -0.588861020505    , -0.658540029301    , -0.468580546265
/ANG,   1,  -7.27093583925  
/REPLO  
/VIEW,  1, -0.335751419801    , -0.855246884691    , -0.394745171380
/ANG,   1,  -19.6461721665  
/REPLO  
/VIEW,  1, -0.176807669009    , -0.984067014770    ,  0.187392267752E-01
/ANG,   1,  -74.0730475304  
/REPLO  
SAVE
SAVE,'good_3','db','B:\KPI\term6\AnsysWork\lab5\'   
/VIEW,  1, -0.203067424841E-01, -0.397376143138    ,  0.917431107536
/ANG,   1,  -144.874415336  
/REPLO  
/VIEW,  1, -0.190504993017E-01,  0.502683729258E-01,  0.998554039179
/ANG,   1,  -144.736449938  
/REPLO  
/VIEW,  1, -0.606507646578E-01, -0.162810942988    ,  0.984791389884
/ANG,   1,  -144.602786573  
/REPLO  
/VIEW,  1,  0.263496026114    , -0.360684547115    ,  0.894693523892
/ANG,   1,  -150.040687596  
/REPLO  
/VIEW,  1, -0.152341154017    , -0.458050753733    ,  0.875774902471
/ANG,   1,  -138.348077900  
/REPLO  
/VIEW,  1, -0.364152308018    , -0.458645245677    ,  0.810578580511
/ANG,   1,  -132.039551733  
/REPLO  
/VIEW,  1,  0.210434626107    , -0.769738801220    ,  0.602676900197
/ANG,   1,  -163.293980405  
/REPLO  
/VIEW,  1,  0.667257527336    , -0.617762716274    ,  0.416096886067
/ANG,   1,   168.776389817  
/REPLO  
/VIEW,  1, -0.471063282217E-01, -0.522024284204    ,  0.851628816177
/ANG,   1,  -153.697016596  
/REPLO  
FLST,2,4,3,ORDE,2   
FITEM,2,45  
FITEM,2,-48 
KWPAVE,P51X 
/VIEW,  1,  0.444928636712    , -0.596798545801    ,  0.667734980336
/ANG,   1,  -175.531672290  
/REPLO  
SAVE
WPCSYS,-1,0 
/DIST, 1 ,0.924021,1
/REP,FAST   
/DIST, 1 ,0.924021,1
/REP,FAST   
/DIST, 1 ,0.924021,1
/REP,FAST   
/DIST, 1 ,0.924021,1
/REP,FAST   
/DIST, 1 ,0.924021,1
/REP,FAST   
/DIST, 1 ,1.082226,1
/REP,FAST   
/DIST, 1 ,1.082226,1
/REP,FAST   
/DIST, 1 ,1.082226,1
/REP,FAST   
/DIST, 1 ,1.082226,1
/REP,FAST   
/DIST, 1 ,1.082226,1
/REP,FAST   
/DIST, 1 ,1.082226,1
/REP,FAST   
/DIST, 1 ,1.082226,1
/REP,FAST   
/VIEW,  1,  0.252253366604    , -0.673134467226    ,  0.695167769728
/ANG,   1,  -166.776767595  
/REPLO  
/VIEW,  1,  0.478158409236    , -0.819063853196    ,  0.317015677947
/ANG,   1,   164.589025423  
/REPLO  
/VIEW,  1,  0.117816396188    , -0.849447937958    ,  0.514351531044
/ANG,   1,  -158.539694409  
/REPLO  
/VIEW,  1,  0.180891336394    , -0.784282141561    ,  0.593447425512
/ANG,   1,  -161.968024357  
/REPLO  
/VIEW,  1, -0.304770622672E-01, -0.359496876439    ,  0.932648457087
/ANG,   1,  -149.577400301  
/REPLO  
/VIEW,  1,  0.107641575606    , -0.570235650714    ,  0.814398301727
/ANG,   1,  -153.847619198  
/REPLO  
/VIEW,  1, -0.407109179847E-01,  0.101739343803    ,  0.993977729670
/ANG,   1,  -136.517935486  
/REPLO  
/VIEW,  1, -0.140879366959E-01,  0.692143146705E-01,  0.997502335177
/ANG,   1,  -136.482310503  
/REPLO  
FLST,2,4,3,ORDE,2   
FITEM,2,45  
FITEM,2,-48 
KWPAVE,P51X 
/VIEW,  1, -0.471499587170    ,  0.921123900700E-01,  0.877042443040
/ANG,   1,  -135.496706357  
/REPLO  
/VIEW,  1, -0.807799967425    ,  0.585624512437    ,  0.671054622353E-01
/ANG,   1,  -155.541045464  
/REPLO  
/VIEW,  1, -0.819860753268    ,  0.570072584959    , -0.533441011642E-01
/ANG,   1,  -160.444223363  
/REPLO  
/DIST, 1 ,0.924021,1
/REP,FAST   
/DIST, 1 ,0.924021,1
/REP,FAST   
/DIST, 1 ,0.924021,1
/REP,FAST   
/DIST, 1 ,0.924021,1
/REP,FAST   
/DIST, 1 ,0.924021,1
/REP,FAST   
/DIST, 1 ,0.924021,1
/REP,FAST   
/DIST, 1 ,0.924021,1
/REP,FAST   
/DIST, 1 ,0.924021,1
/REP,FAST   
/DIST, 1 ,0.924021,1
/REP,FAST   
/DIST, 1 ,0.924021,1
/REP,FAST   
/DIST, 1 ,0.924021,1
/REP,FAST   
/DIST, 1 ,0.924021,1
/REP,FAST   
/FOC,   1, -0.241971790710E-02, -0.185162155307E-02,  0.424016065624E-01
/REPLO  
/VIEW,  1, -0.773544538779    ,  0.468727484580    ,  0.426524784421
/ANG,   1,  -143.576167977  
/REPLO  
/VIEW,  1, -0.513497482567    ,  0.632578977765    ,  0.579796664605
/ANG,   1,  -133.285119548  
/REPLO  
/VIEW,  1, -0.553691257260    ,  0.787804871580    ,  0.269795248195
/ANG,   1,  -149.558373900  
/REPLO  
/VIEW,  1,  0.135904365438    , -0.171979352675    ,  0.975680842134
/ANG,   1,  -117.061703076  
/REPLO  
/VIEW,  1,  0.559375640599    ,  0.112814427026    ,  0.821201435556
/ANG,   1,  -119.105763647  
/REPLO  
/VIEW,  1,  0.591393713865    , -0.484579498796    ,  0.644543392292
/ANG,   1,  -120.584354608  
/REPLO  
/VIEW,  1,  0.370486801810    , -0.661005372094    ,  0.652542280429
/ANG,   1,  -112.542659859  
/REPLO  
/DIST, 1 ,1.082226,1
/REP,FAST   
/DIST, 1 ,1.082226,1
/REP,FAST   
/DIST, 1 ,1.082226,1
/REP,FAST   
/DIST, 1 ,1.082226,1
/REP,FAST   
/DIST, 1 ,1.082226,1
/REP,FAST   
/DIST, 1 ,1.082226,1
/REP,FAST   
/DIST, 1 ,1.082226,1
/REP,FAST   
/DIST, 1 ,1.082226,1
/REP,FAST   
/DIST, 1 ,1.082226,1
/REP,FAST   
/DIST, 1 ,1.082226,1
/REP,FAST   
/DIST, 1 ,1.082226,1
/REP,FAST   
/DIST, 1 ,1.082226,1
/REP,FAST   
/DIST, 1 ,1.082226,1
/REP,FAST   
/DIST, 1 ,1.082226,1
/REP,FAST   
/DIST, 1 ,1.082226,1
/REP,FAST   
/DIST, 1 ,1.082226,1
/REP,FAST   
/DIST, 1 ,1.082226,1
/REP,FAST   
/DIST, 1 ,1.082226,1
/REP,FAST   
/DIST, 1 ,1.082226,1
/REP,FAST   
/DIST, 1 ,1.082226,1
/REP,FAST   
/DIST, 1 ,1.082226,1
/REP,FAST   
/DIST, 1 ,1.082226,1
/REP,FAST   
/DIST, 1 ,1.082226,1
/REP,FAST   
/DIST, 1 ,1.082226,1
/REP,FAST   
/DIST, 1 ,1.082226,1
/REP,FAST   
/DIST, 1 ,1.082226,1
/REP,FAST   
/DIST, 1 ,1.082226,1
/REP,FAST   
/DIST, 1 ,1.082226,1
/REP,FAST   
/DIST, 1 ,1.082226,1
/REP,FAST   
/DIST, 1 ,1.082226,1
/REP,FAST   
/DIST, 1 ,1.082226,1
/REP,FAST   
/DIST, 1 ,1.082226,1
/REP,FAST   
/DIST, 1 ,1.082226,1
/REP,FAST   
/DIST, 1 ,1.082226,1
/REP,FAST   
/DIST, 1 ,1.082226,1
/REP,FAST   
/DIST, 1 ,0.924021,1
/REP,FAST   
/DIST, 1 ,0.924021,1
/REP,FAST   
/DIST, 1 ,0.924021,1
/REP,FAST   
/DIST, 1 ,0.924021,1
/REP,FAST   
/DIST, 1 ,0.924021,1
/REP,FAST   
/DIST, 1 ,0.924021,1
/REP,FAST   
/DIST, 1 ,0.924021,1
/REP,FAST   
/DIST, 1 ,0.924021,1
/REP,FAST   
/DIST, 1 ,0.924021,1
/REP,FAST   
/DIST, 1 ,0.924021,1
/REP,FAST   
/DIST, 1 ,0.924021,1
/REP,FAST   
/DIST, 1 ,0.924021,1
/REP,FAST   
/DIST, 1 ,0.924021,1
/REP,FAST   
/DIST, 1 ,0.924021,1
/REP,FAST   
/DIST, 1 ,0.924021,1
/REP,FAST   
/DIST, 1 ,0.924021,1
/REP,FAST   
/DIST, 1 ,0.924021,1
/REP,FAST   
/DIST, 1 ,0.924021,1
/REP,FAST   
/DIST, 1 ,0.924021,1
/REP,FAST   
/DIST, 1 ,0.924021,1
/REP,FAST   
/DIST, 1 ,0.924021,1
/REP,FAST   
/DIST, 1 ,0.924021,1
/REP,FAST   
/DIST, 1 ,0.924021,1
/REP,FAST   
/DIST, 1 ,0.924021,1
/REP,FAST   
/DIST, 1 ,0.924021,1
/REP,FAST   
/DIST, 1 ,0.924021,1
/REP,FAST   
/DIST, 1 ,0.924021,1
/REP,FAST   
/DIST, 1 ,0.924021,1
/REP,FAST   
/DIST, 1 ,0.924021,1
/REP,FAST   
/DIST, 1 ,0.924021,1
/REP,FAST   
/VIEW,  1,  0.115987755400    , -0.370046926513    ,  0.921744060342
/ANG,   1,  -100.392908005  
/REPLO  
SAVE
/VIEW,  1, -0.873198320566E-01,  0.215767778174    ,  0.972532525334
/ANG,   1,  -99.6094831076  
/REPLO  
/VIEW,  1, -0.123912587827    ,  0.150504689141E-01,  0.992178992906
/ANG,   1,  -99.7332920179  
/REPLO  
/VIEW,  1, -0.107198661368    , -0.493449106382    ,  0.863143340594
/ANG,   1,  -99.7698137472  
/REPLO  
/VIEW,  1, -0.533496852947E-01, -0.859542411964    ,  0.508272223434
/ANG,   1,  -104.307342323  
/REPLO  
/VIEW,  1,  0.922866907639E-01, -0.975468813711    ,  0.199859351010
/ANG,   1,  -133.533319476  
/REPLO  
/VIEW,  1,  0.728026575519E-02, -0.869326604918    ,  0.494184430867
/ANG,   1,  -110.719425987  
/REPLO  
/VIEW,  1,  0.545969969224    , -0.720664302850    ,  0.427270119835
/ANG,   1,  -154.532160780  
/REPLO  
/VIEW,  1,  0.368384877180    , -0.715184583599    ,  0.593972721299
/ANG,   1,  -139.912247337  
/REPLO  
/VIEW,  1,  0.249207666500    , -0.662585762893    ,  0.706311295229
/ANG,   1,  -131.387559323  
/REPLO  
/VIEW,  1,  0.235801690402E-01, -0.614874664867    ,  0.788272238591
/ANG,   1,  -119.997753739  
/REPLO  
/VIEW,  1,  0.185619620780E-01, -0.832488663024E-02,  0.999793053500
/ANG,   1,  -117.277268854  
/REPLO  
/VIEW,  1,  0.154287950442E-01,  0.548317182530E-01,  0.998376399439
/ANG,   1,  -117.238206563  
/REPLO  
/VIEW,  1, -0.357536907201E-02, -0.735117298536    ,  0.677930508333
/ANG,   1,  -118.294940933  
/REPLO  
/VIEW,  1,  0.318419790573    , -0.947056897333    ,  0.411347807291E-01
/ANG,   1,   162.761728674  
/REPLO  
/VIEW,  1, -0.840510490304E-01, -0.741623305860    ,  0.665530084491
/ANG,   1,  -114.390848547  
/REPLO  
/VIEW,  1, -0.207312775093    , -0.655407791171    ,  0.726265819487
/ANG,   1,  -108.289574736  
/REPLO  
BLC5,0,0,0.005,0.005,0.013  
/VIEW,  1,  0.284820045468    ,  0.348304145332    ,  0.893063135531
/ANG,   1,  -117.778001530  
/REPLO  
/VIEW,  1, -0.666567422838E-01,  0.898521748238    ,  0.433838157210
/ANG,   1,  -138.638786613  
/REPLO  
/VIEW,  1,  0.108663150024    ,  0.989214531001    ,  0.982187939456E-01
/ANG,   1,  -83.3828166269  
/REPLO  
/VIEW,  1,  0.528096748032    , -0.252734077465E-01,  0.848808034586
/ANG,   1,  -84.7000081500  
/REPLO  
/VIEW,  1,  0.235535476965    ,  0.605208627152E-01,  0.969979517447
/ANG,   1,  -85.5247918088  
/REPLO  
/VIEW,  1,  0.605257484540E-01,  0.806194800807    ,  0.588546155306
/ANG,   1,  -89.4313560255  
/REPLO  
/VIEW,  1,  0.592239059758    , -0.312432857901    ,  0.742723774630
/ANG,   1,  -46.4473977690  
/REPLO  
/VIEW,  1,  0.415414755208    , -0.588219467491    ,  0.693850444419
/ANG,   1,  -43.1981071747  
/REPLO  
/VIEW,  1, -0.309819926743E-02, -0.181790658954    ,  0.983332373859
/ANG,   1,  -39.2044068102  
/REPLO  
/VIEW,  1,  0.458896376588    , -0.931709589289E-01,  0.883591131670
/ANG,   1,  -42.3958138665  
/REPLO  
/VIEW,  1,  0.344276134250    , -0.386639684182E-01,  0.938071980677
/ANG,   1,  -41.8574865455  
/REPLO  
wpoff,0, -0.01, 0   
SAVE
BLC5,0,0,0.005,0.03/2,0.04  
/VIEW,  1,  0.421889788383    ,  0.384989444132    ,  0.820848423501
/ANG,   1,  -40.5706425136  
/REPLO  
/VIEW,  1,  0.359809573733    , -0.510893843562    ,  0.780720533392
/ANG,   1,  -29.5202170005  
/REPLO  
/VIEW,  1,  0.661615729148    , -0.138741643351    ,  0.736895775089
/ANG,   1,  -34.5501510497  
/REPLO  
SAVE
wpoff,0, -0.019, 0  
/VIEW,  1,  0.604506848776E-01, -0.693912068658    ,  0.717517773765
/ANG,   1,  -14.5404248987  
/REPLO  
/VIEW,  1,  0.794719542935    ,  0.280327173717    ,  0.538365604170
/ANG,   1,  -33.1362867098  
/REPLO  
/VIEW,  1,  0.863082121416    ,  0.939062553846E-01,  0.496256855762
/ANG,   1,  -32.3650308639  
/REPLO  
/VIEW,  1,  0.807838398873    , -0.255306078398    ,  0.531239990624
/ANG,   1,  -28.1999684586  
/REPLO  
/VIEW,  1,  0.900880869507    ,  0.235236538606E-01,  0.433428536976
/ANG,   1,  -29.0611670922  
/REPLO  
RESUME  
/COM,ANSYS RELEASE 2022 R2           BUILD 22.2      UP20220516       20:13:04
wpoff,0, -0.009, 0  
/VIEW,  1,  0.306372592432    , -0.615587365021    ,  0.726077151984
/ANG,   1,  -28.0620798369  
/REPLO  
/VIEW,  1,  0.738574783350    , -0.296507843793E-01,  0.673519205654
/ANG,   1,  -36.4583035934  
/REPLO  
SAVE
SAVE,'good_4','db','B:\KPI\term6\AnsysWork\lab5\'   
wpro,-90.000000,,   
wpro,90.000000,,
wpro,,,-90.000000   
wpro,,,90.000000
wpro,,,90.000000
wpro,,,-90.000000   
wpro,,,-90.000000   
/VIEW,  1, -0.268085726731    , -0.596453735730    ,  0.756553358500
/ANG,   1,  -11.9369855198  
/REPLO  
/VIEW,  1, -0.172228907516    , -0.268818222255    ,  0.947667645749
/ANG,   1,  -16.4042776258  
/REPLO  
/VIEW,  1,  0.711356892216    ,  0.789455353526E-01,  0.698383114304
/ANG,   1,  -24.4635599113  
/REPLO  
SAVE
wpoff,0, 0.0015, 0  
/VIEW,  1,  0.947716000996    , -0.163972129999    ,  0.273765450779
/ANG,   1,  -24.9539658189  
/REPLO  
/VIEW,  1,  0.153887177569    , -0.643657346738    ,  0.749682570539
/ANG,   1,   2.55597204940  
/REPLO  
/VIEW,  1, -0.167723053752    , -0.361813865000    ,  0.917038551171
/ANG,   1,   12.8046126159  
/REPLO  
/VIEW,  1,  0.855071277210    ,  0.924367483143E-01,  0.510204428099
/ANG,   1,  0.219570952952  
/REPLO  
/VIEW,  1,  0.981656060487    ,  0.994406024502E-01,  0.162674354138
/ANG,   1,   2.44372671460  
/REPLO  
/VIEW,  1,  0.991995728015    ,  0.908611904359E-01, -0.876853446822E-01
/ANG,   1,   3.85070223342  
/REPLO  
/VIEW,  1, -0.267404043434    , -0.836406565925    ,  0.478454944621
/ANG,   1,   57.3844144437  
/REPLO  
/VIEW,  1, -0.541339882668    , -0.356669051606    ,  0.761405489250
/ANG,   1,   61.2450743366  
/REPLO  
/VIEW,  1, -0.334427246319    , -0.133522014518    ,  0.932914941760
/ANG,   1,   57.7733459220  
/REPLO  
/VIEW,  1, -0.974212448305    , -0.977812593938E-01,  0.203344365252
/ANG,   1,   42.1721211372  
/REPLO  
/VIEW,  1, -0.897683278176    ,  0.180229419189    ,  0.402097113323
/ANG,   1,   45.3185735114  
/REPLO  
/VIEW,  1, -0.841647339107    , -0.282104184880    ,  0.460485597438
/ANG,   1,   46.7899238213  
/REPLO  
/VIEW,  1, -0.951779760763    ,  0.378473064765E-01,  0.304438611865
/ANG,   1,   47.9436246469  
/REPLO  
/VIEW,  1,  0.391141390075    , -0.700712867577    ,  0.596665643541
/ANG,   1,  -4.13921446667  
/REPLO  
/VIEW,  1,  0.935952231116    ,  0.953310619162E-01,  0.338977004681
/ANG,   1,  -21.0472517823  
/REPLO  
/VIEW,  1,  0.927702724442    , -0.830244653585E-01,  0.363970593889
/ANG,   1,  -21.1795245420  
/REPLO  
/VIEW,  1,  0.359225653234    , -0.119274882804    ,  0.925597338150
/ANG,   1,  -87.7482685720  
/REPLO  
SAVE
wpro,,,90.000000
BLC5,0,0,0.01,-0.003,0.04   
/VIEW,  1,  0.214939572493    ,  0.357435800221    ,  0.908867773054
/ANG,   1,  -90.7359626168  
/REPLO  
/VIEW,  1,  0.138952446932E-01,  0.287964829246    ,  0.957540171111
/ANG,   1,  -94.9326160248  
/REPLO  
/VIEW,  1,  0.908191624854E-01, -0.116229669456    ,  0.989061445848
/ANG,   1,  -95.0479515644  
/REPLO  
SAVE
/VIEW,  1,  0.469321044638    ,  0.595106602098    ,  0.652369442264
/ANG,   1,  -88.3384925633  
/REPLO  
/VIEW,  1,  0.746861902996    ,  0.271337029258    ,  0.607102556746
/ANG,   1,  -82.5068889928  
/REPLO  
/VIEW,  1,  0.568860670524    ,  0.141902634823    ,  0.810099487570
/ANG,   1,  -86.5157452824  
/REPLO  
/VIEW,  1,  0.607534742860    , -0.153252779821    ,  0.779368412046
/ANG,   1,  -85.4215162734  
/REPLO  
RESUME,'good_4','db','B:\KPI\term6\AnsysWork\lab5\',0,0 
/COM,ANSYS RELEASE 2022 R2           BUILD 22.2      UP20220516       20:22:32
BLC5,0,0,0.01,-0.003,0.04   
/VIEW,  1, -0.112371044724    , -0.119023492065    ,  0.986512116826
/ANG,   1,  -35.9000320224  
/REPLO  
/VIEW,  1,  0.117410551490    ,  0.201608560172    ,  0.972403594638
/ANG,   1,  -34.9968172586  
/REPLO  
/VIEW,  1,  0.585991016478    , -0.426087881921    ,  0.689248609347
/ANG,   1,  -38.8776366516  
/REPLO  
/VIEW,  1,  0.969706612511    ,  0.218727960102    ,  0.108752770638
/ANG,   1,  -38.3182192715  
/REPLO  
/VIEW,  1,  0.901991007279    ,  0.340346427118E-01, -0.430411275275
/ANG,   1,  -36.6374380076  
/REPLO  
/VIEW,  1,  0.977122261957    ,  0.212500740457    , -0.869025278649E-02
/ANG,   1,  -31.3597592020  
/REPLO  
/VIEW,  1,  0.826916191794    ,  0.372003300912    ,  0.421690829706
/ANG,   1,  -38.6026154746  
/REPLO  
/VIEW,  1,  0.569512017400    ,  0.459318797334    ,  0.681676099371
/ANG,   1,  -47.1733973305  
/REPLO  
/VIEW,  1,  0.468849727692    , -0.171015079782    ,  0.866564351523
/ANG,   1,  -46.6228823882  
/REPLO  
SAVE
/VIEW,  1,  0.652776986762    ,  0.484922269342    ,  0.582007386766
/ANG,   1,  -41.7875373245  
/REPLO  
/VIEW,  1,  0.351315618312    ,  0.140031902416    ,  0.925725878776
/ANG,   1,  -49.6480677364  
/REPLO  
/VIEW,  1,  0.931752246625    , -0.254106770777    ,  0.259359788623
/ANG,   1,  -32.0260013339  
/REPLO  
/VIEW,  1, -0.594159985806    ,  0.601165246964    , -0.534391483007
/ANG,   1,   106.059368861  
/REPLO  
/VIEW,  1,  0.235000383258    , -0.967837478552    , -0.898077668110E-01
/ANG,   1,  -119.545174716  
/REPLO  
/VIEW,  1,  0.897675819622    ,  0.109634487057    ,  0.426800189918
/ANG,   1,  -88.3205841560  
/REPLO  
/FOC,   1, -0.582590041141E-02, -0.251598871384E-02,  0.497363859233E-01
/REPLO  
/FOC,   1, -0.112800887584E-01, -0.442391853716E-02,  0.616981142047E-01
/REPLO  
LSTR,      16,      62  
RESUME  
/COM,ANSYS RELEASE 2022 R2           BUILD 22.2      UP20220516       20:24:03
/VIEW,  1, -0.645413583776E-01,  0.590014685672    , -0.804808724946
/ANG,   1,   59.2624714547  
/REPLO  
/VIEW,  1, -0.421705853441    , -0.885342029922    ,  0.195789844545
/ANG,   1,   37.8374206899  
/REPLO  
/VIEW,  1,  0.982111688174    ,  0.746378240328E-01,  0.172875178022
/ANG,   1,  -57.7456300909  
/REPLO  
/VIEW,  1, -0.353899544643    , -0.616414920497    , -0.703411514044
/ANG,   1,   81.1085804620  
/REPLO  
/VIEW,  1,  0.935418688780    ,  0.514104421089E-01,  0.349783994950
/ANG,   1,  -101.965909448  
/REPLO  
/FOC,   1, -0.747086185157E-02, -0.486586029031E-02,  0.563527817503E-01
/REPLO  
/FOC,   1, -0.112496312306E-01, -0.215648321970E-02,  0.660600332932E-01
/REPLO  
LSTR,      21,      62  
/VIEW,  1, -0.926380921941    ,  0.372184703466    , -0.574189338947E-01
/ANG,   1,   133.279934844  
/REPLO  
/VIEW,  1, -0.994006746117    ,  0.425367624557E-01,  0.100703587389
/ANG,   1,   134.695924576  
/REPLO  
/VIEW,  1, -0.539115017447    , -0.200329691410    ,  0.818060518973
/ANG,   1,   127.818369609  
/REPLO  
LSTR,      20,      61  
/VIEW,  1, -0.727008411967    ,  0.121225874674    ,  0.675842478866
/ANG,   1,   128.383694396  
/REPLO  
/VIEW,  1, -0.263463658997    ,  0.311769237483    ,  0.912900237127
/ANG,   1,   133.881526667  
/REPLO  
LPLOT   
/VIEW,  1, -0.974423059836    ,  0.156879398548E-01,  0.224173122837
/ANG,   1,   134.218603170  
/REPLO  
/VIEW,  1,  0.339618007447    ,  0.813326693955    ,  0.472397394064
/ANG,   1,  -166.587273404  
/REPLO  
/VIEW,  1,  0.878984879172    ,  0.121740594103    ,  0.461047513750
/ANG,   1,  -134.925534352  
/REPLO  
VPLOT   
SAVE
LPLOT   
FLST,2,3,4  
FITEM,2,64  
FITEM,2,88  
FITEM,2,102 
AL,P51X 
/VIEW,  1,  0.187387607984    ,  0.791212791332    ,  0.582123872734
/ANG,   1,  -158.558138730  
/REPLO  
/VIEW,  1,  0.961325967258    , -0.272559147296    ,  0.395461237081E-01
/ANG,   1,  -127.071662157  
/REPLO  
/VIEW,  1,  0.923748004934    , -0.155535157118    ,  0.349997768966
/ANG,   1,  -123.093634695  
/REPLO  
FLST,2,3,4  
FITEM,2,101 
FITEM,2,62  
FITEM,2,87  
AL,P51X 
/VIEW,  1,  0.748175488304    ,  0.577947698439    ,  0.325898598602
/ANG,   1,  -118.527819908  
/REPLO  
/VIEW,  1,  0.638838451875    ,  0.749974643736    ,  0.171532697056
/ANG,   1,  -112.274173830  
/REPLO  
/VIEW,  1,  0.921836892265    ,  0.229854045610    ,  0.312063874511
/ANG,   1,  -120.040901689  
/REPLO  
/VIEW,  1,  0.931241328842    ,  0.892391909341E-01,  0.353307167007
/ANG,   1,  -121.245475000  
/REPLO  
/VIEW,  1,  0.887206110815    ,  0.370905167590E-01,  0.459879995758
/ANG,   1,  -121.691338759  
/REPLO  
/VIEW,  1,  0.691535054669    ,  0.367096642360    ,  0.622108771303
/ANG,   1,  -124.313440327  
/REPLO  
/VIEW,  1,  0.445150374703    ,  0.791864468565    ,  0.418081101373
/ANG,   1,  -138.951287389  
/REPLO  
/VIEW,  1,  0.563854128050    ,  0.515354898404    ,  0.645350951787
/ANG,   1,  -142.435692917  
/REPLO  
/VIEW,  1,  0.921082368063    , -0.417488990526E-01,  0.387123107901
/ANG,   1,  -135.580591502  
/REPLO  
/VIEW,  1,  0.615222210339    ,  0.293798996694    ,  0.731562561540
/ANG,   1,  -140.066090866  
/REPLO  
/VIEW,  1, -0.660534351939E-01,  0.933155824862    ,  0.353351312753
/ANG,   1,   172.445273476  
/REPLO  
/VIEW,  1, -0.576636242971    ,  0.668788851218    ,  0.469267637685
/ANG,   1,   138.527756024  
/REPLO  
/VIEW,  1,  0.963893234777    ,  0.798353838899E-01,  0.254039649328
/ANG,   1,  -130.578650665  
/REPLO  
FLST,2,4,4  
FITEM,2,22  
FITEM,2,101 
FITEM,2,86  
FITEM,2,43  
AL,P51X 
/VIEW,  1,  0.412392681365    ,  0.457894506715    ,  0.787568979250
/ANG,   1,  -142.843609740  
/REPLO  
/VIEW,  1,  0.425461109214    ,  0.483529661840    ,  0.764971836519
/ANG,   1,  -142.259391657  
/REPLO  
/VIEW,  1,  0.434323669739    ,  0.710468461709    ,  0.553712483895
/ANG,   1,  -136.715631152  
/REPLO  
/VIEW,  1,  0.786161522751    ,  0.469908908279    ,  0.401417087411
/ANG,   1,  -122.678261247  
/REPLO  
FLST,2,4,4  
FITEM,2,22  
FITEM,2,101 
FITEM,2,86  
FITEM,2,43  
AL,P51X 
LSTR,      21,      63  
/VIEW,  1,  0.389220913846    ,  0.737558144826    ,  0.551828835079
/ANG,   1,  -140.067365316  
/REPLO  
/VIEW,  1, -0.340816953633    ,  0.798418619270    ,  0.496358250178
/ANG,   1,   163.307298943  
/REPLO  
LSTR,      20,      64  
/VIEW,  1, -0.963849994654    ,  0.983561277688E-01,  0.247627260082
/ANG,   1,   142.448420131  
/REPLO  
/VIEW,  1, -0.619859212704    ,  0.466462679847    ,  0.631020700719
/ANG,   1,   150.569892447  
/REPLO  
/VIEW,  1,  0.930319631574    ,  0.155158534177    ,  0.332311920309
/ANG,   1,  -140.004624569  
/REPLO  
FLST,2,3,4  
FITEM,2,103 
FITEM,2,62  
FITEM,2,101 
AL,P51X 
/VIEW,  1, -0.986375636120    ,  0.139286189974E-01,  0.163917961314
/ANG,   1,   165.822081897  
/REPLO  
/VIEW,  1, -0.863286770387    ,  0.387583258955    ,  0.323288059557
/ANG,   1,   168.053025547  
/REPLO  
/VIEW,  1, -0.627303086606    ,  0.569927016082    ,  0.530729718289
/ANG,   1,   177.809465868  
/REPLO  
FLST,2,3,4  
FITEM,2,104 
FITEM,2,62  
FITEM,2,102 
AL,P51X 
/VIEW,  1, -0.428107857491    ,  0.870076765772    ,  0.244315541909
/ANG,   1,   173.436775662  
/REPLO  
/VIEW,  1, -0.930781140943    ,  0.311511041899    ,  0.191330443055
/ANG,   1,   155.837123695  
/REPLO  
/VIEW,  1, -0.520959986635    ,  0.588718986040    ,  0.618070099424
/ANG,   1,   172.219533477  
/REPLO  
FLST,2,3,4  
FITEM,2,104 
FITEM,2,64  
FITEM,2,102 
AL,P51X 
/VIEW,  1,  0.966466715405    , -0.776228906549E-02,  0.256674569997
/ANG,   1,  -141.400124827  
/REPLO  
SAVE
/VIEW,  1,  0.387159411372    ,  0.469682459440    ,  0.793414127351
/ANG,   1,  -154.972995736  
/REPLO  
FLST,8,3,4  
FITEM,8,104 
FITEM,8,102 
FITEM,8,64  
VDRAG,      44, , , , , ,P51X   
VPLOT   
/VIEW,  1, -0.826031501025    ,  0.372490208909    ,  0.422992911976
/ANG,   1,   158.985749210  
/REPLO  
/VIEW,  1, -0.693791333819    , -0.314646021312E-01,  0.719488404305
/ANG,   1,   146.469116342  
/REPLO  
APLOT   
/VIEW,  1, -0.711177765704    ,  0.184945664620    ,  0.678248690899
/ANG,   1,   141.342063101  
/REPLO  
/VIEW,  1,  0.948950912143    ,  0.228406868160    ,  0.217537281677
/ANG,   1,  -151.004316098  
/REPLO  
/VIEW,  1,  0.752408708499    ,  0.222642141644    ,  0.619928715369
/ANG,   1,  -156.532563275  
/REPLO  
/VIEW,  1, -0.980700989369    ,  0.509882804352E-01,  0.188747886633
/ANG,   1,   153.600320806  
/REPLO  
/VIEW,  1, -0.893695382032    ,  0.556312057427E-01,  0.445212009139
/ANG,   1,   154.279654902  
/REPLO  
/VIEW,  1, -0.648032709710    ,  0.459494050463    ,  0.607386882254
/ANG,   1,   157.576107282  
/REPLO  
/VIEW,  1, -0.757784209139    ,  0.648490385772    , -0.722724839849E-01
/ANG,   1,   124.696239083  
/REPLO  
/VIEW,  1, -0.950312501434    , -0.212977850727    , -0.227038729556
/ANG,   1,   124.105242975  
/REPLO  
/VIEW,  1, -0.629152211574    ,  0.712395444340    ,  0.310902276536
/ANG,   1,   132.166673868  
/REPLO  
FLST,8,3,4  
FITEM,8,102 
FITEM,8,64  
FITEM,8,104 
VDRAG,      35, , , , , ,P51X   
/VIEW,  1, -0.942326244309    ,  0.131317653999    ,  0.307858608837
/ANG,   1,   128.874420784  
/REPLO  
/VIEW,  1, -0.660989032358    ,  0.321082648900    ,  0.678232579340
/ANG,   1,   134.291884000  
/REPLO  
/VIEW,  1, -0.391996431532    ,  0.311206552960    ,  0.865730488698
/ANG,   1,   140.606367304  
/REPLO  
/VIEW,  1,  0.521699254492    ,  0.755415067380    ,  0.396456761625
/ANG,   1,  -173.631780306  
/REPLO  
/VIEW,  1, -0.552633888577    ,  0.237544323869    ,  0.798854479485
/ANG,   1,   131.484872845  
/REPLO  
/VIEW,  1, -0.771904248038    , -0.327600166655    ,  0.544832049964
/ANG,   1,   132.385375923  
/REPLO  
/VIEW,  1, -0.517277531671    , -0.772063619151    ,  0.369244801198
/ANG,   1,   131.884749988  
/REPLO  
/VIEW,  1,  0.472377843169    , -0.875830155052    , -0.988974862376E-01
/ANG,   1,  -20.6490755533  
/REPLO  
/VIEW,  1,  0.947844135605    ,  0.231496698455    , -0.219090787581
/ANG,   1,  -21.9386310559  
/REPLO  
/VIEW,  1, -0.208916804259    , -0.909356145846    ,  0.359757097094
/ANG,   1,   47.8781506583  
/REPLO  
/VIEW,  1, -0.902453634848    , -0.152303306062    ,  0.402965432652
/ANG,   1,   65.7870853345  
/REPLO  
/VIEW,  1, -0.945481217090    ,  0.266010514377    ,  0.187892720376
/ANG,   1,   64.0212434777  
/REPLO  
RESUME  
/COM,ANSYS RELEASE 2022 R2           BUILD 22.2      UP20220516       20:35:24
APLOT   
APLOT   
/VIEW,  1, -0.507340359282    ,  0.532228583138    ,  0.677745155006
/ANG,   1,   169.220337157  
/REPLO  
/VIEW,  1, -0.921655895985    ,  0.121245134394    ,  0.368578386212
/ANG,   1,   158.529716152  
/REPLO  
/VIEW,  1, -0.290411629097    ,  0.286856520487    ,  0.912893434273
/ANG,   1,   170.399983876  
/REPLO  
ADELE,      44, , ,1
/VIEW,  1, -0.999682349929    , -0.245078799467E-01, -0.587903572692E-02
/ANG,   1,   159.941695016  
/REPLO  
/VIEW,  1, -0.825508683234    , -0.992561221721E-01,  0.555593049018
/ANG,   1,   156.600468220  
/REPLO  
/VIEW,  1, -0.157332861719    ,  0.439760494938    ,  0.884226824811
/ANG,   1,   162.877011677  
/REPLO  
/VIEW,  1,  0.743440602833    ,  0.580703612515    ,  0.331782134045
/ANG,   1,  -158.772345699  
/REPLO  
/VIEW,  1, -0.845547752668    ,  0.686144967854E-02,  0.533855709406
/ANG,   1,   152.135222541  
/REPLO  
/VIEW,  1, -0.985619225115    , -0.164066102849    ,  0.404605607990E-01
/ANG,   1,   157.023419478  
/REPLO  
/VIEW,  1, -0.999008824981    ,  0.201156436695E-01, -0.397080406137E-01
/ANG,   1,   165.948214555  
/REPLO  
/VIEW,  1, -0.201190847236    ,  0.561988702787    ,  0.802303521698
/ANG,   1,  -168.933710955  
/REPLO  
/VIEW,  1,  0.849536978841    ,  0.169212222636    ,  0.499654025594
/ANG,   1,  -150.314954361  
/REPLO  
/VIEW,  1, -0.189281626060    ,  0.517200047423    ,  0.834671538380
/ANG,   1,   179.806060859  
/REPLO  
FLST,8,3,4  
FITEM,8,11  
FITEM,8,103 
FITEM,8,63  
VDRAG,      43, , , , , ,P51X   
/VIEW,  1,  0.722074594432    ,  0.375309415565    ,  0.581163593719
/ANG,   1,  -147.762195572  
/REPLO  
RESUME  
/COM,ANSYS RELEASE 2022 R2           BUILD 22.2      UP20220516       20:37:10
/VIEW,  1,  0.256289040183    ,  0.541065555174    ,  0.800976899097
/ANG,   1,  -158.912406628  
/REPLO  
APLOT   
/VIEW,  1, -0.746567429122    ,  0.343555800983    ,  0.569742472864
/ANG,   1,   167.786841263  
/REPLO  
/VIEW,  1, -0.634227438135    ,  0.387805360303    ,  0.668851672074
/ANG,   1,   167.411525072  
/REPLO  
/VIEW,  1,  0.238959838843    ,  0.764775554012    ,  0.598344839876
/ANG,   1,  -155.941131444  
/REPLO  
/VIEW,  1, -0.657934281571    ,  0.541003541786    ,  0.523867968966
/ANG,   1,   153.368562515  
/REPLO  
FLST,8,2,4  
FITEM,8,11  
FITEM,8,104 
VDRAG,      43, , , , , ,P51X   
/VIEW,  1,  0.981172228575E-01,  0.822434462891    ,  0.560334333080
/ANG,   1,  -163.873087256  
/REPLO  
/VIEW,  1,  0.905335250808    ,  0.384132439712    ,  0.181136281305
/ANG,   1,  -114.769623795  
/REPLO  
/VIEW,  1, -0.450457726354    ,  0.733143489857    ,  0.509498243421
/ANG,   1,   160.176096831  
/REPLO  
/VIEW,  1, -0.947663601320    ,  0.156950667879    ,  0.278029111039
/ANG,   1,   143.186432379  
/REPLO  
/VIEW,  1, -0.961812099184    , -0.162233621312    ,  0.220448946424
/ANG,   1,   142.870671439  
/REPLO  
/VIEW,  1, -0.243036240500    ,  0.431777437303    ,  0.868620533052
/ANG,   1,   154.236327577  
/REPLO  
/VIEW,  1, -0.176085552358E-01,  0.783762087343    ,  0.620811508613
/ANG,   1,   161.109049233  
/REPLO  
/VIEW,  1,  0.497541043084    ,  0.580408706785    ,  0.644653894377
/ANG,   1,  -171.977054053  
/REPLO  
/VIEW,  1,  0.886012977951    ,  0.116628657949    ,  0.448752447400
/ANG,   1,  -162.158642163  
/REPLO  
/VIEW,  1,  0.337404994606    , -0.330499036955    ,  0.881435338631
/ANG,   1,  -157.508602113  
/REPLO  
/VIEW,  1,  0.429149439645    ,  0.438590297702    ,  0.789600727719
/ANG,   1,  -142.553827714  
/REPLO  
/VIEW,  1,  0.911635043717    ,  0.253362928780    ,  0.323618252555
/ANG,   1,  -133.019922030  
/REPLO  
RESUME  
/COM,ANSYS RELEASE 2022 R2           BUILD 22.2      UP20220516       20:38:07
/VIEW,  1, -0.363868343074    ,  0.615564332855    ,  0.699056779543
/ANG,   1,   173.386617126  
/REPLO  
/VIEW,  1, -0.705524009535    ,  0.469118548798    ,  0.531190793541
/ANG,   1,   159.271994844  
/REPLO  
APLOT   
ADELE,      44, , ,1
/VIEW,  1, -0.674723838126    ,  0.465925198932    ,  0.572417200357
/ANG,   1,   160.851563448  
/REPLO  
/VIEW,  1, -0.705857549104    ,  0.444599584583    ,  0.551449299357
/ANG,   1,   159.820846955  
/REPLO  
/VIEW,  1,  0.239592648754    ,  0.607115426877    ,  0.757631982635
/ANG,   1,  -161.655532869  
/REPLO  
VDRAG,      43, , , , , ,      11   
/VIEW,  1, -0.686195917849    ,  0.453907505775    ,  0.568421620392
/ANG,   1,   158.606975891  
/REPLO  
/VIEW,  1, -0.270025890293    ,  0.460657910818    ,  0.845505947804
/ANG,   1,   173.370992798  
/REPLO  
/VIEW,  1, -0.647042546755    ,  0.302818456603    ,  0.699740612677
/ANG,   1,   163.576922077  
/REPLO  
/VIEW,  1, -0.360465475426    ,  0.380211360974    ,  0.851765203570
/ANG,   1,   170.041727402  
/REPLO  
/VIEW,  1,  0.900388506830    ,  0.240429393772    ,  0.362621349865
/ANG,   1,  -160.100175979  
/REPLO  
/VIEW,  1, -0.695796170699    ,  0.214246222958    ,  0.685540841080
/ANG,   1,   166.121871620  
/REPLO  
/VIEW,  1, -0.809687887858E-01,  0.255191954089    ,  0.963494225105
/ANG,   1,   175.078353153  
/REPLO  
SAVE
/VIEW,  1,  0.942123483146    ,  0.297900874453    ,  0.153812910721
/ANG,   1,  -164.334635336  
/REPLO  
/VIEW,  1, -0.147998306632    ,  0.345789506102    ,  0.926566845243
/ANG,   1,   158.359825744  
/REPLO  
/VIEW,  1, -0.707351069237    ,  0.106267762049    ,  0.698828754130
/ANG,   1,   150.174695503  
/REPLO  
/VIEW,  1,  0.196265055831    ,  0.631987651394    ,  0.749714369840
/ANG,   1,   174.743925040  
/REPLO  
VSBV,       2,       8  
/VIEW,  1,  0.897978098409    ,  0.400266804603    ,  0.182816355700
/ANG,   1,  -148.455953741  
/REPLO  
/VIEW,  1,  0.712088437792    ,  0.333896549751    ,  0.617610840924
/ANG,   1,  -159.390395523  
/REPLO  
/VIEW,  1,  0.557954605262    ,  0.109926669561    ,  0.822558682275
/ANG,   1,  -163.259614700  
/REPLO  
/VIEW,  1,  0.995076334944E-01,  0.515523233219    ,  0.851078155570
/ANG,   1,  -176.980797080  
/REPLO  
SAVE
SAVE,'good_5','db','B:\KPI\term6\AnsysWork\lab5\'   
FLST,3,2,6,ORDE,2   
FITEM,3,7   
FITEM,3,9   
VSYMM,X,P51X, , , ,0,0  
RESUME  
/COM,ANSYS RELEASE 2022 R2           BUILD 22.2      UP20220516       20:41:02
/DIST, 1 ,1.082226,1
/REP,FAST   
/DIST, 1 ,1.082226,1
/REP,FAST   
/DIST, 1 ,1.082226,1
/REP,FAST   
/DIST, 1 ,1.082226,1
/REP,FAST   
/DIST, 1 ,1.082226,1
/REP,FAST   
/DIST, 1 ,1.082226,1
/REP,FAST   
/DIST, 1 ,1.082226,1
/REP,FAST   
/DIST, 1 ,1.082226,1
/REP,FAST   
/DIST, 1 ,1.082226,1
/REP,FAST   
/DIST, 1 ,1.082226,1
/REP,FAST   
/DIST, 1 ,1.082226,1
/REP,FAST   
/DIST, 1 ,1.082226,1
/REP,FAST   
/DIST, 1 ,0.924021,1
/REP,FAST   
/DIST, 1 ,0.924021,1
/REP,FAST   
/DIST, 1 ,0.924021,1
/REP,FAST   
CSYS,0  
WPAVE,0,0,0 
CSYS,0  
!*  
WPCSYS,-1,0 
FLST,3,2,6,ORDE,2   
FITEM,3,7   
FITEM,3,9   
VSYMM,X,P51X, , , ,0,0  
RESUME  
/COM,ANSYS RELEASE 2022 R2           BUILD 22.2      UP20220516       20:41:44
FLST,3,2,6,ORDE,2   
FITEM,3,7   
FITEM,3,9   
VSYMM,Z,P51X, , , ,0,0  
/DIST, 1 ,1.082226,1
/REP,FAST   
/DIST, 1 ,1.082226,1
/REP,FAST   
/DIST, 1 ,1.082226,1
/REP,FAST   
/DIST, 1 ,1.082226,1
/REP,FAST   
/DIST, 1 ,1.082226,1
/REP,FAST   
/DIST, 1 ,1.082226,1
/REP,FAST   
/DIST, 1 ,1.082226,1
/REP,FAST   
/DIST, 1 ,1.082226,1
/REP,FAST   
/DIST, 1 ,1.082226,1
/REP,FAST   
/DIST, 1 ,1.082226,1
/REP,FAST   
/DIST, 1 ,1.082226,1
/REP,FAST   
/DIST, 1 ,1.082226,1
/REP,FAST   
/DIST, 1 ,1.082226,1
/REP,FAST   
/DIST, 1 ,1.082226,1
/REP,FAST   
RESUME  
/COM,ANSYS RELEASE 2022 R2           BUILD 22.2      UP20220516       20:42:10
FLST,3,2,6,ORDE,2   
FITEM,3,7   
FITEM,3,9   
VSYMM,Y,P51X, , , ,0,0  
/DIST, 1 ,1.082226,1
/REP,FAST   
/DIST, 1 ,1.082226,1
/REP,FAST   
/DIST, 1 ,1.082226,1
/REP,FAST   
/DIST, 1 ,1.082226,1
/REP,FAST   
/DIST, 1 ,1.082226,1
/REP,FAST   
/DIST, 1 ,1.082226,1
/REP,FAST   
/VIEW,  1, -0.710626374335    ,  0.154470916002    ,  0.686402864366
/ANG,   1,   166.270850675  
/REPLO  
/VIEW,  1, -0.278864884489    , -0.481084693917E-01,  0.959124575523
/ANG,   1,   148.997043933  
/REPLO  
/VIEW,  1, -0.402298702039    ,  0.592959052377    ,  0.697535172261
/ANG,   1,   147.153063899  
/REPLO  
SAVE
wpstyle,0.05,0.1,-1,1,0.003,1,2,,5  
wpstyle,0.05,0.1,-1,1,0.003,0,2,,5  
CSYS,4  
wpstyle,0.05,0.1,-1,1,0.003,1,2,,5  
CSYS,4  
/VIEW,  1, -0.485200955153    ,  0.445705596934    ,  0.752280900981
/ANG,   1,   145.686065958  
/REPLO  
/VIEW,  1, -0.913741181712    ,  0.132064771997E-01,  0.406082062893
/ANG,   1,   131.584086018  
/REPLO  
/VIEW,  1, -0.534847983924    ,  0.456837142701    ,  0.710800576210
/ANG,   1,   137.497970871  
/REPLO  
FLST,3,4,6,ORDE,3   
FITEM,3,2   
FITEM,3,7   
FITEM,3,-9  
VGEN,2,P51X, , , ,90, , ,0  
/VIEW,  1, -0.193983756162E-01,  0.135108610729    ,  0.990640886664
/ANG,   1,   153.139379835  
/REPLO  
/VIEW,  1, -0.720076767829    ,  0.289473468742    ,  0.630630287353
/ANG,   1,   119.335809336  
/REPLO  
/VIEW,  1, -0.264629922572    ,  0.306540248330    ,  0.914332587319
/ANG,   1,   128.950045313  
/REPLO  
RESUME  
/COM,ANSYS RELEASE 2022 R2           BUILD 22.2      UP20220516       20:45:34
WPAVE,0,0,0 
wpstyle,0.05,0.1,-1,1,0.003,1,2,,5  
CSYS,4  
FLST,3,4,6,ORDE,3   
FITEM,3,2   
FITEM,3,7   
FITEM,3,-9  
VGEN,2,P51X, , , ,90, , ,0  
/VIEW,  1, -0.238752327146    ,  0.777778432557E-01,  0.967960708594
/ANG,   1,   153.343469636  
/REPLO  
/VIEW,  1,  0.169141465717    ,  0.316853835377    ,  0.933271027935
/ANG,   1,   157.543192365  
/REPLO  
/VIEW,  1, -0.112175401566    ,  0.269929970306E-01,  0.993321729046
/ANG,   1,   154.782941022  
/REPLO  
/VIEW,  1,  0.106513186825    ,  0.468945489860    ,  0.876781083608
/ANG,   1,   156.390673360  
/REPLO  
/VIEW,  1, -0.270113984890    ,  0.253443698408    ,  0.928872826012
/ANG,   1,   147.945857095  
/REPLO  
/VIEW,  1, -0.323762503209    ,  0.793842501534    ,  0.514773663152
/ANG,   1,   137.832810339  
/REPLO  
/VIEW,  1, -0.769140596039    ,  0.164814092006    ,  0.617461787158
/ANG,   1,   130.033759664  
/REPLO  
/VIEW,  1, -0.161096487284    ,  0.804035341481    ,  0.572341761044
/ANG,   1,   146.976811934  
/REPLO  
/VIEW,  1, -0.624569744250    ,  0.130345033370    ,  0.770014809496
/ANG,   1,   135.112603650  
/REPLO  
/VIEW,  1,  0.257116587330E-01,  0.534794468165    ,  0.844590899445
/ANG,   1,   149.413782223  
/REPLO  
/VIEW,  1, -0.123018593133    ,  0.106908143749    ,  0.986629147423
/ANG,   1,   146.534596902  
/REPLO  
/VIEW,  1, -0.613328536169    ,  0.749628811577    ,  0.248766459908
/ANG,   1,   110.886403600  
/REPLO  
SAVE
SAVE,'good_6','db','B:\KPI\TERM6\ANSYSWORK\LAB5\'   
/VIEW,  1, -0.615829145812    ,  0.486846883036    ,  0.619463135018
/ANG,   1,   127.928910984  
/REPLO  
wpstyle,0.05,0.1,-1,1,0.003,0,2,,5  
WPSTYLE,,,,,,,,0
/VIEW,  1, -0.235547995761    ,  0.520151438160    ,  0.820950438866
/ANG,   1,   142.849853240  
/REPLO  
/VIEW,  1, -0.309372194096    ,  0.199840382236    ,  0.929705688456
/ANG,   1,   142.410594829  
/REPLO  
FLST,2,9,6,ORDE,4   
FITEM,2,1   
FITEM,2,-2  
FITEM,2,7   
FITEM,2,-13 
VADD,P51X   
/VIEW,  1, -0.359580317582    ,  0.438301423932    ,  0.823768084467
/ANG,   1,   141.118804898  
/REPLO  
/VIEW,  1, -0.764624477096    , -0.178187051307    ,  0.619353520837
/ANG,   1,   137.557237771  
/REPLO  
SAVE
/VIEW,  1,  0.117405572810    ,  0.678849250356    ,  0.724830757325
/ANG,   1,   166.257514665  
/REPLO  
/VIEW,  1, -0.862979488964    ,  0.335180375343    ,  0.378048300634
/ANG,   1,   121.175693376  
/REPLO  
/VIEW,  1, -0.898872381342    ,  0.438008412150    ,  0.133068759156E-01
/ANG,   1,   112.655795079  
/REPLO  
/VIEW,  1, -0.614708919679    ,  0.713781969231    , -0.335631113678
/ANG,   1,   95.5848091219  
/REPLO  
/ZOOM,1,RECT,0.726552,-0.320692 ,0.209034509001 ,-0.0504144348072   
/VIEW,  1, -0.509482254412    ,  0.791805608447    , -0.336855623185
/ANG,   1,   92.1923679746  
/REPLO  
/VIEW,  1, -0.459037173596    ,  0.845062715746    , -0.274142079428
/ANG,   1,   94.3443335887  
/REPLO  
/VIEW,  1, -0.698614397329    ,  0.534097338682    , -0.476107085284
/ANG,   1,   92.5987719234  
/REPLO  
/VIEW,  1,  0.888041404548    ,  0.211383032254    ,  0.408288718291
/ANG,   1,  -79.0291744436  
/REPLO  
/VIEW,  1,  0.269655015908E-02,  0.985602784717    ,  0.169055846911
/ANG,   1,  -138.898089168  
/REPLO  
/VIEW,  1,  0.326558263357    ,  0.761578788168    , -0.559783395651
/ANG,   1,   17.9241039989  
/REPLO  
/VIEW,  1,  0.289291198425    ,  0.859718744616    , -0.420944512578
/ANG,   1,   10.9115469138  
/REPLO  
FLST,2,2,3,ORDE,2   
FITEM,2,45  
FITEM,2,47  
KWPAVE,P51X 
/DIST, 1 ,1.082226,1
/REP,FAST   
/DIST, 1 ,1.082226,1
/REP,FAST   
/DIST, 1 ,1.082226,1
/REP,FAST   
/DIST, 1 ,1.082226,1
/REP,FAST   
/DIST, 1 ,1.082226,1
/REP,FAST   
/DIST, 1 ,1.082226,1
/REP,FAST   
/DIST, 1 ,1.082226,1
/REP,FAST   
/DIST, 1 ,1.082226,1
/REP,FAST   
/AUTO,1 
/REP,FAST   
/USER,  1   
/VIEW,  1, -0.217440886793    ,  0.933167887081    ,  0.286211731542
/ANG,   1,   176.876778820  
/REPLO  
/VIEW,  1,  0.707323818169    ,  0.621982941721    ,  0.335902123331
/ANG,   1,  -95.0735119602  
/REPLO  
/DIST, 1 ,0.924021,1
/REP,FAST   
/DIST, 1 ,0.924021,1
/REP,FAST   
/DIST, 1 ,0.924021,1
/REP,FAST   
/DIST, 1 ,0.924021,1
/REP,FAST   
/DIST, 1 ,0.924021,1
/REP,FAST   
/DIST, 1 ,0.924021,1
/REP,FAST   
/DIST, 1 ,0.924021,1
/REP,FAST   
/DIST, 1 ,0.924021,1
/REP,FAST   
/DIST, 1 ,0.924021,1
/REP,FAST   
/DIST, 1 ,0.924021,1
/REP,FAST   
/DIST, 1 ,0.924021,1
/REP,FAST   
/DIST, 1 ,0.924021,1
/REP,FAST   
/DIST, 1 ,0.924021,1
/REP,FAST   
/DIST, 1 ,0.924021,1
/REP,FAST   
/DIST, 1 ,0.924021,1
/REP,FAST   
/DIST, 1 ,0.924021,1
/REP,FAST   
/DIST, 1 ,0.924021,1
/REP,FAST   
/DIST, 1 ,0.924021,1
/REP,FAST   
/DIST, 1 ,0.924021,1
/REP,FAST   
/DIST, 1 ,0.924021,1
/REP,FAST   
/DIST, 1 ,0.924021,1
/REP,FAST   
/DIST, 1 ,0.924021,1
/REP,FAST   
/DIST, 1 ,0.924021,1
/REP,FAST   
/DIST, 1 ,0.924021,1
/REP,FAST   
/DIST, 1 ,0.924021,1
/REP,FAST   
/VIEW,  1,  0.756326812499    ,  0.625227457316    ,  0.192510725188
/ANG,   1,  -87.6508392803  
/REPLO  
/VIEW,  1,  0.752068543008    ,  0.658079759572    , -0.363859404040E-01
/ANG,   1,  -76.6388452701  
/REPLO  
/VIEW,  1,  0.677178047522    ,  0.734550478355    ,  0.431912804009E-01
/ANG,   1,  -81.0239617889  
/REPLO  
/VIEW,  1,  0.557535593094    ,  0.829517493824    ,  0.324775287381E-01
/ANG,   1,  -80.7174147670  
/REPLO  
/DIST, 1 ,1.082226,1
/REP,FAST   
/DIST, 1 ,1.082226,1
/REP,FAST   
/DIST, 1 ,1.082226,1
/REP,FAST   
/DIST, 1 ,1.082226,1
/REP,FAST   
/DIST, 1 ,1.082226,1
/REP,FAST   
/DIST, 1 ,1.082226,1
/REP,FAST   
/DIST, 1 ,1.082226,1
/REP,FAST   
/DIST, 1 ,1.082226,1
/REP,FAST   
/DIST, 1 ,1.082226,1
/REP,FAST   
/DIST, 1 ,1.082226,1
/REP,FAST   
/DIST, 1 ,1.082226,1
/REP,FAST   
/DIST, 1 ,1.082226,1
/REP,FAST   
/VIEW,1,,,1 
/ANG,1  
/REP,FAST   
/VIEW,1,1   
/ANG,1  
/REP,FAST   
/VIEW,  1,  0.993653346729    , -0.468297395497E-01, -0.102274151320
/ANG,   1,  -98.2639212181  
/REPLO  
/VIEW,  1,  0.995636836470    ,  0.548066483075E-01,  0.755216602392E-01
/ANG,   1,  -98.2005400372  
/REPLO  
SAVE
TORUS,0,0.003,0.0205,0,360, 
SAVE
/VIEW,  1,  0.756491156388    ,  0.468782307370    ,  0.456031006187
/ANG,   1,  -107.034799424  
/REPLO  
/VIEW,  1,  0.764212139337    ,  0.139895835587    ,  0.629610166115
/ANG,   1,  -110.861680450  
/REPLO  
/VIEW,  1,  0.999331683474    , -0.189300928863E-03,  0.365533934263E-01
/ANG,   1,  -107.197762918  
/REPLO  
/VIEW,  1,  0.425169269432    ,  0.893343108705    ,  0.145496331432
/ANG,   1,  -118.834769692  
/REPLO  
VSBV,      14,       1  
/VIEW,  1,  0.223782516031    ,  0.935972306738    ,  0.271803654388
/ANG,   1,  -147.938317334  
/REPLO  
/VIEW,  1, -0.804905728847E-01,  0.996284994212    , -0.306182622617E-01
/ANG,   1,   62.0175824376  
/REPLO  
/VIEW,  1, -0.704906899129    , -0.345696046154    , -0.619354912173
/ANG,   1,   78.3459936930  
/REPLO  
/VIEW,  1, -0.952672824661    , -0.302322130851    , -0.318719053263E-01
/ANG,   1,   86.2837486241  
/REPLO  
/VIEW,  1, -0.485373903152    , -0.841281950278    ,  0.238027003248
/ANG,   1,   69.7072156894  
/REPLO  
/VIEW,  1,  0.230104228470    , -0.929772707771    ,  0.287358236223
/ANG,   1,  -25.8889045583  
/REPLO  
/VIEW,  1,  0.899649515419    , -0.381818793733    ,  0.211766754140
/ANG,   1,  -53.8371292919  
/REPLO  
/VIEW,  1, -0.189359290471    , -0.937387286936    ,  0.292315126880
/ANG,   1,   24.7057669721  
/REPLO  
/VIEW,  1, -0.996048066794    ,  0.270363375261E-01, -0.846007392900E-01
/ANG,   1,   64.8220048626  
/REPLO  
/VIEW,  1, -0.349162745531    ,  0.936112667531    ,  0.421716826895E-01
/ANG,   1,   69.3436412515  
/REPLO  
/VIEW,  1,  0.182263465419    ,  0.697592997367    ,  0.692924266567
/ANG,   1,   152.499354817  
/REPLO  
/VIEW,  1, -0.888458454627    ,  0.450968886051    ,  0.852563089516E-01
/ANG,   1,   79.8565629722  
/REPLO  
SAVE,'good_7','db','B:\KPI\TERM6\ANSYSWORK\LAB5\'   
WPCSYS,-1,0 
/DIST, 1 ,1.082226,1
/REP,FAST   
/DIST, 1 ,1.082226,1
/REP,FAST   
/DIST, 1 ,1.082226,1
/REP,FAST   
/DIST, 1 ,1.082226,1
/REP,FAST   
/DIST, 1 ,1.082226,1
/REP,FAST   
/DIST, 1 ,1.082226,1
/REP,FAST   
/DIST, 1 ,1.082226,1
/REP,FAST   
/DIST, 1 ,1.082226,1
/REP,FAST   
/DIST, 1 ,1.082226,1
/REP,FAST   
/DIST, 1 ,1.082226,1
/REP,FAST   
/DIST, 1 ,1.082226,1
/REP,FAST   
/DIST, 1 ,0.924021,1
/REP,FAST   
/DIST, 1 ,0.924021,1
/REP,FAST   
/DIST, 1 ,0.924021,1
/REP,FAST   
/DIST, 1 ,1.082226,1
/REP,FAST   
/DIST, 1 ,1.082226,1
/REP,FAST   
/DIST, 1 ,1.082226,1
/REP,FAST   
/DIST, 1 ,1.082226,1
/REP,FAST   
/DIST, 1 ,1.082226,1
/REP,FAST   
/DIST, 1 ,1.082226,1
/REP,FAST   
/DIST, 1 ,0.924021,1
/REP,FAST   
/DIST, 1 ,0.924021,1
/REP,FAST   
/DIST, 1 ,0.924021,1
/REP,FAST   
SAVE
/VIEW,  1,  0.153129030940    , -0.747515903949    , -0.646352437317
/ANG,   1,   60.2049125768  
/REPLO  
/VIEW,  1, -0.268851067260    , -0.961921270190    ,  0.492602638007E-01
/ANG,   1,   80.5282858761  
/REPLO  
/FOC,   1,  0.592981393024E-02, -0.309974084281E-02,  0.168338933264E-01
/REPLO  
/VIEW,  1,  0.107390812860    , -0.721173300244    , -0.684380219125
/ANG,   1,  -179.961349569  
/REPLO  
/VIEW,  1,  0.224325694481E-01, -0.861783726089    , -0.506779625948
/ANG,   1,   175.118031680  
/REPLO  
/VIEW,  1,  0.168354333726    , -0.947664376649    , -0.271273012932
/ANG,   1,  -157.742003347  
/REPLO  
/VIEW,  1, -0.205060460281E-01, -0.969088401998    , -0.245860064242
/ANG,   1,   166.831196714  
/REPLO  
wpro,,,90.000000
/VIEW,  1,  0.827013835774E-01, -0.951520178174    , -0.296259736857
/ANG,   1,  -173.584940002  
/REPLO  
/VIEW,  1,  0.153483367292    , -0.879715536535    , -0.450048253795
/ANG,   1,  -170.616029668  
/REPLO  
/VIEW,  1,  0.484343157232E-02, -0.742754190885    , -0.669546677308
/ANG,   1,   174.102228706  
/REPLO  
/VIEW,  1, -0.514909256655E-01, -0.362894527638    , -0.930406495240
/ANG,   1,   171.507980826  
/REPLO  
/VIEW,  1, -0.486284469033E-01,  0.934635591951E-01, -0.994434430847
/ANG,   1,   171.446106452  
/REPLO  
/VIEW,  1,  0.534958655548E-01,  0.617116429424    , -0.785051275334
/ANG,   1,   168.834728032  
/REPLO  
/VIEW,  1,  0.474843428717E-01,  0.937278619733    , -0.345331762473
/ANG,   1,   165.141590716  
/REPLO  
/VIEW,  1, -0.166292324297    ,  0.942618784157    , -0.289511123508
/ANG,   1,  -159.232163708  
/REPLO  
/VIEW,  1, -0.286298334831E-01,  0.999538723457    , -0.101327658828E-01
/ANG,   1,  -118.573554326  
/REPLO  
/VIEW,  1, -0.253122904908    ,  0.967417921831    , -0.559995818019E-02
/ANG,   1,  -100.300731782  
/REPLO  
/VIEW,  1, -0.399914248417E-01,  0.995862650097    ,  0.815982112656E-01
/ANG,   1,  -35.5864670601  
/REPLO  
/VIEW,  1, -0.113606497058    , -0.515532623505    , -0.849305409101
/ANG,   1,   160.936399517  
/REPLO  
/VIEW,  1, -0.294572923770E-02, -0.995263940849    ,  0.971648636367E-01
/ANG,   1,  -2.90993324304  
/REPLO  
/VIEW,  1,  0.472769205077E-01, -0.931407881981    ,  0.360893682641
/ANG,   1,  -12.2454270984  
/REPLO  
/VIEW,  1,  0.114787703058E-01, -0.865717127931    ,  0.500401930691
/ANG,   1,  -6.73125544606  
/REPLO  
/VIEW,  1, -0.136215026129    , -0.793699965704    ,  0.592862404861
/ANG,   1,   4.99348642024  
/REPLO  
/VIEW,  1,  0.140766415698E-01, -0.789426912821    ,  0.613683140942
/ANG,   1,  -6.28978802564  
/REPLO  
/VIEW,  1,  0.184635683642    , -0.869624074429    ,  0.457890416475
/ANG,   1,  -23.0199412171  
/REPLO  
/VIEW,  1,  0.246945266971    , -0.826916877590    ,  0.505199478104
/ANG,   1,  -26.4512882530  
/REPLO  
/VIEW,  1,  0.423204886306    , -0.762688094607    ,  0.489085365301
/ANG,   1,  -38.3142029275  
/REPLO  
/VIEW,  1,  0.228157908379    , -0.779014386539    ,  0.584021022233
/ANG,   1,  -23.2099387754  
/REPLO  
wpro,,,-90.000000   
/VIEW,  1,  0.517045977064E-02, -0.969621896672    , -0.244553969176
/ANG,   1,   179.307978786  
/REPLO  
/VIEW,  1,  0.672091188197    , -0.480710572830    , -0.563214683684
/ANG,   1,  -130.966929975  
/REPLO  
wpoff,0, -0.015, 0  
/VIEW,  1,  0.348135538763    , -0.922637801460    , -0.165955216752
/ANG,   1,  -122.486131953  
/REPLO  
/VIEW,  1,  0.727906676610    , -0.685606118897    ,  0.980407456251E-02
/ANG,   1,  -100.193198465  
/REPLO  
wpro,,,90.000000
/VIEW,  1,  0.767233759092    , -0.611988018305    , -0.191893262938
/ANG,   1,  -109.891185306  
/REPLO  
/VIEW,  1,  0.739776666206    , -0.542330369078    , -0.398256518984
/ANG,   1,  -118.221090377  
/REPLO  
/VIEW,  1,  0.680511811561    , -0.478717925659    , -0.554736714107
/ANG,   1,  -123.800949912  
/REPLO  
/VIEW,  1,  0.801737832994    , -0.450285850009    , -0.393012850206
/ANG,   1,  -117.818684389  
/REPLO  
/VIEW,  1,  0.437987830292    , -0.864519731196    , -0.246520374187
/ANG,   1,  -120.658963186  
/REPLO  
SAVE
CYLIND,0,0.005/2,0,0.07,0,360,  
/VIEW,  1, -0.163401383775E-01, -0.999866419596    , -0.377944876265E-03
/ANG,   1,   92.9483105198  
/REPLO  
/VIEW,  1, -0.123436843356E-01, -0.999024869495    , -0.423903714054E-01
/ANG,   1,   165.425008928  
/REPLO  
/VIEW,  1,  0.234798795619E-03, -0.999532857002    ,  0.305616204280E-01
/ANG,   1,   1.21157132670  
/REPLO  
/VIEW,  1,  0.305693495963E-01, -0.999508248367    , -0.698400401494E-02
/ANG,   1,  -101.190586084  
/REPLO  
/VIEW,  1, -0.218455927905    , -0.534619400694    , -0.816369465355
/ANG,   1,   166.527081987  
/REPLO  
/VIEW,  1, -0.793379689876    , -0.608171256979    ,  0.260074965449E-01
/ANG,   1,   116.282495621  
/REPLO  
/VIEW,  1, -0.135074705130    , -0.988933092068    , -0.613690756611E-01
/ANG,   1,   140.800096863  
/REPLO  
/VIEW,  1,  0.254593278177    , -0.965929018642    ,  0.465122957202E-01
/ANG,   1,  -53.2245779595  
/REPLO  
/VIEW,  1, -0.116326414319    , -0.967905626113    ,  0.222770878419
/ANG,   1,   51.9057697219  
/REPLO  
RESUME  
/COM,ANSYS RELEASE 2022 R2           BUILD 22.2      UP20220516       21:01:59
/VIEW,  1,  0.113124014118    , -0.986568165186    ,  0.117839776272
/ANG,   1,  -49.1642979688  
/REPLO  
/VIEW,  1,  0.766514050496E-01, -0.586869140967    , -0.806045391702
/ANG,   1,  -176.777253413  
/REPLO  
/VIEW,  1,  0.567103585296    , -0.809316959814    , -0.152969219456
/ANG,   1,  -120.788918470  
/REPLO  
/VIEW,  1,  0.159300373544E-01, -0.999839717558    , -0.817148112858E-02
/ANG,   1,  -133.773621771  
/REPLO  
/VIEW,  1, -0.106943908707    , -0.980339070422    ,  0.165826136040
/ANG,   1,   15.2321309802  
/REPLO  
/VIEW,  1,  0.702628460157E-01, -0.981720918228    ,  0.176881800035
/ANG,   1,  -38.3775477874  
/REPLO  
/VIEW,  1,  0.557856620577    , -0.815573802719    ,  0.153737969276
/ANG,   1,  -87.2035604155  
/REPLO  
/VIEW,  1,  0.963249181507E-01, -0.978721664025    ,  0.181177853256
/ANG,   1,  -43.9644219657  
/REPLO  
wpoff,0.005, 0, 0   
wpoff,-0.01, 0, 0   
/ZOOM,1,RECT,0.518,-0.714524 ,0.467793125284 ,-0.756996304434   
/AUTO,1 
/REP,FAST   
/USER,  1   
/VIEW,  1,  0.175720496333    , -0.978162852414    ,  0.110994330152
/ANG,   1,  -73.0598233634  
/REPLO  
/DIST, 1 ,0.924021,1
/REP,FAST   
/DIST, 1 ,0.924021,1
/REP,FAST   
/DIST, 1 ,0.924021,1
/REP,FAST   
/DIST, 1 ,0.924021,1
/REP,FAST   
/DIST, 1 ,0.924021,1
/REP,FAST   
/DIST, 1 ,0.924021,1
/REP,FAST   
/FOC,   1,  0.123916097875E-02, -0.113514013610E-02,  0.330345429012E-01
/REPLO  
/FOC,   1,  0.206292516738E-02, -0.235751831249E-02,  0.209579154375E-01
/REPLO  
/FOC,   1,  0.328750969456E-02, -0.344427716176E-02,  0.944190615078E-02
/REPLO  
/VIEW,  1,  0.472091491181    , -0.878366197156    , -0.748494999849E-01
/ANG,   1,  -111.175171070  
/REPLO  
/VIEW,  1, -0.232106304205    , -0.969337628262    , -0.806921680387E-01
/ANG,   1,   98.7910527384  
/REPLO  
/VIEW,  1, -0.622085812812    , -0.781918790215    , -0.401527957589E-01
/ANG,   1,   84.2163286211  
/REPLO  
/VIEW,  1, -0.145675803083    , -0.977737160537    ,  0.151025181020
/ANG,   1,   37.7535903639  
/REPLO  
/VIEW,  1, -0.134893404128E-01, -0.999101541637    ,  0.401764507349E-01
/ANG,   1,   12.4627514965  
/REPLO  
SAVE
CYL4,0,0,0.005/2, , , ,0.07 
/DIST, 1 ,1.082226,1
/REP,FAST   
/DIST, 1 ,1.082226,1
/REP,FAST   
/DIST, 1 ,1.082226,1
/REP,FAST   
/DIST, 1 ,1.082226,1
/REP,FAST   
/DIST, 1 ,1.082226,1
/REP,FAST   
/DIST, 1 ,1.082226,1
/REP,FAST   
/DIST, 1 ,1.082226,1
/REP,FAST   
/DIST, 1 ,0.924021,1
/REP,FAST   
/DIST, 1 ,0.924021,1
/REP,FAST   
/DIST, 1 ,0.924021,1
/REP,FAST   
/DIST, 1 ,0.924021,1
/REP,FAST   
/DIST, 1 ,0.924021,1
/REP,FAST   
/DIST, 1 ,0.924021,1
/REP,FAST   
/DIST, 1 ,0.924021,1
/REP,FAST   
FLST,3,1,6,ORDE,1   
FITEM,3,1   
VGEN, ,P51X, , , , ,-0.035, , ,1
/VIEW,  1,  0.960735649209    , -0.210296325133    ,  0.181004055134
/ANG,   1,  -83.0519075740  
/REPLO  
/VIEW,  1,  0.992023083978    ,  0.437715849163E-01,  0.118212728627
/ANG,   1,  -83.2834134670  
/REPLO  
/VIEW,  1,  0.999874457584    ,  0.126386320195E-01, -0.955688504338E-02
/ANG,   1,  -83.0972012521  
/REPLO  
/VIEW,  1,  0.999275565590    , -0.309911817043E-01,  0.220882473413E-01
/ANG,   1,  -83.0797614468  
/REPLO  
/VIEW,  1,  0.351979097568    , -0.912777859280    ,  0.207237290281
/ANG,   1,  -61.8512268968  
/REPLO  
/VIEW,  1, -0.759303186089    , -0.516526704653    ,  0.395801509567
/ANG,   1,   60.3514634077  
/REPLO  
/VIEW,  1, -0.795396507859    , -0.384069076981    ,  0.468866014328
/ANG,   1,   59.0020382919  
/REPLO  
/VIEW,  1, -0.990927249409    ,  0.567295860053E-01,  0.121839814715
/ANG,   1,   63.0831699159  
/REPLO  
/VIEW,  1, -0.996431052770    , -0.677471331859E-01,  0.503535800289E-01
/ANG,   1,   63.1429312637  
/REPLO  
/VIEW,  1, -0.997831402769    , -0.279390476051E-01,  0.595978293871E-01
/ANG,   1,   63.1209389351  
/REPLO  
/VIEW,  1,  0.314208370527    , -0.765041075653    ,  0.562125655396
/ANG,   1,  -18.9071192581  
/REPLO  
SAVE
VSBV,       6,       1  
/VIEW,  1, -0.590447236513    , -0.675826074185    ,  0.441170237375
/ANG,   1,   43.6518037201  
/REPLO  
/VIEW,  1, -0.442947772833    , -0.753276045492    ,  0.486181519424
/ANG,   1,   35.8765531607  
/REPLO  
/VIEW,  1,  0.133150688026    , -0.821118074852    ,  0.555009911109
/ANG,   1,  -9.53149814565  
/REPLO  
/VIEW,  1, -0.817939981556    , -0.573367422802    ,  0.471591458885E-01
/ANG,   1,   107.245934932  
/REPLO  
/VIEW,  1,  0.556375407284    , -0.818931187513    , -0.140705779156
/ANG,   1,  -79.7360515734  
/REPLO  
/VIEW,  1,  0.998545055740    ,  0.509210820877E-01, -0.177430283999E-01
/ANG,   1,  -48.0312554236  
/REPLO  
/VIEW,  1,  0.576567200686E-01, -0.179480845737    ,  0.982070429574
/ANG,   1,  -48.8361934052  
/REPLO  
/VIEW,  1, -0.842023594787    ,  0.124176361839E-01,  0.539297754616
/ANG,   1,  -44.3918983487  
/REPLO  
/VIEW,  1, -0.122206271818    , -0.799697125587    , -0.587835125232
/ANG,   1,   23.4429087545  
/REPLO  
/VIEW,  1,  0.846107953445    , -0.520780140806    , -0.113531387993
/ANG,   1,   97.6937945043  
/REPLO  
SAVE
FINISH  
! /EXIT,ALL 
